<?xml version="1.0" encoding="UTF-8"?>
<coverage generated="1532556925">
  <project timestamp="1532556925">
    <package name="QueryMule\Builder\Connection">
      <file name="/mnt/c/Users/firei/www/query-mule/src/Builder/Connection/Config.php">
        <class name="QueryMule\Builder\Connection\Config" namespace="QueryMule\Builder\Connection" fullPackage="QueryMule" package="QueryMule">
          <metrics complexity="5" methods="4" coveredmethods="1" conditionals="0" coveredconditionals="0" statements="9" coveredstatements="4" elements="13" coveredelements="5"/>
        </class>
        <line num="32" type="method" name="__construct" visibility="public" complexity="1" crap="1" count="1"/>
        <line num="34" type="stmt" count="1"/>
        <line num="35" type="stmt" count="1"/>
        <line num="40" type="method" name="setLogger" visibility="public" complexity="1" crap="2.00" count="0"/>
        <line num="42" type="stmt" count="0"/>
        <line num="43" type="stmt" count="0"/>
        <line num="48" type="method" name="setConfigs" visibility="public" complexity="1" crap="2.00" count="0"/>
        <line num="50" type="stmt" count="0"/>
        <line num="51" type="stmt" count="0"/>
        <line num="58" type="method" name="dbh" visibility="public" complexity="2" crap="2.15" count="1"/>
        <line num="60" type="stmt" count="1"/>
        <line num="61" type="stmt" count="0"/>
        <line num="64" type="stmt" count="1"/>
        <metrics loc="66" ncloc="42" classes="1" methods="4" coveredmethods="1" conditionals="0" coveredconditionals="0" statements="9" coveredstatements="4" elements="13" coveredelements="5"/>
      </file>
    </package>
    <package name="QueryMule\Builder\Connection\Driver">
      <file name="/mnt/c/Users/firei/www/query-mule/src/Builder/Connection/Driver/MysqliDriver.php">
        <class name="QueryMule\Builder\Connection\Driver\MysqliDriver" namespace="QueryMule\Builder\Connection\Driver" fullPackage="QueryMule" package="QueryMule">
          <metrics complexity="21" methods="9" coveredmethods="9" conditionals="0" coveredconditionals="0" statements="68" coveredstatements="68" elements="77" coveredelements="77"/>
        </class>
        <line num="59" type="method" name="__construct" visibility="public" complexity="1" crap="1" count="9"/>
        <line num="61" type="stmt" count="9"/>
        <line num="62" type="stmt" count="9"/>
        <line num="63" type="stmt" count="9"/>
        <line num="68" type="method" name="filter" visibility="public" complexity="1" crap="1" count="3"/>
        <line num="70" type="stmt" count="3"/>
        <line num="72" type="stmt" count="3"/>
        <line num="80" type="method" name="select" visibility="public" complexity="1" crap="1" count="2"/>
        <line num="82" type="stmt" count="2"/>
        <line num="84" type="stmt" count="2"/>
        <line num="91" type="method" name="getStatement" visibility="public" complexity="3" crap="3" count="2"/>
        <line num="93" type="stmt" count="2"/>
        <line num="95" type="stmt" count="2"/>
        <line num="96" type="stmt" count="2"/>
        <line num="97" type="stmt" count="2"/>
        <line num="99" type="stmt" count="2"/>
        <line num="100" type="stmt" count="2"/>
        <line num="101" type="stmt" count="2"/>
        <line num="104" type="stmt" count="2"/>
        <line num="110" type="method" name="reset" visibility="public" complexity="1" crap="1" count="4"/>
        <line num="112" type="stmt" count="4"/>
        <line num="113" type="stmt" count="4"/>
        <line num="114" type="stmt" count="4"/>
        <line num="121" type="method" name="cache" visibility="public" complexity="1" crap="1" count="2"/>
        <line num="123" type="stmt" count="2"/>
        <line num="124" type="stmt" count="2"/>
        <line num="126" type="stmt" count="2"/>
        <line num="133" type="method" name="fetch" visibility="public" complexity="1" crap="1" count="5"/>
        <line num="135" type="stmt" count="5"/>
        <line num="143" type="method" name="fetchAll" visibility="public" complexity="1" crap="1" count="1"/>
        <line num="145" type="stmt" count="1"/>
        <line num="153" type="method" name="execute" visibility="private" complexity="11" crap="11" count="6"/>
        <line num="155" type="stmt" count="6"/>
        <line num="156" type="stmt" count="6"/>
        <line num="157" type="stmt" count="6"/>
        <line num="159" type="stmt" count="6"/>
        <line num="160" type="stmt" count="5"/>
        <line num="162" type="stmt" count="5"/>
        <line num="163" type="stmt" count="5"/>
        <line num="164" type="stmt" count="1"/>
        <line num="165" type="stmt" count="1"/>
        <line num="166" type="stmt" count="1"/>
        <line num="167" type="stmt" count="1"/>
        <line num="169" type="stmt" count="1"/>
        <line num="170" type="stmt" count="1"/>
        <line num="171" type="stmt" count="1"/>
        <line num="173" type="stmt" count="1"/>
        <line num="174" type="stmt" count="1"/>
        <line num="175" type="stmt" count="1"/>
        <line num="178" type="stmt" count="1"/>
        <line num="179" type="stmt" count="1"/>
        <line num="182" type="stmt" count="1"/>
        <line num="185" type="stmt" count="5"/>
        <line num="187" type="stmt" count="5"/>
        <line num="188" type="stmt" count="2"/>
        <line num="189" type="stmt" count="2"/>
        <line num="190" type="stmt" count="2"/>
        <line num="193" type="stmt" count="2"/>
        <line num="196" type="stmt" count="3"/>
        <line num="198" type="stmt" count="3"/>
        <line num="199" type="stmt" count="2"/>
        <line num="200" type="stmt" count="2"/>
        <line num="201" type="stmt" count="1"/>
        <line num="202" type="stmt" count="1"/>
        <line num="203" type="stmt" count="1"/>
        <line num="206" type="stmt" count="3"/>
        <line num="207" type="stmt" count="3"/>
        <line num="210" type="stmt" count="1"/>
        <line num="211" type="stmt" count="1"/>
        <line num="214" type="stmt" count="4"/>
        <line num="216" type="stmt" count="4"/>
        <line num="217" type="stmt" count="4"/>
        <line num="218" type="stmt" count="4"/>
        <line num="219" type="stmt" count="4"/>
        <line num="220" type="stmt" count="4"/>
        <line num="221" type="stmt" count="4"/>
        <line num="224" type="stmt" count="4"/>
        <metrics loc="226" ncloc="165" classes="1" methods="9" coveredmethods="9" conditionals="0" coveredconditionals="0" statements="68" coveredstatements="68" elements="77" coveredelements="77"/>
      </file>
      <file name="/mnt/c/Users/firei/www/query-mule/src/Builder/Connection/Driver/PdoDriver.php">
        <class name="QueryMule\Builder\Connection\Driver\PdoDriver" namespace="QueryMule\Builder\Connection\Driver" fullPackage="QueryMule" package="QueryMule">
          <metrics complexity="24" methods="9" coveredmethods="8" conditionals="0" coveredconditionals="0" statements="75" coveredstatements="74" elements="84" coveredelements="82"/>
        </class>
        <line num="62" type="method" name="__construct" visibility="public" complexity="1" crap="1" count="16"/>
        <line num="64" type="stmt" count="16"/>
        <line num="65" type="stmt" count="16"/>
        <line num="66" type="stmt" count="16"/>
        <line num="67" type="stmt" count="16"/>
        <line num="73" type="method" name="filter" visibility="public" complexity="4" crap="4" count="11"/>
        <line num="75" type="stmt" count="11"/>
        <line num="76" type="stmt" count="11"/>
        <line num="77" type="stmt" count="11"/>
        <line num="78" type="stmt" count="3"/>
        <line num="79" type="stmt" count="3"/>
        <line num="81" type="stmt" count="8"/>
        <line num="82" type="stmt" count="3"/>
        <line num="83" type="stmt" count="3"/>
        <line num="85" type="stmt" count="5"/>
        <line num="86" type="stmt" count="3"/>
        <line num="87" type="stmt" count="3"/>
        <line num="90" type="stmt" count="2"/>
        <line num="93" type="stmt" count="9"/>
        <line num="102" type="method" name="select" visibility="public" complexity="4" crap="4.01" count="6"/>
        <line num="104" type="stmt" count="6"/>
        <line num="105" type="stmt" count="6"/>
        <line num="106" type="stmt" count="6"/>
        <line num="107" type="stmt" count="2"/>
        <line num="108" type="stmt" count="2"/>
        <line num="110" type="stmt" count="4"/>
        <line num="111" type="stmt" count="2"/>
        <line num="112" type="stmt" count="2"/>
        <line num="114" type="stmt" count="2"/>
        <line num="115" type="stmt" count="2"/>
        <line num="116" type="stmt" count="2"/>
        <line num="119" type="stmt" count="0"/>
        <line num="122" type="stmt" count="6"/>
        <line num="129" type="method" name="getStatement" visibility="public" complexity="3" crap="3" count="7"/>
        <line num="131" type="stmt" count="7"/>
        <line num="133" type="stmt" count="7"/>
        <line num="134" type="stmt" count="7"/>
        <line num="135" type="stmt" count="7"/>
        <line num="137" type="stmt" count="6"/>
        <line num="138" type="stmt" count="6"/>
        <line num="139" type="stmt" count="6"/>
        <line num="142" type="stmt" count="7"/>
        <line num="148" type="method" name="reset" visibility="public" complexity="1" crap="1" count="4"/>
        <line num="150" type="stmt" count="4"/>
        <line num="151" type="stmt" count="4"/>
        <line num="152" type="stmt" count="4"/>
        <line num="159" type="method" name="cache" visibility="public" complexity="1" crap="1" count="2"/>
        <line num="161" type="stmt" count="2"/>
        <line num="162" type="stmt" count="2"/>
        <line num="164" type="stmt" count="2"/>
        <line num="171" type="method" name="fetch" visibility="public" complexity="1" crap="1" count="4"/>
        <line num="173" type="stmt" count="4"/>
        <line num="180" type="method" name="fetchAll" visibility="public" complexity="1" crap="1" count="1"/>
        <line num="182" type="stmt" count="1"/>
        <line num="190" type="method" name="execute" visibility="private" complexity="8" crap="8" count="5"/>
        <line num="192" type="stmt" count="5"/>
        <line num="193" type="stmt" count="5"/>
        <line num="194" type="stmt" count="5"/>
        <line num="196" type="stmt" count="5"/>
        <line num="197" type="stmt" count="4"/>
        <line num="199" type="stmt" count="4"/>
        <line num="200" type="stmt" count="1"/>
        <line num="201" type="stmt" count="1"/>
        <line num="202" type="stmt" count="1"/>
        <line num="205" type="stmt" count="1"/>
        <line num="208" type="stmt" count="3"/>
        <line num="210" type="stmt" count="3"/>
        <line num="211" type="stmt" count="2"/>
        <line num="212" type="stmt" count="2"/>
        <line num="213" type="stmt" count="1"/>
        <line num="214" type="stmt" count="1"/>
        <line num="215" type="stmt" count="1"/>
        <line num="218" type="stmt" count="3"/>
        <line num="219" type="stmt" count="3"/>
        <line num="222" type="stmt" count="1"/>
        <line num="223" type="stmt" count="1"/>
        <line num="226" type="stmt" count="4"/>
        <line num="228" type="stmt" count="4"/>
        <line num="229" type="stmt" count="4"/>
        <line num="230" type="stmt" count="4"/>
        <line num="231" type="stmt" count="4"/>
        <line num="232" type="stmt" count="4"/>
        <line num="233" type="stmt" count="4"/>
        <line num="236" type="stmt" count="4"/>
        <metrics loc="238" ncloc="173" classes="1" methods="9" coveredmethods="8" conditionals="0" coveredconditionals="0" statements="75" coveredstatements="74" elements="84" coveredelements="82"/>
      </file>
    </package>
    <package name="QueryMule\Builder\Connection\Handler">
      <file name="/mnt/c/Users/firei/www/query-mule/src/Builder/Connection/Handler/DatabaseHandler.php">
        <class name="QueryMule\Builder\Connection\Handler\DatabaseHandler" namespace="QueryMule\Builder\Connection\Handler" fullPackage="QueryMule" package="QueryMule">
          <metrics complexity="10" methods="2" coveredmethods="0" conditionals="0" coveredconditionals="0" statements="25" coveredstatements="0" elements="27" coveredelements="0"/>
        </class>
        <line num="48" type="method" name="__construct" visibility="public" complexity="9" crap="90.00" count="0"/>
        <line num="52" type="stmt" count="0"/>
        <line num="53" type="stmt" count="0"/>
        <line num="55" type="stmt" count="0"/>
        <line num="56" type="stmt" count="0"/>
        <line num="61" type="stmt" count="0"/>
        <line num="64" type="stmt" count="0"/>
        <line num="65" type="stmt" count="0"/>
        <line num="66" type="stmt" count="0"/>
        <line num="67" type="stmt" count="0"/>
        <line num="68" type="stmt" count="0"/>
        <line num="69" type="stmt" count="0"/>
        <line num="71" type="stmt" count="0"/>
        <line num="72" type="stmt" count="0"/>
        <line num="73" type="stmt" count="0"/>
        <line num="76" type="stmt" count="0"/>
        <line num="79" type="stmt" count="0"/>
        <line num="80" type="stmt" count="0"/>
        <line num="82" type="stmt" count="0"/>
        <line num="83" type="stmt" count="0"/>
        <line num="85" type="stmt" count="0"/>
        <line num="86" type="stmt" count="0"/>
        <line num="87" type="stmt" count="0"/>
        <line num="90" type="stmt" count="0"/>
        <line num="92" type="stmt" count="0"/>
        <line num="97" type="method" name="driver" visibility="public" complexity="1" crap="2.00" count="0"/>
        <line num="99" type="stmt" count="0"/>
        <metrics loc="101" ncloc="74" classes="1" methods="2" coveredmethods="0" conditionals="0" coveredconditionals="0" statements="25" coveredstatements="0" elements="27" coveredelements="0"/>
      </file>
    </package>
    <package name="QueryMule\Builder\Exception">
      <file name="/mnt/c/Users/firei/www/query-mule/src/Builder/Exception/DatabaseException.php">
        <class name="QueryMule\Builder\Exception\DatabaseException" namespace="QueryMule\Builder\Exception" fullPackage="QueryMule" package="QueryMule">
          <metrics complexity="0" methods="0" coveredmethods="0" conditionals="0" coveredconditionals="0" statements="0" coveredstatements="0" elements="0" coveredelements="0"/>
        </class>
        <metrics loc="12" ncloc="8" classes="0" methods="0" coveredmethods="0" conditionals="0" coveredconditionals="0" statements="0" coveredstatements="0" elements="0" coveredelements="0"/>
      </file>
      <file name="/mnt/c/Users/firei/www/query-mule/src/Builder/Exception/DriverException.php">
        <class name="QueryMule\Builder\Exception\DriverException" namespace="QueryMule\Builder\Exception" fullPackage="QueryMule" package="QueryMule">
          <metrics complexity="0" methods="0" coveredmethods="0" conditionals="0" coveredconditionals="0" statements="0" coveredstatements="0" elements="0" coveredelements="0"/>
        </class>
        <metrics loc="12" ncloc="8" classes="0" methods="0" coveredmethods="0" conditionals="0" coveredconditionals="0" statements="0" coveredstatements="0" elements="0" coveredelements="0"/>
      </file>
      <file name="/mnt/c/Users/firei/www/query-mule/src/Builder/Exception/SqlException.php">
        <class name="QueryMule\Builder\Exception\SqlException" namespace="QueryMule\Builder\Exception" fullPackage="QueryMule" package="QueryMule">
          <metrics complexity="0" methods="0" coveredmethods="0" conditionals="0" coveredconditionals="0" statements="0" coveredstatements="0" elements="0" coveredelements="0"/>
        </class>
        <metrics loc="12" ncloc="8" classes="0" methods="0" coveredmethods="0" conditionals="0" coveredconditionals="0" statements="0" coveredstatements="0" elements="0" coveredelements="0"/>
      </file>
    </package>
    <package name="QueryMule\Builder\Sql\Generic">
      <file name="/mnt/c/Users/firei/www/query-mule/src/Builder/Sql/Generic/Filter.php">
        <class name="QueryMule\Builder\Sql\Generic\Filter" namespace="QueryMule\Builder\Sql\Generic" fullPackage="QueryMule" package="QueryMule">
          <metrics complexity="45" methods="26" coveredmethods="25" conditionals="0" coveredconditionals="0" statements="68" coveredstatements="66" elements="94" coveredelements="91"/>
        </class>
        <line num="39" type="method" name="__construct" visibility="public" complexity="2" crap="2" count="92"/>
        <line num="41" type="stmt" count="92"/>
        <line num="42" type="stmt" count="92"/>
        <line num="45" type="stmt" count="92"/>
        <line num="46" type="stmt" count="92"/>
        <line num="47" type="stmt" count="92"/>
        <line num="53" type="method" name="build" visibility="public" complexity="1" crap="1" count="80"/>
        <line num="57" type="stmt" count="80"/>
        <line num="59" type="stmt" count="80"/>
        <line num="61" type="stmt" count="80"/>
        <line num="67" type="method" name="comparison" visibility="public" complexity="1" crap="1" count="23"/>
        <line num="69" type="stmt" count="23"/>
        <line num="76" type="method" name="ignoreAccent" visibility="public" complexity="1" crap="2.00" count="0"/>
        <line num="78" type="stmt" count="0"/>
        <line num="80" type="stmt" count="0"/>
        <line num="86" type="method" name="logical" visibility="public" complexity="1" crap="1" count="73"/>
        <line num="88" type="stmt" count="73"/>
        <line num="91" type="method" name="nestedWhere" visibility="public" complexity="1" crap="1" count="4"/>
        <line num="93" type="stmt" count="4"/>
        <line num="94" type="stmt" count="4"/>
        <line num="96" type="stmt" count="4"/>
        <line num="98" type="stmt" count="4"/>
        <line num="100" type="stmt" count="4"/>
        <line num="109" type="method" name="orWhere" visibility="public" complexity="4" crap="4" count="24"/>
        <line num="111" type="stmt" count="24"/>
        <line num="113" type="stmt" count="24"/>
        <line num="115" type="stmt" count="24"/>
        <line num="124" type="method" name="orWhereBetween" visibility="public" complexity="1" crap="1" count="3"/>
        <line num="126" type="stmt" count="3"/>
        <line num="128" type="stmt" count="3"/>
        <line num="135" type="method" name="orWhereExists" visibility="public" complexity="1" crap="1" count="3"/>
        <line num="137" type="stmt" count="3"/>
        <line num="139" type="stmt" count="3"/>
        <line num="147" type="method" name="orWhereIn" visibility="public" complexity="1" crap="1" count="3"/>
        <line num="149" type="stmt" count="3"/>
        <line num="151" type="stmt" count="3"/>
        <line num="159" type="method" name="orWhereLike" visibility="public" complexity="1" crap="1" count="1"/>
        <line num="161" type="stmt" count="1"/>
        <line num="163" type="stmt" count="1"/>
        <line num="172" type="method" name="orWhereNot" visibility="public" complexity="4" crap="4" count="10"/>
        <line num="174" type="stmt" count="10"/>
        <line num="176" type="stmt" count="10"/>
        <line num="178" type="stmt" count="10"/>
        <line num="187" type="method" name="orWhereNotBetween" visibility="public" complexity="1" crap="1" count="3"/>
        <line num="189" type="stmt" count="3"/>
        <line num="191" type="stmt" count="3"/>
        <line num="198" type="method" name="orWhereNotExists" visibility="public" complexity="1" crap="1" count="3"/>
        <line num="200" type="stmt" count="3"/>
        <line num="202" type="stmt" count="3"/>
        <line num="210" type="method" name="orWhereNotIn" visibility="public" complexity="1" crap="1" count="3"/>
        <line num="212" type="stmt" count="3"/>
        <line num="214" type="stmt" count="3"/>
        <line num="222" type="method" name="orWhereNotLike" visibility="public" complexity="1" crap="1" count="1"/>
        <line num="224" type="stmt" count="1"/>
        <line num="226" type="stmt" count="1"/>
        <line num="235" type="method" name="where" visibility="public" complexity="10" crap="10" count="80"/>
        <line num="237" type="stmt" count="80"/>
        <line num="239" type="stmt" count="80"/>
        <line num="240" type="stmt" count="80"/>
        <line num="241" type="stmt" count="26"/>
        <line num="242" type="stmt" count="26"/>
        <line num="245" type="stmt" count="80"/>
        <line num="246" type="stmt" count="80"/>
        <line num="247" type="stmt" count="80"/>
        <line num="248" type="stmt" count="80"/>
        <line num="251" type="stmt" count="80"/>
        <line num="260" type="method" name="whereBetween" visibility="public" complexity="1" crap="1" count="9"/>
        <line num="262" type="stmt" count="9"/>
        <line num="264" type="stmt" count="9"/>
        <line num="271" type="method" name="whereExists" visibility="public" complexity="1" crap="1" count="9"/>
        <line num="273" type="stmt" count="9"/>
        <line num="275" type="stmt" count="9"/>
        <line num="283" type="method" name="whereIn" visibility="public" complexity="1" crap="1" count="6"/>
        <line num="285" type="stmt" count="6"/>
        <line num="287" type="stmt" count="6"/>
        <line num="295" type="method" name="whereLike" visibility="public" complexity="1" crap="1" count="3"/>
        <line num="297" type="stmt" count="3"/>
        <line num="299" type="stmt" count="3"/>
        <line num="308" type="method" name="whereNot" visibility="public" complexity="4" crap="4" count="36"/>
        <line num="310" type="stmt" count="36"/>
        <line num="312" type="stmt" count="36"/>
        <line num="314" type="stmt" count="36"/>
        <line num="323" type="method" name="whereNotBetween" visibility="public" complexity="1" crap="1" count="9"/>
        <line num="325" type="stmt" count="9"/>
        <line num="327" type="stmt" count="9"/>
        <line num="334" type="method" name="whereNotExists" visibility="public" complexity="1" crap="1" count="9"/>
        <line num="336" type="stmt" count="9"/>
        <line num="338" type="stmt" count="9"/>
        <line num="346" type="method" name="whereNotIn" visibility="public" complexity="1" crap="1" count="9"/>
        <line num="348" type="stmt" count="9"/>
        <line num="350" type="stmt" count="9"/>
        <line num="358" type="method" name="whereNotLike" visibility="public" complexity="1" crap="1" count="3"/>
        <line num="360" type="stmt" count="3"/>
        <line num="362" type="stmt" count="3"/>
        <metrics loc="364" ncloc="232" classes="1" methods="26" coveredmethods="25" conditionals="0" coveredconditionals="0" statements="68" coveredstatements="66" elements="94" coveredelements="91"/>
      </file>
      <file name="/mnt/c/Users/firei/www/query-mule/src/Builder/Sql/Generic/Select.php">
        <class name="QueryMule\Builder\Sql\Generic\Select" namespace="QueryMule\Builder\Sql\Generic" fullPackage="QueryMule" package="QueryMule">
          <metrics complexity="60" methods="38" coveredmethods="27" conditionals="0" coveredconditionals="0" statements="106" coveredstatements="87" elements="144" coveredelements="114"/>
        </class>
        <line num="53" type="method" name="__construct" visibility="public" complexity="4" crap="4" count="80"/>
        <line num="55" type="stmt" count="80"/>
        <line num="56" type="stmt" count="43"/>
        <line num="59" type="stmt" count="80"/>
        <line num="60" type="stmt" count="4"/>
        <line num="63" type="stmt" count="80"/>
        <line num="64" type="stmt" count="80"/>
        <line num="67" type="stmt" count="80"/>
        <line num="68" type="stmt" count="80"/>
        <line num="74" type="method" name="asc" visibility="public" complexity="1" crap="1" count="2"/>
        <line num="76" type="stmt" count="2"/>
        <line num="77" type="stmt" count="2"/>
        <line num="78" type="stmt" count="2"/>
        <line num="79" type="stmt" count="2"/>
        <line num="82" type="stmt" count="2"/>
        <line num="84" type="stmt" count="2"/>
        <line num="91" type="method" name="build" visibility="public" complexity="2" crap="2" count="76"/>
        <line num="105" type="stmt" count="76"/>
        <line num="106" type="stmt" count="41"/>
        <line num="109" type="stmt" count="76"/>
        <line num="111" type="stmt" count="76"/>
        <line num="113" type="stmt" count="76"/>
        <line num="121" type="method" name="cols" visibility="public" complexity="6" crap="6" count="58"/>
        <line num="123" type="stmt" count="58"/>
        <line num="124" type="stmt" count="58"/>
        <line num="125" type="stmt" count="58"/>
        <line num="126" type="stmt" count="30"/>
        <line num="129" type="stmt" count="58"/>
        <line num="130" type="stmt" count="58"/>
        <line num="131" type="stmt" count="58"/>
        <line num="132" type="stmt" count="58"/>
        <line num="133" type="stmt" count="58"/>
        <line num="136" type="stmt" count="58"/>
        <line num="139" type="stmt" count="58"/>
        <line num="145" type="method" name="comparison" visibility="public" complexity="1" crap="1" count="11"/>
        <line num="147" type="stmt" count="11"/>
        <line num="154" type="method" name="desc" visibility="public" complexity="1" crap="1" count="2"/>
        <line num="156" type="stmt" count="2"/>
        <line num="157" type="stmt" count="2"/>
        <line num="158" type="stmt" count="2"/>
        <line num="159" type="stmt" count="2"/>
        <line num="162" type="stmt" count="2"/>
        <line num="164" type="stmt" count="2"/>
        <line num="172" type="method" name="from" visibility="public" complexity="1" crap="1" count="58"/>
        <line num="174" type="stmt" count="58"/>
        <line num="176" type="stmt" count="58"/>
        <line num="178" type="stmt" count="58"/>
        <line num="186" type="method" name="groupBy" visibility="public" complexity="2" crap="2" count="2"/>
        <line num="188" type="stmt" count="2"/>
        <line num="189" type="stmt" count="2"/>
        <line num="190" type="stmt" count="2"/>
        <line num="191" type="stmt" count="2"/>
        <line num="194" type="stmt" count="2"/>
        <line num="196" type="stmt" count="2"/>
        <line num="203" type="method" name="ignoreAccent" visibility="public" complexity="2" crap="2.06" count="3"/>
        <line num="205" type="stmt" count="3"/>
        <line num="207" type="stmt" count="3"/>
        <line num="208" type="stmt" count="0"/>
        <line num="211" type="stmt" count="3"/>
        <line num="218" type="method" name="limit" visibility="public" complexity="1" crap="1" count="2"/>
        <line num="220" type="stmt" count="2"/>
        <line num="222" type="stmt" count="2"/>
        <line num="228" type="method" name="logical" visibility="public" complexity="1" crap="2.00" count="0"/>
        <line num="230" type="stmt" count="0"/>
        <line num="237" type="method" name="nestedWhere" visibility="public" complexity="1" crap="2.00" count="0"/>
        <line num="239" type="stmt" count="0"/>
        <line num="241" type="stmt" count="0"/>
        <line num="248" type="method" name="offset" visibility="public" complexity="1" crap="1" count="1"/>
        <line num="250" type="stmt" count="1"/>
        <line num="252" type="stmt" count="1"/>
        <line num="261" type="method" name="on" visibility="public" complexity="1" crap="2.00" count="0"/>
        <line num="263" type="stmt" count="0"/>
        <line num="265" type="stmt" count="0"/>
        <line num="274" type="method" name="orOn" visibility="public" complexity="2" crap="6.00" count="0"/>
        <line num="276" type="stmt" count="0"/>
        <line num="278" type="stmt" count="0"/>
        <line num="287" type="method" name="orWhere" visibility="public" complexity="3" crap="3" count="3"/>
        <line num="289" type="stmt" count="3"/>
        <line num="291" type="stmt" count="3"/>
        <line num="300" type="method" name="orWhereBetween" visibility="public" complexity="1" crap="1" count="1"/>
        <line num="302" type="stmt" count="1"/>
        <line num="304" type="stmt" count="1"/>
        <line num="311" type="method" name="orWhereExists" visibility="public" complexity="1" crap="1" count="1"/>
        <line num="313" type="stmt" count="1"/>
        <line num="315" type="stmt" count="1"/>
        <line num="323" type="method" name="orWhereIn" visibility="public" complexity="1" crap="1" count="1"/>
        <line num="325" type="stmt" count="1"/>
        <line num="327" type="stmt" count="1"/>
        <line num="335" type="method" name="orWhereLike" visibility="public" complexity="1" crap="2.00" count="0"/>
        <line num="337" type="stmt" count="0"/>
        <line num="339" type="stmt" count="0"/>
        <line num="348" type="method" name="orWhereNot" visibility="public" complexity="3" crap="3" count="1"/>
        <line num="350" type="stmt" count="1"/>
        <line num="352" type="stmt" count="1"/>
        <line num="361" type="method" name="orWhereNotBetween" visibility="public" complexity="1" crap="1" count="1"/>
        <line num="363" type="stmt" count="1"/>
        <line num="365" type="stmt" count="1"/>
        <line num="372" type="method" name="orWhereNotExists" visibility="public" complexity="1" crap="1" count="1"/>
        <line num="374" type="stmt" count="1"/>
        <line num="376" type="stmt" count="1"/>
        <line num="384" type="method" name="orWhereNotIn" visibility="public" complexity="1" crap="1" count="1"/>
        <line num="386" type="stmt" count="1"/>
        <line num="388" type="stmt" count="1"/>
        <line num="396" type="method" name="orWhereNotLike" visibility="public" complexity="1" crap="2.00" count="0"/>
        <line num="398" type="stmt" count="0"/>
        <line num="400" type="stmt" count="0"/>
        <line num="408" type="method" name="union" visibility="public" complexity="1" crap="1" count="2"/>
        <line num="410" type="stmt" count="2"/>
        <line num="412" type="stmt" count="2"/>
        <line num="421" type="method" name="where" visibility="public" complexity="3" crap="3" count="7"/>
        <line num="423" type="stmt" count="7"/>
        <line num="425" type="stmt" count="7"/>
        <line num="434" type="method" name="whereBetween" visibility="public" complexity="1" crap="1" count="2"/>
        <line num="436" type="stmt" count="2"/>
        <line num="438" type="stmt" count="2"/>
        <line num="445" type="method" name="whereExists" visibility="public" complexity="1" crap="1" count="2"/>
        <line num="447" type="stmt" count="2"/>
        <line num="449" type="stmt" count="2"/>
        <line num="457" type="method" name="whereIn" visibility="public" complexity="1" crap="1" count="2"/>
        <line num="459" type="stmt" count="2"/>
        <line num="461" type="stmt" count="2"/>
        <line num="469" type="method" name="whereLike" visibility="public" complexity="1" crap="2.00" count="0"/>
        <line num="471" type="stmt" count="0"/>
        <line num="473" type="stmt" count="0"/>
        <line num="482" type="method" name="whereNot" visibility="public" complexity="3" crap="3" count="2"/>
        <line num="484" type="stmt" count="2"/>
        <line num="486" type="stmt" count="2"/>
        <line num="495" type="method" name="whereNotBetween" visibility="public" complexity="1" crap="1" count="2"/>
        <line num="497" type="stmt" count="2"/>
        <line num="499" type="stmt" count="2"/>
        <line num="506" type="method" name="whereNotExists" visibility="public" complexity="1" crap="1" count="2"/>
        <line num="508" type="stmt" count="2"/>
        <line num="510" type="stmt" count="2"/>
        <line num="518" type="method" name="whereNotIn" visibility="public" complexity="1" crap="1" count="2"/>
        <line num="520" type="stmt" count="2"/>
        <line num="522" type="stmt" count="2"/>
        <line num="530" type="method" name="whereNotLike" visibility="public" complexity="1" crap="2.00" count="0"/>
        <line num="532" type="stmt" count="0"/>
        <line num="534" type="stmt" count="0"/>
        <line num="537" type="method" name="having" visibility="public" complexity="1" crap="2.00" count="0"/>
        <line num="540" type="stmt" count="0"/>
        <line num="550" type="method" name="join" visibility="public" complexity="3" crap="12.00" count="0"/>
        <line num="553" type="stmt" count="0"/>
        <line num="562" type="stmt" count="0"/>
        <metrics loc="563" ncloc="336" classes="1" methods="38" coveredmethods="27" conditionals="0" coveredconditionals="0" statements="106" coveredstatements="87" elements="144" coveredelements="114"/>
      </file>
    </package>
    <package name="QueryMule\Builder\Sql\Mysql">
      <file name="/mnt/c/Users/firei/www/query-mule/src/Builder/Sql/Mysql/Filter.php">
        <class name="QueryMule\Builder\Sql\Mysql\Filter" namespace="QueryMule\Builder\Sql\Mysql" fullPackage="QueryMule" package="QueryMule">
          <metrics complexity="1" methods="1" coveredmethods="1" conditionals="0" coveredconditionals="0" statements="2" coveredstatements="2" elements="3" coveredelements="3"/>
        </class>
        <line num="16" type="method" name="__construct" visibility="public" complexity="1" crap="1" count="37"/>
        <line num="18" type="stmt" count="37"/>
        <line num="19" type="stmt" count="37"/>
        <metrics loc="20" ncloc="13" classes="1" methods="1" coveredmethods="1" conditionals="0" coveredconditionals="0" statements="2" coveredstatements="2" elements="3" coveredelements="3"/>
      </file>
      <file name="/mnt/c/Users/firei/www/query-mule/src/Builder/Sql/Mysql/Select.php">
        <class name="QueryMule\Builder\Sql\Mysql\Select" namespace="QueryMule\Builder\Sql\Mysql" fullPackage="QueryMule" package="QueryMule">
          <metrics complexity="1" methods="1" coveredmethods="1" conditionals="0" coveredconditionals="0" statements="2" coveredstatements="2" elements="3" coveredelements="3"/>
        </class>
        <line num="19" type="method" name="__construct" visibility="public" complexity="1" crap="1" count="43"/>
        <line num="21" type="stmt" count="43"/>
        <line num="22" type="stmt" count="43"/>
        <metrics loc="23" ncloc="14" classes="1" methods="1" coveredmethods="1" conditionals="0" coveredconditionals="0" statements="2" coveredstatements="2" elements="3" coveredelements="3"/>
      </file>
    </package>
    <package name="QueryMule\Builder\Sql\Pgsql">
      <file name="/mnt/c/Users/firei/www/query-mule/src/Builder/Sql/Pgsql/Filter.php">
        <class name="QueryMule\Builder\Sql\Pgsql\Filter" namespace="QueryMule\Builder\Sql\Pgsql" fullPackage="QueryMule" package="QueryMule">
          <metrics complexity="1" methods="1" coveredmethods="1" conditionals="0" coveredconditionals="0" statements="2" coveredstatements="2" elements="3" coveredelements="3"/>
        </class>
        <line num="16" type="method" name="__construct" visibility="public" complexity="1" crap="1" count="27"/>
        <line num="18" type="stmt" count="27"/>
        <line num="19" type="stmt" count="27"/>
        <metrics loc="20" ncloc="13" classes="1" methods="1" coveredmethods="1" conditionals="0" coveredconditionals="0" statements="2" coveredstatements="2" elements="3" coveredelements="3"/>
      </file>
      <file name="/mnt/c/Users/firei/www/query-mule/src/Builder/Sql/Pgsql/Select.php">
        <class name="QueryMule\Builder\Sql\Pgsql\Select" namespace="QueryMule\Builder\Sql\Pgsql" fullPackage="QueryMule" package="QueryMule">
          <metrics complexity="7" methods="2" coveredmethods="2" conditionals="0" coveredconditionals="0" statements="14" coveredstatements="14" elements="16" coveredelements="16"/>
        </class>
        <line num="21" type="method" name="__construct" visibility="public" complexity="1" crap="1" count="18"/>
        <line num="23" type="stmt" count="18"/>
        <line num="24" type="stmt" count="18"/>
        <line num="31" type="method" name="cols" visibility="public" complexity="6" crap="6" count="16"/>
        <line num="33" type="stmt" count="16"/>
        <line num="34" type="stmt" count="16"/>
        <line num="35" type="stmt" count="16"/>
        <line num="36" type="stmt" count="4"/>
        <line num="39" type="stmt" count="16"/>
        <line num="41" type="stmt" count="16"/>
        <line num="42" type="stmt" count="16"/>
        <line num="43" type="stmt" count="16"/>
        <line num="44" type="stmt" count="16"/>
        <line num="45" type="stmt" count="16"/>
        <line num="48" type="stmt" count="16"/>
        <line num="51" type="stmt" count="16"/>
        <metrics loc="53" ncloc="35" classes="1" methods="2" coveredmethods="2" conditionals="0" coveredconditionals="0" statements="14" coveredstatements="14" elements="16" coveredelements="16"/>
      </file>
    </package>
    <package name="QueryMule\Builder\Sql\Sqlite">
      <file name="/mnt/c/Users/firei/www/query-mule/src/Builder/Sql/Sqlite/Filter.php">
        <class name="QueryMule\Builder\Sql\Sqlite\Filter" namespace="QueryMule\Builder\Sql\Sqlite" fullPackage="QueryMule" package="QueryMule">
          <metrics complexity="1" methods="1" coveredmethods="1" conditionals="0" coveredconditionals="0" statements="2" coveredstatements="2" elements="3" coveredelements="3"/>
        </class>
        <line num="16" type="method" name="__construct" visibility="public" complexity="1" crap="1" count="28"/>
        <line num="18" type="stmt" count="28"/>
        <line num="19" type="stmt" count="28"/>
        <metrics loc="20" ncloc="13" classes="1" methods="1" coveredmethods="1" conditionals="0" coveredconditionals="0" statements="2" coveredstatements="2" elements="3" coveredelements="3"/>
      </file>
      <file name="/mnt/c/Users/firei/www/query-mule/src/Builder/Sql/Sqlite/Select.php">
        <class name="QueryMule\Builder\Sql\Sqlite\Select" namespace="QueryMule\Builder\Sql\Sqlite" fullPackage="QueryMule" package="QueryMule">
          <metrics complexity="1" methods="1" coveredmethods="1" conditionals="0" coveredconditionals="0" statements="2" coveredstatements="2" elements="3" coveredelements="3"/>
        </class>
        <line num="19" type="method" name="__construct" visibility="public" complexity="1" crap="1" count="19"/>
        <line num="21" type="stmt" count="19"/>
        <line num="22" type="stmt" count="19"/>
        <metrics loc="23" ncloc="14" classes="1" methods="1" coveredmethods="1" conditionals="0" coveredconditionals="0" statements="2" coveredstatements="2" elements="3" coveredelements="3"/>
      </file>
    </package>
    <file name="/mnt/c/Users/firei/www/query-mule/src/Query/Connection/DatabaseInterface.php">
      <metrics loc="18" ncloc="10" classes="0" methods="0" coveredmethods="0" conditionals="0" coveredconditionals="0" statements="0" coveredstatements="0" elements="0" coveredelements="0"/>
    </file>
    <file name="/mnt/c/Users/firei/www/query-mule/src/Query/Connection/Driver/DriverInterface.php">
      <metrics loc="57" ncloc="30" classes="0" methods="0" coveredmethods="0" conditionals="0" coveredconditionals="0" statements="0" coveredstatements="0" elements="0" coveredelements="0"/>
    </file>
    <file name="/mnt/c/Users/firei/www/query-mule/src/Query/Connection/Handler/DatabaseHandlerInterface.php">
      <metrics loc="17" ncloc="10" classes="0" methods="0" coveredmethods="0" conditionals="0" coveredconditionals="0" statements="0" coveredstatements="0" elements="0" coveredelements="0"/>
    </file>
    <file name="/mnt/c/Users/firei/www/query-mule/src/Query/Repository/RepositoryInterface.php">
      <metrics loc="23" ncloc="13" classes="0" methods="0" coveredmethods="0" conditionals="0" coveredconditionals="0" statements="0" coveredstatements="0" elements="0" coveredelements="0"/>
    </file>
    <package name="QueryMule\Query\Repository\Table">
      <file name="/mnt/c/Users/firei/www/query-mule/src/Query/Repository/Table/AbstractTable.php">
        <class name="QueryMule\Query\Repository\Table\AbstractTable" namespace="QueryMule\Query\Repository\Table" fullPackage="QueryMule" package="QueryMule">
          <metrics complexity="6" methods="3" coveredmethods="2" conditionals="0" coveredconditionals="0" statements="12" coveredstatements="10" elements="15" coveredelements="12"/>
        </class>
        <line num="37" type="method" name="__construct" visibility="public" complexity="3" crap="3.07" count="9"/>
        <line num="39" type="stmt" count="9"/>
        <line num="41" type="stmt" count="9"/>
        <line num="42" type="stmt" count="9"/>
        <line num="43" type="stmt" count="0"/>
        <line num="45" type="stmt" count="9"/>
        <line num="48" type="stmt" count="8"/>
        <line num="49" type="stmt" count="8"/>
        <line num="50" type="stmt" count="0"/>
        <line num="52" type="stmt" count="8"/>
        <line num="54" type="stmt" count="8"/>
        <line num="65" type="method" name="select" visibility="public" complexity="1" crap="1" count="1"/>
        <line num="67" type="stmt" count="1"/>
        <line num="73" type="method" name="filter" visibility="public" complexity="1" crap="1" count="6"/>
        <line num="75" type="stmt" count="6"/>
        <metrics loc="77" ncloc="50" classes="1" methods="3" coveredmethods="2" conditionals="0" coveredconditionals="0" statements="12" coveredstatements="10" elements="15" coveredelements="12"/>
      </file>
      <file name="/mnt/c/Users/firei/www/query-mule/src/Query/Repository/Table/Table.php">
        <class name="QueryMule\Query\Repository\Table\Table" namespace="QueryMule\Query\Repository\Table" fullPackage="QueryMule" package="QueryMule">
          <metrics complexity="4" methods="4" coveredmethods="4" conditionals="0" coveredconditionals="0" statements="6" coveredstatements="6" elements="10" coveredelements="10"/>
        </class>
        <line num="21" type="method" name="__construct" visibility="public" complexity="1" crap="1" count="9"/>
        <line num="23" type="stmt" count="9"/>
        <line num="24" type="stmt" count="8"/>
        <line num="30" type="method" name="make" visibility="public" complexity="1" crap="1" count="6"/>
        <line num="32" type="stmt" count="6"/>
        <line num="39" type="method" name="setName" visibility="public" complexity="1" crap="1" count="6"/>
        <line num="41" type="stmt" count="6"/>
        <line num="43" type="stmt" count="6"/>
        <line num="49" type="method" name="getName" visibility="public" complexity="1" crap="1" count="6"/>
        <line num="51" type="stmt" count="6"/>
        <metrics loc="53" ncloc="31" classes="1" methods="4" coveredmethods="4" conditionals="0" coveredconditionals="0" statements="6" coveredstatements="6" elements="10" coveredelements="10"/>
      </file>
    </package>
    <package name="QueryMule\Query\Sql">
      <file name="/mnt/c/Users/firei/www/query-mule/src/Query/Sql/Accent.php">
        <class name="Accent" namespace="QueryMule\Query\Sql" fullPackage="QueryMule" package="QueryMule">
          <metrics complexity="7" methods="3" coveredmethods="3" conditionals="0" coveredconditionals="0" statements="13" coveredstatements="13" elements="16" coveredelements="16"/>
        </class>
        <line num="24" type="method" name="setAccent" visibility="protected" complexity="1" crap="1" count="146"/>
        <line num="26" type="stmt" count="146"/>
        <line num="27" type="stmt" count="146"/>
        <line num="32" type="method" name="ignoreAccentSymbol" visibility="protected" complexity="1" crap="1" count="3"/>
        <line num="34" type="stmt" count="3"/>
        <line num="35" type="stmt" count="3"/>
        <line num="42" type="method" name="addAccent" visibility="protected" complexity="5" crap="5" count="117"/>
        <line num="44" type="stmt" count="117"/>
        <line num="45" type="stmt" count="3"/>
        <line num="48" type="stmt" count="115"/>
        <line num="49" type="stmt" count="71"/>
        <line num="51" type="stmt" count="71"/>
        <line num="52" type="stmt" count="71"/>
        <line num="53" type="stmt" count="71"/>
        <line num="56" type="stmt" count="71"/>
        <line num="59" type="stmt" count="115"/>
        <metrics loc="61" ncloc="40" classes="1" methods="3" coveredmethods="3" conditionals="0" coveredconditionals="0" statements="13" coveredstatements="13" elements="16" coveredelements="16"/>
      </file>
      <file name="/mnt/c/Users/firei/www/query-mule/src/Query/Sql/Nested.php">
        <class name="Nested" namespace="QueryMule\Query\Sql" fullPackage="QueryMule" package="QueryMule">
          <metrics complexity="5" methods="3" coveredmethods="2" conditionals="0" coveredconditionals="0" statements="11" coveredstatements="10" elements="14" coveredelements="12"/>
        </class>
        <line num="21" type="method" name="nested" visibility="public" complexity="3" crap="3" count="80"/>
        <line num="23" type="stmt" count="80"/>
        <line num="24" type="stmt" count="80"/>
        <line num="25" type="stmt" count="22"/>
        <line num="26" type="stmt" count="22"/>
        <line num="27" type="stmt" count="22"/>
        <line num="30" type="stmt" count="22"/>
        <line num="32" type="stmt" count="22"/>
        <line num="35" type="stmt" count="79"/>
        <line num="41" type="method" name="isNested" visibility="public" complexity="1" crap="2.00" count="0"/>
        <line num="43" type="stmt" count="0"/>
        <line num="50" type="method" name="setNested" visibility="public" complexity="1" crap="1" count="22"/>
        <line num="52" type="stmt" count="22"/>
        <line num="54" type="stmt" count="22"/>
        <metrics loc="56" ncloc="38" classes="1" methods="3" coveredmethods="2" conditionals="0" coveredconditionals="0" statements="11" coveredstatements="10" elements="14" coveredelements="12"/>
      </file>
      <file name="/mnt/c/Users/firei/www/query-mule/src/Query/Sql/Query.php">
        <class name="Query" namespace="QueryMule\Query\Sql" fullPackage="QueryMule" package="QueryMule">
          <metrics complexity="13" methods="4" coveredmethods="4" conditionals="0" coveredconditionals="0" statements="18" coveredstatements="18" elements="22" coveredelements="22"/>
        </class>
        <line num="25" type="method" name="queryAdd" visibility="protected" complexity="3" crap="3" count="142"/>
        <line num="27" type="stmt" count="142"/>
        <line num="29" type="stmt" count="142"/>
        <line num="30" type="stmt" count="77"/>
        <line num="32" type="stmt" count="142"/>
        <line num="38" type="method" name="queryBuild" visibility="protected" complexity="6" crap="6" count="138"/>
        <line num="40" type="stmt" count="138"/>
        <line num="41" type="stmt" count="138"/>
        <line num="42" type="stmt" count="138"/>
        <line num="43" type="stmt" count="138"/>
        <line num="45" type="stmt" count="138"/>
        <line num="46" type="stmt" count="138"/>
        <line num="47" type="stmt" count="77"/>
        <line num="48" type="stmt" count="138"/>
        <line num="53" type="stmt" count="138"/>
        <line num="60" type="method" name="queryGet" visibility="protected" complexity="2" crap="2" count="136"/>
        <line num="62" type="stmt" count="136"/>
        <line num="69" type="method" name="queryReset" visibility="protected" complexity="2" crap="2" count="138"/>
        <line num="71" type="stmt" count="138"/>
        <line num="72" type="stmt" count="138"/>
        <line num="73" type="stmt" count="138"/>
        <line num="75" type="stmt" count="138"/>
        <metrics loc="76" ncloc="50" classes="1" methods="4" coveredmethods="4" conditionals="0" coveredconditionals="0" statements="18" coveredstatements="18" elements="22" coveredelements="22"/>
      </file>
      <file name="/mnt/c/Users/firei/www/query-mule/src/Query/Sql/Sql.php">
        <class name="QueryMule\Query\Sql\Sql" namespace="QueryMule\Query\Sql" fullPackage="QueryMule" package="QueryMule">
          <metrics complexity="3" methods="3" coveredmethods="3" conditionals="0" coveredconditionals="0" statements="5" coveredstatements="5" elements="8" coveredelements="8"/>
        </class>
        <line num="78" type="method" name="__construct" visibility="public" complexity="1" crap="1" count="171"/>
        <line num="80" type="stmt" count="171"/>
        <line num="81" type="stmt" count="171"/>
        <line num="82" type="stmt" count="171"/>
        <line num="87" type="method" name="sql" visibility="public" complexity="1" crap="1" count="166"/>
        <line num="89" type="stmt" count="166"/>
        <line num="95" type="method" name="parameters" visibility="public" complexity="1" crap="1" count="166"/>
        <line num="97" type="stmt" count="166"/>
        <metrics loc="99" ncloc="78" classes="1" methods="3" coveredmethods="3" conditionals="0" coveredconditionals="0" statements="5" coveredstatements="5" elements="8" coveredelements="8"/>
      </file>
    </package>
    <package name="QueryMule\Query\Sql\Clause">
      <file name="/mnt/c/Users/firei/www/query-mule/src/Query/Sql/Clause/HasColumnClause.php">
        <class name="HasColumnClause" namespace="QueryMule\Query\Sql\Clause" fullPackage="QueryMule" package="QueryMule">
          <metrics complexity="4" methods="1" coveredmethods="1" conditionals="0" coveredconditionals="0" statements="6" coveredstatements="6" elements="7" coveredelements="7"/>
        </class>
        <line num="21" type="method" name="columnClause" visibility="protected" complexity="4" crap="4" count="74"/>
        <line num="23" type="stmt" count="74"/>
        <line num="24" type="stmt" count="74"/>
        <line num="25" type="stmt" count="74"/>
        <line num="26" type="stmt" count="74"/>
        <line num="27" type="stmt" count="74"/>
        <line num="29" type="stmt" count="74"/>
        <metrics loc="31" ncloc="20" classes="1" methods="1" coveredmethods="1" conditionals="0" coveredconditionals="0" statements="6" coveredstatements="6" elements="7" coveredelements="7"/>
      </file>
      <file name="/mnt/c/Users/firei/www/query-mule/src/Query/Sql/Clause/HasFromClause.php">
        <class name="HasFromClause" namespace="QueryMule\Query\Sql\Clause" fullPackage="QueryMule" package="QueryMule">
          <metrics complexity="2" methods="1" coveredmethods="1" conditionals="0" coveredconditionals="0" statements="4" coveredstatements="4" elements="5" coveredelements="5"/>
        </class>
        <line num="21" type="method" name="fromClause" visibility="protected" complexity="2" crap="2" count="58"/>
        <line num="23" type="stmt" count="58"/>
        <line num="24" type="stmt" count="58"/>
        <line num="25" type="stmt" count="58"/>
        <line num="27" type="stmt" count="58"/>
        <metrics loc="29" ncloc="20" classes="1" methods="1" coveredmethods="1" conditionals="0" coveredconditionals="0" statements="4" coveredstatements="4" elements="5" coveredelements="5"/>
      </file>
      <file name="/mnt/c/Users/firei/www/query-mule/src/Query/Sql/Clause/HasGroupByClause.php">
        <class name="HasGroupByClause" namespace="QueryMule\Query\Sql\Clause" fullPackage="QueryMule" package="QueryMule">
          <metrics complexity="4" methods="1" coveredmethods="1" conditionals="0" coveredconditionals="0" statements="7" coveredstatements="7" elements="8" coveredelements="8"/>
        </class>
        <line num="21" type="method" name="groupByClause" visibility="protected" complexity="4" crap="4" count="2"/>
        <line num="23" type="stmt" count="2"/>
        <line num="25" type="stmt" count="2"/>
        <line num="26" type="stmt" count="2"/>
        <line num="27" type="stmt" count="2"/>
        <line num="29" type="stmt" count="2"/>
        <line num="30" type="stmt" count="2"/>
        <line num="33" type="stmt" count="2"/>
        <metrics loc="34" ncloc="24" classes="1" methods="1" coveredmethods="1" conditionals="0" coveredconditionals="0" statements="7" coveredstatements="7" elements="8" coveredelements="8"/>
      </file>
      <file name="/mnt/c/Users/firei/www/query-mule/src/Query/Sql/Clause/HasHavingClause.php">
        <class name="HasHavingClause" namespace="QueryMule\Query\Sql\Clause" fullPackage="QueryMule" package="QueryMule">
          <metrics complexity="1" methods="1" coveredmethods="0" conditionals="0" coveredconditionals="0" statements="3" coveredstatements="0" elements="4" coveredelements="0"/>
        </class>
        <line num="21" type="method" name="havingClause" visibility="protected" complexity="1" crap="2.00" count="0"/>
        <line num="23" type="stmt" count="0"/>
        <line num="24" type="stmt" count="0"/>
        <line num="26" type="stmt" count="0"/>
        <metrics loc="28" ncloc="18" classes="1" methods="1" coveredmethods="0" conditionals="0" coveredconditionals="0" statements="3" coveredstatements="0" elements="4" coveredelements="0"/>
      </file>
      <file name="/mnt/c/Users/firei/www/query-mule/src/Query/Sql/Clause/HasJoinClause.php">
        <class name="HasJoinClause" namespace="QueryMule\Query\Sql\Clause" fullPackage="QueryMule" package="QueryMule">
          <metrics complexity="10" methods="2" coveredmethods="0" conditionals="0" coveredconditionals="0" statements="23" coveredstatements="0" elements="25" coveredelements="0"/>
        </class>
        <line num="30" type="method" name="joinClause" visibility="protected" complexity="7" crap="56.00" count="0"/>
        <line num="32" type="stmt" count="0"/>
        <line num="34" type="stmt" count="0"/>
        <line num="36" type="stmt" count="0"/>
        <line num="37" type="stmt" count="0"/>
        <line num="38" type="stmt" count="0"/>
        <line num="40" type="stmt" count="0"/>
        <line num="41" type="stmt" count="0"/>
        <line num="42" type="stmt" count="0"/>
        <line num="44" type="stmt" count="0"/>
        <line num="45" type="stmt" count="0"/>
        <line num="47" type="stmt" count="0"/>
        <line num="48" type="stmt" count="0"/>
        <line num="50" type="stmt" count="0"/>
        <line num="51" type="stmt" count="0"/>
        <line num="54" type="stmt" count="0"/>
        <line num="57" type="stmt" count="0"/>
        <line num="59" type="stmt" count="0"/>
        <line num="68" type="method" name="onClause" visibility="protected" complexity="3" crap="12.00" count="0"/>
        <line num="70" type="stmt" count="0"/>
        <line num="71" type="stmt" count="0"/>
        <line num="72" type="stmt" count="0"/>
        <line num="73" type="stmt" count="0"/>
        <line num="74" type="stmt" count="0"/>
        <line num="76" type="stmt" count="0"/>
        <metrics loc="78" ncloc="58" classes="1" methods="2" coveredmethods="0" conditionals="0" coveredconditionals="0" statements="23" coveredstatements="0" elements="25" coveredelements="0"/>
      </file>
      <file name="/mnt/c/Users/firei/www/query-mule/src/Query/Sql/Clause/HasLimitClause.php">
        <class name="HasLimitClause" namespace="QueryMule\Query\Sql\Clause" fullPackage="QueryMule" package="QueryMule">
          <metrics complexity="1" methods="1" coveredmethods="1" conditionals="0" coveredconditionals="0" statements="1" coveredstatements="1" elements="2" coveredelements="2"/>
        </class>
        <line num="19" type="method" name="limitClause" visibility="protected" complexity="1" crap="1" count="2"/>
        <line num="21" type="stmt" count="2"/>
        <metrics loc="23" ncloc="15" classes="1" methods="1" coveredmethods="1" conditionals="0" coveredconditionals="0" statements="1" coveredstatements="1" elements="2" coveredelements="2"/>
      </file>
      <file name="/mnt/c/Users/firei/www/query-mule/src/Query/Sql/Clause/HasOffsetClause.php">
        <class name="HasOffsetClause" namespace="QueryMule\Query\Sql\Clause" fullPackage="QueryMule" package="QueryMule">
          <metrics complexity="1" methods="1" coveredmethods="1" conditionals="0" coveredconditionals="0" statements="1" coveredstatements="1" elements="2" coveredelements="2"/>
        </class>
        <line num="19" type="method" name="offsetClause" visibility="protected" complexity="1" crap="1" count="1"/>
        <line num="21" type="stmt" count="1"/>
        <metrics loc="23" ncloc="15" classes="1" methods="1" coveredmethods="1" conditionals="0" coveredconditionals="0" statements="1" coveredstatements="1" elements="2" coveredelements="2"/>
      </file>
      <file name="/mnt/c/Users/firei/www/query-mule/src/Query/Sql/Clause/HasOrderByClause.php">
        <class name="HasOrderByClause" namespace="QueryMule\Query\Sql\Clause" fullPackage="QueryMule" package="QueryMule">
          <metrics complexity="4" methods="1" coveredmethods="1" conditionals="0" coveredconditionals="0" statements="11" coveredstatements="11" elements="12" coveredelements="12"/>
        </class>
        <line num="21" type="method" name="orderByClause" visibility="protected" complexity="4" crap="4" count="2"/>
        <line num="23" type="stmt" count="2"/>
        <line num="25" type="stmt" count="2"/>
        <line num="26" type="stmt" count="2"/>
        <line num="27" type="stmt" count="2"/>
        <line num="28" type="stmt" count="2"/>
        <line num="30" type="stmt" count="2"/>
        <line num="31" type="stmt" count="2"/>
        <line num="32" type="stmt" count="2"/>
        <line num="33" type="stmt" count="2"/>
        <line num="34" type="stmt" count="2"/>
        <line num="37" type="stmt" count="2"/>
        <metrics loc="39" ncloc="29" classes="1" methods="1" coveredmethods="1" conditionals="0" coveredconditionals="0" statements="11" coveredstatements="11" elements="12" coveredelements="12"/>
      </file>
      <file name="/mnt/c/Users/firei/www/query-mule/src/Query/Sql/Clause/HasUnionClause.php">
        <class name="HasUnionClause" namespace="QueryMule\Query\Sql\Clause" fullPackage="QueryMule" package="QueryMule">
          <metrics complexity="2" methods="1" coveredmethods="1" conditionals="0" coveredconditionals="0" statements="6" coveredstatements="6" elements="7" coveredelements="7"/>
        </class>
        <line num="20" type="method" name="unionClause" visibility="protected" complexity="2" crap="2" count="2"/>
        <line num="22" type="stmt" count="2"/>
        <line num="24" type="stmt" count="2"/>
        <line num="25" type="stmt" count="2"/>
        <line num="26" type="stmt" count="2"/>
        <line num="27" type="stmt" count="2"/>
        <line num="29" type="stmt" count="2"/>
        <metrics loc="31" ncloc="22" classes="1" methods="1" coveredmethods="1" conditionals="0" coveredconditionals="0" statements="6" coveredstatements="6" elements="7" coveredelements="7"/>
      </file>
      <file name="/mnt/c/Users/firei/www/query-mule/src/Query/Sql/Clause/HasWhereClause.php">
        <class name="HasWhereClause" namespace="QueryMule\Query\Sql\Clause" fullPackage="QueryMule" package="QueryMule">
          <metrics complexity="17" methods="2" coveredmethods="1" conditionals="0" coveredconditionals="0" statements="19" coveredstatements="14" elements="21" coveredelements="15"/>
        </class>
        <line num="25" type="method" name="whereClause" visibility="protected" complexity="14" crap="14" count="80"/>
        <line num="27" type="stmt" count="80"/>
        <line num="28" type="stmt" count="80"/>
        <line num="29" type="stmt" count="17"/>
        <line num="32" type="stmt" count="80"/>
        <line num="33" type="stmt" count="73"/>
        <line num="36" type="stmt" count="80"/>
        <line num="37" type="stmt" count="80"/>
        <line num="38" type="stmt" count="80"/>
        <line num="39" type="stmt" count="80"/>
        <line num="40" type="stmt" count="80"/>
        <line num="43" type="stmt" count="80"/>
        <line num="44" type="stmt" count="80"/>
        <line num="45" type="stmt" count="80"/>
        <line num="47" type="stmt" count="80"/>
        <line num="55" type="method" name="nestedWhereClause" visibility="protected" complexity="3" crap="12.00" count="0"/>
        <line num="57" type="stmt" count="0"/>
        <line num="59" type="stmt" count="0"/>
        <line num="60" type="stmt" count="0"/>
        <line num="63" type="stmt" count="0"/>
        <line num="65" type="stmt" count="0"/>
        <metrics loc="67" ncloc="52" classes="1" methods="2" coveredmethods="1" conditionals="0" coveredconditionals="0" statements="19" coveredstatements="14" elements="21" coveredelements="15"/>
      </file>
    </package>
    <package name="QueryMule\Builder\Sql\Common">
      <file name="/mnt/c/Users/firei/www/query-mule/src/Query/Sql/Common/CommonFilter.php">
        <class name="QueryMule\Builder\Sql\Common\Filter" namespace="QueryMule\Builder\Sql\Common" fullPackage="QueryMule" package="QueryMule">
          <metrics complexity="45" methods="26" coveredmethods="0" conditionals="0" coveredconditionals="0" statements="68" coveredstatements="0" elements="94" coveredelements="0"/>
        </class>
        <line num="39" type="method" name="__construct" visibility="public" complexity="2" crap="6.00" count="0"/>
        <line num="41" type="stmt" count="0"/>
        <line num="42" type="stmt" count="0"/>
        <line num="45" type="stmt" count="0"/>
        <line num="46" type="stmt" count="0"/>
        <line num="47" type="stmt" count="0"/>
        <line num="53" type="method" name="build" visibility="public" complexity="1" crap="2.00" count="0"/>
        <line num="57" type="stmt" count="0"/>
        <line num="59" type="stmt" count="0"/>
        <line num="61" type="stmt" count="0"/>
        <line num="67" type="method" name="comparison" visibility="public" complexity="1" crap="2.00" count="0"/>
        <line num="69" type="stmt" count="0"/>
        <line num="76" type="method" name="ignoreAccent" visibility="public" complexity="1" crap="2.00" count="0"/>
        <line num="78" type="stmt" count="0"/>
        <line num="80" type="stmt" count="0"/>
        <line num="86" type="method" name="logical" visibility="public" complexity="1" crap="2.00" count="0"/>
        <line num="88" type="stmt" count="0"/>
        <line num="91" type="method" name="nestedWhere" visibility="public" complexity="1" crap="2.00" count="0"/>
        <line num="93" type="stmt" count="0"/>
        <line num="94" type="stmt" count="0"/>
        <line num="96" type="stmt" count="0"/>
        <line num="98" type="stmt" count="0"/>
        <line num="100" type="stmt" count="0"/>
        <line num="109" type="method" name="orWhere" visibility="public" complexity="4" crap="20.00" count="0"/>
        <line num="111" type="stmt" count="0"/>
        <line num="113" type="stmt" count="0"/>
        <line num="115" type="stmt" count="0"/>
        <line num="124" type="method" name="orWhereBetween" visibility="public" complexity="1" crap="2.00" count="0"/>
        <line num="126" type="stmt" count="0"/>
        <line num="128" type="stmt" count="0"/>
        <line num="135" type="method" name="orWhereExists" visibility="public" complexity="1" crap="2.00" count="0"/>
        <line num="137" type="stmt" count="0"/>
        <line num="139" type="stmt" count="0"/>
        <line num="147" type="method" name="orWhereIn" visibility="public" complexity="1" crap="2.00" count="0"/>
        <line num="149" type="stmt" count="0"/>
        <line num="151" type="stmt" count="0"/>
        <line num="159" type="method" name="orWhereLike" visibility="public" complexity="1" crap="2.00" count="0"/>
        <line num="161" type="stmt" count="0"/>
        <line num="163" type="stmt" count="0"/>
        <line num="172" type="method" name="orWhereNot" visibility="public" complexity="4" crap="20.00" count="0"/>
        <line num="174" type="stmt" count="0"/>
        <line num="176" type="stmt" count="0"/>
        <line num="178" type="stmt" count="0"/>
        <line num="187" type="method" name="orWhereNotBetween" visibility="public" complexity="1" crap="2.00" count="0"/>
        <line num="189" type="stmt" count="0"/>
        <line num="191" type="stmt" count="0"/>
        <line num="198" type="method" name="orWhereNotExists" visibility="public" complexity="1" crap="2.00" count="0"/>
        <line num="200" type="stmt" count="0"/>
        <line num="202" type="stmt" count="0"/>
        <line num="210" type="method" name="orWhereNotIn" visibility="public" complexity="1" crap="2.00" count="0"/>
        <line num="212" type="stmt" count="0"/>
        <line num="214" type="stmt" count="0"/>
        <line num="222" type="method" name="orWhereNotLike" visibility="public" complexity="1" crap="2.00" count="0"/>
        <line num="224" type="stmt" count="0"/>
        <line num="226" type="stmt" count="0"/>
        <line num="235" type="method" name="where" visibility="public" complexity="10" crap="110.00" count="0"/>
        <line num="237" type="stmt" count="0"/>
        <line num="239" type="stmt" count="0"/>
        <line num="240" type="stmt" count="0"/>
        <line num="241" type="stmt" count="0"/>
        <line num="242" type="stmt" count="0"/>
        <line num="245" type="stmt" count="0"/>
        <line num="246" type="stmt" count="0"/>
        <line num="247" type="stmt" count="0"/>
        <line num="248" type="stmt" count="0"/>
        <line num="251" type="stmt" count="0"/>
        <line num="260" type="method" name="whereBetween" visibility="public" complexity="1" crap="2.00" count="0"/>
        <line num="262" type="stmt" count="0"/>
        <line num="264" type="stmt" count="0"/>
        <line num="271" type="method" name="whereExists" visibility="public" complexity="1" crap="2.00" count="0"/>
        <line num="273" type="stmt" count="0"/>
        <line num="275" type="stmt" count="0"/>
        <line num="283" type="method" name="whereIn" visibility="public" complexity="1" crap="2.00" count="0"/>
        <line num="285" type="stmt" count="0"/>
        <line num="287" type="stmt" count="0"/>
        <line num="295" type="method" name="whereLike" visibility="public" complexity="1" crap="2.00" count="0"/>
        <line num="297" type="stmt" count="0"/>
        <line num="299" type="stmt" count="0"/>
        <line num="308" type="method" name="whereNot" visibility="public" complexity="4" crap="20.00" count="0"/>
        <line num="310" type="stmt" count="0"/>
        <line num="312" type="stmt" count="0"/>
        <line num="314" type="stmt" count="0"/>
        <line num="323" type="method" name="whereNotBetween" visibility="public" complexity="1" crap="2.00" count="0"/>
        <line num="325" type="stmt" count="0"/>
        <line num="327" type="stmt" count="0"/>
        <line num="334" type="method" name="whereNotExists" visibility="public" complexity="1" crap="2.00" count="0"/>
        <line num="336" type="stmt" count="0"/>
        <line num="338" type="stmt" count="0"/>
        <line num="346" type="method" name="whereNotIn" visibility="public" complexity="1" crap="2.00" count="0"/>
        <line num="348" type="stmt" count="0"/>
        <line num="350" type="stmt" count="0"/>
        <line num="358" type="method" name="whereNotLike" visibility="public" complexity="1" crap="2.00" count="0"/>
        <line num="360" type="stmt" count="0"/>
        <line num="362" type="stmt" count="0"/>
        <metrics loc="364" ncloc="232" classes="1" methods="26" coveredmethods="0" conditionals="0" coveredconditionals="0" statements="68" coveredstatements="0" elements="94" coveredelements="0"/>
      </file>
    </package>
    <package name="QueryMule\Query\Sql\Operator">
      <file name="/mnt/c/Users/firei/www/query-mule/src/Query/Sql/Operator/Comparison.php">
        <class name="QueryMule\Query\Sql\Operator\Comparison" namespace="QueryMule\Query\Sql\Operator" fullPackage="QueryMule" package="QueryMule">
          <metrics complexity="16" methods="10" coveredmethods="9" conditionals="0" coveredconditionals="0" statements="44" coveredstatements="43" elements="54" coveredelements="52"/>
        </class>
        <line num="27" type="method" name="build" visibility="public" complexity="1" crap="1" count="35"/>
        <line num="29" type="stmt" count="35"/>
        <line num="36" type="method" name="equalTo" visibility="public" complexity="2" crap="2" count="36"/>
        <line num="38" type="stmt" count="36"/>
        <line num="39" type="stmt" count="1"/>
        <line num="41" type="stmt" count="35"/>
        <line num="44" type="stmt" count="36"/>
        <line num="46" type="stmt" count="36"/>
        <line num="52" type="method" name="getOperator" visibility="public" complexity="1" crap="2.00" count="0"/>
        <line num="54" type="stmt" count="0"/>
        <line num="61" type="method" name="greaterThan" visibility="public" complexity="2" crap="2" count="2"/>
        <line num="63" type="stmt" count="2"/>
        <line num="64" type="stmt" count="1"/>
        <line num="66" type="stmt" count="1"/>
        <line num="69" type="stmt" count="2"/>
        <line num="71" type="stmt" count="2"/>
        <line num="78" type="method" name="greaterThanEqualTo" visibility="public" complexity="2" crap="2" count="2"/>
        <line num="80" type="stmt" count="2"/>
        <line num="81" type="stmt" count="1"/>
        <line num="83" type="stmt" count="1"/>
        <line num="86" type="stmt" count="2"/>
        <line num="88" type="stmt" count="2"/>
        <line num="95" type="method" name="lessThan" visibility="public" complexity="2" crap="2" count="2"/>
        <line num="97" type="stmt" count="2"/>
        <line num="98" type="stmt" count="1"/>
        <line num="100" type="stmt" count="1"/>
        <line num="103" type="stmt" count="2"/>
        <line num="105" type="stmt" count="2"/>
        <line num="112" type="method" name="lessThanEqualTo" visibility="public" complexity="2" crap="2" count="2"/>
        <line num="114" type="stmt" count="2"/>
        <line num="115" type="stmt" count="1"/>
        <line num="117" type="stmt" count="1"/>
        <line num="120" type="stmt" count="2"/>
        <line num="122" type="stmt" count="2"/>
        <line num="129" type="method" name="notEqualTo" visibility="public" complexity="2" crap="2" count="2"/>
        <line num="131" type="stmt" count="2"/>
        <line num="132" type="stmt" count="1"/>
        <line num="134" type="stmt" count="1"/>
        <line num="137" type="stmt" count="2"/>
        <line num="139" type="stmt" count="2"/>
        <line num="147" type="method" name="operatorWithSql" visibility="private" complexity="1" crap="1" count="6"/>
        <line num="149" type="stmt" count="6"/>
        <line num="151" type="stmt" count="6"/>
        <line num="152" type="stmt" count="6"/>
        <line num="153" type="stmt" count="6"/>
        <line num="154" type="stmt" count="6"/>
        <line num="155" type="stmt" count="6"/>
        <line num="156" type="stmt" count="6"/>
        <line num="157" type="stmt" count="6"/>
        <line num="158" type="stmt" count="6"/>
        <line num="167" type="method" name="operatorWithValue" visibility="private" complexity="1" crap="1" count="40"/>
        <line num="169" type="stmt" count="40"/>
        <line num="171" type="stmt" count="40"/>
        <line num="172" type="stmt" count="40"/>
        <metrics loc="174" ncloc="124" classes="1" methods="10" coveredmethods="9" conditionals="0" coveredconditionals="0" statements="44" coveredstatements="43" elements="54" coveredelements="52"/>
      </file>
      <file name="/mnt/c/Users/firei/www/query-mule/src/Query/Sql/Operator/Logical.php">
        <class name="QueryMule\Query\Sql\Operator\Logical" namespace="QueryMule\Query\Sql\Operator" fullPackage="QueryMule" package="QueryMule">
          <metrics complexity="35" methods="15" coveredmethods="12" conditionals="0" coveredconditionals="0" statements="63" coveredstatements="54" elements="78" coveredelements="66"/>
        </class>
        <line num="30" type="method" name="__construct" visibility="public" complexity="1" crap="1" count="92"/>
        <line num="32" type="stmt" count="92"/>
        <line num="33" type="stmt" count="92"/>
        <line num="39" type="method" name="all" visibility="public" complexity="1" crap="2.00" count="0"/>
        <line num="41" type="stmt" count="0"/>
        <line num="43" type="stmt" count="0"/>
        <line num="45" type="stmt" count="0"/>
        <line num="54" type="method" name="and" visibility="public" complexity="6" crap="6" count="26"/>
        <line num="56" type="stmt" count="26"/>
        <line num="58" type="stmt" count="26"/>
        <line num="60" type="stmt" count="26"/>
        <line num="67" type="method" name="any" visibility="public" complexity="1" crap="2.00" count="0"/>
        <line num="69" type="stmt" count="0"/>
        <line num="71" type="stmt" count="0"/>
        <line num="73" type="stmt" count="0"/>
        <line num="81" type="method" name="between" visibility="public" complexity="2" crap="2" count="18"/>
        <line num="83" type="stmt" count="18"/>
        <line num="84" type="stmt" count="18"/>
        <line num="85" type="stmt" count="18"/>
        <line num="86" type="stmt" count="18"/>
        <line num="87" type="stmt" count="18"/>
        <line num="88" type="stmt" count="18"/>
        <line num="89" type="stmt" count="18"/>
        <line num="91" type="stmt" count="18"/>
        <line num="93" type="stmt" count="18"/>
        <line num="95" type="stmt" count="18"/>
        <line num="101" type="method" name="build" visibility="public" complexity="1" crap="1" count="73"/>
        <line num="103" type="stmt" count="73"/>
        <line num="110" type="method" name="exists" visibility="public" complexity="1" crap="1" count="18"/>
        <line num="112" type="stmt" count="18"/>
        <line num="114" type="stmt" count="18"/>
        <line num="116" type="stmt" count="18"/>
        <line num="122" type="method" name="getOperator" visibility="public" complexity="1" crap="1" count="73"/>
        <line num="124" type="stmt" count="73"/>
        <line num="131" type="method" name="in" visibility="public" complexity="1" crap="1" count="15"/>
        <line num="133" type="stmt" count="15"/>
        <line num="134" type="stmt" count="15"/>
        <line num="135" type="stmt" count="15"/>
        <line num="136" type="stmt" count="15"/>
        <line num="137" type="stmt" count="15"/>
        <line num="140" type="stmt" count="15"/>
        <line num="142" type="stmt" count="15"/>
        <line num="144" type="stmt" count="15"/>
        <line num="151" type="method" name="like" visibility="public" complexity="1" crap="1" count="6"/>
        <line num="153" type="stmt" count="6"/>
        <line num="155" type="stmt" count="6"/>
        <line num="157" type="stmt" count="6"/>
        <line num="159" type="stmt" count="6"/>
        <line num="168" type="method" name="not" visibility="public" complexity="3" crap="3" count="36"/>
        <line num="170" type="stmt" count="36"/>
        <line num="172" type="stmt" count="36"/>
        <line num="174" type="stmt" count="36"/>
        <line num="183" type="method" name="or" visibility="public" complexity="6" crap="6" count="24"/>
        <line num="185" type="stmt" count="24"/>
        <line num="187" type="stmt" count="24"/>
        <line num="189" type="stmt" count="24"/>
        <line num="196" type="method" name="some" visibility="public" complexity="1" crap="2.00" count="0"/>
        <line num="198" type="stmt" count="0"/>
        <line num="200" type="stmt" count="0"/>
        <line num="202" type="stmt" count="0"/>
        <line num="210" type="method" name="operatorWithSubQuery" visibility="private" complexity="1" crap="1" count="18"/>
        <line num="212" type="stmt" count="18"/>
        <line num="213" type="stmt" count="18"/>
        <line num="214" type="stmt" count="18"/>
        <line num="215" type="stmt" count="18"/>
        <line num="217" type="stmt" count="18"/>
        <line num="227" type="method" name="operatorWithColumn" visibility="private" complexity="8" crap="8" count="63"/>
        <line num="229" type="stmt" count="63"/>
        <line num="230" type="stmt" count="63"/>
        <line num="231" type="stmt" count="16"/>
        <line num="234" type="stmt" count="63"/>
        <line num="235" type="stmt" count="50"/>
        <line num="238" type="stmt" count="63"/>
        <line num="239" type="stmt" count="63"/>
        <line num="240" type="stmt" count="63"/>
        <line num="241" type="stmt" count="63"/>
        <line num="242" type="stmt" count="63"/>
        <line num="244" type="stmt" count="63"/>
        <metrics loc="246" ncloc="168" classes="1" methods="15" coveredmethods="12" conditionals="0" coveredconditionals="0" statements="63" coveredstatements="54" elements="78" coveredelements="66"/>
      </file>
    </package>
    <file name="/mnt/c/Users/firei/www/query-mule/src/Query/Sql/Statement/FilterInterface.php">
      <metrics loc="186" ncloc="60" classes="0" methods="0" coveredmethods="0" conditionals="0" coveredconditionals="0" statements="0" coveredstatements="0" elements="0" coveredelements="0"/>
    </file>
    <file name="/mnt/c/Users/firei/www/query-mule/src/Query/Sql/Statement/SelectInterface.php">
      <metrics loc="114" ncloc="30" classes="0" methods="0" coveredmethods="0" conditionals="0" coveredconditionals="0" statements="0" coveredstatements="0" elements="0" coveredelements="0"/>
    </file>
    <metrics files="40" loc="3757" ncloc="2385" classes="31" methods="178" coveredmethods="124" conditionals="0" coveredconditionals="0" statements="696" coveredstatements="532" elements="874" coveredelements="656"/>
  </project>
</coverage>
