<?xml version="1.0" encoding="UTF-8"?>
<coverage generated="1551829573">
  <project timestamp="1551829573">
    <package name="Redstraw\Hooch\Builder\Driver">
      <file name="/mnt/c/Users/firei/www/hooch/src/Builder/Driver/MysqliDriver.php">
        <class name="Redstraw\Hooch\Builder\Driver\MysqliDriver" namespace="Redstraw\Hooch\Builder\Driver" fullPackage="Redstraw" package="Redstraw">
          <metrics complexity="19" methods="5" coveredmethods="2" conditionals="0" coveredconditionals="0" statements="65" coveredstatements="58" elements="70" coveredelements="60"/>
        </class>
        <line num="62" type="method" name="__construct" visibility="public" complexity="1" crap="1" count="9"/>
        <line num="64" type="stmt" count="9"/>
        <line num="65" type="stmt" count="9"/>
        <line num="66" type="stmt" count="9"/>
        <line num="67" type="stmt" count="9"/>
        <line num="68" type="stmt" count="9"/>
        <line num="73" type="method" name="logger" visibility="public" complexity="1" crap="2.00" count="0"/>
        <line num="75" type="stmt" count="0"/>
        <line num="83" type="method" name="execute" visibility="public" complexity="6" crap="6.05" count="6"/>
        <line num="85" type="stmt" count="6"/>
        <line num="87" type="stmt" count="6"/>
        <line num="88" type="stmt" count="6"/>
        <line num="89" type="stmt" count="6"/>
        <line num="91" type="stmt" count="6"/>
        <line num="92" type="stmt" count="1"/>
        <line num="93" type="stmt" count="1"/>
        <line num="95" type="stmt" count="5"/>
        <line num="96" type="stmt" count="5"/>
        <line num="97" type="stmt" count="0"/>
        <line num="100" type="stmt" count="5"/>
        <line num="101" type="stmt" count="5"/>
        <line num="102" type="stmt" count="2"/>
        <line num="103" type="stmt" count="2"/>
        <line num="104" type="stmt" count="2"/>
        <line num="107" type="stmt" count="2"/>
        <line num="110" type="stmt" count="3"/>
        <line num="114" type="stmt" count="4"/>
        <line num="116" type="stmt" count="4"/>
        <line num="117" type="stmt" count="4"/>
        <line num="118" type="stmt" count="4"/>
        <line num="119" type="stmt" count="4"/>
        <line num="120" type="stmt" count="4"/>
        <line num="121" type="stmt" count="4"/>
        <line num="123" type="stmt" count="0"/>
        <line num="124" type="stmt" count="0"/>
        <line num="127" type="stmt" count="4"/>
        <line num="135" type="method" name="bindParameters" visibility="private" complexity="5" crap="5" count="5"/>
        <line num="137" type="stmt" count="5"/>
        <line num="138" type="stmt" count="5"/>
        <line num="139" type="stmt" count="1"/>
        <line num="140" type="stmt" count="1"/>
        <line num="141" type="stmt" count="1"/>
        <line num="142" type="stmt" count="1"/>
        <line num="144" type="stmt" count="1"/>
        <line num="145" type="stmt" count="1"/>
        <line num="146" type="stmt" count="1"/>
        <line num="148" type="stmt" count="1"/>
        <line num="149" type="stmt" count="1"/>
        <line num="150" type="stmt" count="1"/>
        <line num="153" type="stmt" count="1"/>
        <line num="154" type="stmt" count="1"/>
        <line num="157" type="stmt" count="1"/>
        <line num="160" type="stmt" count="5"/>
        <line num="162" type="stmt" count="5"/>
        <line num="171" type="method" name="getResult" visibility="private" complexity="6" crap="6.29" count="3"/>
        <line num="173" type="stmt" count="3"/>
        <line num="174" type="stmt" count="3"/>
        <line num="175" type="stmt" count="0"/>
        <line num="178" type="stmt" count="3"/>
        <line num="181" type="stmt" count="3"/>
        <line num="182" type="stmt" count="2"/>
        <line num="183" type="stmt" count="2"/>
        <line num="185" type="stmt" count="1"/>
        <line num="186" type="stmt" count="1"/>
        <line num="187" type="stmt" count="1"/>
        <line num="190" type="stmt" count="3"/>
        <line num="191" type="stmt" count="3"/>
        <line num="193" type="stmt" count="0"/>
        <line num="194" type="stmt" count="0"/>
        <line num="197" type="stmt" count="3"/>
        <metrics loc="199" ncloc="161" classes="1" methods="5" coveredmethods="2" conditionals="0" coveredconditionals="0" statements="65" coveredstatements="58" elements="70" coveredelements="60"/>
      </file>
      <file name="/mnt/c/Users/firei/www/hooch/src/Builder/Driver/PdoDriver.php">
        <class name="Redstraw\Hooch\Builder\Driver\PdoDriver" namespace="Redstraw\Hooch\Builder\Driver" fullPackage="Redstraw" package="Redstraw">
          <metrics complexity="12" methods="4" coveredmethods="1" conditionals="0" coveredconditionals="0" statements="42" coveredstatements="37" elements="46" coveredelements="38"/>
        </class>
        <line num="72" type="method" name="__construct" visibility="public" complexity="1" crap="1" count="8"/>
        <line num="78" type="stmt" count="8"/>
        <line num="79" type="stmt" count="8"/>
        <line num="80" type="stmt" count="8"/>
        <line num="81" type="stmt" count="8"/>
        <line num="82" type="stmt" count="8"/>
        <line num="87" type="method" name="logger" visibility="public" complexity="1" crap="2.00" count="0"/>
        <line num="89" type="stmt" count="0"/>
        <line num="97" type="method" name="execute" visibility="public" complexity="5" crap="5.01" count="5"/>
        <line num="99" type="stmt" count="5"/>
        <line num="101" type="stmt" count="5"/>
        <line num="102" type="stmt" count="5"/>
        <line num="103" type="stmt" count="5"/>
        <line num="105" type="stmt" count="5"/>
        <line num="106" type="stmt" count="1"/>
        <line num="107" type="stmt" count="1"/>
        <line num="109" type="stmt" count="4"/>
        <line num="111" type="stmt" count="4"/>
        <line num="112" type="stmt" count="1"/>
        <line num="113" type="stmt" count="1"/>
        <line num="114" type="stmt" count="1"/>
        <line num="117" type="stmt" count="1"/>
        <line num="120" type="stmt" count="3"/>
        <line num="123" type="stmt" count="4"/>
        <line num="125" type="stmt" count="4"/>
        <line num="126" type="stmt" count="4"/>
        <line num="127" type="stmt" count="4"/>
        <line num="128" type="stmt" count="4"/>
        <line num="129" type="stmt" count="4"/>
        <line num="130" type="stmt" count="4"/>
        <line num="132" type="stmt" count="0"/>
        <line num="133" type="stmt" count="0"/>
        <line num="136" type="stmt" count="4"/>
        <line num="145" type="method" name="getResult" visibility="private" complexity="5" crap="5.12" count="3"/>
        <line num="147" type="stmt" count="3"/>
        <line num="150" type="stmt" count="3"/>
        <line num="151" type="stmt" count="2"/>
        <line num="152" type="stmt" count="2"/>
        <line num="153" type="stmt" count="1"/>
        <line num="154" type="stmt" count="1"/>
        <line num="155" type="stmt" count="1"/>
        <line num="158" type="stmt" count="3"/>
        <line num="159" type="stmt" count="3"/>
        <line num="161" type="stmt" count="0"/>
        <line num="162" type="stmt" count="0"/>
        <line num="165" type="stmt" count="3"/>
        <metrics loc="167" ncloc="128" classes="1" methods="4" coveredmethods="1" conditionals="0" coveredconditionals="0" statements="42" coveredstatements="37" elements="46" coveredelements="38"/>
      </file>
    </package>
    <package name="Redstraw\Hooch\Builder\Mysql">
      <file name="/mnt/c/Users/firei/www/hooch/src/Builder/Mysql/Delete.php">
        <class name="Redstraw\Hooch\Builder\Mysql\Delete" namespace="Redstraw\Hooch\Builder\Mysql" fullPackage="Redstraw" package="Redstraw">
          <metrics complexity="0" methods="0" coveredmethods="0" conditionals="0" coveredconditionals="0" statements="0" coveredstatements="0" elements="0" coveredelements="0"/>
        </class>
        <metrics loc="17" ncloc="7" classes="0" methods="0" coveredmethods="0" conditionals="0" coveredconditionals="0" statements="0" coveredstatements="0" elements="0" coveredelements="0"/>
      </file>
      <file name="/mnt/c/Users/firei/www/hooch/src/Builder/Mysql/Filter.php">
        <class name="Redstraw\Hooch\Builder\Mysql\Filter" namespace="Redstraw\Hooch\Builder\Mysql" fullPackage="Redstraw" package="Redstraw">
          <metrics complexity="2" methods="2" coveredmethods="2" conditionals="0" coveredconditionals="0" statements="6" coveredstatements="6" elements="8" coveredelements="8"/>
        </class>
        <line num="77" type="method" name="__construct" visibility="public" complexity="1" crap="1" count="46"/>
        <line num="79" type="stmt" count="46"/>
        <line num="80" type="stmt" count="46"/>
        <line num="81" type="stmt" count="46"/>
        <line num="87" type="method" name="build" visibility="public" complexity="1" crap="1" count="42"/>
        <line num="91" type="stmt" count="42"/>
        <line num="93" type="stmt" count="42"/>
        <line num="95" type="stmt" count="42"/>
        <metrics loc="97" ncloc="81" classes="1" methods="2" coveredmethods="2" conditionals="0" coveredconditionals="0" statements="6" coveredstatements="6" elements="8" coveredelements="8"/>
      </file>
      <file name="/mnt/c/Users/firei/www/hooch/src/Builder/Mysql/OnFilter.php">
        <class name="Redstraw\Hooch\Builder\Mysql\OnFilter" namespace="Redstraw\Hooch\Builder\Mysql" fullPackage="Redstraw" package="Redstraw">
          <metrics complexity="1" methods="1" coveredmethods="1" conditionals="0" coveredconditionals="0" statements="3" coveredstatements="3" elements="4" coveredelements="4"/>
        </class>
        <line num="26" type="method" name="build" visibility="public" complexity="1" crap="1" count="7"/>
        <line num="30" type="stmt" count="7"/>
        <line num="32" type="stmt" count="7"/>
        <line num="34" type="stmt" count="7"/>
        <metrics loc="35" ncloc="27" classes="1" methods="1" coveredmethods="1" conditionals="0" coveredconditionals="0" statements="3" coveredstatements="3" elements="4" coveredelements="4"/>
      </file>
      <file name="/mnt/c/Users/firei/www/hooch/src/Builder/Mysql/Select.php">
        <class name="Redstraw\Hooch\Builder\Mysql\Select" namespace="Redstraw\Hooch\Builder\Mysql" fullPackage="Redstraw" package="Redstraw">
          <metrics complexity="13" methods="7" coveredmethods="6" conditionals="0" coveredconditionals="0" statements="29" coveredstatements="28" elements="36" coveredelements="34"/>
        </class>
        <line num="67" type="method" name="__construct" visibility="public" complexity="1" crap="1" count="26"/>
        <line num="69" type="stmt" count="26"/>
        <line num="70" type="stmt" count="26"/>
        <line num="71" type="stmt" count="26"/>
        <line num="72" type="stmt" count="26"/>
        <line num="73" type="stmt" count="26"/>
        <line num="79" type="method" name="build" visibility="public" complexity="5" crap="5" count="22"/>
        <line num="93" type="stmt" count="22"/>
        <line num="94" type="stmt" count="4"/>
        <line num="95" type="stmt" count="4"/>
        <line num="98" type="stmt" count="22"/>
        <line num="99" type="stmt" count="6"/>
        <line num="100" type="stmt" count="6"/>
        <line num="103" type="stmt" count="22"/>
        <line num="105" type="stmt" count="22"/>
        <line num="107" type="stmt" count="22"/>
        <line num="114" type="method" name="filter" visibility="public" complexity="2" crap="2" count="1"/>
        <line num="116" type="stmt" count="1"/>
        <line num="117" type="stmt" count="1"/>
        <line num="118" type="stmt" count="1"/>
        <line num="119" type="stmt" count="1"/>
        <line num="120" type="method" name="anonymousFunction:120#789" complexity="1" crap="1.12" count="1"/>
        <line num="121" type="stmt" count="0"/>
        <line num="122" type="stmt" count="1"/>
        <line num="123" type="stmt" count="1"/>
        <line num="126" type="stmt" count="1"/>
        <line num="133" type="method" name="onFilter" visibility="public" complexity="2" crap="2" count="5"/>
        <line num="135" type="stmt" count="5"/>
        <line num="136" type="stmt" count="5"/>
        <line num="137" type="stmt" count="5"/>
        <line num="138" type="stmt" count="5"/>
        <line num="141" type="stmt" count="5"/>
        <line num="147" type="method" name="setFilter" visibility="public" complexity="1" crap="1" count="17"/>
        <line num="149" type="stmt" count="17"/>
        <line num="150" type="stmt" count="17"/>
        <line num="155" type="method" name="setOnFilter" visibility="public" complexity="1" crap="1" count="6"/>
        <line num="157" type="stmt" count="6"/>
        <line num="158" type="stmt" count="6"/>
        <metrics loc="159" ncloc="126" classes="1" methods="7" coveredmethods="6" conditionals="0" coveredconditionals="0" statements="31" coveredstatements="30" elements="38" coveredelements="36"/>
      </file>
      <file name="/mnt/c/Users/firei/www/hooch/src/Builder/Mysql/Update.php">
        <class name="Redstraw\Hooch\Builder\Mysql\Update" namespace="Redstraw\Hooch\Builder\Mysql" fullPackage="Redstraw" package="Redstraw">
          <metrics complexity="14" methods="8" coveredmethods="7" conditionals="0" coveredconditionals="0" statements="28" coveredstatements="25" elements="36" coveredelements="32"/>
        </class>
        <line num="54" type="method" name="__construct" visibility="public" complexity="1" crap="1" count="5"/>
        <line num="56" type="stmt" count="5"/>
        <line num="57" type="stmt" count="5"/>
        <line num="58" type="stmt" count="5"/>
        <line num="59" type="stmt" count="5"/>
        <line num="60" type="stmt" count="5"/>
        <line num="66" type="method" name="build" visibility="public" complexity="5" crap="5" count="5"/>
        <line num="73" type="stmt" count="5"/>
        <line num="74" type="stmt" count="5"/>
        <line num="75" type="stmt" count="5"/>
        <line num="78" type="stmt" count="5"/>
        <line num="79" type="stmt" count="1"/>
        <line num="80" type="stmt" count="1"/>
        <line num="83" type="stmt" count="5"/>
        <line num="85" type="stmt" count="5"/>
        <line num="87" type="stmt" count="5"/>
        <line num="96" type="method" name="increment" visibility="public" complexity="1" crap="1" count="1"/>
        <line num="98" type="stmt" count="1"/>
        <line num="100" type="stmt" count="1"/>
        <line num="109" type="method" name="decrement" visibility="public" complexity="1" crap="1" count="1"/>
        <line num="111" type="stmt" count="1"/>
        <line num="113" type="stmt" count="1"/>
        <line num="120" type="method" name="filter" visibility="public" complexity="2" crap="2" count="1"/>
        <line num="122" type="stmt" count="1"/>
        <line num="123" type="stmt" count="1"/>
        <line num="126" type="stmt" count="1"/>
        <line num="133" type="method" name="onFilter" visibility="public" complexity="2" crap="6.00" count="0"/>
        <line num="135" type="stmt" count="0"/>
        <line num="136" type="stmt" count="0"/>
        <line num="139" type="stmt" count="0"/>
        <line num="145" type="method" name="setFilter" visibility="public" complexity="1" crap="1" count="5"/>
        <line num="147" type="stmt" count="5"/>
        <line num="148" type="stmt" count="5"/>
        <line num="153" type="method" name="setOnFilter" visibility="public" complexity="1" crap="1" count="1"/>
        <line num="155" type="stmt" count="1"/>
        <line num="156" type="stmt" count="1"/>
        <metrics loc="156" ncloc="111" classes="1" methods="8" coveredmethods="7" conditionals="0" coveredconditionals="0" statements="28" coveredstatements="25" elements="36" coveredelements="32"/>
      </file>
    </package>
    <package name="Redstraw\Hooch\Builder\Mysql\Operator">
      <file name="/mnt/c/Users/firei/www/hooch/src/Builder/Mysql/Operator/Field.php">
        <class name="Redstraw\Hooch\Builder\Mysql\Operator\Field" namespace="Redstraw\Hooch\Builder\Mysql\Operator" fullPackage="Redstraw" package="Redstraw">
          <metrics complexity="26" methods="17" coveredmethods="12" conditionals="0" coveredconditionals="0" statements="48" coveredstatements="38" elements="65" coveredelements="50"/>
        </class>
        <line num="45" type="method" name="__construct" visibility="public" complexity="1" crap="1" count="86"/>
        <line num="47" type="stmt" count="86"/>
        <line num="48" type="stmt" count="86"/>
        <line num="49" type="stmt" count="86"/>
        <line num="54" type="method" name="accent" visibility="public" complexity="1" crap="1" count="6"/>
        <line num="56" type="stmt" count="6"/>
        <line num="62" type="method" name="sql" visibility="public" complexity="1" crap="1" count="34"/>
        <line num="64" type="stmt" count="34"/>
        <line num="70" type="method" name="operator" visibility="public" complexity="1" crap="1" count="34"/>
        <line num="72" type="stmt" count="34"/>
        <line num="78" type="method" name="setNested" visibility="public" complexity="1" crap="1" count="28"/>
        <line num="80" type="stmt" count="28"/>
        <line num="81" type="stmt" count="28"/>
        <line num="86" type="method" name="isNested" visibility="public" complexity="1" crap="1" count="38"/>
        <line num="88" type="stmt" count="38"/>
        <line num="96" type="method" name="and" visibility="public" complexity="4" crap="4" count="12"/>
        <line num="98" type="stmt" count="12"/>
        <line num="99" type="stmt" count="12"/>
        <line num="101" type="stmt" count="12"/>
        <line num="109" type="method" name="not" visibility="public" complexity="2" crap="2" count="14"/>
        <line num="111" type="stmt" count="14"/>
        <line num="112" type="stmt" count="14"/>
        <line num="114" type="stmt" count="14"/>
        <line num="122" type="method" name="or" visibility="public" complexity="4" crap="4" count="11"/>
        <line num="124" type="stmt" count="11"/>
        <line num="125" type="stmt" count="11"/>
        <line num="127" type="stmt" count="11"/>
        <line num="134" type="method" name="eq" visibility="public" complexity="1" crap="1" count="6"/>
        <line num="136" type="stmt" count="6"/>
        <line num="138" type="stmt" count="6"/>
        <line num="145" type="method" name="notEq" visibility="public" complexity="1" crap="2.00" count="0"/>
        <line num="147" type="stmt" count="0"/>
        <line num="149" type="stmt" count="0"/>
        <line num="156" type="method" name="gt" visibility="public" complexity="1" crap="2.00" count="0"/>
        <line num="158" type="stmt" count="0"/>
        <line num="160" type="stmt" count="0"/>
        <line num="167" type="method" name="gtEq" visibility="public" complexity="1" crap="2.00" count="0"/>
        <line num="169" type="stmt" count="0"/>
        <line num="171" type="stmt" count="0"/>
        <line num="178" type="method" name="lt" visibility="public" complexity="1" crap="2.00" count="0"/>
        <line num="180" type="stmt" count="0"/>
        <line num="182" type="stmt" count="0"/>
        <line num="189" type="method" name="ltEq" visibility="public" complexity="1" crap="2.00" count="0"/>
        <line num="191" type="stmt" count="0"/>
        <line num="193" type="stmt" count="0"/>
        <line num="200" type="method" name="comparison" visibility="private" complexity="1" crap="1" count="6"/>
        <line num="202" type="stmt" count="6"/>
        <line num="204" type="stmt" count="6"/>
        <line num="205" type="stmt" count="6"/>
        <line num="206" type="stmt" count="6"/>
        <line num="207" type="stmt" count="6"/>
        <line num="209" type="stmt" count="6"/>
        <line num="217" type="method" name="logical" visibility="private" complexity="3" crap="3" count="28"/>
        <line num="219" type="stmt" count="28"/>
        <line num="220" type="stmt" count="28"/>
        <line num="222" type="stmt" count="28"/>
        <line num="223" type="stmt" count="28"/>
        <line num="224" type="stmt" count="28"/>
        <line num="225" type="stmt" count="28"/>
        <line num="227" type="stmt" count="28"/>
        <line num="228" type="stmt" count="23"/>
        <line num="230" type="stmt" count="23"/>
        <line num="233" type="stmt" count="28"/>
        <line num="235" type="stmt" count="28"/>
        <line num="237" type="stmt" count="28"/>
        <metrics loc="239" ncloc="155" classes="1" methods="17" coveredmethods="12" conditionals="0" coveredconditionals="0" statements="48" coveredstatements="38" elements="65" coveredelements="50"/>
      </file>
      <file name="/mnt/c/Users/firei/www/hooch/src/Builder/Mysql/Operator/Param.php">
        <class name="Redstraw\Hooch\Builder\Mysql\Operator\Param" namespace="Redstraw\Hooch\Builder\Mysql\Operator" fullPackage="Redstraw" package="Redstraw">
          <metrics complexity="17" methods="16" coveredmethods="10" conditionals="0" coveredconditionals="0" statements="56" coveredstatements="45" elements="72" coveredelements="55"/>
        </class>
        <line num="43" type="method" name="__construct" visibility="public" complexity="1" crap="1" count="86"/>
        <line num="45" type="stmt" count="86"/>
        <line num="46" type="stmt" count="86"/>
        <line num="47" type="stmt" count="86"/>
        <line num="52" type="method" name="accent" visibility="public" complexity="1" crap="2.00" count="0"/>
        <line num="54" type="stmt" count="0"/>
        <line num="60" type="method" name="sql" visibility="public" complexity="1" crap="1" count="31"/>
        <line num="62" type="stmt" count="31"/>
        <line num="68" type="method" name="operator" visibility="public" complexity="1" crap="1" count="31"/>
        <line num="70" type="stmt" count="31"/>
        <line num="76" type="method" name="setNested" visibility="public" complexity="1" crap="1" count="17"/>
        <line num="78" type="stmt" count="17"/>
        <line num="79" type="stmt" count="17"/>
        <line num="84" type="method" name="isNested" visibility="public" complexity="1" crap="1" count="17"/>
        <line num="86" type="stmt" count="17"/>
        <line num="94" type="method" name="between" visibility="public" complexity="2" crap="2" count="6"/>
        <line num="96" type="stmt" count="6"/>
        <line num="97" type="stmt" count="6"/>
        <line num="98" type="stmt" count="6"/>
        <line num="99" type="stmt" count="6"/>
        <line num="100" type="stmt" count="6"/>
        <line num="101" type="stmt" count="6"/>
        <line num="102" type="stmt" count="6"/>
        <line num="103" type="stmt" count="6"/>
        <line num="105" type="stmt" count="6"/>
        <line num="107" type="stmt" count="6"/>
        <line num="114" type="method" name="in" visibility="public" complexity="1" crap="1" count="5"/>
        <line num="116" type="stmt" count="5"/>
        <line num="117" type="stmt" count="5"/>
        <line num="118" type="stmt" count="5"/>
        <line num="119" type="stmt" count="5"/>
        <line num="120" type="stmt" count="5"/>
        <line num="121" type="stmt" count="5"/>
        <line num="122" type="stmt" count="5"/>
        <line num="123" type="stmt" count="5"/>
        <line num="124" type="stmt" count="5"/>
        <line num="125" type="stmt" count="5"/>
        <line num="127" type="stmt" count="5"/>
        <line num="129" type="stmt" count="5"/>
        <line num="136" type="method" name="like" visibility="public" complexity="1" crap="1" count="6"/>
        <line num="138" type="stmt" count="6"/>
        <line num="139" type="stmt" count="6"/>
        <line num="140" type="stmt" count="6"/>
        <line num="141" type="stmt" count="6"/>
        <line num="142" type="stmt" count="6"/>
        <line num="143" type="stmt" count="6"/>
        <line num="145" type="stmt" count="6"/>
        <line num="147" type="stmt" count="6"/>
        <line num="154" type="method" name="eq" visibility="public" complexity="1" crap="1" count="14"/>
        <line num="156" type="stmt" count="14"/>
        <line num="158" type="stmt" count="14"/>
        <line num="165" type="method" name="notEq" visibility="public" complexity="1" crap="2.00" count="0"/>
        <line num="167" type="stmt" count="0"/>
        <line num="169" type="stmt" count="0"/>
        <line num="176" type="method" name="gt" visibility="public" complexity="1" crap="2.00" count="0"/>
        <line num="178" type="stmt" count="0"/>
        <line num="180" type="stmt" count="0"/>
        <line num="187" type="method" name="gtEq" visibility="public" complexity="1" crap="2.00" count="0"/>
        <line num="189" type="stmt" count="0"/>
        <line num="191" type="stmt" count="0"/>
        <line num="198" type="method" name="lt" visibility="public" complexity="1" crap="2.00" count="0"/>
        <line num="200" type="stmt" count="0"/>
        <line num="202" type="stmt" count="0"/>
        <line num="209" type="method" name="ltEq" visibility="public" complexity="1" crap="2.00" count="0"/>
        <line num="211" type="stmt" count="0"/>
        <line num="213" type="stmt" count="0"/>
        <line num="220" type="method" name="comparison" visibility="private" complexity="1" crap="1" count="14"/>
        <line num="222" type="stmt" count="14"/>
        <line num="223" type="stmt" count="14"/>
        <line num="224" type="stmt" count="14"/>
        <line num="225" type="stmt" count="14"/>
        <line num="227" type="stmt" count="14"/>
        <metrics loc="229" ncloc="152" classes="1" methods="16" coveredmethods="10" conditionals="0" coveredconditionals="0" statements="56" coveredstatements="45" elements="72" coveredelements="55"/>
      </file>
      <file name="/mnt/c/Users/firei/www/hooch/src/Builder/Mysql/Operator/SubQuery.php">
        <class name="Redstraw\Hooch\Builder\Mysql\Operator\SubQuery" namespace="Redstraw\Hooch\Builder\Mysql\Operator" fullPackage="Redstraw" package="Redstraw">
          <metrics complexity="18" methods="18" coveredmethods="12" conditionals="0" coveredconditionals="0" statements="49" coveredstatements="38" elements="67" coveredelements="50"/>
        </class>
        <line num="43" type="method" name="__construct" visibility="public" complexity="1" crap="1" count="86"/>
        <line num="45" type="stmt" count="86"/>
        <line num="46" type="stmt" count="86"/>
        <line num="47" type="stmt" count="86"/>
        <line num="52" type="method" name="accent" visibility="public" complexity="1" crap="2.00" count="0"/>
        <line num="54" type="stmt" count="0"/>
        <line num="60" type="method" name="sql" visibility="public" complexity="1" crap="1" count="10"/>
        <line num="62" type="stmt" count="10"/>
        <line num="68" type="method" name="operator" visibility="public" complexity="1" crap="1" count="10"/>
        <line num="70" type="stmt" count="10"/>
        <line num="76" type="method" name="setNested" visibility="public" complexity="1" crap="1" count="10"/>
        <line num="78" type="stmt" count="10"/>
        <line num="79" type="stmt" count="10"/>
        <line num="84" type="method" name="isNested" visibility="public" complexity="1" crap="1" count="10"/>
        <line num="86" type="stmt" count="10"/>
        <line num="94" type="method" name="all" visibility="public" complexity="1" crap="1" count="1"/>
        <line num="96" type="stmt" count="1"/>
        <line num="98" type="stmt" count="1"/>
        <line num="106" type="method" name="any" visibility="public" complexity="1" crap="1" count="1"/>
        <line num="108" type="stmt" count="1"/>
        <line num="110" type="stmt" count="1"/>
        <line num="118" type="method" name="exists" visibility="public" complexity="1" crap="1" count="7"/>
        <line num="120" type="stmt" count="7"/>
        <line num="122" type="stmt" count="7"/>
        <line num="130" type="method" name="some" visibility="public" complexity="1" crap="1" count="1"/>
        <line num="132" type="stmt" count="1"/>
        <line num="134" type="stmt" count="1"/>
        <line num="142" type="method" name="eq" visibility="public" complexity="1" crap="1" count="4"/>
        <line num="144" type="stmt" count="4"/>
        <line num="146" type="stmt" count="4"/>
        <line num="154" type="method" name="notEq" visibility="public" complexity="1" crap="2.00" count="0"/>
        <line num="156" type="stmt" count="0"/>
        <line num="158" type="stmt" count="0"/>
        <line num="166" type="method" name="gt" visibility="public" complexity="1" crap="2.00" count="0"/>
        <line num="168" type="stmt" count="0"/>
        <line num="170" type="stmt" count="0"/>
        <line num="178" type="method" name="gtEq" visibility="public" complexity="1" crap="2.00" count="0"/>
        <line num="180" type="stmt" count="0"/>
        <line num="182" type="stmt" count="0"/>
        <line num="190" type="method" name="lt" visibility="public" complexity="1" crap="2.00" count="0"/>
        <line num="192" type="stmt" count="0"/>
        <line num="194" type="stmt" count="0"/>
        <line num="202" type="method" name="ltEq" visibility="public" complexity="1" crap="2.00" count="0"/>
        <line num="204" type="stmt" count="0"/>
        <line num="206" type="stmt" count="0"/>
        <line num="214" type="method" name="comparison" visibility="private" complexity="1" crap="1" count="4"/>
        <line num="216" type="stmt" count="4"/>
        <line num="217" type="stmt" count="4"/>
        <line num="219" type="stmt" count="4"/>
        <line num="220" type="stmt" count="4"/>
        <line num="221" type="stmt" count="4"/>
        <line num="222" type="stmt" count="4"/>
        <line num="223" type="stmt" count="4"/>
        <line num="224" type="stmt" count="4"/>
        <line num="226" type="stmt" count="4"/>
        <line num="234" type="method" name="logical" visibility="private" complexity="1" crap="1" count="10"/>
        <line num="236" type="stmt" count="10"/>
        <line num="237" type="stmt" count="10"/>
        <line num="239" type="stmt" count="10"/>
        <line num="240" type="stmt" count="10"/>
        <line num="241" type="stmt" count="10"/>
        <line num="242" type="stmt" count="10"/>
        <line num="243" type="stmt" count="10"/>
        <line num="244" type="stmt" count="10"/>
        <line num="245" type="stmt" count="10"/>
        <line num="247" type="stmt" count="10"/>
        <line num="249" type="stmt" count="10"/>
        <metrics loc="251" ncloc="155" classes="1" methods="18" coveredmethods="12" conditionals="0" coveredconditionals="0" statements="49" coveredstatements="38" elements="67" coveredelements="50"/>
      </file>
    </package>
    <package name="Redstraw\Hooch\Query">
      <file name="/mnt/c/Users/firei/www/hooch/src/Query/Accent.php">
        <class name="Redstraw\Hooch\Query\Accent" namespace="Redstraw\Hooch\Query" fullPackage="Redstraw" package="Redstraw">
          <metrics complexity="8" methods="4" coveredmethods="2" conditionals="0" coveredconditionals="0" statements="11" coveredstatements="8" elements="15" coveredelements="10"/>
        </class>
        <line num="26" type="method" name="setSymbol" visibility="public" complexity="1" crap="1" count="86"/>
        <line num="28" type="stmt" count="86"/>
        <line num="29" type="stmt" count="86"/>
        <line num="34" type="method" name="ignore" visibility="public" complexity="1" crap="2.00" count="0"/>
        <line num="36" type="stmt" count="0"/>
        <line num="37" type="stmt" count="0"/>
        <line num="44" type="method" name="append" visibility="public" complexity="4" crap="4.59" count="62"/>
        <line num="46" type="stmt" count="62"/>
        <line num="47" type="stmt" count="0"/>
        <line num="50" type="stmt" count="62"/>
        <line num="51" type="method" name="anonymousFunction:51#155" complexity="2" crap="2" count="62"/>
        <line num="52" type="stmt" count="62"/>
        <line num="53" type="stmt" count="14"/>
        <line num="56" type="stmt" count="62"/>
        <line num="57" type="stmt" count="62"/>
        <line num="60" type="stmt" count="62"/>
        <metrics loc="62" ncloc="41" classes="1" methods="4" coveredmethods="2" conditionals="0" coveredconditionals="0" statements="12" coveredstatements="9" elements="16" coveredelements="11"/>
      </file>
      <file name="/mnt/c/Users/firei/www/hooch/src/Query/Field.php">
        <class name="Redstraw\Hooch\Query\Field" namespace="Redstraw\Hooch\Query" fullPackage="Redstraw" package="Redstraw">
          <metrics complexity="6" methods="6" coveredmethods="1" conditionals="0" coveredconditionals="0" statements="6" coveredstatements="1" elements="12" coveredelements="2"/>
        </class>
        <line num="24" type="method" name="column" visibility="public" complexity="1" crap="1" count="57"/>
        <line num="26" type="stmt" count="57"/>
        <line num="33" type="method" name="avg" visibility="public" complexity="1" crap="2.00" count="0"/>
        <line num="35" type="stmt" count="0"/>
        <line num="42" type="method" name="count" visibility="public" complexity="1" crap="2.00" count="0"/>
        <line num="44" type="stmt" count="0"/>
        <line num="51" type="method" name="max" visibility="public" complexity="1" crap="2.00" count="0"/>
        <line num="53" type="stmt" count="0"/>
        <line num="60" type="method" name="min" visibility="public" complexity="1" crap="2.00" count="0"/>
        <line num="62" type="stmt" count="0"/>
        <line num="69" type="method" name="sum" visibility="public" complexity="1" crap="2.00" count="0"/>
        <line num="71" type="stmt" count="0"/>
        <metrics loc="73" ncloc="45" classes="1" methods="6" coveredmethods="1" conditionals="0" coveredconditionals="0" statements="6" coveredstatements="1" elements="12" coveredelements="2"/>
      </file>
      <file name="/mnt/c/Users/firei/www/hooch/src/Query/Operator.php">
        <class name="Redstraw\Hooch\Query\Operator" namespace="Redstraw\Hooch\Query" fullPackage="Redstraw" package="Redstraw">
          <metrics complexity="4" methods="4" coveredmethods="4" conditionals="0" coveredconditionals="0" statements="7" coveredstatements="7" elements="11" coveredelements="11"/>
        </class>
        <line num="39" type="method" name="__construct" visibility="public" complexity="1" crap="1" count="86"/>
        <line num="45" type="stmt" count="86"/>
        <line num="46" type="stmt" count="86"/>
        <line num="47" type="stmt" count="86"/>
        <line num="48" type="stmt" count="86"/>
        <line num="53" type="method" name="param" visibility="public" complexity="1" crap="1" count="31"/>
        <line num="55" type="stmt" count="31"/>
        <line num="61" type="method" name="sql" visibility="public" complexity="1" crap="1" count="10"/>
        <line num="63" type="stmt" count="10"/>
        <line num="69" type="method" name="field" visibility="public" complexity="1" crap="1" count="44"/>
        <line num="71" type="stmt" count="44"/>
        <metrics loc="73" ncloc="45" classes="1" methods="4" coveredmethods="4" conditionals="0" coveredconditionals="0" statements="7" coveredstatements="7" elements="11" coveredelements="11"/>
      </file>
      <file name="/mnt/c/Users/firei/www/hooch/src/Query/Query.php">
        <class name="Redstraw\Hooch\Query\Query" namespace="Redstraw\Hooch\Query" fullPackage="Redstraw" package="Redstraw">
          <metrics complexity="18" methods="9" coveredmethods="9" conditionals="0" coveredconditionals="0" statements="34" coveredstatements="34" elements="43" coveredelements="43"/>
        </class>
        <line num="38" type="method" name="__construct" visibility="public" complexity="1" crap="1" count="86"/>
        <line num="40" type="stmt" count="86"/>
        <line num="41" type="stmt" count="86"/>
        <line num="42" type="stmt" count="86"/>
        <line num="47" type="method" name="sql" visibility="public" complexity="1" crap="1" count="73"/>
        <line num="49" type="stmt" count="73"/>
        <line num="55" type="method" name="accent" visibility="public" complexity="1" crap="1" count="86"/>
        <line num="57" type="stmt" count="86"/>
        <line num="64" type="method" name="appendSqlToClause" visibility="public" complexity="1" crap="1" count="73"/>
        <line num="66" type="stmt" count="73"/>
        <line num="67" type="stmt" count="73"/>
        <line num="69" type="stmt" count="73"/>
        <line num="70" type="stmt" count="73"/>
        <line num="78" type="method" name="anonymousFunction:78#257" complexity="2" crap="2" count="69"/>
        <line num="79" type="stmt" count="69"/>
        <line num="80" type="stmt" count="69"/>
        <line num="81" type="stmt" count="69"/>
        <line num="82" type="stmt" count="69"/>
        <line num="83" type="stmt" count="69"/>
        <line num="87" type="stmt" count="69"/>
        <line num="88" type="stmt" count="69"/>
        <line num="95" type="method" name="hasClause" visibility="public" complexity="1" crap="1" count="69"/>
        <line num="97" type="stmt" count="69"/>
        <line num="104" type="method" name="reset" visibility="public" complexity="3" crap="3" count="77"/>
        <line num="106" type="stmt" count="77"/>
        <line num="107" type="stmt" count="8"/>
        <line num="108" type="stmt" count="8"/>
        <line num="111" type="stmt" count="77"/>
        <line num="112" type="stmt" count="69"/>
        <line num="113" type="stmt" count="69"/>
        <line num="115" type="stmt" count="77"/>
        <line num="122" type="method" name="appendString" visibility="private" complexity="4" crap="4" count="73"/>
        <line num="124" type="stmt" count="73"/>
        <line num="125" type="stmt" count="39"/>
        <line num="126" type="stmt" count="1"/>
        <line num="128" type="stmt" count="39"/>
        <line num="131" type="stmt" count="73"/>
        <line num="133" type="stmt" count="73"/>
        <line num="140" type="method" name="appendParameters" visibility="private" complexity="2" crap="2" count="73"/>
        <line num="142" type="stmt" count="73"/>
        <line num="143" type="stmt" count="20"/>
        <line num="145" type="stmt" count="73"/>
        <line num="147" type="stmt" count="73"/>
        <metrics loc="148" ncloc="95" classes="1" methods="9" coveredmethods="9" conditionals="0" coveredconditionals="0" statements="34" coveredstatements="34" elements="43" coveredelements="43"/>
      </file>
      <file name="/mnt/c/Users/firei/www/hooch/src/Query/Sql.php">
        <class name="Redstraw\Hooch\Query\Sql" namespace="Redstraw\Hooch\Query" fullPackage="Redstraw" package="Redstraw">
          <metrics complexity="18" methods="10" coveredmethods="8" conditionals="0" coveredconditionals="0" statements="37" coveredstatements="31" elements="47" coveredelements="39"/>
        </class>
        <line num="85" type="method" name="__construct" visibility="public" complexity="2" crap="2" count="91"/>
        <line num="87" type="stmt" count="91"/>
        <line num="88" type="stmt" count="91"/>
        <line num="96" type="method" name="append" visibility="public" complexity="6" crap="6.03" count="91"/>
        <line num="98" type="stmt" count="91"/>
        <line num="99" type="stmt" count="0"/>
        <line num="102" type="stmt" count="91"/>
        <line num="103" type="stmt" count="58"/>
        <line num="106" type="stmt" count="91"/>
        <line num="107" type="stmt" count="75"/>
        <line num="110" type="stmt" count="91"/>
        <line num="111" type="stmt" count="2"/>
        <line num="114" type="stmt" count="91"/>
        <line num="115" type="stmt" count="39"/>
        <line num="118" type="stmt" count="91"/>
        <line num="126" type="method" name="appendQueryBuilder" visibility="public" complexity="1" crap="2.00" count="0"/>
        <line num="128" type="stmt" count="0"/>
        <line num="129" type="stmt" count="0"/>
        <line num="130" type="stmt" count="0"/>
        <line num="131" type="stmt" count="0"/>
        <line num="134" type="stmt" count="0"/>
        <line num="140" type="method" name="queryString" visibility="public" complexity="1" crap="1" count="88"/>
        <line num="142" type="stmt" count="88"/>
        <line num="148" type="method" name="parameters" visibility="public" complexity="1" crap="1" count="86"/>
        <line num="150" type="stmt" count="86"/>
        <line num="156" type="method" name="reset" visibility="public" complexity="1" crap="1" count="73"/>
        <line num="158" type="stmt" count="73"/>
        <line num="159" type="stmt" count="73"/>
        <line num="161" type="stmt" count="73"/>
        <line num="169" type="method" name="appendSql" visibility="public" complexity="1" crap="1" count="59"/>
        <line num="171" type="stmt" count="59"/>
        <line num="172" type="stmt" count="59"/>
        <line num="173" type="stmt" count="59"/>
        <line num="174" type="stmt" count="59"/>
        <line num="177" type="stmt" count="59"/>
        <line num="185" type="method" name="appendString" visibility="public" complexity="2" crap="2" count="77"/>
        <line num="187" type="stmt" count="77"/>
        <line num="189" type="stmt" count="77"/>
        <line num="190" type="stmt" count="73"/>
        <line num="193" type="stmt" count="77"/>
        <line num="201" type="method" name="appendInt" visibility="public" complexity="1" crap="1" count="3"/>
        <line num="203" type="stmt" count="3"/>
        <line num="205" type="stmt" count="3"/>
        <line num="215" type="method" name="ifThenAppend" visibility="public" complexity="2" crap="2" count="68"/>
        <line num="217" type="stmt" count="68"/>
        <line num="218" type="stmt" count="68"/>
        <line num="221" type="stmt" count="68"/>
        <metrics loc="223" ncloc="165" classes="1" methods="10" coveredmethods="8" conditionals="0" coveredconditionals="0" statements="37" coveredstatements="31" elements="47" coveredelements="39"/>
      </file>
    </package>
    <package name="Redstraw\Hooch\Query\Common\Driver">
      <file name="/mnt/c/Users/firei/www/hooch/src/Query/Common/Driver/HasCache.php">
        <class name="HasCache" namespace="Redstraw\Hooch\Query\Common\Driver" fullPackage="Redstraw" package="Redstraw">
          <metrics complexity="4" methods="1" coveredmethods="0" conditionals="0" coveredconditionals="0" statements="5" coveredstatements="4" elements="6" coveredelements="4"/>
        </class>
        <line num="32" type="method" name="cache" visibility="public" complexity="4" crap="4.13" count="4"/>
        <line num="34" type="stmt" count="4"/>
        <line num="35" type="stmt" count="4"/>
        <line num="36" type="stmt" count="4"/>
        <line num="38" type="stmt" count="4"/>
        <line num="41" type="stmt" count="0"/>
        <metrics loc="43" ncloc="28" classes="1" methods="1" coveredmethods="0" conditionals="0" coveredconditionals="0" statements="5" coveredstatements="4" elements="6" coveredelements="4"/>
      </file>
      <file name="/mnt/c/Users/firei/www/hooch/src/Query/Common/Driver/HasDriver.php">
        <class name="HasDriver" namespace="Redstraw\Hooch\Query\Common\Driver" fullPackage="Redstraw" package="Redstraw">
          <metrics complexity="1" methods="1" coveredmethods="1" conditionals="0" coveredconditionals="0" statements="1" coveredstatements="1" elements="2" coveredelements="2"/>
        </class>
        <line num="25" type="method" name="driverName" visibility="public" complexity="1" crap="1" count="14"/>
        <line num="27" type="stmt" count="14"/>
        <metrics loc="29" ncloc="19" classes="1" methods="1" coveredmethods="1" conditionals="0" coveredconditionals="0" statements="1" coveredstatements="1" elements="2" coveredelements="2"/>
      </file>
      <file name="/mnt/c/Users/firei/www/hooch/src/Query/Common/Driver/HasFetch.php">
        <class name="HasFetch" namespace="Redstraw\Hooch\Query\Common\Driver" fullPackage="Redstraw" package="Redstraw">
          <metrics complexity="2" methods="1" coveredmethods="0" conditionals="0" coveredconditionals="0" statements="3" coveredstatements="2" elements="4" coveredelements="2"/>
        </class>
        <line num="21" type="method" name="fetch" visibility="public" complexity="2" crap="2.15" count="9"/>
        <line num="23" type="stmt" count="9"/>
        <line num="24" type="stmt" count="9"/>
        <line num="27" type="stmt" count="0"/>
        <metrics loc="29" ncloc="21" classes="1" methods="1" coveredmethods="0" conditionals="0" coveredconditionals="0" statements="3" coveredstatements="2" elements="4" coveredelements="2"/>
      </file>
      <file name="/mnt/c/Users/firei/www/hooch/src/Query/Common/Driver/HasFetchAll.php">
        <class name="HasFetchAll" namespace="Redstraw\Hooch\Query\Common\Driver" fullPackage="Redstraw" package="Redstraw">
          <metrics complexity="2" methods="1" coveredmethods="0" conditionals="0" coveredconditionals="0" statements="3" coveredstatements="2" elements="4" coveredelements="2"/>
        </class>
        <line num="21" type="method" name="fetchAll" visibility="public" complexity="2" crap="2.15" count="2"/>
        <line num="23" type="stmt" count="2"/>
        <line num="24" type="stmt" count="2"/>
        <line num="27" type="stmt" count="0"/>
        <metrics loc="29" ncloc="21" classes="1" methods="1" coveredmethods="0" conditionals="0" coveredconditionals="0" statements="3" coveredstatements="2" elements="4" coveredelements="2"/>
      </file>
      <file name="/mnt/c/Users/firei/www/hooch/src/Query/Common/Driver/HasFilter.php">
        <class name="HasFilter" namespace="Redstraw\Hooch\Query\Common\Driver" fullPackage="Redstraw" package="Redstraw">
          <metrics complexity="3" methods="2" coveredmethods="1" conditionals="0" coveredconditionals="0" statements="5" coveredstatements="4" elements="7" coveredelements="5"/>
        </class>
        <line num="26" type="method" name="filter" visibility="public" complexity="1" crap="1" count="4"/>
        <line num="28" type="stmt" count="4"/>
        <line num="30" type="stmt" count="4"/>
        <line num="37" type="method" name="mysqlFilter" visibility="private" complexity="2" crap="2.15" count="4"/>
        <line num="39" type="stmt" count="4"/>
        <line num="40" type="stmt" count="0"/>
        <line num="43" type="stmt" count="4"/>
        <metrics loc="45" ncloc="32" classes="1" methods="2" coveredmethods="1" conditionals="0" coveredconditionals="0" statements="5" coveredstatements="4" elements="7" coveredelements="5"/>
      </file>
      <file name="/mnt/c/Users/firei/www/hooch/src/Query/Common/Driver/HasOnFilter.php">
        <class name="HasOnFilter" namespace="Redstraw\Hooch\Query\Common\Driver" fullPackage="Redstraw" package="Redstraw">
          <metrics complexity="3" methods="2" coveredmethods="1" conditionals="0" coveredconditionals="0" statements="5" coveredstatements="4" elements="7" coveredelements="5"/>
        </class>
        <line num="26" type="method" name="onFilter" visibility="public" complexity="1" crap="1" count="2"/>
        <line num="28" type="stmt" count="2"/>
        <line num="30" type="stmt" count="2"/>
        <line num="37" type="method" name="mysqlOnFilter" visibility="private" complexity="2" crap="2.15" count="2"/>
        <line num="39" type="stmt" count="2"/>
        <line num="40" type="stmt" count="0"/>
        <line num="43" type="stmt" count="2"/>
        <metrics loc="44" ncloc="31" classes="1" methods="2" coveredmethods="1" conditionals="0" coveredconditionals="0" statements="5" coveredstatements="4" elements="7" coveredelements="5"/>
      </file>
      <file name="/mnt/c/Users/firei/www/hooch/src/Query/Common/Driver/HasOperator.php">
        <class name="HasOperator" namespace="Redstraw\Hooch\Query\Common\Driver" fullPackage="Redstraw" package="Redstraw">
          <metrics complexity="3" methods="2" coveredmethods="1" conditionals="0" coveredconditionals="0" statements="8" coveredstatements="7" elements="10" coveredelements="8"/>
        </class>
        <line num="26" type="method" name="operator" visibility="public" complexity="1" crap="1" count="6"/>
        <line num="28" type="stmt" count="6"/>
        <line num="30" type="stmt" count="6"/>
        <line num="37" type="method" name="mysqlOperator" visibility="private" complexity="2" crap="2.02" count="6"/>
        <line num="39" type="stmt" count="6"/>
        <line num="40" type="stmt" count="0"/>
        <line num="43" type="stmt" count="6"/>
        <line num="44" type="stmt" count="6"/>
        <line num="45" type="stmt" count="6"/>
        <line num="46" type="stmt" count="6"/>
        <metrics loc="49" ncloc="36" classes="1" methods="2" coveredmethods="1" conditionals="0" coveredconditionals="0" statements="8" coveredstatements="7" elements="10" coveredelements="8"/>
      </file>
      <file name="/mnt/c/Users/firei/www/hooch/src/Query/Common/Driver/HasSelect.php">
        <class name="HasSelect" namespace="Redstraw\Hooch\Query\Common\Driver" fullPackage="Redstraw" package="Redstraw">
          <metrics complexity="3" methods="2" coveredmethods="1" conditionals="0" coveredconditionals="0" statements="5" coveredstatements="4" elements="7" coveredelements="5"/>
        </class>
        <line num="26" type="method" name="select" visibility="public" complexity="1" crap="1" count="4"/>
        <line num="28" type="stmt" count="4"/>
        <line num="30" type="stmt" count="4"/>
        <line num="37" type="method" name="mysqlSelect" visibility="private" complexity="2" crap="2.15" count="4"/>
        <line num="39" type="stmt" count="4"/>
        <line num="40" type="stmt" count="0"/>
        <line num="43" type="stmt" count="4"/>
        <metrics loc="45" ncloc="32" classes="1" methods="2" coveredmethods="1" conditionals="0" coveredconditionals="0" statements="5" coveredstatements="4" elements="7" coveredelements="5"/>
      </file>
      <file name="/mnt/c/Users/firei/www/hooch/src/Query/Common/Driver/HasUpdate.php">
        <class name="HasUpdate" namespace="Redstraw\Hooch\Query\Common\Driver" fullPackage="Redstraw" package="Redstraw">
          <metrics complexity="3" methods="2" coveredmethods="0" conditionals="0" coveredconditionals="0" statements="5" coveredstatements="0" elements="7" coveredelements="0"/>
        </class>
        <line num="27" type="method" name="update" visibility="public" complexity="1" crap="2.00" count="0"/>
        <line num="29" type="stmt" count="0"/>
        <line num="31" type="stmt" count="0"/>
        <line num="38" type="method" name="mysqlUpdate" visibility="private" complexity="2" crap="6.00" count="0"/>
        <line num="40" type="stmt" count="0"/>
        <line num="41" type="stmt" count="0"/>
        <line num="44" type="stmt" count="0"/>
        <metrics loc="46" ncloc="33" classes="1" methods="2" coveredmethods="0" conditionals="0" coveredconditionals="0" statements="5" coveredstatements="0" elements="7" coveredelements="0"/>
      </file>
    </package>
    <package name="Redstraw\Hooch\Query\Common\Filter">
      <file name="/mnt/c/Users/firei/www/hooch/src/Query/Common/Filter/HasNestedWhere.php">
        <class name="HasNestedWhere" namespace="Redstraw\Hooch\Query\Common\Filter" fullPackage="Redstraw" package="Redstraw">
          <metrics complexity="3" methods="1" coveredmethods="0" conditionals="0" coveredconditionals="0" statements="10" coveredstatements="9" elements="11" coveredelements="9"/>
        </class>
        <line num="24" type="method" name="nestedWhere" visibility="public" complexity="3" crap="3.01" count="3"/>
        <line num="26" type="stmt" count="3"/>
        <line num="27" type="stmt" count="3"/>
        <line num="28" type="stmt" count="3"/>
        <line num="30" type="stmt" count="3"/>
        <line num="31" type="stmt" count="1"/>
        <line num="32" type="stmt" count="1"/>
        <line num="34" type="stmt" count="2"/>
        <line num="35" type="stmt" count="2"/>
        <line num="38" type="stmt" count="3"/>
        <line num="40" type="stmt" count="0"/>
        <metrics loc="42" ncloc="33" classes="1" methods="1" coveredmethods="0" conditionals="0" coveredconditionals="0" statements="10" coveredstatements="9" elements="11" coveredelements="9"/>
      </file>
      <file name="/mnt/c/Users/firei/www/hooch/src/Query/Common/Filter/HasOrWhere.php">
        <class name="HasOrWhere" namespace="Redstraw\Hooch\Query\Common\Filter" fullPackage="Redstraw" package="Redstraw">
          <metrics complexity="3" methods="1" coveredmethods="0" conditionals="0" coveredconditionals="0" statements="8" coveredstatements="7" elements="9" coveredelements="7"/>
        </class>
        <line num="25" type="method" name="orWhere" visibility="public" complexity="3" crap="3.02" count="11"/>
        <line num="27" type="stmt" count="11"/>
        <line num="28" type="stmt" count="11"/>
        <line num="29" type="stmt" count="11"/>
        <line num="30" type="stmt" count="11"/>
        <line num="31" type="stmt" count="11"/>
        <line num="32" type="stmt" count="11"/>
        <line num="35" type="stmt" count="11"/>
        <line num="37" type="stmt" count="0"/>
        <metrics loc="40" ncloc="30" classes="1" methods="1" coveredmethods="0" conditionals="0" coveredconditionals="0" statements="8" coveredstatements="7" elements="9" coveredelements="7"/>
      </file>
      <file name="/mnt/c/Users/firei/www/hooch/src/Query/Common/Filter/HasOrWhereBetween.php">
        <class name="HasOrWhereBetween" namespace="Redstraw\Hooch\Query\Common\Filter" fullPackage="Redstraw" package="Redstraw">
          <metrics complexity="2" methods="1" coveredmethods="0" conditionals="0" coveredconditionals="0" statements="8" coveredstatements="7" elements="9" coveredelements="7"/>
        </class>
        <line num="25" type="method" name="orWhereBetween" visibility="public" complexity="2" crap="2.01" count="1"/>
        <line num="27" type="stmt" count="1"/>
        <line num="28" type="stmt" count="1"/>
        <line num="29" type="stmt" count="1"/>
        <line num="30" type="stmt" count="1"/>
        <line num="31" type="stmt" count="1"/>
        <line num="32" type="stmt" count="1"/>
        <line num="35" type="stmt" count="1"/>
        <line num="37" type="stmt" count="0"/>
        <metrics loc="40" ncloc="29" classes="1" methods="1" coveredmethods="0" conditionals="0" coveredconditionals="0" statements="8" coveredstatements="7" elements="9" coveredelements="7"/>
      </file>
      <file name="/mnt/c/Users/firei/www/hooch/src/Query/Common/Filter/HasOrWhereExists.php">
        <class name="HasOrWhereExists" namespace="Redstraw\Hooch\Query\Common\Filter" fullPackage="Redstraw" package="Redstraw">
          <metrics complexity="2" methods="1" coveredmethods="0" conditionals="0" coveredconditionals="0" statements="8" coveredstatements="7" elements="9" coveredelements="7"/>
        </class>
        <line num="23" type="method" name="orWhereExists" visibility="public" complexity="2" crap="2.01" count="1"/>
        <line num="25" type="stmt" count="1"/>
        <line num="26" type="stmt" count="1"/>
        <line num="27" type="stmt" count="1"/>
        <line num="28" type="stmt" count="1"/>
        <line num="29" type="stmt" count="1"/>
        <line num="30" type="stmt" count="1"/>
        <line num="33" type="stmt" count="1"/>
        <line num="35" type="stmt" count="0"/>
        <metrics loc="38" ncloc="29" classes="1" methods="1" coveredmethods="0" conditionals="0" coveredconditionals="0" statements="8" coveredstatements="7" elements="9" coveredelements="7"/>
      </file>
      <file name="/mnt/c/Users/firei/www/hooch/src/Query/Common/Filter/HasOrWhereIn.php">
        <class name="HasOrWhereIn" namespace="Redstraw\Hooch\Query\Common\Filter" fullPackage="Redstraw" package="Redstraw">
          <metrics complexity="2" methods="1" coveredmethods="0" conditionals="0" coveredconditionals="0" statements="8" coveredstatements="7" elements="9" coveredelements="7"/>
        </class>
        <line num="24" type="method" name="orWhereIn" visibility="public" complexity="2" crap="2.01" count="1"/>
        <line num="26" type="stmt" count="1"/>
        <line num="27" type="stmt" count="1"/>
        <line num="28" type="stmt" count="1"/>
        <line num="29" type="stmt" count="1"/>
        <line num="30" type="stmt" count="1"/>
        <line num="31" type="stmt" count="1"/>
        <line num="34" type="stmt" count="1"/>
        <line num="36" type="stmt" count="0"/>
        <metrics loc="39" ncloc="29" classes="1" methods="1" coveredmethods="0" conditionals="0" coveredconditionals="0" statements="8" coveredstatements="7" elements="9" coveredelements="7"/>
      </file>
      <file name="/mnt/c/Users/firei/www/hooch/src/Query/Common/Filter/HasOrWhereLike.php">
        <class name="HasOrWhereLike" namespace="Redstraw\Hooch\Query\Common\Filter" fullPackage="Redstraw" package="Redstraw">
          <metrics complexity="2" methods="1" coveredmethods="0" conditionals="0" coveredconditionals="0" statements="8" coveredstatements="7" elements="9" coveredelements="7"/>
        </class>
        <line num="24" type="method" name="orWhereLike" visibility="public" complexity="2" crap="2.01" count="1"/>
        <line num="26" type="stmt" count="1"/>
        <line num="27" type="stmt" count="1"/>
        <line num="28" type="stmt" count="1"/>
        <line num="29" type="stmt" count="1"/>
        <line num="30" type="stmt" count="1"/>
        <line num="31" type="stmt" count="1"/>
        <line num="34" type="stmt" count="1"/>
        <line num="36" type="stmt" count="0"/>
        <metrics loc="39" ncloc="29" classes="1" methods="1" coveredmethods="0" conditionals="0" coveredconditionals="0" statements="8" coveredstatements="7" elements="9" coveredelements="7"/>
      </file>
      <file name="/mnt/c/Users/firei/www/hooch/src/Query/Common/Filter/HasOrWhereNot.php">
        <class name="HasOrWhereNot" namespace="Redstraw\Hooch\Query\Common\Filter" fullPackage="Redstraw" package="Redstraw">
          <metrics complexity="3" methods="1" coveredmethods="0" conditionals="0" coveredconditionals="0" statements="8" coveredstatements="7" elements="9" coveredelements="7"/>
        </class>
        <line num="25" type="method" name="orWhereNot" visibility="public" complexity="3" crap="3.02" count="4"/>
        <line num="27" type="stmt" count="4"/>
        <line num="28" type="stmt" count="4"/>
        <line num="29" type="stmt" count="4"/>
        <line num="30" type="stmt" count="4"/>
        <line num="31" type="stmt" count="4"/>
        <line num="32" type="stmt" count="4"/>
        <line num="35" type="stmt" count="4"/>
        <line num="37" type="stmt" count="0"/>
        <metrics loc="40" ncloc="30" classes="1" methods="1" coveredmethods="0" conditionals="0" coveredconditionals="0" statements="8" coveredstatements="7" elements="9" coveredelements="7"/>
      </file>
      <file name="/mnt/c/Users/firei/www/hooch/src/Query/Common/Filter/HasOrWhereNotBetween.php">
        <class name="HasOrWhereNotBetween" namespace="Redstraw\Hooch\Query\Common\Filter" fullPackage="Redstraw" package="Redstraw">
          <metrics complexity="2" methods="1" coveredmethods="0" conditionals="0" coveredconditionals="0" statements="8" coveredstatements="7" elements="9" coveredelements="7"/>
        </class>
        <line num="25" type="method" name="orWhereNotBetween" visibility="public" complexity="2" crap="2.01" count="1"/>
        <line num="27" type="stmt" count="1"/>
        <line num="28" type="stmt" count="1"/>
        <line num="29" type="stmt" count="1"/>
        <line num="30" type="stmt" count="1"/>
        <line num="31" type="stmt" count="1"/>
        <line num="32" type="stmt" count="1"/>
        <line num="35" type="stmt" count="1"/>
        <line num="37" type="stmt" count="0"/>
        <metrics loc="40" ncloc="29" classes="1" methods="1" coveredmethods="0" conditionals="0" coveredconditionals="0" statements="8" coveredstatements="7" elements="9" coveredelements="7"/>
      </file>
      <file name="/mnt/c/Users/firei/www/hooch/src/Query/Common/Filter/HasOrWhereNotExists.php">
        <class name="HasOrWhereNotExists" namespace="Redstraw\Hooch\Query\Common\Filter" fullPackage="Redstraw" package="Redstraw">
          <metrics complexity="2" methods="1" coveredmethods="0" conditionals="0" coveredconditionals="0" statements="8" coveredstatements="7" elements="9" coveredelements="7"/>
        </class>
        <line num="23" type="method" name="orWhereNotExists" visibility="public" complexity="2" crap="2.01" count="1"/>
        <line num="25" type="stmt" count="1"/>
        <line num="26" type="stmt" count="1"/>
        <line num="27" type="stmt" count="1"/>
        <line num="28" type="stmt" count="1"/>
        <line num="29" type="stmt" count="1"/>
        <line num="30" type="stmt" count="1"/>
        <line num="33" type="stmt" count="1"/>
        <line num="35" type="stmt" count="0"/>
        <metrics loc="38" ncloc="29" classes="1" methods="1" coveredmethods="0" conditionals="0" coveredconditionals="0" statements="8" coveredstatements="7" elements="9" coveredelements="7"/>
      </file>
      <file name="/mnt/c/Users/firei/www/hooch/src/Query/Common/Filter/HasOrWhereNotIn.php">
        <class name="HasOrWhereNotIn" namespace="Redstraw\Hooch\Query\Common\Filter" fullPackage="Redstraw" package="Redstraw">
          <metrics complexity="2" methods="1" coveredmethods="0" conditionals="0" coveredconditionals="0" statements="8" coveredstatements="7" elements="9" coveredelements="7"/>
        </class>
        <line num="24" type="method" name="orWhereNotIn" visibility="public" complexity="2" crap="2.01" count="1"/>
        <line num="26" type="stmt" count="1"/>
        <line num="27" type="stmt" count="1"/>
        <line num="28" type="stmt" count="1"/>
        <line num="29" type="stmt" count="1"/>
        <line num="30" type="stmt" count="1"/>
        <line num="31" type="stmt" count="1"/>
        <line num="34" type="stmt" count="1"/>
        <line num="36" type="stmt" count="0"/>
        <metrics loc="39" ncloc="29" classes="1" methods="1" coveredmethods="0" conditionals="0" coveredconditionals="0" statements="8" coveredstatements="7" elements="9" coveredelements="7"/>
      </file>
      <file name="/mnt/c/Users/firei/www/hooch/src/Query/Common/Filter/HasOrWhereNotLike.php">
        <class name="HasOrWhereNotLike" namespace="Redstraw\Hooch\Query\Common\Filter" fullPackage="Redstraw" package="Redstraw">
          <metrics complexity="2" methods="1" coveredmethods="0" conditionals="0" coveredconditionals="0" statements="8" coveredstatements="7" elements="9" coveredelements="7"/>
        </class>
        <line num="24" type="method" name="orWhereNotLike" visibility="public" complexity="2" crap="2.01" count="1"/>
        <line num="26" type="stmt" count="1"/>
        <line num="27" type="stmt" count="1"/>
        <line num="28" type="stmt" count="1"/>
        <line num="29" type="stmt" count="1"/>
        <line num="30" type="stmt" count="1"/>
        <line num="31" type="stmt" count="1"/>
        <line num="34" type="stmt" count="1"/>
        <line num="36" type="stmt" count="0"/>
        <metrics loc="39" ncloc="29" classes="1" methods="1" coveredmethods="0" conditionals="0" coveredconditionals="0" statements="8" coveredstatements="7" elements="9" coveredelements="7"/>
      </file>
      <file name="/mnt/c/Users/firei/www/hooch/src/Query/Common/Filter/HasWhere.php">
        <class name="HasWhere" namespace="Redstraw\Hooch\Query\Common\Filter" fullPackage="Redstraw" package="Redstraw">
          <metrics complexity="21" methods="5" coveredmethods="3" conditionals="0" coveredconditionals="0" statements="35" coveredstatements="32" elements="40" coveredelements="35"/>
        </class>
        <line num="27" type="method" name="where" visibility="public" complexity="5" crap="5.01" count="38"/>
        <line num="29" type="stmt" count="38"/>
        <line num="31" type="stmt" count="38"/>
        <line num="32" type="stmt" count="38"/>
        <line num="33" type="stmt" count="38"/>
        <line num="35" type="stmt" count="38"/>
        <line num="36" type="stmt" count="20"/>
        <line num="38" type="stmt" count="20"/>
        <line num="41" type="stmt" count="38"/>
        <line num="42" type="stmt" count="12"/>
        <line num="43" type="stmt" count="12"/>
        <line num="44" type="stmt" count="12"/>
        <line num="45" type="stmt" count="12"/>
        <line num="47" type="stmt" count="36"/>
        <line num="50" type="stmt" count="38"/>
        <line num="52" type="stmt" count="38"/>
        <line num="54" type="stmt" count="0"/>
        <line num="62" type="method" name="isNested" visibility="private" complexity="6" crap="6.84" count="38"/>
        <line num="64" type="stmt" count="38"/>
        <line num="65" type="stmt" count="38"/>
        <line num="66" type="stmt" count="23"/>
        <line num="69" type="stmt" count="35"/>
        <line num="70" type="stmt" count="0"/>
        <line num="73" type="stmt" count="35"/>
        <line num="76" type="stmt" count="0"/>
        <line num="83" type="method" name="isAnd" visibility="private" complexity="5" crap="5" count="38"/>
        <line num="85" type="stmt" count="38"/>
        <line num="86" type="stmt" count="38"/>
        <line num="88" type="stmt" count="23"/>
        <line num="89" type="stmt" count="12"/>
        <line num="93" type="stmt" count="36"/>
        <line num="99" type="method" name="noClause" visibility="private" complexity="3" crap="3" count="38"/>
        <line num="101" type="stmt" count="38"/>
        <line num="102" type="stmt" count="38"/>
        <line num="103" type="stmt" count="35"/>
        <line num="106" type="stmt" count="23"/>
        <line num="112" type="method" name="whereJoin" visibility="private" complexity="2" crap="2" count="38"/>
        <line num="114" type="stmt" count="38"/>
        <line num="115" type="stmt" count="3"/>
        <line num="117" type="stmt" count="35"/>
        <metrics loc="120" ncloc="96" classes="1" methods="5" coveredmethods="3" conditionals="0" coveredconditionals="0" statements="35" coveredstatements="32" elements="40" coveredelements="35"/>
      </file>
      <file name="/mnt/c/Users/firei/www/hooch/src/Query/Common/Filter/HasWhereBetween.php">
        <class name="HasWhereBetween" namespace="Redstraw\Hooch\Query\Common\Filter" fullPackage="Redstraw" package="Redstraw">
          <metrics complexity="2" methods="1" coveredmethods="0" conditionals="0" coveredconditionals="0" statements="8" coveredstatements="7" elements="9" coveredelements="7"/>
        </class>
        <line num="25" type="method" name="whereBetween" visibility="public" complexity="2" crap="2.01" count="3"/>
        <line num="27" type="stmt" count="3"/>
        <line num="28" type="stmt" count="3"/>
        <line num="29" type="stmt" count="3"/>
        <line num="30" type="stmt" count="3"/>
        <line num="31" type="stmt" count="3"/>
        <line num="32" type="stmt" count="3"/>
        <line num="35" type="stmt" count="3"/>
        <line num="37" type="stmt" count="0"/>
        <metrics loc="39" ncloc="28" classes="1" methods="1" coveredmethods="0" conditionals="0" coveredconditionals="0" statements="8" coveredstatements="7" elements="9" coveredelements="7"/>
      </file>
      <file name="/mnt/c/Users/firei/www/hooch/src/Query/Common/Filter/HasWhereExists.php">
        <class name="HasWhereExists" namespace="Redstraw\Hooch\Query\Common\Filter" fullPackage="Redstraw" package="Redstraw">
          <metrics complexity="2" methods="1" coveredmethods="0" conditionals="0" coveredconditionals="0" statements="8" coveredstatements="7" elements="9" coveredelements="7"/>
        </class>
        <line num="23" type="method" name="whereExists" visibility="public" complexity="2" crap="2.01" count="3"/>
        <line num="25" type="stmt" count="3"/>
        <line num="26" type="stmt" count="3"/>
        <line num="27" type="stmt" count="3"/>
        <line num="28" type="stmt" count="3"/>
        <line num="29" type="stmt" count="3"/>
        <line num="30" type="stmt" count="3"/>
        <line num="33" type="stmt" count="3"/>
        <line num="35" type="stmt" count="0"/>
        <metrics loc="38" ncloc="29" classes="1" methods="1" coveredmethods="0" conditionals="0" coveredconditionals="0" statements="8" coveredstatements="7" elements="9" coveredelements="7"/>
      </file>
      <file name="/mnt/c/Users/firei/www/hooch/src/Query/Common/Filter/HasWhereIn.php">
        <class name="HasWhereIn" namespace="Redstraw\Hooch\Query\Common\Filter" fullPackage="Redstraw" package="Redstraw">
          <metrics complexity="2" methods="1" coveredmethods="0" conditionals="0" coveredconditionals="0" statements="8" coveredstatements="7" elements="9" coveredelements="7"/>
        </class>
        <line num="24" type="method" name="whereIn" visibility="public" complexity="2" crap="2.01" count="2"/>
        <line num="26" type="stmt" count="2"/>
        <line num="27" type="stmt" count="2"/>
        <line num="28" type="stmt" count="2"/>
        <line num="29" type="stmt" count="2"/>
        <line num="30" type="stmt" count="2"/>
        <line num="31" type="stmt" count="2"/>
        <line num="34" type="stmt" count="2"/>
        <line num="36" type="stmt" count="0"/>
        <metrics loc="39" ncloc="29" classes="1" methods="1" coveredmethods="0" conditionals="0" coveredconditionals="0" statements="8" coveredstatements="7" elements="9" coveredelements="7"/>
      </file>
      <file name="/mnt/c/Users/firei/www/hooch/src/Query/Common/Filter/HasWhereLike.php">
        <class name="HasWhereLike" namespace="Redstraw\Hooch\Query\Common\Filter" fullPackage="Redstraw" package="Redstraw">
          <metrics complexity="2" methods="1" coveredmethods="0" conditionals="0" coveredconditionals="0" statements="8" coveredstatements="7" elements="9" coveredelements="7"/>
        </class>
        <line num="24" type="method" name="whereLike" visibility="public" complexity="2" crap="2.01" count="3"/>
        <line num="26" type="stmt" count="3"/>
        <line num="27" type="stmt" count="3"/>
        <line num="28" type="stmt" count="3"/>
        <line num="29" type="stmt" count="3"/>
        <line num="30" type="stmt" count="3"/>
        <line num="31" type="stmt" count="3"/>
        <line num="34" type="stmt" count="3"/>
        <line num="36" type="stmt" count="0"/>
        <metrics loc="39" ncloc="29" classes="1" methods="1" coveredmethods="0" conditionals="0" coveredconditionals="0" statements="8" coveredstatements="7" elements="9" coveredelements="7"/>
      </file>
      <file name="/mnt/c/Users/firei/www/hooch/src/Query/Common/Filter/HasWhereNot.php">
        <class name="HasWhereNot" namespace="Redstraw\Hooch\Query\Common\Filter" fullPackage="Redstraw" package="Redstraw">
          <metrics complexity="3" methods="1" coveredmethods="0" conditionals="0" coveredconditionals="0" statements="8" coveredstatements="7" elements="9" coveredelements="7"/>
        </class>
        <line num="25" type="method" name="whereNot" visibility="public" complexity="3" crap="3.02" count="14"/>
        <line num="27" type="stmt" count="14"/>
        <line num="28" type="stmt" count="14"/>
        <line num="29" type="stmt" count="14"/>
        <line num="30" type="stmt" count="14"/>
        <line num="31" type="stmt" count="14"/>
        <line num="32" type="stmt" count="14"/>
        <line num="35" type="stmt" count="14"/>
        <line num="37" type="stmt" count="0"/>
        <metrics loc="40" ncloc="30" classes="1" methods="1" coveredmethods="0" conditionals="0" coveredconditionals="0" statements="8" coveredstatements="7" elements="9" coveredelements="7"/>
      </file>
      <file name="/mnt/c/Users/firei/www/hooch/src/Query/Common/Filter/HasWhereNotBetween.php">
        <class name="HasWhereNotBetween" namespace="Redstraw\Hooch\Query\Common\Filter" fullPackage="Redstraw" package="Redstraw">
          <metrics complexity="2" methods="1" coveredmethods="0" conditionals="0" coveredconditionals="0" statements="8" coveredstatements="7" elements="9" coveredelements="7"/>
        </class>
        <line num="25" type="method" name="whereNotBetween" visibility="public" complexity="2" crap="2.01" count="3"/>
        <line num="27" type="stmt" count="3"/>
        <line num="28" type="stmt" count="3"/>
        <line num="29" type="stmt" count="3"/>
        <line num="30" type="stmt" count="3"/>
        <line num="31" type="stmt" count="3"/>
        <line num="32" type="stmt" count="3"/>
        <line num="35" type="stmt" count="3"/>
        <line num="37" type="stmt" count="0"/>
        <metrics loc="40" ncloc="29" classes="1" methods="1" coveredmethods="0" conditionals="0" coveredconditionals="0" statements="8" coveredstatements="7" elements="9" coveredelements="7"/>
      </file>
      <file name="/mnt/c/Users/firei/www/hooch/src/Query/Common/Filter/HasWhereNotExists.php">
        <class name="HasWhereNotExists" namespace="Redstraw\Hooch\Query\Common\Filter" fullPackage="Redstraw" package="Redstraw">
          <metrics complexity="2" methods="1" coveredmethods="0" conditionals="0" coveredconditionals="0" statements="8" coveredstatements="7" elements="9" coveredelements="7"/>
        </class>
        <line num="23" type="method" name="whereNotExists" visibility="public" complexity="2" crap="2.01" count="3"/>
        <line num="25" type="stmt" count="3"/>
        <line num="26" type="stmt" count="3"/>
        <line num="27" type="stmt" count="3"/>
        <line num="28" type="stmt" count="3"/>
        <line num="29" type="stmt" count="3"/>
        <line num="30" type="stmt" count="3"/>
        <line num="33" type="stmt" count="3"/>
        <line num="35" type="stmt" count="0"/>
        <metrics loc="38" ncloc="29" classes="1" methods="1" coveredmethods="0" conditionals="0" coveredconditionals="0" statements="8" coveredstatements="7" elements="9" coveredelements="7"/>
      </file>
      <file name="/mnt/c/Users/firei/www/hooch/src/Query/Common/Filter/HasWhereNotIn.php">
        <class name="HasWhereNotIn" namespace="Redstraw\Hooch\Query\Common\Filter" fullPackage="Redstraw" package="Redstraw">
          <metrics complexity="2" methods="1" coveredmethods="0" conditionals="0" coveredconditionals="0" statements="8" coveredstatements="7" elements="9" coveredelements="7"/>
        </class>
        <line num="24" type="method" name="whereNotIn" visibility="public" complexity="2" crap="2.01" count="3"/>
        <line num="26" type="stmt" count="3"/>
        <line num="27" type="stmt" count="3"/>
        <line num="28" type="stmt" count="3"/>
        <line num="29" type="stmt" count="3"/>
        <line num="30" type="stmt" count="3"/>
        <line num="31" type="stmt" count="3"/>
        <line num="34" type="stmt" count="3"/>
        <line num="36" type="stmt" count="0"/>
        <metrics loc="39" ncloc="29" classes="1" methods="1" coveredmethods="0" conditionals="0" coveredconditionals="0" statements="8" coveredstatements="7" elements="9" coveredelements="7"/>
      </file>
      <file name="/mnt/c/Users/firei/www/hooch/src/Query/Common/Filter/HasWhereNotLike.php">
        <class name="HasWhereNotLike" namespace="Redstraw\Hooch\Query\Common\Filter" fullPackage="Redstraw" package="Redstraw">
          <metrics complexity="2" methods="1" coveredmethods="0" conditionals="0" coveredconditionals="0" statements="8" coveredstatements="7" elements="9" coveredelements="7"/>
        </class>
        <line num="24" type="method" name="whereNotLike" visibility="public" complexity="2" crap="2.01" count="3"/>
        <line num="26" type="stmt" count="3"/>
        <line num="27" type="stmt" count="3"/>
        <line num="28" type="stmt" count="3"/>
        <line num="29" type="stmt" count="3"/>
        <line num="30" type="stmt" count="3"/>
        <line num="31" type="stmt" count="3"/>
        <line num="34" type="stmt" count="3"/>
        <line num="36" type="stmt" count="0"/>
        <metrics loc="39" ncloc="29" classes="1" methods="1" coveredmethods="0" conditionals="0" coveredconditionals="0" statements="8" coveredstatements="7" elements="9" coveredelements="7"/>
      </file>
    </package>
    <package name="Redstraw\Hooch\Query\Common">
      <file name="/mnt/c/Users/firei/www/hooch/src/Query/Common/HasOperator.php">
        <class name="HasOperator" namespace="Redstraw\Hooch\Query\Common" fullPackage="Redstraw" package="Redstraw">
          <metrics complexity="1" methods="1" coveredmethods="1" conditionals="0" coveredconditionals="0" statements="1" coveredstatements="1" elements="2" coveredelements="2"/>
        </class>
        <line num="24" type="method" name="operator" visibility="public" complexity="1" crap="1" count="38"/>
        <line num="26" type="stmt" count="38"/>
        <metrics loc="28" ncloc="18" classes="1" methods="1" coveredmethods="1" conditionals="0" coveredconditionals="0" statements="1" coveredstatements="1" elements="2" coveredelements="2"/>
      </file>
      <file name="/mnt/c/Users/firei/www/hooch/src/Query/Common/HasQuery.php">
        <class name="HasQuery" namespace="Redstraw\Hooch\Query\Common" fullPackage="Redstraw" package="Redstraw">
          <metrics complexity="1" methods="1" coveredmethods="1" conditionals="0" coveredconditionals="0" statements="1" coveredstatements="1" elements="2" coveredelements="2"/>
        </class>
        <line num="24" type="method" name="query" visibility="public" complexity="1" crap="1" count="74"/>
        <line num="26" type="stmt" count="74"/>
        <metrics loc="28" ncloc="18" classes="1" methods="1" coveredmethods="1" conditionals="0" coveredconditionals="0" statements="1" coveredstatements="1" elements="2" coveredelements="2"/>
      </file>
    </package>
    <package name="Redstraw\Hooch\Query\Common\Insert">
      <file name="/mnt/c/Users/firei/www/hooch/src/Query/Common/Insert/HasInto.php">
        <class name="HasInto" namespace="Redstraw\Hooch\Query\Common\Insert" fullPackage="Redstraw" package="Redstraw">
          <metrics complexity="3" methods="2" coveredmethods="0" conditionals="0" coveredconditionals="0" statements="9" coveredstatements="0" elements="11" coveredelements="0"/>
        </class>
        <line num="25" type="method" name="into" visibility="public" complexity="2" crap="6.00" count="0"/>
        <line num="27" type="stmt" count="0"/>
        <line num="28" type="stmt" count="0"/>
        <line num="29" type="stmt" count="0"/>
        <line num="30" type="stmt" count="0"/>
        <line num="31" type="stmt" count="0"/>
        <line num="33" type="stmt" count="0"/>
        <line num="34" type="stmt" count="0"/>
        <line num="35" type="method" name="anonymousFunction:35#199" complexity="1" crap="2.00" count="0"/>
        <line num="36" type="stmt" count="0"/>
        <line num="37" type="stmt" count="0"/>
        <line num="40" type="stmt" count="0"/>
        <line num="41" type="stmt" count="0"/>
        <line num="43" type="stmt" count="0"/>
        <line num="45" type="stmt" count="0"/>
        <metrics loc="48" ncloc="38" classes="1" methods="2" coveredmethods="0" conditionals="0" coveredconditionals="0" statements="13" coveredstatements="0" elements="15" coveredelements="0"/>
      </file>
      <file name="/mnt/c/Users/firei/www/hooch/src/Query/Common/Insert/HasOnDuplicateKeyUpdate.php">
[...]
        <line num="41" type="stmt" count="0"/>
        <metrics loc="44" ncloc="34" classes="1" methods="1" coveredmethods="0" conditionals="0" coveredconditionals="0" statements="11" coveredstatements="10" elements="12" coveredelements="10"/>
      </file>
      <file name="/mnt/c/Users/firei/www/hooch/src/Query/Common/Select/HasUnion.php">
        <class name="HasUnion" namespace="Redstraw\Hooch\Query\Common\Select" fullPackage="Redstraw" package="Redstraw">
          <metrics complexity="2" methods="1" coveredmethods="0" conditionals="0" coveredconditionals="0" statements="8" coveredstatements="7" elements="9" coveredelements="7"/>
        </class>
        <line num="24" type="method" name="union" visibility="public" complexity="2" crap="2.01" count="2"/>
        <line num="26" type="stmt" count="2"/>
        <line num="27" type="stmt" count="2"/>
        <line num="28" type="stmt" count="2"/>
        <line num="29" type="stmt" count="2"/>
        <line num="30" type="stmt" count="2"/>
        <line num="32" type="stmt" count="2"/>
        <line num="34" type="stmt" count="2"/>
        <line num="36" type="stmt" count="0"/>
        <metrics loc="39" ncloc="29" classes="1" methods="1" coveredmethods="0" conditionals="0" coveredconditionals="0" statements="8" coveredstatements="7" elements="9" coveredelements="7"/>
      </file>
    </package>
    <package name="Redstraw\Hooch\Query\Common\Update">
      <file name="/mnt/c/Users/firei/www/hooch/src/Query/Common/Update/HasSet.php">
        <class name="HasSet" namespace="Redstraw\Hooch\Query\Common\Update" fullPackage="Redstraw" package="Redstraw">
          <metrics complexity="3" methods="2" coveredmethods="2" conditionals="0" coveredconditionals="0" statements="8" coveredstatements="8" elements="10" coveredelements="10"/>
        </class>
        <line num="23" type="method" name="set" visibility="public" complexity="2" crap="2" count="5"/>
        <line num="25" type="stmt" count="5"/>
        <line num="26" type="stmt" count="5"/>
        <line num="27" type="stmt" count="5"/>
        <line num="28" type="stmt" count="5"/>
        <line num="30" type="stmt" count="5"/>
        <line num="31" type="stmt" count="5"/>
        <line num="32" type="method" name="anonymousFunction:32#190" complexity="1" crap="1" count="5"/>
        <line num="33" type="stmt" count="5"/>
        <line num="34" type="stmt" count="5"/>
        <line num="35" type="stmt" count="5"/>
        <line num="37" type="stmt" count="5"/>
        <line num="39" type="stmt" count="5"/>
        <line num="41" type="stmt" count="0"/>
        <metrics loc="44" ncloc="35" classes="1" methods="2" coveredmethods="2" conditionals="0" coveredconditionals="0" statements="12" coveredstatements="11" elements="14" coveredelements="13"/>
      </file>
      <file name="/mnt/c/Users/firei/www/hooch/src/Query/Common/Update/HasTable.php">
        <class name="HasTable" namespace="Redstraw\Hooch\Query\Common\Update" fullPackage="Redstraw" package="Redstraw">
          <metrics complexity="2" methods="1" coveredmethods="0" conditionals="0" coveredconditionals="0" statements="10" coveredstatements="9" elements="11" coveredelements="9"/>
        </class>
        <line num="29" type="method" name="table" visibility="public" complexity="2" crap="2.00" count="5"/>
        <line num="31" type="stmt" count="5"/>
        <line num="32" type="stmt" count="5"/>
        <line num="33" type="stmt" count="5"/>
        <line num="34" type="stmt" count="5"/>
        <line num="35" type="stmt" count="5"/>
        <line num="37" type="stmt" count="5"/>
        <line num="39" type="stmt" count="5"/>
        <line num="40" type="stmt" count="5"/>
        <line num="42" type="stmt" count="5"/>
        <line num="44" type="stmt" count="0"/>
        <metrics loc="47" ncloc="35" classes="1" methods="1" coveredmethods="0" conditionals="0" coveredconditionals="0" statements="10" coveredstatements="9" elements="11" coveredelements="9"/>
      </file>
    </package>
    <file name="/mnt/c/Users/firei/www/hooch/src/Query/Driver/DriverInterface.php">
      <metrics loc="92" ncloc="46" classes="0" methods="0" coveredmethods="0" conditionals="0" coveredconditionals="0" statements="0" coveredstatements="0" elements="0" coveredelements="0"/>
    </file>
    <package name="Redstraw\Hooch\Query\Exception">
      <file name="/mnt/c/Users/firei/www/hooch/src/Query/Exception/InterfaceException.php">
        <class name="Redstraw\Hooch\Query\Exception\InterfaceException" namespace="Redstraw\Hooch\Query\Exception" fullPackage="Redstraw" package="Redstraw">
          <metrics complexity="0" methods="0" coveredmethods="0" conditionals="0" coveredconditionals="0" statements="0" coveredstatements="0" elements="0" coveredelements="0"/>
        </class>
        <metrics loc="10" ncloc="6" classes="0" methods="0" coveredmethods="0" conditionals="0" coveredconditionals="0" statements="0" coveredstatements="0" elements="0" coveredelements="0"/>
      </file>
    </package>
    <package name="Redstraw\Hooch\Query\Field">
      <file name="/mnt/c/Users/firei/www/hooch/src/Query/Field/Avg.php">
        <class name="Redstraw\Hooch\Query\Field\Avg" namespace="Redstraw\Hooch\Query\Field" fullPackage="Redstraw" package="Redstraw">
          <metrics complexity="4" methods="3" coveredmethods="0" conditionals="0" coveredconditionals="0" statements="7" coveredstatements="0" elements="10" coveredelements="0"/>
        </class>
        <line num="31" type="method" name="__construct" visibility="public" complexity="1" crap="2.00" count="0"/>
        <line num="33" type="stmt" count="0"/>
        <line num="34" type="stmt" count="0"/>
        <line num="39" type="method" name="setAccent" visibility="public" complexity="1" crap="2.00" count="0"/>
        <line num="41" type="stmt" count="0"/>
        <line num="42" type="stmt" count="0"/>
        <line num="47" type="method" name="sql" visibility="public" complexity="2" crap="6.00" count="0"/>
        <line num="49" type="stmt" count="0"/>
        <line num="50" type="stmt" count="0"/>
        <line num="53" type="stmt" count="0"/>
        <metrics loc="55" ncloc="35" classes="1" methods="3" coveredmethods="0" conditionals="0" coveredconditionals="0" statements="7" coveredstatements="0" elements="10" coveredelements="0"/>
      </file>
      <file name="/mnt/c/Users/firei/www/hooch/src/Query/Field/Column.php">
        <class name="Redstraw\Hooch\Query\Field\Column" namespace="Redstraw\Hooch\Query\Field" fullPackage="Redstraw" package="Redstraw">
          <metrics complexity="4" methods="3" coveredmethods="2" conditionals="0" coveredconditionals="0" statements="7" coveredstatements="6" elements="10" coveredelements="8"/>
        </class>
        <line num="31" type="method" name="__construct" visibility="public" complexity="1" crap="1" count="57"/>
        <line num="33" type="stmt" count="57"/>
        <line num="34" type="stmt" count="57"/>
        <line num="39" type="method" name="setAccent" visibility="public" complexity="1" crap="1" count="57"/>
        <line num="41" type="stmt" count="57"/>
        <line num="42" type="stmt" count="57"/>
        <line num="47" type="method" name="sql" visibility="public" complexity="2" crap="2.15" count="57"/>
        <line num="49" type="stmt" count="57"/>
        <line num="50" type="stmt" count="57"/>
        <line num="53" type="stmt" count="0"/>
        <metrics loc="55" ncloc="35" classes="1" methods="3" coveredmethods="2" conditionals="0" coveredconditionals="0" statements="7" coveredstatements="6" elements="10" coveredelements="8"/>
      </file>
      <file name="/mnt/c/Users/firei/www/hooch/src/Query/Field/Count.php">
        <class name="Redstraw\Hooch\Query\Field\Count" namespace="Redstraw\Hooch\Query\Field" fullPackage="Redstraw" package="Redstraw">
          <metrics complexity="4" methods="3" coveredmethods="0" conditionals="0" coveredconditionals="0" statements="7" coveredstatements="0" elements="10" coveredelements="0"/>
        </class>
        <line num="31" type="method" name="__construct" visibility="public" complexity="1" crap="2.00" count="0"/>
        <line num="33" type="stmt" count="0"/>
        <line num="34" type="stmt" count="0"/>
        <line num="39" type="method" name="setAccent" visibility="public" complexity="1" crap="2.00" count="0"/>
        <line num="41" type="stmt" count="0"/>
        <line num="42" type="stmt" count="0"/>
        <line num="47" type="method" name="sql" visibility="public" complexity="2" crap="6.00" count="0"/>
        <line num="49" type="stmt" count="0"/>
        <line num="50" type="stmt" count="0"/>
        <line num="53" type="stmt" count="0"/>
        <metrics loc="55" ncloc="35" classes="1" methods="3" coveredmethods="0" conditionals="0" coveredconditionals="0" statements="7" coveredstatements="0" elements="10" coveredelements="0"/>
      </file>
      <file name="/mnt/c/Users/firei/www/hooch/src/Query/Field/Max.php">
        <class name="Redstraw\Hooch\Query\Field\Max" namespace="Redstraw\Hooch\Query\Field" fullPackage="Redstraw" package="Redstraw">
          <metrics complexity="4" methods="3" coveredmethods="0" conditionals="0" coveredconditionals="0" statements="7" coveredstatements="0" elements="10" coveredelements="0"/>
        </class>
        <line num="31" type="method" name="__construct" visibility="public" complexity="1" crap="2.00" count="0"/>
        <line num="33" type="stmt" count="0"/>
        <line num="34" type="stmt" count="0"/>
        <line num="39" type="method" name="setAccent" visibility="public" complexity="1" crap="2.00" count="0"/>
        <line num="41" type="stmt" count="0"/>
        <line num="42" type="stmt" count="0"/>
        <line num="47" type="method" name="sql" visibility="public" complexity="2" crap="6.00" count="0"/>
        <line num="49" type="stmt" count="0"/>
        <line num="50" type="stmt" count="0"/>
        <line num="53" type="stmt" count="0"/>
        <metrics loc="55" ncloc="35" classes="1" methods="3" coveredmethods="0" conditionals="0" coveredconditionals="0" statements="7" coveredstatements="0" elements="10" coveredelements="0"/>
      </file>
    </package>
    <file name="/mnt/c/Users/firei/www/hooch/src/Query/Field/FieldInterface.php">
      <metrics loc="24" ncloc="14" classes="0" methods="0" coveredmethods="0" conditionals="0" coveredconditionals="0" statements="0" coveredstatements="0" elements="0" coveredelements="0"/>
    </file>
    <package name="Redstraw\Hooch\Query\Sql">
      <file name="/mnt/c/Users/firei/www/hooch/src/Query/Field/Min.php">
        <class name="Redstraw\Hooch\Query\Sql\Min" namespace="Redstraw\Hooch\Query\Sql" fullPackage="Redstraw" package="Redstraw">
          <metrics complexity="4" methods="3" coveredmethods="0" conditionals="0" coveredconditionals="0" statements="7" coveredstatements="0" elements="10" coveredelements="0"/>
        </class>
        <line num="32" type="method" name="__construct" visibility="public" complexity="1" crap="2.00" count="0"/>
        <line num="34" type="stmt" count="0"/>
        <line num="35" type="stmt" count="0"/>
        <line num="40" type="method" name="setAccent" visibility="public" complexity="1" crap="2.00" count="0"/>
        <line num="42" type="stmt" count="0"/>
        <line num="43" type="stmt" count="0"/>
        <line num="48" type="method" name="sql" visibility="public" complexity="2" crap="6.00" count="0"/>
        <line num="50" type="stmt" count="0"/>
        <line num="51" type="stmt" count="0"/>
        <line num="54" type="stmt" count="0"/>
        <metrics loc="56" ncloc="36" classes="1" methods="3" coveredmethods="0" conditionals="0" coveredconditionals="0" statements="7" coveredstatements="0" elements="10" coveredelements="0"/>
      </file>
      <file name="/mnt/c/Users/firei/www/hooch/src/Query/Field/Sum.php">
        <class name="Redstraw\Hooch\Query\Sql\Sum" namespace="Redstraw\Hooch\Query\Sql" fullPackage="Redstraw" package="Redstraw">
          <metrics complexity="4" methods="3" coveredmethods="0" conditionals="0" coveredconditionals="0" statements="7" coveredstatements="0" elements="10" coveredelements="0"/>
        </class>
        <line num="32" type="method" name="__construct" visibility="public" complexity="1" crap="2.00" count="0"/>
        <line num="34" type="stmt" count="0"/>
        <line num="35" type="stmt" count="0"/>
        <line num="40" type="method" name="setAccent" visibility="public" complexity="1" crap="2.00" count="0"/>
        <line num="42" type="stmt" count="0"/>
        <line num="43" type="stmt" count="0"/>
        <line num="48" type="method" name="sql" visibility="public" complexity="2" crap="6.00" count="0"/>
        <line num="50" type="stmt" count="0"/>
        <line num="51" type="stmt" count="0"/>
        <line num="54" type="stmt" count="0"/>
        <metrics loc="56" ncloc="36" classes="1" methods="3" coveredmethods="0" conditionals="0" coveredconditionals="0" statements="7" coveredstatements="0" elements="10" coveredelements="0"/>
      </file>
    </package>
    <file name="/mnt/c/Users/firei/www/hooch/src/Query/Operator/FieldOperatorInterface.php">
      <metrics loc="70" ncloc="27" classes="0" methods="0" coveredmethods="0" conditionals="0" coveredconditionals="0" statements="0" coveredstatements="0" elements="0" coveredelements="0"/>
    </file>
    <file name="/mnt/c/Users/firei/www/hooch/src/Query/Operator/OperatorInterface.php">
      <metrics loc="39" ncloc="20" classes="0" methods="0" coveredmethods="0" conditionals="0" coveredconditionals="0" statements="0" coveredstatements="0" elements="0" coveredelements="0"/>
    </file>
    <file name="/mnt/c/Users/firei/www/hooch/src/Query/Operator/ParamOperatorInterface.php">
      <metrics loc="66" ncloc="25" classes="0" methods="0" coveredmethods="0" conditionals="0" coveredconditionals="0" statements="0" coveredstatements="0" elements="0" coveredelements="0"/>
    </file>
    <file name="/mnt/c/Users/firei/www/hooch/src/Query/Operator/SubQueryOperatorInterface.php">
      <metrics loc="83" ncloc="29" classes="0" methods="0" coveredmethods="0" conditionals="0" coveredconditionals="0" statements="0" coveredstatements="0" elements="0" coveredelements="0"/>
    </file>
    <file name="/mnt/c/Users/firei/www/hooch/src/Query/QueryBuilderInterface.php">
      <metrics loc="26" ncloc="12" classes="0" methods="0" coveredmethods="0" conditionals="0" coveredconditionals="0" statements="0" coveredstatements="0" elements="0" coveredelements="0"/>
    </file>
    <package name="Redstraw\Hooch\Query\Repository\Table">
      <file name="/mnt/c/Users/firei/www/hooch/src/Query/Repository/AbstractRepository.php">
        <class name="Redstraw\Hooch\Query\Repository\Table\AbstractRepository" namespace="Redstraw\Hooch\Query\Repository\Table" fullPackage="Redstraw" package="Redstraw">
          <metrics complexity="7" methods="7" coveredmethods="0" conditionals="0" coveredconditionals="0" statements="9" coveredstatements="0" elements="16" coveredelements="0"/>
        </class>
        <line num="56" type="method" name="__construct" visibility="public" complexity="1" crap="2.00" count="0"/>
        <line num="58" type="stmt" count="0"/>
        <line num="59" type="stmt" count="0"/>
        <line num="64" type="method" name="getName" visibility="public" complexity="1" crap="2.00" count="0"/>
        <line num="66" type="stmt" count="0"/>
        <line num="72" type="method" name="getAlias" visibility="public" complexity="1" crap="2.00" count="0"/>
        <line num="74" type="stmt" count="0"/>
        <line num="81" type="method" name="setAlias" visibility="public" complexity="1" crap="2.00" count="0"/>
        <line num="83" type="stmt" count="0"/>
        <line num="85" type="stmt" count="0"/>
        <line num="92" type="method" name="select" visibility="public" complexity="1" crap="2.00" count="0"/>
        <line num="94" type="stmt" count="0"/>
        <line num="100" type="method" name="filter" visibility="public" complexity="1" crap="2.00" count="0"/>
        <line num="102" type="stmt" count="0"/>
        <line num="108" type="method" name="onFilter" visibility="public" complexity="1" crap="2.00" count="0"/>
        <line num="110" type="stmt" count="0"/>
        <metrics loc="112" ncloc="66" classes="1" methods="7" coveredmethods="0" conditionals="0" coveredconditionals="0" statements="9" coveredstatements="0" elements="16" coveredelements="0"/>
      </file>
      <file name="/mnt/c/Users/firei/www/hooch/src/Query/Repository/Table.php">
        <class name="Redstraw\Hooch\Query\Repository\Table\Table" namespace="Redstraw\Hooch\Query\Repository\Table" fullPackage="Redstraw" package="Redstraw">
          <metrics complexity="3" methods="3" coveredmethods="0" conditionals="0" coveredconditionals="0" statements="5" coveredstatements="0" elements="8" coveredelements="0"/>
        </class>
        <line num="20" type="method" name="__construct" visibility="public" complexity="1" crap="2.00" count="0"/>
        <line num="22" type="stmt" count="0"/>
        <line num="23" type="stmt" count="0"/>
        <line num="29" type="method" name="make" visibility="public" complexity="1" crap="2.00" count="0"/>
        <line num="31" type="stmt" count="0"/>
        <line num="38" type="method" name="setName" visibility="public" complexity="1" crap="2.00" count="0"/>
        <line num="40" type="stmt" count="0"/>
        <line num="42" type="stmt" count="0"/>
        <metrics loc="43" ncloc="27" classes="1" methods="3" coveredmethods="0" conditionals="0" coveredconditionals="0" statements="5" coveredstatements="0" elements="8" coveredelements="0"/>
      </file>
    </package>
    <file name="/mnt/c/Users/firei/www/hooch/src/Query/Repository/RepositoryInterface.php">
      <metrics loc="45" ncloc="25" classes="0" methods="0" coveredmethods="0" conditionals="0" coveredconditionals="0" statements="0" coveredstatements="0" elements="0" coveredelements="0"/>
    </file>
    <file name="/mnt/c/Users/firei/www/hooch/src/Query/Statement/FilterInterface.php">
      <metrics loc="163" ncloc="55" classes="0" methods="0" coveredmethods="0" conditionals="0" coveredconditionals="0" statements="0" coveredstatements="0" elements="0" coveredelements="0"/>
    </file>
    <file name="/mnt/c/Users/firei/www/hooch/src/Query/Statement/InsertInterface.php">
      <metrics loc="34" ncloc="17" classes="0" methods="0" coveredmethods="0" conditionals="0" coveredconditionals="0" statements="0" coveredstatements="0" elements="0" coveredelements="0"/>
    </file>
    <file name="/mnt/c/Users/firei/www/hooch/src/Query/Statement/JoinInterface.php">
      <metrics loc="61" ncloc="26" classes="0" methods="0" coveredmethods="0" conditionals="0" coveredconditionals="0" statements="0" coveredstatements="0" elements="0" coveredelements="0"/>
    </file>
    <file name="/mnt/c/Users/firei/www/hooch/src/Query/Statement/OnFilterInterface.php">
      <metrics loc="29" ncloc="15" classes="0" methods="0" coveredmethods="0" conditionals="0" coveredconditionals="0" statements="0" coveredstatements="0" elements="0" coveredelements="0"/>
    </file>
    <file name="/mnt/c/Users/firei/www/hooch/src/Query/Statement/SelectInterface.php">
      <metrics loc="82" ncloc="35" classes="0" methods="0" coveredmethods="0" conditionals="0" coveredconditionals="0" statements="0" coveredstatements="0" elements="0" coveredelements="0"/>
    </file>
    <file name="/mnt/c/Users/firei/www/hooch/src/Query/Statement/UpdateInterface.php">
      <metrics loc="53" ncloc="23" classes="0" methods="0" coveredmethods="0" conditionals="0" coveredconditionals="0" statements="0" coveredstatements="0" elements="0" coveredelements="0"/>
    </file>
    <metrics files="89" loc="5668" ncloc="3808" classes="73" methods="206" coveredmethods="99" conditionals="0" coveredconditionals="0" statements="912" coveredstatements="710" elements="1118" coveredelements="809"/>
  </project>
</coverage>
