<?xml version="1.0" encoding="UTF-8"?>
<testsuites>
  <testsuite name="" tests="91" assertions="164" errors="3" failures="0" skipped="0" time="0.260959">
    <testsuite name="test\Builder\Sql\MySql\ConfigTest" file="/mnt/c/Users/firei/www/query-mule/tests/Builder/Connection/ConfigTest.php" tests="1" assertions="1" errors="0" failures="0" skipped="0" time="0.002414">
      <testcase name="testInvalidConfig" class="test\Builder\Sql\MySql\ConfigTest" classname="test.Builder.Sql.MySql.ConfigTest" file="/mnt/c/Users/firei/www/query-mule/tests/Builder/Connection/ConfigTest.php" line="34" assertions="1" time="0.002414"/>
    </testsuite>
    <testsuite name="test\Builder\Sql\MySql\MysqliDriverTest" file="/mnt/c/Users/firei/www/query-mule/tests/Builder/Connection/Driver/MysqliDriverTest.php" tests="9" assertions="26" errors="0" failures="0" skipped="0" time="0.063218">
      <testcase name="testBindParameters" class="test\Builder\Sql\MySql\MysqliDriverTest" classname="test.Builder.Sql.MySql.MysqliDriverTest" file="/mnt/c/Users/firei/www/query-mule/tests/Builder/Connection/Driver/MysqliDriverTest.php" line="21" assertions="3" time="0.023777"/>
      <testcase name="testExecutionErrorLogged" class="test\Builder\Sql\MySql\MysqliDriverTest" classname="test.Builder.Sql.MySql.MysqliDriverTest" file="/mnt/c/Users/firei/www/query-mule/tests/Builder/Connection/Driver/MysqliDriverTest.php" line="53" assertions="4" time="0.005446"/>
      <testcase name="testFetch" class="test\Builder\Sql\MySql\MysqliDriverTest" classname="test.Builder.Sql.MySql.MysqliDriverTest" file="/mnt/c/Users/firei/www/query-mule/tests/Builder/Connection/Driver/MysqliDriverTest.php" line="79" assertions="4" time="0.007834"/>
      <testcase name="testFetchAll" class="test\Builder\Sql\MySql\MysqliDriverTest" classname="test.Builder.Sql.MySql.MysqliDriverTest" file="/mnt/c/Users/firei/www/query-mule/tests/Builder/Connection/Driver/MysqliDriverTest.php" line="115" assertions="4" time="0.006480"/>
      <testcase name="testCacheSet" class="test\Builder\Sql\MySql\MysqliDriverTest" classname="test.Builder.Sql.MySql.MysqliDriverTest" file="/mnt/c/Users/firei/www/query-mule/tests/Builder/Connection/Driver/MysqliDriverTest.php" line="151" assertions="4" time="0.011237"/>
      <testcase name="testCacheGet" class="test\Builder\Sql\MySql\MysqliDriverTest" classname="test.Builder.Sql.MySql.MysqliDriverTest" file="/mnt/c/Users/firei/www/query-mule/tests/Builder/Connection/Driver/MysqliDriverTest.php" line="188" assertions="2" time="0.003572"/>
      <testcase name="testFilter" class="test\Builder\Sql\MySql\MysqliDriverTest" classname="test.Builder.Sql.MySql.MysqliDriverTest" file="/mnt/c/Users/firei/www/query-mule/tests/Builder/Connection/Driver/MysqliDriverTest.php" line="204" assertions="1" time="0.001375"/>
      <testcase name="testSelect" class="test\Builder\Sql\MySql\MysqliDriverTest" classname="test.Builder.Sql.MySql.MysqliDriverTest" file="/mnt/c/Users/firei/www/query-mule/tests/Builder/Connection/Driver/MysqliDriverTest.php" line="215" assertions="2" time="0.001923"/>
      <testcase name="testStatement" class="test\Builder\Sql\MySql\MysqliDriverTest" classname="test.Builder.Sql.MySql.MysqliDriverTest" file="/mnt/c/Users/firei/www/query-mule/tests/Builder/Connection/Driver/MysqliDriverTest.php" line="233" assertions="2" time="0.001574"/>
    </testsuite>
    <testsuite name="test\Builder\Sql\MySql\PdoDriverTest" file="/mnt/c/Users/firei/www/query-mule/tests/Builder/Connection/Driver/PdoDriverTest.php" tests="16" assertions="45" errors="0" failures="0" skipped="0" time="0.051504">
      <testcase name="testExecutionErrorLogged" class="test\Builder\Sql\MySql\PdoDriverTest" classname="test.Builder.Sql.MySql.PdoDriverTest" file="/mnt/c/Users/firei/www/query-mule/tests/Builder/Connection/Driver/PdoDriverTest.php" line="22" assertions="4" time="0.009328"/>
      <testcase name="testFetch" class="test\Builder\Sql\MySql\PdoDriverTest" classname="test.Builder.Sql.MySql.PdoDriverTest" file="/mnt/c/Users/firei/www/query-mule/tests/Builder/Connection/Driver/PdoDriverTest.php" line="46" assertions="4" time="0.005561"/>
      <testcase name="testFetchAll" class="test\Builder\Sql\MySql\PdoDriverTest" classname="test.Builder.Sql.MySql.PdoDriverTest" file="/mnt/c/Users/firei/www/query-mule/tests/Builder/Connection/Driver/PdoDriverTest.php" line="71" assertions="4" time="0.005573"/>
      <testcase name="testCacheSet" class="test\Builder\Sql\MySql\PdoDriverTest" classname="test.Builder.Sql.MySql.PdoDriverTest" file="/mnt/c/Users/firei/www/query-mule/tests/Builder/Connection/Driver/PdoDriverTest.php" line="96" assertions="4" time="0.005301"/>
      <testcase name="testCacheGet" class="test\Builder\Sql\MySql\PdoDriverTest" classname="test.Builder.Sql.MySql.PdoDriverTest" file="/mnt/c/Users/firei/www/query-mule/tests/Builder/Connection/Driver/PdoDriverTest.php" line="122" assertions="2" time="0.003533"/>
      <testcase name="testFilterSqlite" class="test\Builder\Sql\MySql\PdoDriverTest" classname="test.Builder.Sql.MySql.PdoDriverTest" file="/mnt/c/Users/firei/www/query-mule/tests/Builder/Connection/Driver/PdoDriverTest.php" line="138" assertions="2" time="0.002043"/>
      <testcase name="testFilterMysql" class="test\Builder\Sql\MySql\PdoDriverTest" classname="test.Builder.Sql.MySql.PdoDriverTest" file="/mnt/c/Users/firei/www/query-mule/tests/Builder/Connection/Driver/PdoDriverTest.php" line="150" assertions="2" time="0.001842"/>
      <testcase name="testFilterPostgres" class="test\Builder\Sql\MySql\PdoDriverTest" classname="test.Builder.Sql.MySql.PdoDriverTest" file="/mnt/c/Users/firei/www/query-mule/tests/Builder/Connection/Driver/PdoDriverTest.php" line="162" assertions="2" time="0.001831"/>
      <testcase name="testFilterError" class="test\Builder\Sql\MySql\PdoDriverTest" classname="test.Builder.Sql.MySql.PdoDriverTest" file="/mnt/c/Users/firei/www/query-mule/tests/Builder/Connection/Driver/PdoDriverTest.php" line="174" assertions="2" time="0.001872"/>
      <testcase name="testSelectSqlite" class="test\Builder\Sql\MySql\PdoDriverTest" classname="test.Builder.Sql.MySql.PdoDriverTest" file="/mnt/c/Users/firei/www/query-mule/tests/Builder/Connection/Driver/PdoDriverTest.php" line="187" assertions="3" time="0.002371"/>
      <testcase name="testSelectMysql" class="test\Builder\Sql\MySql\PdoDriverTest" classname="test.Builder.Sql.MySql.PdoDriverTest" file="/mnt/c/Users/firei/www/query-mule/tests/Builder/Connection/Driver/PdoDriverTest.php" line="206" assertions="3" time="0.002377"/>
      <testcase name="testSelectPostgres" class="test\Builder\Sql\MySql\PdoDriverTest" classname="test.Builder.Sql.MySql.PdoDriverTest" file="/mnt/c/Users/firei/www/query-mule/tests/Builder/Connection/Driver/PdoDriverTest.php" line="225" assertions="3" time="0.002326"/>
      <testcase name="testSelectError" class="test\Builder\Sql\MySql\PdoDriverTest" classname="test.Builder.Sql.MySql.PdoDriverTest" file="/mnt/c/Users/firei/www/query-mule/tests/Builder/Connection/Driver/PdoDriverTest.php" line="244" assertions="1" time="0.001603"/>
      <testcase name="testStatementSqlite" class="test\Builder\Sql\MySql\PdoDriverTest" classname="test.Builder.Sql.MySql.PdoDriverTest" file="/mnt/c/Users/firei/www/query-mule/tests/Builder/Connection/Driver/PdoDriverTest.php" line="256" assertions="3" time="0.001969"/>
      <testcase name="testStatementMysql" class="test\Builder\Sql\MySql\PdoDriverTest" classname="test.Builder.Sql.MySql.PdoDriverTest" file="/mnt/c/Users/firei/www/query-mule/tests/Builder/Connection/Driver/PdoDriverTest.php" line="271" assertions="3" time="0.002016"/>
      <testcase name="testStatementPostgres" class="test\Builder\Sql\MySql\PdoDriverTest" classname="test.Builder.Sql.MySql.PdoDriverTest" file="/mnt/c/Users/firei/www/query-mule/tests/Builder/Connection/Driver/PdoDriverTest.php" line="286" assertions="3" time="0.001958"/>
    </testsuite>
    <testsuite name="test\Builder\Sql\MySql\FilterTest" file="/mnt/c/Users/firei/www/query-mule/tests/Builder/Sql/Mysql/FilterTest.php" tests="8" assertions="14" errors="1" failures="0" skipped="0" time="0.007451">
      <testcase name="testSelectWhere" class="test\Builder\Sql\MySql\FilterTest" classname="test.Builder.Sql.MySql.FilterTest" file="/mnt/c/Users/firei/www/query-mule/tests/Builder/Sql/Mysql/FilterTest.php" line="31" assertions="2" time="0.000874"/>
      <testcase name="testSelectWhereWithAlias" class="test\Builder\Sql\MySql\FilterTest" classname="test.Builder.Sql.MySql.FilterTest" file="/mnt/c/Users/firei/www/query-mule/tests/Builder/Sql/Mysql/FilterTest.php" line="38" assertions="2" time="0.000849"/>
      <testcase name="testSelectWhereAndNestedWhere" class="test\Builder\Sql\MySql\FilterTest" classname="test.Builder.Sql.MySql.FilterTest" file="/mnt/c/Users/firei/www/query-mule/tests/Builder/Sql/Mysql/FilterTest.php" line="45" assertions="2" time="0.001313"/>
      <testcase name="testSelectWhereAndWhere" class="test\Builder\Sql\MySql\FilterTest" classname="test.Builder.Sql.MySql.FilterTest" file="/mnt/c/Users/firei/www/query-mule/tests/Builder/Sql/Mysql/FilterTest.php" line="59" assertions="2" time="0.000950"/>
      <testcase name="testSelectWhereOrWhere" class="test\Builder\Sql\MySql\FilterTest" classname="test.Builder.Sql.MySql.FilterTest" file="/mnt/c/Users/firei/www/query-mule/tests/Builder/Sql/Mysql/FilterTest.php" line="66" assertions="2" time="0.000958"/>
      <testcase name="testSelectWhereIn" class="test\Builder\Sql\MySql\FilterTest" classname="test.Builder.Sql.MySql.FilterTest" file="/mnt/c/Users/firei/www/query-mule/tests/Builder/Sql/Mysql/FilterTest.php" line="73" assertions="2" time="0.000914"/>
      <testcase name="testSelectWhereInOrIn" class="test\Builder\Sql\MySql\FilterTest" classname="test.Builder.Sql.MySql.FilterTest" file="/mnt/c/Users/firei/www/query-mule/tests/Builder/Sql/Mysql/FilterTest.php" line="80" assertions="2" time="0.001074"/>
      <testcase name="testSelectWhereNot" class="test\Builder\Sql\MySql\FilterTest" classname="test.Builder.Sql.MySql.FilterTest" file="/mnt/c/Users/firei/www/query-mule/tests/Builder/Sql/Mysql/FilterTest.php" line="87" assertions="0" time="0.000519">
        <error type="PHPUnit\Framework\RiskyTestError">Risky Test
/mnt/c/Users/firei/www/query-mule/vendor/phpunit/phpunit/phpunit:53
</error>
      </testcase>
    </testsuite>
    <testsuite name="test\Builder\Sql\Mysql\SelectTest" file="/mnt/c/Users/firei/www/query-mule/tests/Builder/Sql/Mysql/SelectTest.php" tests="21" assertions="29" errors="2" failures="0" skipped="0" time="0.064568">
      <testcase name="testSelect" class="test\Builder\Sql\Mysql\SelectTest" classname="test.Builder.Sql.Mysql.SelectTest" file="/mnt/c/Users/firei/www/query-mule/tests/Builder/Sql/Mysql/SelectTest.php" line="34" assertions="1" time="0.000878"/>
      <testcase name="testIgnoreAlias" class="test\Builder\Sql\Mysql\SelectTest" classname="test.Builder.Sql.Mysql.SelectTest" file="/mnt/c/Users/firei/www/query-mule/tests/Builder/Sql/Mysql/SelectTest.php" line="41" assertions="1" time="0.001071"/>
      <testcase name="testSelectCols" class="test\Builder\Sql\Mysql\SelectTest" classname="test.Builder.Sql.Mysql.SelectTest" file="/mnt/c/Users/firei/www/query-mule/tests/Builder/Sql/Mysql/SelectTest.php" line="49" assertions="1" time="0.001038"/>
      <testcase name="testSelectColsWithAlias" class="test\Builder\Sql\Mysql\SelectTest" classname="test.Builder.Sql.Mysql.SelectTest" file="/mnt/c/Users/firei/www/query-mule/tests/Builder/Sql/Mysql/SelectTest.php" line="58" assertions="1" time="0.001059"/>
      <testcase name="testSelectAllCols" class="test\Builder\Sql\Mysql\SelectTest" classname="test.Builder.Sql.Mysql.SelectTest" file="/mnt/c/Users/firei/www/query-mule/tests/Builder/Sql/Mysql/SelectTest.php" line="67" assertions="1" time="0.000902"/>
      <testcase name="testSelectColsAs" class="test\Builder\Sql\Mysql\SelectTest" classname="test.Builder.Sql.Mysql.SelectTest" file="/mnt/c/Users/firei/www/query-mule/tests/Builder/Sql/Mysql/SelectTest.php" line="76" assertions="1" time="0.000994"/>
      <testcase name="testSelectColsFrom" class="test\Builder\Sql\Mysql\SelectTest" classname="test.Builder.Sql.Mysql.SelectTest" file="/mnt/c/Users/firei/www/query-mule/tests/Builder/Sql/Mysql/SelectTest.php" line="85" assertions="1" time="0.006597"/>
      <testcase name="testSelectColsFromWithAlias" class="test\Builder\Sql\Mysql\SelectTest" classname="test.Builder.Sql.Mysql.SelectTest" file="/mnt/c/Users/firei/www/query-mule/tests/Builder/Sql/Mysql/SelectTest.php" line="98" assertions="1" time="0.002667"/>
      <testcase name="testSelectWhere" class="test\Builder\Sql\Mysql\SelectTest" classname="test.Builder.Sql.Mysql.SelectTest" file="/mnt/c/Users/firei/www/query-mule/tests/Builder/Sql/Mysql/SelectTest.php" line="111" assertions="3" time="0.007804"/>
      <testcase name="testSelectWhereOrWhere" class="test\Builder\Sql\Mysql\SelectTest" classname="test.Builder.Sql.Mysql.SelectTest" file="/mnt/c/Users/firei/www/query-mule/tests/Builder/Sql/Mysql/SelectTest.php" line="136" assertions="3" time="0.006023"/>
      <testcase name="testSelectWhereAndWhere" class="test\Builder\Sql\Mysql\SelectTest" classname="test.Builder.Sql.Mysql.SelectTest" file="/mnt/c/Users/firei/www/query-mule/tests/Builder/Sql/Mysql/SelectTest.php" line="162" assertions="3" time="0.005210"/>
      <testcase name="testSelectColsFromGroupBy" class="test\Builder\Sql\Mysql\SelectTest" classname="test.Builder.Sql.Mysql.SelectTest" file="/mnt/c/Users/firei/www/query-mule/tests/Builder/Sql/Mysql/SelectTest.php" line="187" assertions="1" time="0.002681"/>
      <testcase name="testSelectColsFromGroupByWithAlias" class="test\Builder\Sql\Mysql\SelectTest" classname="test.Builder.Sql.Mysql.SelectTest" file="/mnt/c/Users/firei/www/query-mule/tests/Builder/Sql/Mysql/SelectTest.php" line="201" assertions="1" time="0.002856"/>
      <testcase name="testSelectColsFromOrderBy" class="test\Builder\Sql\Mysql\SelectTest" classname="test.Builder.Sql.Mysql.SelectTest" file="/mnt/c/Users/firei/www/query-mule/tests/Builder/Sql/Mysql/SelectTest.php" line="215" assertions="1" time="0.002674"/>
      <testcase name="testSelectColsFromOrderByWithAlias" class="test\Builder\Sql\Mysql\SelectTest" classname="test.Builder.Sql.Mysql.SelectTest" file="/mnt/c/Users/firei/www/query-mule/tests/Builder/Sql/Mysql/SelectTest.php" line="229" assertions="1" time="0.002798"/>
      <testcase name="testSelectColsFromGroupByHaving" class="test\Builder\Sql\Mysql\SelectTest" classname="test.Builder.Sql.Mysql.SelectTest" file="/mnt/c/Users/firei/www/query-mule/tests/Builder/Sql/Mysql/SelectTest.php" line="243" assertions="0" time="0.000670">
        <error type="PHPUnit\Framework\RiskyTestError">Risky Test
/mnt/c/Users/firei/www/query-mule/vendor/phpunit/phpunit/phpunit:53
</error>
      </testcase>
      <testcase name="testSelectColsFromGroupByHavingWithAlias" class="test\Builder\Sql\Mysql\SelectTest" classname="test.Builder.Sql.Mysql.SelectTest" file="/mnt/c/Users/firei/www/query-mule/tests/Builder/Sql/Mysql/SelectTest.php" line="246" assertions="0" time="0.000673">
        <error type="PHPUnit\Framework\RiskyTestError">Risky Test
/mnt/c/Users/firei/www/query-mule/vendor/phpunit/phpunit/phpunit:53
</error>
      </testcase>
      <testcase name="testSelectColsFromLimit" class="test\Builder\Sql\Mysql\SelectTest" classname="test.Builder.Sql.Mysql.SelectTest" file="/mnt/c/Users/firei/www/query-mule/tests/Builder/Sql/Mysql/SelectTest.php" line="249" assertions="1" time="0.002659"/>
      <testcase name="testSelectColsFromLimitOffset" class="test\Builder\Sql\Mysql\SelectTest" classname="test.Builder.Sql.Mysql.SelectTest" file="/mnt/c/Users/firei/www/query-mule/tests/Builder/Sql/Mysql/SelectTest.php" line="263" assertions="1" time="0.002731"/>
      <testcase name="testSelectColsFromWhereUnionSelectColsFromWhereWithAlias" class="test\Builder\Sql\Mysql\SelectTest" classname="test.Builder.Sql.Mysql.SelectTest" file="/mnt/c/Users/firei/www/query-mule/tests/Builder/Sql/Mysql/SelectTest.php" line="278" assertions="3" time="0.006257"/>
      <testcase name="testSelectColsFromWhereUnionAllSelectColsFromWhere" class="test\Builder\Sql\Mysql\SelectTest" classname="test.Builder.Sql.Mysql.SelectTest" file="/mnt/c/Users/firei/www/query-mule/tests/Builder/Sql/Mysql/SelectTest.php" line="308" assertions="3" time="0.006326"/>
    </testsuite>
    <testsuite name="test\Builder\Sql\Pgsql\FilterTest" file="/mnt/c/Users/firei/www/query-mule/tests/Builder/Sql/Pgsql/FilterTest.php" tests="5" assertions="10" errors="0" failures="0" skipped="0" time="0.004730">
      <testcase name="testSelectWhere" class="test\Builder\Sql\Pgsql\FilterTest" classname="test.Builder.Sql.Pgsql.FilterTest" file="/mnt/c/Users/firei/www/query-mule/tests/Builder/Sql/Pgsql/FilterTest.php" line="31" assertions="2" time="0.000901"/>
      <testcase name="testSelectWhereWithAlias" class="test\Builder\Sql\Pgsql\FilterTest" classname="test.Builder.Sql.Pgsql.FilterTest" file="/mnt/c/Users/firei/www/query-mule/tests/Builder/Sql/Pgsql/FilterTest.php" line="38" assertions="2" time="0.000892"/>
      <testcase name="testSelectWhereAndNestedWhere" class="test\Builder\Sql\Pgsql\FilterTest" classname="test.Builder.Sql.Pgsql.FilterTest" file="/mnt/c/Users/firei/www/query-mule/tests/Builder/Sql/Pgsql/FilterTest.php" line="45" assertions="2" time="0.001032"/>
      <testcase name="testSelectWhereAndWhere" class="test\Builder\Sql\Pgsql\FilterTest" classname="test.Builder.Sql.Pgsql.FilterTest" file="/mnt/c/Users/firei/www/query-mule/tests/Builder/Sql/Pgsql/FilterTest.php" line="55" assertions="2" time="0.000941"/>
      <testcase name="testSelectWhereOrWhere" class="test\Builder\Sql\Pgsql\FilterTest" classname="test.Builder.Sql.Pgsql.FilterTest" file="/mnt/c/Users/firei/www/query-mule/tests/Builder/Sql/Pgsql/FilterTest.php" line="62" assertions="2" time="0.000964"/>
    </testsuite>
    <testsuite name="test\Builder\Sql\Pgsql\SelectTest" file="/mnt/c/Users/firei/www/query-mule/tests/Builder/Sql/Pgsql/SelectTest.php" tests="10" assertions="10" errors="0" failures="0" skipped="0" time="0.022065">
      <testcase name="testSelect" class="test\Builder\Sql\Pgsql\SelectTest" classname="test.Builder.Sql.Pgsql.SelectTest" file="/mnt/c/Users/firei/www/query-mule/tests/Builder/Sql/Pgsql/SelectTest.php" line="39" assertions="1" time="0.000707"/>
      <testcase name="testIgnoreAlias" class="test\Builder\Sql\Pgsql\SelectTest" classname="test.Builder.Sql.Pgsql.SelectTest" file="/mnt/c/Users/firei/www/query-mule/tests/Builder/Sql/Pgsql/SelectTest.php" line="46" assertions="1" time="0.000941"/>
      <testcase name="testSelectCols" class="test\Builder\Sql\Pgsql\SelectTest" classname="test.Builder.Sql.Pgsql.SelectTest" file="/mnt/c/Users/firei/www/query-mule/tests/Builder/Sql/Pgsql/SelectTest.php" line="54" assertions="1" time="0.001013"/>
      <testcase name="testSelectColsWithAlias" class="test\Builder\Sql\Pgsql\SelectTest" classname="test.Builder.Sql.Pgsql.SelectTest" file="/mnt/c/Users/firei/www/query-mule/tests/Builder/Sql/Pgsql/SelectTest.php" line="63" assertions="1" time="0.001024"/>
      <testcase name="testSelectAllCols" class="test\Builder\Sql\Pgsql\SelectTest" classname="test.Builder.Sql.Pgsql.SelectTest" file="/mnt/c/Users/firei/www/query-mule/tests/Builder/Sql/Pgsql/SelectTest.php" line="72" assertions="1" time="0.000804"/>
      <testcase name="testSelectColsAs" class="test\Builder\Sql\Pgsql\SelectTest" classname="test.Builder.Sql.Pgsql.SelectTest" file="/mnt/c/Users/firei/www/query-mule/tests/Builder/Sql/Pgsql/SelectTest.php" line="81" assertions="1" time="0.000997"/>
      <testcase name="testSelectColsFrom" class="test\Builder\Sql\Pgsql\SelectTest" classname="test.Builder.Sql.Pgsql.SelectTest" file="/mnt/c/Users/firei/www/query-mule/tests/Builder/Sql/Pgsql/SelectTest.php" line="90" assertions="1" time="0.002609"/>
      <testcase name="testSelectColsFromWithAlias" class="test\Builder\Sql\Pgsql\SelectTest" classname="test.Builder.Sql.Pgsql.SelectTest" file="/mnt/c/Users/firei/www/query-mule/tests/Builder/Sql/Pgsql/SelectTest.php" line="103" assertions="1" time="0.002811"/>
      <testcase name="testSelectWhereFilterCall" class="test\Builder\Sql\Pgsql\SelectTest" classname="test.Builder.Sql.Pgsql.SelectTest" file="/mnt/c/Users/firei/www/query-mule/tests/Builder/Sql/Pgsql/SelectTest.php" line="116" assertions="1" time="0.006051"/>
      <testcase name="testSelectOrWhereFilterCall" class="test\Builder\Sql\Pgsql\SelectTest" classname="test.Builder.Sql.Pgsql.SelectTest" file="/mnt/c/Users/firei/www/query-mule/tests/Builder/Sql/Pgsql/SelectTest.php" line="134" assertions="1" time="0.005108"/>
    </testsuite>
    <testsuite name="test\Builder\Sql\Sqlite\FilterTest" file="/mnt/c/Users/firei/www/query-mule/tests/Builder/Sql/Sqlite/FilterTest.php" tests="5" assertions="10" errors="0" failures="0" skipped="0" time="0.005114">
      <testcase name="testSelectWhere" class="test\Builder\Sql\Sqlite\FilterTest" classname="test.Builder.Sql.Sqlite.FilterTest" file="/mnt/c/Users/firei/www/query-mule/tests/Builder/Sql/Sqlite/FilterTest.php" line="31" assertions="2" time="0.000859"/>
      <testcase name="testSelectWhereWithAlias" class="test\Builder\Sql\Sqlite\FilterTest" classname="test.Builder.Sql.Sqlite.FilterTest" file="/mnt/c/Users/firei/www/query-mule/tests/Builder/Sql/Sqlite/FilterTest.php" line="38" assertions="2" time="0.000891"/>
      <testcase name="testSelectWhereAndNestedWhere" class="test\Builder\Sql\Sqlite\FilterTest" classname="test.Builder.Sql.Sqlite.FilterTest" file="/mnt/c/Users/firei/www/query-mule/tests/Builder/Sql/Sqlite/FilterTest.php" line="45" assertions="2" time="0.001019"/>
      <testcase name="testSelectWhereAndWhere" class="test\Builder\Sql\Sqlite\FilterTest" classname="test.Builder.Sql.Sqlite.FilterTest" file="/mnt/c/Users/firei/www/query-mule/tests/Builder/Sql/Sqlite/FilterTest.php" line="55" assertions="2" time="0.001373"/>
      <testcase name="testSelectWhereOrWhere" class="test\Builder\Sql\Sqlite\FilterTest" classname="test.Builder.Sql.Sqlite.FilterTest" file="/mnt/c/Users/firei/www/query-mule/tests/Builder/Sql/Sqlite/FilterTest.php" line="62" assertions="2" time="0.000972"/>
    </testsuite>
    <testsuite name="test\Builder\Sql\Sqlite\SelectTest" file="/mnt/c/Users/firei/www/query-mule/tests/Builder/Sql/Sqlite/SelectTest.php" tests="10" assertions="10" errors="0" failures="0" skipped="0" time="0.019775">
      <testcase name="testSelect" class="test\Builder\Sql\Sqlite\SelectTest" classname="test.Builder.Sql.Sqlite.SelectTest" file="/mnt/c/Users/firei/www/query-mule/tests/Builder/Sql/Sqlite/SelectTest.php" line="33" assertions="1" time="0.000751"/>
      <testcase name="testIgnoreAlias" class="test\Builder\Sql\Sqlite\SelectTest" classname="test.Builder.Sql.Sqlite.SelectTest" file="/mnt/c/Users/firei/www/query-mule/tests/Builder/Sql/Sqlite/SelectTest.php" line="40" assertions="1" time="0.000964"/>
      <testcase name="testSelectCols" class="test\Builder\Sql\Sqlite\SelectTest" classname="test.Builder.Sql.Sqlite.SelectTest" file="/mnt/c/Users/firei/www/query-mule/tests/Builder/Sql/Sqlite/SelectTest.php" line="48" assertions="1" time="0.001008"/>
      <testcase name="testSelectColsWithAlias" class="test\Builder\Sql\Sqlite\SelectTest" classname="test.Builder.Sql.Sqlite.SelectTest" file="/mnt/c/Users/firei/www/query-mule/tests/Builder/Sql/Sqlite/SelectTest.php" line="57" assertions="1" time="0.000970"/>
      <testcase name="testSelectAllCols" class="test\Builder\Sql\Sqlite\SelectTest" classname="test.Builder.Sql.Sqlite.SelectTest" file="/mnt/c/Users/firei/www/query-mule/tests/Builder/Sql/Sqlite/SelectTest.php" line="66" assertions="1" time="0.000783"/>
      <testcase name="testSelectColsAs" class="test\Builder\Sql\Sqlite\SelectTest" classname="test.Builder.Sql.Sqlite.SelectTest" file="/mnt/c/Users/firei/www/query-mule/tests/Builder/Sql/Sqlite/SelectTest.php" line="75" assertions="1" time="0.000923"/>
      <testcase name="testSelectColsFrom" class="test\Builder\Sql\Sqlite\SelectTest" classname="test.Builder.Sql.Sqlite.SelectTest" file="/mnt/c/Users/firei/www/query-mule/tests/Builder/Sql/Sqlite/SelectTest.php" line="84" assertions="1" time="0.002574"/>
      <testcase name="testSelectColsFromWithAlias" class="test\Builder\Sql\Sqlite\SelectTest" classname="test.Builder.Sql.Sqlite.SelectTest" file="/mnt/c/Users/firei/www/query-mule/tests/Builder/Sql/Sqlite/SelectTest.php" line="97" assertions="1" time="0.002567"/>
      <testcase name="testSelectWhereFilterCall" class="test\Builder\Sql\Sqlite\SelectTest" classname="test.Builder.Sql.Sqlite.SelectTest" file="/mnt/c/Users/firei/www/query-mule/tests/Builder/Sql/Sqlite/SelectTest.php" line="110" assertions="1" time="0.004627"/>
      <testcase name="testSelectOrWhereFilterCall" class="test\Builder\Sql\Sqlite\SelectTest" classname="test.Builder.Sql.Sqlite.SelectTest" file="/mnt/c/Users/firei/www/query-mule/tests/Builder/Sql/Sqlite/SelectTest.php" line="128" assertions="1" time="0.004608"/>
    </testsuite>
    <testsuite name="test\Query\Repository\Table\TableTest" file="/mnt/c/Users/firei/www/query-mule/tests/Query/Repository/Table/TableTest.php" tests="4" assertions="7" errors="0" failures="0" skipped="0" time="0.018960">
      <testcase name="testMake" class="test\Query\Repository\Table\TableTest" classname="test.Query.Repository.Table.TableTest" file="/mnt/c/Users/firei/www/query-mule/tests/Query/Repository/Table/TableTest.php" line="20" assertions="1" time="0.010855"/>
      <testcase name="testSetName" class="test\Query\Repository\Table\TableTest" classname="test.Query.Repository.Table.TableTest" file="/mnt/c/Users/firei/www/query-mule/tests/Query/Repository/Table/TableTest.php" line="27" assertions="1" time="0.001616"/>
      <testcase name="testFilter" class="test\Query\Repository\Table\TableTest" classname="test.Query.Repository.Table.TableTest" file="/mnt/c/Users/firei/www/query-mule/tests/Query/Repository/Table/TableTest.php" line="37" assertions="3" time="0.003240"/>
      <testcase name="testSelect" class="test\Query\Repository\Table\TableTest" classname="test.Query.Repository.Table.TableTest" file="/mnt/c/Users/firei/www/query-mule/tests/Query/Repository/Table/TableTest.php" line="52" assertions="2" time="0.003249"/>
    </testsuite>
    <testsuite name="test\Query\Sql\SqlTest" file="/mnt/c/Users/firei/www/query-mule/tests/Query/Sql/SqlTest.php" tests="2" assertions="2" errors="0" failures="0" skipped="0" time="0.001161">
      <testcase name="testSql" class="test\Query\Sql\SqlTest" classname="test.Query.Sql.SqlTest" file="/mnt/c/Users/firei/www/query-mule/tests/Query/Sql/SqlTest.php" line="15" assertions="1" time="0.000599"/>
      <testcase name="testParameters" class="test\Query\Sql\SqlTest" classname="test.Query.Sql.SqlTest" file="/mnt/c/Users/firei/www/query-mule/tests/Query/Sql/SqlTest.php" line="21" assertions="1" time="0.000562"/>
    </testsuite>
  </testsuite>
</testsuites>
