<?xml version="1.0" encoding="UTF-8"?>
<testsuites>
  <testsuite name="" tests="159" assertions="320" errors="0" failures="0" skipped="0" time="0.487199">
    <testsuite name="test\Builder\Sql\MySql\ConfigTest" file="/mnt/c/Users/firei/www/query-mule/tests/Builder/Connection/ConfigTest.php" tests="1" assertions="1" errors="0" failures="0" skipped="0" time="0.002511">
      <testcase name="testInvalidConfig" class="test\Builder\Sql\MySql\ConfigTest" classname="test.Builder.Sql.MySql.ConfigTest" file="/mnt/c/Users/firei/www/query-mule/tests/Builder/Connection/ConfigTest.php" line="34" assertions="1" time="0.002511"/>
    </testsuite>
    <testsuite name="test\Builder\Sql\MySql\MysqliDriverTest" file="/mnt/c/Users/firei/www/query-mule/tests/Builder/Connection/Driver/MysqliDriverTest.php" tests="9" assertions="26" errors="0" failures="0" skipped="0" time="0.063331">
      <testcase name="testBindParameters" class="test\Builder\Sql\MySql\MysqliDriverTest" classname="test.Builder.Sql.MySql.MysqliDriverTest" file="/mnt/c/Users/firei/www/query-mule/tests/Builder/Connection/Driver/MysqliDriverTest.php" line="21" assertions="3" time="0.023670"/>
      <testcase name="testExecutionErrorLogged" class="test\Builder\Sql\MySql\MysqliDriverTest" classname="test.Builder.Sql.MySql.MysqliDriverTest" file="/mnt/c/Users/firei/www/query-mule/tests/Builder/Connection/Driver/MysqliDriverTest.php" line="53" assertions="4" time="0.005310"/>
      <testcase name="testFetch" class="test\Builder\Sql\MySql\MysqliDriverTest" classname="test.Builder.Sql.MySql.MysqliDriverTest" file="/mnt/c/Users/firei/www/query-mule/tests/Builder/Connection/Driver/MysqliDriverTest.php" line="79" assertions="4" time="0.007763"/>
      <testcase name="testFetchAll" class="test\Builder\Sql\MySql\MysqliDriverTest" classname="test.Builder.Sql.MySql.MysqliDriverTest" file="/mnt/c/Users/firei/www/query-mule/tests/Builder/Connection/Driver/MysqliDriverTest.php" line="115" assertions="4" time="0.006672"/>
      <testcase name="testCacheSet" class="test\Builder\Sql\MySql\MysqliDriverTest" classname="test.Builder.Sql.MySql.MysqliDriverTest" file="/mnt/c/Users/firei/www/query-mule/tests/Builder/Connection/Driver/MysqliDriverTest.php" line="151" assertions="4" time="0.011402"/>
      <testcase name="testCacheGet" class="test\Builder\Sql\MySql\MysqliDriverTest" classname="test.Builder.Sql.MySql.MysqliDriverTest" file="/mnt/c/Users/firei/www/query-mule/tests/Builder/Connection/Driver/MysqliDriverTest.php" line="188" assertions="2" time="0.003573"/>
      <testcase name="testFilter" class="test\Builder\Sql\MySql\MysqliDriverTest" classname="test.Builder.Sql.MySql.MysqliDriverTest" file="/mnt/c/Users/firei/www/query-mule/tests/Builder/Connection/Driver/MysqliDriverTest.php" line="204" assertions="1" time="0.001423"/>
      <testcase name="testSelect" class="test\Builder\Sql\MySql\MysqliDriverTest" classname="test.Builder.Sql.MySql.MysqliDriverTest" file="/mnt/c/Users/firei/www/query-mule/tests/Builder/Connection/Driver/MysqliDriverTest.php" line="215" assertions="2" time="0.001929"/>
      <testcase name="testStatement" class="test\Builder\Sql\MySql\MysqliDriverTest" classname="test.Builder.Sql.MySql.MysqliDriverTest" file="/mnt/c/Users/firei/www/query-mule/tests/Builder/Connection/Driver/MysqliDriverTest.php" line="233" assertions="2" time="0.001589"/>
    </testsuite>
    <testsuite name="test\Builder\Sql\MySql\PdoDriverTest" file="/mnt/c/Users/firei/www/query-mule/tests/Builder/Connection/Driver/PdoDriverTest.php" tests="16" assertions="45" errors="0" failures="0" skipped="0" time="0.052926">
      <testcase name="testExecutionErrorLogged" class="test\Builder\Sql\MySql\PdoDriverTest" classname="test.Builder.Sql.MySql.PdoDriverTest" file="/mnt/c/Users/firei/www/query-mule/tests/Builder/Connection/Driver/PdoDriverTest.php" line="22" assertions="4" time="0.009400"/>
      <testcase name="testFetch" class="test\Builder\Sql\MySql\PdoDriverTest" classname="test.Builder.Sql.MySql.PdoDriverTest" file="/mnt/c/Users/firei/www/query-mule/tests/Builder/Connection/Driver/PdoDriverTest.php" line="46" assertions="4" time="0.006063"/>
      <testcase name="testFetchAll" class="test\Builder\Sql\MySql\PdoDriverTest" classname="test.Builder.Sql.MySql.PdoDriverTest" file="/mnt/c/Users/firei/www/query-mule/tests/Builder/Connection/Driver/PdoDriverTest.php" line="71" assertions="4" time="0.005896"/>
      <testcase name="testCacheSet" class="test\Builder\Sql\MySql\PdoDriverTest" classname="test.Builder.Sql.MySql.PdoDriverTest" file="/mnt/c/Users/firei/www/query-mule/tests/Builder/Connection/Driver/PdoDriverTest.php" line="96" assertions="4" time="0.005320"/>
      <testcase name="testCacheGet" class="test\Builder\Sql\MySql\PdoDriverTest" classname="test.Builder.Sql.MySql.PdoDriverTest" file="/mnt/c/Users/firei/www/query-mule/tests/Builder/Connection/Driver/PdoDriverTest.php" line="122" assertions="2" time="0.003621"/>
      <testcase name="testFilterSqlite" class="test\Builder\Sql\MySql\PdoDriverTest" classname="test.Builder.Sql.MySql.PdoDriverTest" file="/mnt/c/Users/firei/www/query-mule/tests/Builder/Connection/Driver/PdoDriverTest.php" line="138" assertions="2" time="0.001925"/>
      <testcase name="testFilterMysql" class="test\Builder\Sql\MySql\PdoDriverTest" classname="test.Builder.Sql.MySql.PdoDriverTest" file="/mnt/c/Users/firei/www/query-mule/tests/Builder/Connection/Driver/PdoDriverTest.php" line="150" assertions="2" time="0.001882"/>
      <testcase name="testFilterPostgres" class="test\Builder\Sql\MySql\PdoDriverTest" classname="test.Builder.Sql.MySql.PdoDriverTest" file="/mnt/c/Users/firei/www/query-mule/tests/Builder/Connection/Driver/PdoDriverTest.php" line="162" assertions="2" time="0.001849"/>
      <testcase name="testFilterError" class="test\Builder\Sql\MySql\PdoDriverTest" classname="test.Builder.Sql.MySql.PdoDriverTest" file="/mnt/c/Users/firei/www/query-mule/tests/Builder/Connection/Driver/PdoDriverTest.php" line="174" assertions="2" time="0.001976"/>
      <testcase name="testSelectSqlite" class="test\Builder\Sql\MySql\PdoDriverTest" classname="test.Builder.Sql.MySql.PdoDriverTest" file="/mnt/c/Users/firei/www/query-mule/tests/Builder/Connection/Driver/PdoDriverTest.php" line="187" assertions="3" time="0.002419"/>
      <testcase name="testSelectMysql" class="test\Builder\Sql\MySql\PdoDriverTest" classname="test.Builder.Sql.MySql.PdoDriverTest" file="/mnt/c/Users/firei/www/query-mule/tests/Builder/Connection/Driver/PdoDriverTest.php" line="206" assertions="3" time="0.002372"/>
      <testcase name="testSelectPostgres" class="test\Builder\Sql\MySql\PdoDriverTest" classname="test.Builder.Sql.MySql.PdoDriverTest" file="/mnt/c/Users/firei/www/query-mule/tests/Builder/Connection/Driver/PdoDriverTest.php" line="225" assertions="3" time="0.002418"/>
      <testcase name="testSelectError" class="test\Builder\Sql\MySql\PdoDriverTest" classname="test.Builder.Sql.MySql.PdoDriverTest" file="/mnt/c/Users/firei/www/query-mule/tests/Builder/Connection/Driver/PdoDriverTest.php" line="244" assertions="1" time="0.001649"/>
      <testcase name="testStatementSqlite" class="test\Builder\Sql\MySql\PdoDriverTest" classname="test.Builder.Sql.MySql.PdoDriverTest" file="/mnt/c/Users/firei/www/query-mule/tests/Builder/Connection/Driver/PdoDriverTest.php" line="256" assertions="3" time="0.002013"/>
      <testcase name="testStatementMysql" class="test\Builder\Sql\MySql\PdoDriverTest" classname="test.Builder.Sql.MySql.PdoDriverTest" file="/mnt/c/Users/firei/www/query-mule/tests/Builder/Connection/Driver/PdoDriverTest.php" line="271" assertions="3" time="0.002055"/>
      <testcase name="testStatementPostgres" class="test\Builder\Sql\MySql\PdoDriverTest" classname="test.Builder.Sql.MySql.PdoDriverTest" file="/mnt/c/Users/firei/www/query-mule/tests/Builder/Connection/Driver/PdoDriverTest.php" line="286" assertions="3" time="0.002068"/>
    </testsuite>
    <testsuite name="test\Builder\Sql\MySql\FilterTest" file="/mnt/c/Users/firei/www/query-mule/tests/Builder/Sql/Mysql/FilterTest.php" tests="24" assertions="48" errors="0" failures="0" skipped="0" time="0.058708">
      <testcase name="testSelectWhere" class="test\Builder\Sql\MySql\FilterTest" classname="test.Builder.Sql.MySql.FilterTest" file="/mnt/c/Users/firei/www/query-mule/tests/Builder/Sql/Mysql/FilterTest.php" line="33" assertions="2" time="0.001022"/>
      <testcase name="testSelectWhereWithAlias" class="test\Builder\Sql\MySql\FilterTest" classname="test.Builder.Sql.MySql.FilterTest" file="/mnt/c/Users/firei/www/query-mule/tests/Builder/Sql/Mysql/FilterTest.php" line="40" assertions="2" time="0.000972"/>
      <testcase name="testSelectWhereAndNestedWhere" class="test\Builder\Sql\MySql\FilterTest" classname="test.Builder.Sql.MySql.FilterTest" file="/mnt/c/Users/firei/www/query-mule/tests/Builder/Sql/Mysql/FilterTest.php" line="47" assertions="2" time="0.001996"/>
      <testcase name="testSelectWhereAndWhere" class="test\Builder\Sql\MySql\FilterTest" classname="test.Builder.Sql.MySql.FilterTest" file="/mnt/c/Users/firei/www/query-mule/tests/Builder/Sql/Mysql/FilterTest.php" line="61" assertions="2" time="0.001296"/>
      <testcase name="testSelectWhereOrWhere" class="test\Builder\Sql\MySql\FilterTest" classname="test.Builder.Sql.MySql.FilterTest" file="/mnt/c/Users/firei/www/query-mule/tests/Builder/Sql/Mysql/FilterTest.php" line="68" assertions="2" time="0.001243"/>
      <testcase name="testSelectWhereIn" class="test\Builder\Sql\MySql\FilterTest" classname="test.Builder.Sql.MySql.FilterTest" file="/mnt/c/Users/firei/www/query-mule/tests/Builder/Sql/Mysql/FilterTest.php" line="75" assertions="2" time="0.000999"/>
      <testcase name="testSelectWhereInOrIn" class="test\Builder\Sql\MySql\FilterTest" classname="test.Builder.Sql.MySql.FilterTest" file="/mnt/c/Users/firei/www/query-mule/tests/Builder/Sql/Mysql/FilterTest.php" line="82" assertions="2" time="0.001225"/>
      <testcase name="testSelectWhereNotIn" class="test\Builder\Sql\MySql\FilterTest" classname="test.Builder.Sql.MySql.FilterTest" file="/mnt/c/Users/firei/www/query-mule/tests/Builder/Sql/Mysql/FilterTest.php" line="89" assertions="2" time="0.001113"/>
      <testcase name="testSelectWhereNotInAndIn" class="test\Builder\Sql\MySql\FilterTest" classname="test.Builder.Sql.MySql.FilterTest" file="/mnt/c/Users/firei/www/query-mule/tests/Builder/Sql/Mysql/FilterTest.php" line="96" assertions="2" time="0.001456"/>
      <testcase name="testSelectWhereNotInOrIn" class="test\Builder\Sql\MySql\FilterTest" classname="test.Builder.Sql.MySql.FilterTest" file="/mnt/c/Users/firei/www/query-mule/tests/Builder/Sql/Mysql/FilterTest.php" line="103" assertions="2" time="0.001439"/>
      <testcase name="testSelectWhereNot" class="test\Builder\Sql\MySql\FilterTest" classname="test.Builder.Sql.MySql.FilterTest" file="/mnt/c/Users/firei/www/query-mule/tests/Builder/Sql/Mysql/FilterTest.php" line="110" assertions="2" time="0.001034"/>
      <testcase name="testSelectWhereNotAndNot" class="test\Builder\Sql\MySql\FilterTest" classname="test.Builder.Sql.MySql.FilterTest" file="/mnt/c/Users/firei/www/query-mule/tests/Builder/Sql/Mysql/FilterTest.php" line="117" assertions="2" time="0.001506"/>
      <testcase name="testSelectWhereBetween" class="test\Builder\Sql\MySql\FilterTest" classname="test.Builder.Sql.MySql.FilterTest" file="/mnt/c/Users/firei/www/query-mule/tests/Builder/Sql/Mysql/FilterTest.php" line="124" assertions="2" time="0.000963"/>
      <testcase name="testSelectWhereBetweenOrBetween" class="test\Builder\Sql\MySql\FilterTest" classname="test.Builder.Sql.MySql.FilterTest" file="/mnt/c/Users/firei/www/query-mule/tests/Builder/Sql/Mysql/FilterTest.php" line="131" assertions="2" time="0.001226"/>
      <testcase name="testSelectWhereBetweenAndBetween" class="test\Builder\Sql\MySql\FilterTest" classname="test.Builder.Sql.MySql.FilterTest" file="/mnt/c/Users/firei/www/query-mule/tests/Builder/Sql/Mysql/FilterTest.php" line="138" assertions="2" time="0.001272"/>
      <testcase name="testSelectWhereNotBetween" class="test\Builder\Sql\MySql\FilterTest" classname="test.Builder.Sql.MySql.FilterTest" file="/mnt/c/Users/firei/www/query-mule/tests/Builder/Sql/Mysql/FilterTest.php" line="145" assertions="2" time="0.001075"/>
      <testcase name="testSelectWhereNotBetweenOrNotBetween" class="test\Builder\Sql\MySql\FilterTest" classname="test.Builder.Sql.MySql.FilterTest" file="/mnt/c/Users/firei/www/query-mule/tests/Builder/Sql/Mysql/FilterTest.php" line="152" assertions="2" time="0.001412"/>
      <testcase name="testSelectWhereNotBetweenAndNotBetween" class="test\Builder\Sql\MySql\FilterTest" classname="test.Builder.Sql.MySql.FilterTest" file="/mnt/c/Users/firei/www/query-mule/tests/Builder/Sql/Mysql/FilterTest.php" line="159" assertions="2" time="0.001365"/>
      <testcase name="testSelectWhereExists" class="test\Builder\Sql\MySql\FilterTest" classname="test.Builder.Sql.MySql.FilterTest" file="/mnt/c/Users/firei/www/query-mule/tests/Builder/Sql/Mysql/FilterTest.php" line="166" assertions="2" time="0.012744"/>
      <testcase name="testSelectWhereNotExists" class="test\Builder\Sql\MySql\FilterTest" classname="test.Builder.Sql.MySql.FilterTest" file="/mnt/c/Users/firei/www/query-mule/tests/Builder/Sql/Mysql/FilterTest.php" line="178" assertions="2" time="0.003367"/>
      <testcase name="testSelectWhereExistsOrExists" class="test\Builder\Sql\MySql\FilterTest" classname="test.Builder.Sql.MySql.FilterTest" file="/mnt/c/Users/firei/www/query-mule/tests/Builder/Sql/Mysql/FilterTest.php" line="190" assertions="2" time="0.004928"/>
      <testcase name="testSelectWhereNotExistsOrNotExists" class="test\Builder\Sql\MySql\FilterTest" classname="test.Builder.Sql.MySql.FilterTest" file="/mnt/c/Users/firei/www/query-mule/tests/Builder/Sql/Mysql/FilterTest.php" line="203" assertions="2" time="0.005064"/>
      <testcase name="testSelectWhereExistsAndExists" class="test\Builder\Sql\MySql\FilterTest" classname="test.Builder.Sql.MySql.FilterTest" file="/mnt/c/Users/firei/www/query-mule/tests/Builder/Sql/Mysql/FilterTest.php" line="216" assertions="2" time="0.004983"/>
      <testcase name="testSelectWhereNotExistsAndNotExists" class="test\Builder\Sql\MySql\FilterTest" classname="test.Builder.Sql.MySql.FilterTest" file="/mnt/c/Users/firei/www/query-mule/tests/Builder/Sql/Mysql/FilterTest.php" line="229" assertions="2" time="0.005009"/>
    </testsuite>
    <testsuite name="test\Builder\Sql\Mysql\SelectTest" file="/mnt/c/Users/firei/www/query-mule/tests/Builder/Sql/Mysql/SelectTest.php" tests="33" assertions="71" errors="0" failures="0" skipped="0" time="0.144515">
      <testcase name="testSelect" class="test\Builder\Sql\Mysql\SelectTest" classname="test.Builder.Sql.Mysql.SelectTest" file="/mnt/c/Users/firei/www/query-mule/tests/Builder/Sql/Mysql/SelectTest.php" line="34" assertions="1" time="0.000839"/>
      <testcase name="testIgnoreAlias" class="test\Builder\Sql\Mysql\SelectTest" classname="test.Builder.Sql.Mysql.SelectTest" file="/mnt/c/Users/firei/www/query-mule/tests/Builder/Sql/Mysql/SelectTest.php" line="41" assertions="1" time="0.001043"/>
      <testcase name="testSelectCols" class="test\Builder\Sql\Mysql\SelectTest" classname="test.Builder.Sql.Mysql.SelectTest" file="/mnt/c/Users/firei/www/query-mule/tests/Builder/Sql/Mysql/SelectTest.php" line="49" assertions="1" time="0.001039"/>
      <testcase name="testSelectColsWithAlias" class="test\Builder\Sql\Mysql\SelectTest" classname="test.Builder.Sql.Mysql.SelectTest" file="/mnt/c/Users/firei/www/query-mule/tests/Builder/Sql/Mysql/SelectTest.php" line="58" assertions="1" time="0.001077"/>
      <testcase name="testSelectAllCols" class="test\Builder\Sql\Mysql\SelectTest" classname="test.Builder.Sql.Mysql.SelectTest" file="/mnt/c/Users/firei/www/query-mule/tests/Builder/Sql/Mysql/SelectTest.php" line="67" assertions="1" time="0.000889"/>
      <testcase name="testSelectColsAs" class="test\Builder\Sql\Mysql\SelectTest" classname="test.Builder.Sql.Mysql.SelectTest" file="/mnt/c/Users/firei/www/query-mule/tests/Builder/Sql/Mysql/SelectTest.php" line="76" assertions="1" time="0.001055"/>
      <testcase name="testSelectColsFrom" class="test\Builder\Sql\Mysql\SelectTest" classname="test.Builder.Sql.Mysql.SelectTest" file="/mnt/c/Users/firei/www/query-mule/tests/Builder/Sql/Mysql/SelectTest.php" line="85" assertions="1" time="0.002698"/>
      <testcase name="testSelectColsFromWithAlias" class="test\Builder\Sql\Mysql\SelectTest" classname="test.Builder.Sql.Mysql.SelectTest" file="/mnt/c/Users/firei/www/query-mule/tests/Builder/Sql/Mysql/SelectTest.php" line="98" assertions="1" time="0.002709"/>
      <testcase name="testSelectWhere" class="test\Builder\Sql\Mysql\SelectTest" classname="test.Builder.Sql.Mysql.SelectTest" file="/mnt/c/Users/firei/www/query-mule/tests/Builder/Sql/Mysql/SelectTest.php" line="111" assertions="3" time="0.012515"/>
      <testcase name="testSelectWhereNot" class="test\Builder\Sql\Mysql\SelectTest" classname="test.Builder.Sql.Mysql.SelectTest" file="/mnt/c/Users/firei/www/query-mule/tests/Builder/Sql/Mysql/SelectTest.php" line="136" assertions="3" time="0.004705"/>
      <testcase name="testSelectWhereNotOrWhereNot" class="test\Builder\Sql\Mysql\SelectTest" classname="test.Builder.Sql.Mysql.SelectTest" file="/mnt/c/Users/firei/www/query-mule/tests/Builder/Sql/Mysql/SelectTest.php" line="161" assertions="3" time="0.006192"/>
      <testcase name="testSelectWhereOrWhere" class="test\Builder\Sql\Mysql\SelectTest" classname="test.Builder.Sql.Mysql.SelectTest" file="/mnt/c/Users/firei/www/query-mule/tests/Builder/Sql/Mysql/SelectTest.php" line="187" assertions="3" time="0.006341"/>
      <testcase name="testSelectWhereAndWhere" class="test\Builder\Sql\Mysql\SelectTest" classname="test.Builder.Sql.Mysql.SelectTest" file="/mnt/c/Users/firei/www/query-mule/tests/Builder/Sql/Mysql/SelectTest.php" line="213" assertions="3" time="0.005418"/>
      <testcase name="testSelectWhereIn" class="test\Builder\Sql\Mysql\SelectTest" classname="test.Builder.Sql.Mysql.SelectTest" file="/mnt/c/Users/firei/www/query-mule/tests/Builder/Sql/Mysql/SelectTest.php" line="238" assertions="3" time="0.005226"/>
      <testcase name="testSelectWhereInOrWhereIn" class="test\Builder\Sql\Mysql\SelectTest" classname="test.Builder.Sql.Mysql.SelectTest" file="/mnt/c/Users/firei/www/query-mule/tests/Builder/Sql/Mysql/SelectTest.php" line="263" assertions="3" time="0.006811"/>
      <testcase name="testSelectWhereNotIn" class="test\Builder\Sql\Mysql\SelectTest" classname="test.Builder.Sql.Mysql.SelectTest" file="/mnt/c/Users/firei/www/query-mule/tests/Builder/Sql/Mysql/SelectTest.php" line="289" assertions="3" time="0.005899"/>
      <testcase name="testSelectWhereNotInOrWhereNotIn" class="test\Builder\Sql\Mysql\SelectTest" classname="test.Builder.Sql.Mysql.SelectTest" file="/mnt/c/Users/firei/www/query-mule/tests/Builder/Sql/Mysql/SelectTest.php" line="314" assertions="3" time="0.006184"/>
      <testcase name="testSelectWhereBetween" class="test\Builder\Sql\Mysql\SelectTest" classname="test.Builder.Sql.Mysql.SelectTest" file="/mnt/c/Users/firei/www/query-mule/tests/Builder/Sql/Mysql/SelectTest.php" line="340" assertions="3" time="0.004698"/>
      <testcase name="testSelectWhereBetweenOrWhereBetween" class="test\Builder\Sql\Mysql\SelectTest" classname="test.Builder.Sql.Mysql.SelectTest" file="/mnt/c/Users/firei/www/query-mule/tests/Builder/Sql/Mysql/SelectTest.php" line="365" assertions="3" time="0.006618"/>
      <testcase name="testSelectWhereNotBetween" class="test\Builder\Sql\Mysql\SelectTest" classname="test.Builder.Sql.Mysql.SelectTest" file="/mnt/c/Users/firei/www/query-mule/tests/Builder/Sql/Mysql/SelectTest.php" line="391" assertions="3" time="0.004770"/>
      <testcase name="testSelectNotWhereBetweenOrNotWhereBetween" class="test\Builder\Sql\Mysql\SelectTest" classname="test.Builder.Sql.Mysql.SelectTest" file="/mnt/c/Users/firei/www/query-mule/tests/Builder/Sql/Mysql/SelectTest.php" line="416" assertions="3" time="0.006170"/>
      <testcase name="testSelectWhereExists" class="test\Builder\Sql\Mysql\SelectTest" classname="test.Builder.Sql.Mysql.SelectTest" file="/mnt/c/Users/firei/www/query-mule/tests/Builder/Sql/Mysql/SelectTest.php" line="442" assertions="3" time="0.004693"/>
      <testcase name="testSelectNotWhereExists" class="test\Builder\Sql\Mysql\SelectTest" classname="test.Builder.Sql.Mysql.SelectTest" file="/mnt/c/Users/firei/www/query-mule/tests/Builder/Sql/Mysql/SelectTest.php" line="467" assertions="3" time="0.004701"/>
      <testcase name="testSelectWhereExistsOrWhereExists" class="test\Builder\Sql\Mysql\SelectTest" classname="test.Builder.Sql.Mysql.SelectTest" file="/mnt/c/Users/firei/www/query-mule/tests/Builder/Sql/Mysql/SelectTest.php" line="492" assertions="3" time="0.006364"/>
      <testcase name="testSelectNotWhereExistsOrNotWhereExists" class="test\Builder\Sql\Mysql\SelectTest" classname="test.Builder.Sql.Mysql.SelectTest" file="/mnt/c/Users/firei/www/query-mule/tests/Builder/Sql/Mysql/SelectTest.php" line="518" assertions="3" time="0.006156"/>
      <testcase name="testSelectColsFromGroupBy" class="test\Builder\Sql\Mysql\SelectTest" classname="test.Builder.Sql.Mysql.SelectTest" file="/mnt/c/Users/firei/www/query-mule/tests/Builder/Sql/Mysql/SelectTest.php" line="544" assertions="1" time="0.002780"/>
      <testcase name="testSelectColsFromGroupByWithAlias" class="test\Builder\Sql\Mysql\SelectTest" classname="test.Builder.Sql.Mysql.SelectTest" file="/mnt/c/Users/firei/www/query-mule/tests/Builder/Sql/Mysql/SelectTest.php" line="558" assertions="1" time="0.002763"/>
      <testcase name="testSelectColsFromOrderBy" class="test\Builder\Sql\Mysql\SelectTest" classname="test.Builder.Sql.Mysql.SelectTest" file="/mnt/c/Users/firei/www/query-mule/tests/Builder/Sql/Mysql/SelectTest.php" line="572" assertions="1" time="0.002897"/>
      <testcase name="testSelectColsFromOrderByWithAlias" class="test\Builder\Sql\Mysql\SelectTest" classname="test.Builder.Sql.Mysql.SelectTest" file="/mnt/c/Users/firei/www/query-mule/tests/Builder/Sql/Mysql/SelectTest.php" line="586" assertions="1" time="0.002792"/>
      <testcase name="testSelectColsFromLimit" class="test\Builder\Sql\Mysql\SelectTest" classname="test.Builder.Sql.Mysql.SelectTest" file="/mnt/c/Users/firei/www/query-mule/tests/Builder/Sql/Mysql/SelectTest.php" line="608" assertions="1" time="0.002883"/>
      <testcase name="testSelectColsFromLimitOffset" class="test\Builder\Sql\Mysql\SelectTest" classname="test.Builder.Sql.Mysql.SelectTest" file="/mnt/c/Users/firei/www/query-mule/tests/Builder/Sql/Mysql/SelectTest.php" line="622" assertions="1" time="0.002802"/>
      <testcase name="testSelectColsFromWhereUnionSelectColsFromWhereWithAlias" class="test\Builder\Sql\Mysql\SelectTest" classname="test.Builder.Sql.Mysql.SelectTest" file="/mnt/c/Users/firei/www/query-mule/tests/Builder/Sql/Mysql/SelectTest.php" line="637" assertions="3" time="0.006411"/>
      <testcase name="testSelectColsFromWhereUnionAllSelectColsFromWhere" class="test\Builder\Sql\Mysql\SelectTest" classname="test.Builder.Sql.Mysql.SelectTest" file="/mnt/c/Users/firei/www/query-mule/tests/Builder/Sql/Mysql/SelectTest.php" line="667" assertions="3" time="0.006376"/>
    </testsuite>
    <testsuite name="test\Builder\Sql\Pgsql\FilterTest" file="/mnt/c/Users/firei/www/query-mule/tests/Builder/Sql/Pgsql/FilterTest.php" tests="24" assertions="48" errors="0" failures="0" skipped="0" time="0.048205">
      <testcase name="testSelectWhere" class="test\Builder\Sql\Pgsql\FilterTest" classname="test.Builder.Sql.Pgsql.FilterTest" file="/mnt/c/Users/firei/www/query-mule/tests/Builder/Sql/Pgsql/FilterTest.php" line="34" assertions="2" time="0.000949"/>
      <testcase name="testSelectWhereWithAlias" class="test\Builder\Sql\Pgsql\FilterTest" classname="test.Builder.Sql.Pgsql.FilterTest" file="/mnt/c/Users/firei/www/query-mule/tests/Builder/Sql/Pgsql/FilterTest.php" line="41" assertions="2" time="0.000957"/>
      <testcase name="testSelectWhereAndNestedWhere" class="test\Builder\Sql\Pgsql\FilterTest" classname="test.Builder.Sql.Pgsql.FilterTest" file="/mnt/c/Users/firei/www/query-mule/tests/Builder/Sql/Pgsql/FilterTest.php" line="48" assertions="2" time="0.001996"/>
      <testcase name="testSelectWhereAndWhere" class="test\Builder\Sql\Pgsql\FilterTest" classname="test.Builder.Sql.Pgsql.FilterTest" file="/mnt/c/Users/firei/www/query-mule/tests/Builder/Sql/Pgsql/FilterTest.php" line="62" assertions="2" time="0.001189"/>
      <testcase name="testSelectWhereOrWhere" class="test\Builder\Sql\Pgsql\FilterTest" classname="test.Builder.Sql.Pgsql.FilterTest" file="/mnt/c/Users/firei/www/query-mule/tests/Builder/Sql/Pgsql/FilterTest.php" line="69" assertions="2" time="0.001165"/>
      <testcase name="testSelectWhereIn" class="test\Builder\Sql\Pgsql\FilterTest" classname="test.Builder.Sql.Pgsql.FilterTest" file="/mnt/c/Users/firei/www/query-mule/tests/Builder/Sql/Pgsql/FilterTest.php" line="76" assertions="2" time="0.000982"/>
      <testcase name="testSelectWhereInOrIn" class="test\Builder\Sql\Pgsql\FilterTest" classname="test.Builder.Sql.Pgsql.FilterTest" file="/mnt/c/Users/firei/www/query-mule/tests/Builder/Sql/Pgsql/FilterTest.php" line="83" assertions="2" time="0.001258"/>
      <testcase name="testSelectWhereNotIn" class="test\Builder\Sql\Pgsql\FilterTest" classname="test.Builder.Sql.Pgsql.FilterTest" file="/mnt/c/Users/firei/www/query-mule/tests/Builder/Sql/Pgsql/FilterTest.php" line="90" assertions="2" time="0.001049"/>
      <testcase name="testSelectWhereNotInAndIn" class="test\Builder\Sql\Pgsql\FilterTest" classname="test.Builder.Sql.Pgsql.FilterTest" file="/mnt/c/Users/firei/www/query-mule/tests/Builder/Sql/Pgsql/FilterTest.php" line="97" assertions="2" time="0.001441"/>
      <testcase name="testSelectWhereNotInOrIn" class="test\Builder\Sql\Pgsql\FilterTest" classname="test.Builder.Sql.Pgsql.FilterTest" file="/mnt/c/Users/firei/www/query-mule/tests/Builder/Sql/Pgsql/FilterTest.php" line="104" assertions="2" time="0.001453"/>
      <testcase name="testSelectWhereNot" class="test\Builder\Sql\Pgsql\FilterTest" classname="test.Builder.Sql.Pgsql.FilterTest" file="/mnt/c/Users/firei/www/query-mule/tests/Builder/Sql/Pgsql/FilterTest.php" line="111" assertions="2" time="0.001057"/>
      <testcase name="testSelectWhereNotAndNot" class="test\Builder\Sql\Pgsql\FilterTest" classname="test.Builder.Sql.Pgsql.FilterTest" file="/mnt/c/Users/firei/www/query-mule/tests/Builder/Sql/Pgsql/FilterTest.php" line="118" assertions="2" time="0.001352"/>
      <testcase name="testSelectWhereBetween" class="test\Builder\Sql\Pgsql\FilterTest" classname="test.Builder.Sql.Pgsql.FilterTest" file="/mnt/c/Users/firei/www/query-mule/tests/Builder/Sql/Pgsql/FilterTest.php" line="125" assertions="2" time="0.000992"/>
      <testcase name="testSelectWhereBetweenOrBetween" class="test\Builder\Sql\Pgsql\FilterTest" classname="test.Builder.Sql.Pgsql.FilterTest" file="/mnt/c/Users/firei/www/query-mule/tests/Builder/Sql/Pgsql/FilterTest.php" line="132" assertions="2" time="0.001275"/>
      <testcase name="testSelectWhereBetweenAndBetween" class="test\Builder\Sql\Pgsql\FilterTest" classname="test.Builder.Sql.Pgsql.FilterTest" file="/mnt/c/Users/firei/www/query-mule/tests/Builder/Sql/Pgsql/FilterTest.php" line="139" assertions="2" time="0.001206"/>
      <testcase name="testSelectWhereNotBetween" class="test\Builder\Sql\Pgsql\FilterTest" classname="test.Builder.Sql.Pgsql.FilterTest" file="/mnt/c/Users/firei/www/query-mule/tests/Builder/Sql/Pgsql/FilterTest.php" line="146" assertions="2" time="0.001031"/>
      <testcase name="testSelectWhereNotBetweenOrNotBetween" class="test\Builder\Sql\Pgsql\FilterTest" classname="test.Builder.Sql.Pgsql.FilterTest" file="/mnt/c/Users/firei/www/query-mule/tests/Builder/Sql/Pgsql/FilterTest.php" line="153" assertions="2" time="0.001455"/>
      <testcase name="testSelectWhereNotBetweenAndNotBetween" class="test\Builder\Sql\Pgsql\FilterTest" classname="test.Builder.Sql.Pgsql.FilterTest" file="/mnt/c/Users/firei/www/query-mule/tests/Builder/Sql/Pgsql/FilterTest.php" line="160" assertions="2" time="0.001437"/>
      <testcase name="testSelectWhereExists" class="test\Builder\Sql\Pgsql\FilterTest" classname="test.Builder.Sql.Pgsql.FilterTest" file="/mnt/c/Users/firei/www/query-mule/tests/Builder/Sql/Pgsql/FilterTest.php" line="167" assertions="2" time="0.003244"/>
      <testcase name="testSelectWhereNotExists" class="test\Builder\Sql\Pgsql\FilterTest" classname="test.Builder.Sql.Pgsql.FilterTest" file="/mnt/c/Users/firei/www/query-mule/tests/Builder/Sql/Pgsql/FilterTest.php" line="179" assertions="2" time="0.003385"/>
      <testcase name="testSelectWhereExistsOrExists" class="test\Builder\Sql\Pgsql\FilterTest" classname="test.Builder.Sql.Pgsql.FilterTest" file="/mnt/c/Users/firei/www/query-mule/tests/Builder/Sql/Pgsql/FilterTest.php" line="191" assertions="2" time="0.004682"/>
      <testcase name="testSelectWhereNotExistsOrNotExists" class="test\Builder\Sql\Pgsql\FilterTest" classname="test.Builder.Sql.Pgsql.FilterTest" file="/mnt/c/Users/firei/www/query-mule/tests/Builder/Sql/Pgsql/FilterTest.php" line="204" assertions="2" time="0.004988"/>
      <testcase name="testSelectWhereExistsAndExists" class="test\Builder\Sql\Pgsql\FilterTest" classname="test.Builder.Sql.Pgsql.FilterTest" file="/mnt/c/Users/firei/www/query-mule/tests/Builder/Sql/Pgsql/FilterTest.php" line="217" assertions="2" time="0.004813"/>
      <testcase name="testSelectWhereNotExistsAndNotExists" class="test\Builder\Sql\Pgsql\FilterTest" classname="test.Builder.Sql.Pgsql.FilterTest" file="/mnt/c/Users/firei/www/query-mule/tests/Builder/Sql/Pgsql/FilterTest.php" line="230" assertions="2" time="0.004849"/>
    </testsuite>
    <testsuite name="test\Builder\Sql\Pgsql\SelectTest" file="/mnt/c/Users/firei/www/query-mule/tests/Builder/Sql/Pgsql/SelectTest.php" tests="10" assertions="10" errors="0" failures="0" skipped="0" time="0.020252">
      <testcase name="testSelect" class="test\Builder\Sql\Pgsql\SelectTest" classname="test.Builder.Sql.Pgsql.SelectTest" file="/mnt/c/Users/firei/www/query-mule/tests/Builder/Sql/Pgsql/SelectTest.php" line="41" assertions="1" time="0.000748"/>
      <testcase name="testIgnoreAlias" class="test\Builder\Sql\Pgsql\SelectTest" classname="test.Builder.Sql.Pgsql.SelectTest" file="/mnt/c/Users/firei/www/query-mule/tests/Builder/Sql/Pgsql/SelectTest.php" line="48" assertions="1" time="0.000962"/>
      <testcase name="testSelectCols" class="test\Builder\Sql\Pgsql\SelectTest" classname="test.Builder.Sql.Pgsql.SelectTest" file="/mnt/c/Users/firei/www/query-mule/tests/Builder/Sql/Pgsql/SelectTest.php" line="56" assertions="1" time="0.001020"/>
      <testcase name="testSelectColsWithAlias" class="test\Builder\Sql\Pgsql\SelectTest" classname="test.Builder.Sql.Pgsql.SelectTest" file="/mnt/c/Users/firei/www/query-mule/tests/Builder/Sql/Pgsql/SelectTest.php" line="65" assertions="1" time="0.001061"/>
      <testcase name="testSelectAllCols" class="test\Builder\Sql\Pgsql\SelectTest" classname="test.Builder.Sql.Pgsql.SelectTest" file="/mnt/c/Users/firei/www/query-mule/tests/Builder/Sql/Pgsql/SelectTest.php" line="74" assertions="1" time="0.000820"/>
      <testcase name="testSelectColsAs" class="test\Builder\Sql\Pgsql\SelectTest" classname="test.Builder.Sql.Pgsql.SelectTest" file="/mnt/c/Users/firei/www/query-mule/tests/Builder/Sql/Pgsql/SelectTest.php" line="83" assertions="1" time="0.001015"/>
      <testcase name="testSelectColsFrom" class="test\Builder\Sql\Pgsql\SelectTest" classname="test.Builder.Sql.Pgsql.SelectTest" file="/mnt/c/Users/firei/www/query-mule/tests/Builder/Sql/Pgsql/SelectTest.php" line="92" assertions="1" time="0.002603"/>
      <testcase name="testSelectColsFromWithAlias" class="test\Builder\Sql\Pgsql\SelectTest" classname="test.Builder.Sql.Pgsql.SelectTest" file="/mnt/c/Users/firei/www/query-mule/tests/Builder/Sql/Pgsql/SelectTest.php" line="105" assertions="1" time="0.002696"/>
      <testcase name="testSelectWhereFilterCall" class="test\Builder\Sql\Pgsql\SelectTest" classname="test.Builder.Sql.Pgsql.SelectTest" file="/mnt/c/Users/firei/www/query-mule/tests/Builder/Sql/Pgsql/SelectTest.php" line="118" assertions="1" time="0.004669"/>
      <testcase name="testSelectOrWhereFilterCall" class="test\Builder\Sql\Pgsql\SelectTest" classname="test.Builder.Sql.Pgsql.SelectTest" file="/mnt/c/Users/firei/www/query-mule/tests/Builder/Sql/Pgsql/SelectTest.php" line="136" assertions="1" time="0.004659"/>
    </testsuite>
    <testsuite name="test\Builder\Sql\Sqlite\FilterTest" file="/mnt/c/Users/firei/www/query-mule/tests/Builder/Sql/Sqlite/FilterTest.php" tests="24" assertions="48" errors="0" failures="0" skipped="0" time="0.048949">
      <testcase name="testSelectWhere" class="test\Builder\Sql\Sqlite\FilterTest" classname="test.Builder.Sql.Sqlite.FilterTest" file="/mnt/c/Users/firei/www/query-mule/tests/Builder/Sql/Sqlite/FilterTest.php" line="33" assertions="2" time="0.000948"/>
      <testcase name="testSelectWhereWithAlias" class="test\Builder\Sql\Sqlite\FilterTest" classname="test.Builder.Sql.Sqlite.FilterTest" file="/mnt/c/Users/firei/www/query-mule/tests/Builder/Sql/Sqlite/FilterTest.php" line="40" assertions="2" time="0.000931"/>
      <testcase name="testSelectWhereAndNestedWhere" class="test\Builder\Sql\Sqlite\FilterTest" classname="test.Builder.Sql.Sqlite.FilterTest" file="/mnt/c/Users/firei/www/query-mule/tests/Builder/Sql/Sqlite/FilterTest.php" line="47" assertions="2" time="0.001941"/>
      <testcase name="testSelectWhereAndWhere" class="test\Builder\Sql\Sqlite\FilterTest" classname="test.Builder.Sql.Sqlite.FilterTest" file="/mnt/c/Users/firei/www/query-mule/tests/Builder/Sql/Sqlite/FilterTest.php" line="61" assertions="2" time="0.001145"/>
      <testcase name="testSelectWhereOrWhere" class="test\Builder\Sql\Sqlite\FilterTest" classname="test.Builder.Sql.Sqlite.FilterTest" file="/mnt/c/Users/firei/www/query-mule/tests/Builder/Sql/Sqlite/FilterTest.php" line="68" assertions="2" time="0.001238"/>
      <testcase name="testSelectWhereIn" class="test\Builder\Sql\Sqlite\FilterTest" classname="test.Builder.Sql.Sqlite.FilterTest" file="/mnt/c/Users/firei/www/query-mule/tests/Builder/Sql/Sqlite/FilterTest.php" line="75" assertions="2" time="0.000946"/>
      <testcase name="testSelectWhereInOrIn" class="test\Builder\Sql\Sqlite\FilterTest" classname="test.Builder.Sql.Sqlite.FilterTest" file="/mnt/c/Users/firei/www/query-mule/tests/Builder/Sql/Sqlite/FilterTest.php" line="82" assertions="2" time="0.001283"/>
      <testcase name="testSelectWhereNotIn" class="test\Builder\Sql\Sqlite\FilterTest" classname="test.Builder.Sql.Sqlite.FilterTest" file="/mnt/c/Users/firei/www/query-mule/tests/Builder/Sql/Sqlite/FilterTest.php" line="89" assertions="2" time="0.001081"/>
      <testcase name="testSelectWhereNotInAndIn" class="test\Builder\Sql\Sqlite\FilterTest" classname="test.Builder.Sql.Sqlite.FilterTest" file="/mnt/c/Users/firei/www/query-mule/tests/Builder/Sql/Sqlite/FilterTest.php" line="96" assertions="2" time="0.001414"/>
      <testcase name="testSelectWhereNotInOrIn" class="test\Builder\Sql\Sqlite\FilterTest" classname="test.Builder.Sql.Sqlite.FilterTest" file="/mnt/c/Users/firei/www/query-mule/tests/Builder/Sql/Sqlite/FilterTest.php" line="103" assertions="2" time="0.001433"/>
      <testcase name="testSelectWhereNot" class="test\Builder\Sql\Sqlite\FilterTest" classname="test.Builder.Sql.Sqlite.FilterTest" file="/mnt/c/Users/firei/www/query-mule/tests/Builder/Sql/Sqlite/FilterTest.php" line="110" assertions="2" time="0.001078"/>
      <testcase name="testSelectWhereNotAndNot" class="test\Builder\Sql\Sqlite\FilterTest" classname="test.Builder.Sql.Sqlite.FilterTest" file="/mnt/c/Users/firei/www/query-mule/tests/Builder/Sql/Sqlite/FilterTest.php" line="117" assertions="2" time="0.001580"/>
      <testcase name="testSelectWhereBetween" class="test\Builder\Sql\Sqlite\FilterTest" classname="test.Builder.Sql.Sqlite.FilterTest" file="/mnt/c/Users/firei/www/query-mule/tests/Builder/Sql/Sqlite/FilterTest.php" line="124" assertions="2" time="0.000970"/>
      <testcase name="testSelectWhereBetweenOrBetween" class="test\Builder\Sql\Sqlite\FilterTest" classname="test.Builder.Sql.Sqlite.FilterTest" file="/mnt/c/Users/firei/www/query-mule/tests/Builder/Sql/Sqlite/FilterTest.php" line="131" assertions="2" time="0.001220"/>
      <testcase name="testSelectWhereBetweenAndBetween" class="test\Builder\Sql\Sqlite\FilterTest" classname="test.Builder.Sql.Sqlite.FilterTest" file="/mnt/c/Users/firei/www/query-mule/tests/Builder/Sql/Sqlite/FilterTest.php" line="138" assertions="2" time="0.001887"/>
      <testcase name="testSelectWhereNotBetween" class="test\Builder\Sql\Sqlite\FilterTest" classname="test.Builder.Sql.Sqlite.FilterTest" file="/mnt/c/Users/firei/www/query-mule/tests/Builder/Sql/Sqlite/FilterTest.php" line="145" assertions="2" time="0.001098"/>
      <testcase name="testSelectWhereNotBetweenOrNotBetween" class="test\Builder\Sql\Sqlite\FilterTest" classname="test.Builder.Sql.Sqlite.FilterTest" file="/mnt/c/Users/firei/www/query-mule/tests/Builder/Sql/Sqlite/FilterTest.php" line="152" assertions="2" time="0.001453"/>
      <testcase name="testSelectWhereNotBetweenAndNotBetween" class="test\Builder\Sql\Sqlite\FilterTest" classname="test.Builder.Sql.Sqlite.FilterTest" file="/mnt/c/Users/firei/www/query-mule/tests/Builder/Sql/Sqlite/FilterTest.php" line="159" assertions="2" time="0.001390"/>
      <testcase name="testSelectWhereExists" class="test\Builder\Sql\Sqlite\FilterTest" classname="test.Builder.Sql.Sqlite.FilterTest" file="/mnt/c/Users/firei/www/query-mule/tests/Builder/Sql/Sqlite/FilterTest.php" line="166" assertions="2" time="0.003207"/>
      <testcase name="testSelectWhereNotExists" class="test\Builder\Sql\Sqlite\FilterTest" classname="test.Builder.Sql.Sqlite.FilterTest" file="/mnt/c/Users/firei/www/query-mule/tests/Builder/Sql/Sqlite/FilterTest.php" line="178" assertions="2" time="0.003295"/>
      <testcase name="testSelectWhereExistsOrExists" class="test\Builder\Sql\Sqlite\FilterTest" classname="test.Builder.Sql.Sqlite.FilterTest" file="/mnt/c/Users/firei/www/query-mule/tests/Builder/Sql/Sqlite/FilterTest.php" line="190" assertions="2" time="0.004664"/>
      <testcase name="testSelectWhereNotExistsOrNotExists" class="test\Builder\Sql\Sqlite\FilterTest" classname="test.Builder.Sql.Sqlite.FilterTest" file="/mnt/c/Users/firei/www/query-mule/tests/Builder/Sql/Sqlite/FilterTest.php" line="203" assertions="2" time="0.005035"/>
      <testcase name="testSelectWhereExistsAndExists" class="test\Builder\Sql\Sqlite\FilterTest" classname="test.Builder.Sql.Sqlite.FilterTest" file="/mnt/c/Users/firei/www/query-mule/tests/Builder/Sql/Sqlite/FilterTest.php" line="216" assertions="2" time="0.004778"/>
      <testcase name="testSelectWhereNotExistsAndNotExists" class="test\Builder\Sql\Sqlite\FilterTest" classname="test.Builder.Sql.Sqlite.FilterTest" file="/mnt/c/Users/firei/www/query-mule/tests/Builder/Sql/Sqlite/FilterTest.php" line="229" assertions="2" time="0.004934"/>
    </testsuite>
    <testsuite name="test\Builder\Sql\Sqlite\SelectTest" file="/mnt/c/Users/firei/www/query-mule/tests/Builder/Sql/Sqlite/SelectTest.php" tests="10" assertions="10" errors="0" failures="0" skipped="0" time="0.020299">
      <testcase name="testSelect" class="test\Builder\Sql\Sqlite\SelectTest" classname="test.Builder.Sql.Sqlite.SelectTest" file="/mnt/c/Users/firei/www/query-mule/tests/Builder/Sql/Sqlite/SelectTest.php" line="35" assertions="1" time="0.000751"/>
      <testcase name="testIgnoreAlias" class="test\Builder\Sql\Sqlite\SelectTest" classname="test.Builder.Sql.Sqlite.SelectTest" file="/mnt/c/Users/firei/www/query-mule/tests/Builder/Sql/Sqlite/SelectTest.php" line="42" assertions="1" time="0.000955"/>
      <testcase name="testSelectCols" class="test\Builder\Sql\Sqlite\SelectTest" classname="test.Builder.Sql.Sqlite.SelectTest" file="/mnt/c/Users/firei/www/query-mule/tests/Builder/Sql/Sqlite/SelectTest.php" line="50" assertions="1" time="0.000963"/>
      <testcase name="testSelectColsWithAlias" class="test\Builder\Sql\Sqlite\SelectTest" classname="test.Builder.Sql.Sqlite.SelectTest" file="/mnt/c/Users/firei/www/query-mule/tests/Builder/Sql/Sqlite/SelectTest.php" line="59" assertions="1" time="0.000960"/>
      <testcase name="testSelectAllCols" class="test\Builder\Sql\Sqlite\SelectTest" classname="test.Builder.Sql.Sqlite.SelectTest" file="/mnt/c/Users/firei/www/query-mule/tests/Builder/Sql/Sqlite/SelectTest.php" line="68" assertions="1" time="0.000898"/>
      <testcase name="testSelectColsAs" class="test\Builder\Sql\Sqlite\SelectTest" classname="test.Builder.Sql.Sqlite.SelectTest" file="/mnt/c/Users/firei/www/query-mule/tests/Builder/Sql/Sqlite/SelectTest.php" line="77" assertions="1" time="0.000964"/>
      <testcase name="testSelectColsFrom" class="test\Builder\Sql\Sqlite\SelectTest" classname="test.Builder.Sql.Sqlite.SelectTest" file="/mnt/c/Users/firei/www/query-mule/tests/Builder/Sql/Sqlite/SelectTest.php" line="86" assertions="1" time="0.002663"/>
      <testcase name="testSelectColsFromWithAlias" class="test\Builder\Sql\Sqlite\SelectTest" classname="test.Builder.Sql.Sqlite.SelectTest" file="/mnt/c/Users/firei/www/query-mule/tests/Builder/Sql/Sqlite/SelectTest.php" line="99" assertions="1" time="0.002682"/>
      <testcase name="testSelectWhereFilterCall" class="test\Builder\Sql\Sqlite\SelectTest" classname="test.Builder.Sql.Sqlite.SelectTest" file="/mnt/c/Users/firei/www/query-mule/tests/Builder/Sql/Sqlite/SelectTest.php" line="112" assertions="1" time="0.004768"/>
      <testcase name="testSelectOrWhereFilterCall" class="test\Builder\Sql\Sqlite\SelectTest" classname="test.Builder.Sql.Sqlite.SelectTest" file="/mnt/c/Users/firei/www/query-mule/tests/Builder/Sql/Sqlite/SelectTest.php" line="130" assertions="1" time="0.004695"/>
    </testsuite>
    <testsuite name="test\Query\Repository\Table\TableTest" file="/mnt/c/Users/firei/www/query-mule/tests/Query/Repository/Table/TableTest.php" tests="4" assertions="7" errors="0" failures="0" skipped="0" time="0.024873">
      <testcase name="testMake" class="test\Query\Repository\Table\TableTest" classname="test.Query.Repository.Table.TableTest" file="/mnt/c/Users/firei/www/query-mule/tests/Query/Repository/Table/TableTest.php" line="22" assertions="1" time="0.015901"/>
      <testcase name="testSetName" class="test\Query\Repository\Table\TableTest" classname="test.Query.Repository.Table.TableTest" file="/mnt/c/Users/firei/www/query-mule/tests/Query/Repository/Table/TableTest.php" line="29" assertions="1" time="0.001760"/>
      <testcase name="testFilter" class="test\Query\Repository\Table\TableTest" classname="test.Query.Repository.Table.TableTest" file="/mnt/c/Users/firei/www/query-mule/tests/Query/Repository/Table/TableTest.php" line="39" assertions="3" time="0.003465"/>
      <testcase name="testSelect" class="test\Query\Repository\Table\TableTest" classname="test.Query.Repository.Table.TableTest" file="/mnt/c/Users/firei/www/query-mule/tests/Query/Repository/Table/TableTest.php" line="54" assertions="2" time="0.003747"/>
    </testsuite>
    <testsuite name="test\Builder\Sql\Mysql\ComparisionTest" file="/mnt/c/Users/firei/www/query-mule/tests/Query/Sql/Operator/ComparisionTest.php" tests="2" assertions="4" errors="0" failures="0" skipped="0" time="0.001433">
      <testcase name="testEqualTo" class="test\Builder\Sql\Mysql\ComparisionTest" classname="test.Builder.Sql.Mysql.ComparisionTest" file="/mnt/c/Users/firei/www/query-mule/tests/Query/Sql/Operator/ComparisionTest.php" line="31" assertions="2" time="0.000685"/>
      <testcase name="testEqualToSql" class="test\Builder\Sql\Mysql\ComparisionTest" classname="test.Builder.Sql.Mysql.ComparisionTest" file="/mnt/c/Users/firei/www/query-mule/tests/Query/Sql/Operator/ComparisionTest.php" line="39" assertions="2" time="0.000748"/>
    </testsuite>
    <testsuite name="test\Query\Sql\SqlTest" file="/mnt/c/Users/firei/www/query-mule/tests/Query/Sql/SqlTest.php" tests="2" assertions="2" errors="0" failures="0" skipped="0" time="0.001196">
      <testcase name="testSql" class="test\Query\Sql\SqlTest" classname="test.Query.Sql.SqlTest" file="/mnt/c/Users/firei/www/query-mule/tests/Query/Sql/SqlTest.php" line="15" assertions="1" time="0.000617"/>
      <testcase name="testParameters" class="test\Query\Sql\SqlTest" classname="test.Query.Sql.SqlTest" file="/mnt/c/Users/firei/www/query-mule/tests/Query/Sql/SqlTest.php" line="21" assertions="1" time="0.000579"/>
    </testsuite>
  </testsuite>
</testsuites>
