<?xml version="1.0" encoding="UTF-8"?>
<testsuites>
  <testsuite name="" tests="145" assertions="274" errors="2" failures="0" skipped="0" time="0.422499">
    <testsuite name="test\Builder\Sql\MySql\ConfigTest" file="/mnt/c/Users/firei/www/query-mule/tests/Builder/Connection/ConfigTest.php" tests="1" assertions="1" errors="0" failures="0" skipped="0" time="0.002347">
      <testcase name="testInvalidConfig" class="test\Builder\Sql\MySql\ConfigTest" classname="test.Builder.Sql.MySql.ConfigTest" file="/mnt/c/Users/firei/www/query-mule/tests/Builder/Connection/ConfigTest.php" line="34" assertions="1" time="0.002347"/>
    </testsuite>
    <testsuite name="test\Builder\Sql\MySql\MysqliDriverTest" file="/mnt/c/Users/firei/www/query-mule/tests/Builder/Connection/Driver/MysqliDriverTest.php" tests="9" assertions="26" errors="0" failures="0" skipped="0" time="0.063174">
      <testcase name="testBindParameters" class="test\Builder\Sql\MySql\MysqliDriverTest" classname="test.Builder.Sql.MySql.MysqliDriverTest" file="/mnt/c/Users/firei/www/query-mule/tests/Builder/Connection/Driver/MysqliDriverTest.php" line="21" assertions="3" time="0.023227"/>
      <testcase name="testExecutionErrorLogged" class="test\Builder\Sql\MySql\MysqliDriverTest" classname="test.Builder.Sql.MySql.MysqliDriverTest" file="/mnt/c/Users/firei/www/query-mule/tests/Builder/Connection/Driver/MysqliDriverTest.php" line="53" assertions="4" time="0.005391"/>
      <testcase name="testFetch" class="test\Builder\Sql\MySql\MysqliDriverTest" classname="test.Builder.Sql.MySql.MysqliDriverTest" file="/mnt/c/Users/firei/www/query-mule/tests/Builder/Connection/Driver/MysqliDriverTest.php" line="79" assertions="4" time="0.007676"/>
      <testcase name="testFetchAll" class="test\Builder\Sql\MySql\MysqliDriverTest" classname="test.Builder.Sql.MySql.MysqliDriverTest" file="/mnt/c/Users/firei/www/query-mule/tests/Builder/Connection/Driver/MysqliDriverTest.php" line="115" assertions="4" time="0.007191"/>
      <testcase name="testCacheSet" class="test\Builder\Sql\MySql\MysqliDriverTest" classname="test.Builder.Sql.MySql.MysqliDriverTest" file="/mnt/c/Users/firei/www/query-mule/tests/Builder/Connection/Driver/MysqliDriverTest.php" line="151" assertions="4" time="0.011255"/>
      <testcase name="testCacheGet" class="test\Builder\Sql\MySql\MysqliDriverTest" classname="test.Builder.Sql.MySql.MysqliDriverTest" file="/mnt/c/Users/firei/www/query-mule/tests/Builder/Connection/Driver/MysqliDriverTest.php" line="188" assertions="2" time="0.003601"/>
      <testcase name="testFilter" class="test\Builder\Sql\MySql\MysqliDriverTest" classname="test.Builder.Sql.MySql.MysqliDriverTest" file="/mnt/c/Users/firei/www/query-mule/tests/Builder/Connection/Driver/MysqliDriverTest.php" line="204" assertions="1" time="0.001379"/>
      <testcase name="testSelect" class="test\Builder\Sql\MySql\MysqliDriverTest" classname="test.Builder.Sql.MySql.MysqliDriverTest" file="/mnt/c/Users/firei/www/query-mule/tests/Builder/Connection/Driver/MysqliDriverTest.php" line="215" assertions="2" time="0.001920"/>
      <testcase name="testStatement" class="test\Builder\Sql\MySql\MysqliDriverTest" classname="test.Builder.Sql.MySql.MysqliDriverTest" file="/mnt/c/Users/firei/www/query-mule/tests/Builder/Connection/Driver/MysqliDriverTest.php" line="233" assertions="2" time="0.001534"/>
    </testsuite>
    <testsuite name="test\Builder\Sql\MySql\PdoDriverTest" file="/mnt/c/Users/firei/www/query-mule/tests/Builder/Connection/Driver/PdoDriverTest.php" tests="16" assertions="45" errors="0" failures="0" skipped="0" time="0.051222">
      <testcase name="testExecutionErrorLogged" class="test\Builder\Sql\MySql\PdoDriverTest" classname="test.Builder.Sql.MySql.PdoDriverTest" file="/mnt/c/Users/firei/www/query-mule/tests/Builder/Connection/Driver/PdoDriverTest.php" line="22" assertions="4" time="0.009435"/>
      <testcase name="testFetch" class="test\Builder\Sql\MySql\PdoDriverTest" classname="test.Builder.Sql.MySql.PdoDriverTest" file="/mnt/c/Users/firei/www/query-mule/tests/Builder/Connection/Driver/PdoDriverTest.php" line="46" assertions="4" time="0.005428"/>
      <testcase name="testFetchAll" class="test\Builder\Sql\MySql\PdoDriverTest" classname="test.Builder.Sql.MySql.PdoDriverTest" file="/mnt/c/Users/firei/www/query-mule/tests/Builder/Connection/Driver/PdoDriverTest.php" line="71" assertions="4" time="0.005496"/>
      <testcase name="testCacheSet" class="test\Builder\Sql\MySql\PdoDriverTest" classname="test.Builder.Sql.MySql.PdoDriverTest" file="/mnt/c/Users/firei/www/query-mule/tests/Builder/Connection/Driver/PdoDriverTest.php" line="96" assertions="4" time="0.005356"/>
      <testcase name="testCacheGet" class="test\Builder\Sql\MySql\PdoDriverTest" classname="test.Builder.Sql.MySql.PdoDriverTest" file="/mnt/c/Users/firei/www/query-mule/tests/Builder/Connection/Driver/PdoDriverTest.php" line="122" assertions="2" time="0.003628"/>
      <testcase name="testFilterSqlite" class="test\Builder\Sql\MySql\PdoDriverTest" classname="test.Builder.Sql.MySql.PdoDriverTest" file="/mnt/c/Users/firei/www/query-mule/tests/Builder/Connection/Driver/PdoDriverTest.php" line="138" assertions="2" time="0.001840"/>
      <testcase name="testFilterMysql" class="test\Builder\Sql\MySql\PdoDriverTest" classname="test.Builder.Sql.MySql.PdoDriverTest" file="/mnt/c/Users/firei/www/query-mule/tests/Builder/Connection/Driver/PdoDriverTest.php" line="150" assertions="2" time="0.001802"/>
      <testcase name="testFilterPostgres" class="test\Builder\Sql\MySql\PdoDriverTest" classname="test.Builder.Sql.MySql.PdoDriverTest" file="/mnt/c/Users/firei/www/query-mule/tests/Builder/Connection/Driver/PdoDriverTest.php" line="162" assertions="2" time="0.001798"/>
      <testcase name="testFilterError" class="test\Builder\Sql\MySql\PdoDriverTest" classname="test.Builder.Sql.MySql.PdoDriverTest" file="/mnt/c/Users/firei/www/query-mule/tests/Builder/Connection/Driver/PdoDriverTest.php" line="174" assertions="2" time="0.001863"/>
      <testcase name="testSelectSqlite" class="test\Builder\Sql\MySql\PdoDriverTest" classname="test.Builder.Sql.MySql.PdoDriverTest" file="/mnt/c/Users/firei/www/query-mule/tests/Builder/Connection/Driver/PdoDriverTest.php" line="187" assertions="3" time="0.002352"/>
      <testcase name="testSelectMysql" class="test\Builder\Sql\MySql\PdoDriverTest" classname="test.Builder.Sql.MySql.PdoDriverTest" file="/mnt/c/Users/firei/www/query-mule/tests/Builder/Connection/Driver/PdoDriverTest.php" line="206" assertions="3" time="0.002279"/>
      <testcase name="testSelectPostgres" class="test\Builder\Sql\MySql\PdoDriverTest" classname="test.Builder.Sql.MySql.PdoDriverTest" file="/mnt/c/Users/firei/www/query-mule/tests/Builder/Connection/Driver/PdoDriverTest.php" line="225" assertions="3" time="0.002416"/>
      <testcase name="testSelectError" class="test\Builder\Sql\MySql\PdoDriverTest" classname="test.Builder.Sql.MySql.PdoDriverTest" file="/mnt/c/Users/firei/www/query-mule/tests/Builder/Connection/Driver/PdoDriverTest.php" line="244" assertions="1" time="0.001591"/>
      <testcase name="testStatementSqlite" class="test\Builder\Sql\MySql\PdoDriverTest" classname="test.Builder.Sql.MySql.PdoDriverTest" file="/mnt/c/Users/firei/www/query-mule/tests/Builder/Connection/Driver/PdoDriverTest.php" line="256" assertions="3" time="0.001988"/>
      <testcase name="testStatementMysql" class="test\Builder\Sql\MySql\PdoDriverTest" classname="test.Builder.Sql.MySql.PdoDriverTest" file="/mnt/c/Users/firei/www/query-mule/tests/Builder/Connection/Driver/PdoDriverTest.php" line="271" assertions="3" time="0.001950"/>
      <testcase name="testStatementPostgres" class="test\Builder\Sql\MySql\PdoDriverTest" classname="test.Builder.Sql.MySql.PdoDriverTest" file="/mnt/c/Users/firei/www/query-mule/tests/Builder/Connection/Driver/PdoDriverTest.php" line="286" assertions="3" time="0.002000"/>
    </testsuite>
    <testsuite name="test\Builder\Sql\MySql\FilterTest" file="/mnt/c/Users/firei/www/query-mule/tests/Builder/Sql/Mysql/FilterTest.php" tests="24" assertions="48" errors="0" failures="0" skipped="0" time="0.057466">
      <testcase name="testSelectWhere" class="test\Builder\Sql\MySql\FilterTest" classname="test.Builder.Sql.MySql.FilterTest" file="/mnt/c/Users/firei/www/query-mule/tests/Builder/Sql/Mysql/FilterTest.php" line="33" assertions="2" time="0.000948"/>
      <testcase name="testSelectWhereWithAlias" class="test\Builder\Sql\MySql\FilterTest" classname="test.Builder.Sql.MySql.FilterTest" file="/mnt/c/Users/firei/www/query-mule/tests/Builder/Sql/Mysql/FilterTest.php" line="40" assertions="2" time="0.000941"/>
      <testcase name="testSelectWhereAndNestedWhere" class="test\Builder\Sql\MySql\FilterTest" classname="test.Builder.Sql.MySql.FilterTest" file="/mnt/c/Users/firei/www/query-mule/tests/Builder/Sql/Mysql/FilterTest.php" line="47" assertions="2" time="0.001998"/>
      <testcase name="testSelectWhereAndWhere" class="test\Builder\Sql\MySql\FilterTest" classname="test.Builder.Sql.MySql.FilterTest" file="/mnt/c/Users/firei/www/query-mule/tests/Builder/Sql/Mysql/FilterTest.php" line="61" assertions="2" time="0.001220"/>
      <testcase name="testSelectWhereOrWhere" class="test\Builder\Sql\MySql\FilterTest" classname="test.Builder.Sql.MySql.FilterTest" file="/mnt/c/Users/firei/www/query-mule/tests/Builder/Sql/Mysql/FilterTest.php" line="68" assertions="2" time="0.001194"/>
      <testcase name="testSelectWhereIn" class="test\Builder\Sql\MySql\FilterTest" classname="test.Builder.Sql.MySql.FilterTest" file="/mnt/c/Users/firei/www/query-mule/tests/Builder/Sql/Mysql/FilterTest.php" line="75" assertions="2" time="0.000940"/>
      <testcase name="testSelectWhereInOrIn" class="test\Builder\Sql\MySql\FilterTest" classname="test.Builder.Sql.MySql.FilterTest" file="/mnt/c/Users/firei/www/query-mule/tests/Builder/Sql/Mysql/FilterTest.php" line="82" assertions="2" time="0.001254"/>
      <testcase name="testSelectWhereNotIn" class="test\Builder\Sql\MySql\FilterTest" classname="test.Builder.Sql.MySql.FilterTest" file="/mnt/c/Users/firei/www/query-mule/tests/Builder/Sql/Mysql/FilterTest.php" line="89" assertions="2" time="0.001096"/>
      <testcase name="testSelectWhereNotInAndIn" class="test\Builder\Sql\MySql\FilterTest" classname="test.Builder.Sql.MySql.FilterTest" file="/mnt/c/Users/firei/www/query-mule/tests/Builder/Sql/Mysql/FilterTest.php" line="96" assertions="2" time="0.001398"/>
      <testcase name="testSelectWhereNotInOrIn" class="test\Builder\Sql\MySql\FilterTest" classname="test.Builder.Sql.MySql.FilterTest" file="/mnt/c/Users/firei/www/query-mule/tests/Builder/Sql/Mysql/FilterTest.php" line="103" assertions="2" time="0.001389"/>
      <testcase name="testSelectWhereNot" class="test\Builder\Sql\MySql\FilterTest" classname="test.Builder.Sql.MySql.FilterTest" file="/mnt/c/Users/firei/www/query-mule/tests/Builder/Sql/Mysql/FilterTest.php" line="110" assertions="2" time="0.001027"/>
      <testcase name="testSelectWhereNotAndNot" class="test\Builder\Sql\MySql\FilterTest" classname="test.Builder.Sql.MySql.FilterTest" file="/mnt/c/Users/firei/www/query-mule/tests/Builder/Sql/Mysql/FilterTest.php" line="117" assertions="2" time="0.001424"/>
      <testcase name="testSelectWhereBetween" class="test\Builder\Sql\MySql\FilterTest" classname="test.Builder.Sql.MySql.FilterTest" file="/mnt/c/Users/firei/www/query-mule/tests/Builder/Sql/Mysql/FilterTest.php" line="124" assertions="2" time="0.000957"/>
      <testcase name="testSelectWhereBetweenOrBetween" class="test\Builder\Sql\MySql\FilterTest" classname="test.Builder.Sql.MySql.FilterTest" file="/mnt/c/Users/firei/www/query-mule/tests/Builder/Sql/Mysql/FilterTest.php" line="131" assertions="2" time="0.001218"/>
      <testcase name="testSelectWhereBetweenAndBetween" class="test\Builder\Sql\MySql\FilterTest" classname="test.Builder.Sql.MySql.FilterTest" file="/mnt/c/Users/firei/www/query-mule/tests/Builder/Sql/Mysql/FilterTest.php" line="138" assertions="2" time="0.001202"/>
      <testcase name="testSelectWhereNotBetween" class="test\Builder\Sql\MySql\FilterTest" classname="test.Builder.Sql.MySql.FilterTest" file="/mnt/c/Users/firei/www/query-mule/tests/Builder/Sql/Mysql/FilterTest.php" line="145" assertions="2" time="0.001192"/>
      <testcase name="testSelectWhereNotBetweenOrNotBetween" class="test\Builder\Sql\MySql\FilterTest" classname="test.Builder.Sql.MySql.FilterTest" file="/mnt/c/Users/firei/www/query-mule/tests/Builder/Sql/Mysql/FilterTest.php" line="152" assertions="2" time="0.001401"/>
      <testcase name="testSelectWhereNotBetweenAndNotBetween" class="test\Builder\Sql\MySql\FilterTest" classname="test.Builder.Sql.MySql.FilterTest" file="/mnt/c/Users/firei/www/query-mule/tests/Builder/Sql/Mysql/FilterTest.php" line="159" assertions="2" time="0.001365"/>
      <testcase name="testSelectWhereExists" class="test\Builder\Sql\MySql\FilterTest" classname="test.Builder.Sql.MySql.FilterTest" file="/mnt/c/Users/firei/www/query-mule/tests/Builder/Sql/Mysql/FilterTest.php" line="166" assertions="2" time="0.012787"/>
      <testcase name="testSelectWhereNotExists" class="test\Builder\Sql\MySql\FilterTest" classname="test.Builder.Sql.MySql.FilterTest" file="/mnt/c/Users/firei/www/query-mule/tests/Builder/Sql/Mysql/FilterTest.php" line="178" assertions="2" time="0.003301"/>
      <testcase name="testSelectWhereExistsOrExists" class="test\Builder\Sql\MySql\FilterTest" classname="test.Builder.Sql.MySql.FilterTest" file="/mnt/c/Users/firei/www/query-mule/tests/Builder/Sql/Mysql/FilterTest.php" line="190" assertions="2" time="0.004813"/>
      <testcase name="testSelectWhereNotExistsOrNotExists" class="test\Builder\Sql\MySql\FilterTest" classname="test.Builder.Sql.MySql.FilterTest" file="/mnt/c/Users/firei/www/query-mule/tests/Builder/Sql/Mysql/FilterTest.php" line="203" assertions="2" time="0.004833"/>
      <testcase name="testSelectWhereExistsAndExists" class="test\Builder\Sql\MySql\FilterTest" classname="test.Builder.Sql.MySql.FilterTest" file="/mnt/c/Users/firei/www/query-mule/tests/Builder/Sql/Mysql/FilterTest.php" line="216" assertions="2" time="0.004766"/>
      <testcase name="testSelectWhereNotExistsAndNotExists" class="test\Builder\Sql\MySql\FilterTest" classname="test.Builder.Sql.MySql.FilterTest" file="/mnt/c/Users/firei/www/query-mule/tests/Builder/Sql/Mysql/FilterTest.php" line="229" assertions="2" time="0.004802"/>
    </testsuite>
    <testsuite name="test\Builder\Sql\Mysql\SelectTest" file="/mnt/c/Users/firei/www/query-mule/tests/Builder/Sql/Mysql/SelectTest.php" tests="21" assertions="29" errors="2" failures="0" skipped="0" time="0.066057">
      <testcase name="testSelect" class="test\Builder\Sql\Mysql\SelectTest" classname="test.Builder.Sql.Mysql.SelectTest" file="/mnt/c/Users/firei/www/query-mule/tests/Builder/Sql/Mysql/SelectTest.php" line="35" assertions="1" time="0.000811"/>
      <testcase name="testIgnoreAlias" class="test\Builder\Sql\Mysql\SelectTest" classname="test.Builder.Sql.Mysql.SelectTest" file="/mnt/c/Users/firei/www/query-mule/tests/Builder/Sql/Mysql/SelectTest.php" line="42" assertions="1" time="0.001050"/>
      <testcase name="testSelectCols" class="test\Builder\Sql\Mysql\SelectTest" classname="test.Builder.Sql.Mysql.SelectTest" file="/mnt/c/Users/firei/www/query-mule/tests/Builder/Sql/Mysql/SelectTest.php" line="50" assertions="1" time="0.001002"/>
      <testcase name="testSelectColsWithAlias" class="test\Builder\Sql\Mysql\SelectTest" classname="test.Builder.Sql.Mysql.SelectTest" file="/mnt/c/Users/firei/www/query-mule/tests/Builder/Sql/Mysql/SelectTest.php" line="59" assertions="1" time="0.001071"/>
      <testcase name="testSelectAllCols" class="test\Builder\Sql\Mysql\SelectTest" classname="test.Builder.Sql.Mysql.SelectTest" file="/mnt/c/Users/firei/www/query-mule/tests/Builder/Sql/Mysql/SelectTest.php" line="68" assertions="1" time="0.000868"/>
      <testcase name="testSelectColsAs" class="test\Builder\Sql\Mysql\SelectTest" classname="test.Builder.Sql.Mysql.SelectTest" file="/mnt/c/Users/firei/www/query-mule/tests/Builder/Sql/Mysql/SelectTest.php" line="77" assertions="1" time="0.001027"/>
      <testcase name="testSelectColsFrom" class="test\Builder\Sql\Mysql\SelectTest" classname="test.Builder.Sql.Mysql.SelectTest" file="/mnt/c/Users/firei/www/query-mule/tests/Builder/Sql/Mysql/SelectTest.php" line="86" assertions="1" time="0.002577"/>
      <testcase name="testSelectColsFromWithAlias" class="test\Builder\Sql\Mysql\SelectTest" classname="test.Builder.Sql.Mysql.SelectTest" file="/mnt/c/Users/firei/www/query-mule/tests/Builder/Sql/Mysql/SelectTest.php" line="99" assertions="1" time="0.002674"/>
      <testcase name="testSelectWhere" class="test\Builder\Sql\Mysql\SelectTest" classname="test.Builder.Sql.Mysql.SelectTest" file="/mnt/c/Users/firei/www/query-mule/tests/Builder/Sql/Mysql/SelectTest.php" line="112" assertions="3" time="0.012046"/>
      <testcase name="testSelectWhereOrWhere" class="test\Builder\Sql\Mysql\SelectTest" classname="test.Builder.Sql.Mysql.SelectTest" file="/mnt/c/Users/firei/www/query-mule/tests/Builder/Sql/Mysql/SelectTest.php" line="137" assertions="3" time="0.006255"/>
      <testcase name="testSelectWhereAndWhere" class="test\Builder\Sql\Mysql\SelectTest" classname="test.Builder.Sql.Mysql.SelectTest" file="/mnt/c/Users/firei/www/query-mule/tests/Builder/Sql/Mysql/SelectTest.php" line="163" assertions="3" time="0.005107"/>
      <testcase name="testSelectColsFromGroupBy" class="test\Builder\Sql\Mysql\SelectTest" classname="test.Builder.Sql.Mysql.SelectTest" file="/mnt/c/Users/firei/www/query-mule/tests/Builder/Sql/Mysql/SelectTest.php" line="188" assertions="1" time="0.002691"/>
      <testcase name="testSelectColsFromGroupByWithAlias" class="test\Builder\Sql\Mysql\SelectTest" classname="test.Builder.Sql.Mysql.SelectTest" file="/mnt/c/Users/firei/www/query-mule/tests/Builder/Sql/Mysql/SelectTest.php" line="202" assertions="1" time="0.002724"/>
      <testcase name="testSelectColsFromOrderBy" class="test\Builder\Sql\Mysql\SelectTest" classname="test.Builder.Sql.Mysql.SelectTest" file="/mnt/c/Users/firei/www/query-mule/tests/Builder/Sql/Mysql/SelectTest.php" line="216" assertions="1" time="0.002806"/>
      <testcase name="testSelectColsFromOrderByWithAlias" class="test\Builder\Sql\Mysql\SelectTest" classname="test.Builder.Sql.Mysql.SelectTest" file="/mnt/c/Users/firei/www/query-mule/tests/Builder/Sql/Mysql/SelectTest.php" line="230" assertions="1" time="0.002899"/>
      <testcase name="testSelectColsFromGroupByHaving" class="test\Builder\Sql\Mysql\SelectTest" classname="test.Builder.Sql.Mysql.SelectTest" file="/mnt/c/Users/firei/www/query-mule/tests/Builder/Sql/Mysql/SelectTest.php" line="244" assertions="0" time="0.000760">
        <error type="PHPUnit\Framework\RiskyTestError">Risky Test
/mnt/c/Users/firei/www/query-mule/vendor/phpunit/phpunit/phpunit:53
</error>
      </testcase>
      <testcase name="testSelectColsFromGroupByHavingWithAlias" class="test\Builder\Sql\Mysql\SelectTest" classname="test.Builder.Sql.Mysql.SelectTest" file="/mnt/c/Users/firei/www/query-mule/tests/Builder/Sql/Mysql/SelectTest.php" line="247" assertions="0" time="0.000710">
        <error type="PHPUnit\Framework\RiskyTestError">Risky Test
/mnt/c/Users/firei/www/query-mule/vendor/phpunit/phpunit/phpunit:53
</error>
      </testcase>
      <testcase name="testSelectColsFromLimit" class="test\Builder\Sql\Mysql\SelectTest" classname="test.Builder.Sql.Mysql.SelectTest" file="/mnt/c/Users/firei/www/query-mule/tests/Builder/Sql/Mysql/SelectTest.php" line="250" assertions="1" time="0.003057"/>
      <testcase name="testSelectColsFromLimitOffset" class="test\Builder\Sql\Mysql\SelectTest" classname="test.Builder.Sql.Mysql.SelectTest" file="/mnt/c/Users/firei/www/query-mule/tests/Builder/Sql/Mysql/SelectTest.php" line="264" assertions="1" time="0.002720"/>
      <testcase name="testSelectColsFromWhereUnionSelectColsFromWhereWithAlias" class="test\Builder\Sql\Mysql\SelectTest" classname="test.Builder.Sql.Mysql.SelectTest" file="/mnt/c/Users/firei/www/query-mule/tests/Builder/Sql/Mysql/SelectTest.php" line="279" assertions="3" time="0.006903"/>
      <testcase name="testSelectColsFromWhereUnionAllSelectColsFromWhere" class="test\Builder\Sql\Mysql\SelectTest" classname="test.Builder.Sql.Mysql.SelectTest" file="/mnt/c/Users/firei/www/query-mule/tests/Builder/Sql/Mysql/SelectTest.php" line="309" assertions="3" time="0.006299"/>
    </testsuite>
    <testsuite name="test\Builder\Sql\Pgsql\FilterTest" file="/mnt/c/Users/firei/www/query-mule/tests/Builder/Sql/Pgsql/FilterTest.php" tests="24" assertions="48" errors="0" failures="0" skipped="0" time="0.046850">
      <testcase name="testSelectWhere" class="test\Builder\Sql\Pgsql\FilterTest" classname="test.Builder.Sql.Pgsql.FilterTest" file="/mnt/c/Users/firei/www/query-mule/tests/Builder/Sql/Pgsql/FilterTest.php" line="34" assertions="2" time="0.000955"/>
      <testcase name="testSelectWhereWithAlias" class="test\Builder\Sql\Pgsql\FilterTest" classname="test.Builder.Sql.Pgsql.FilterTest" file="/mnt/c/Users/firei/www/query-mule/tests/Builder/Sql/Pgsql/FilterTest.php" line="41" assertions="2" time="0.000918"/>
      <testcase name="testSelectWhereAndNestedWhere" class="test\Builder\Sql\Pgsql\FilterTest" classname="test.Builder.Sql.Pgsql.FilterTest" file="/mnt/c/Users/firei/www/query-mule/tests/Builder/Sql/Pgsql/FilterTest.php" line="48" assertions="2" time="0.001924"/>
      <testcase name="testSelectWhereAndWhere" class="test\Builder\Sql\Pgsql\FilterTest" classname="test.Builder.Sql.Pgsql.FilterTest" file="/mnt/c/Users/firei/www/query-mule/tests/Builder/Sql/Pgsql/FilterTest.php" line="62" assertions="2" time="0.001181"/>
      <testcase name="testSelectWhereOrWhere" class="test\Builder\Sql\Pgsql\FilterTest" classname="test.Builder.Sql.Pgsql.FilterTest" file="/mnt/c/Users/firei/www/query-mule/tests/Builder/Sql/Pgsql/FilterTest.php" line="69" assertions="2" time="0.001190"/>
      <testcase name="testSelectWhereIn" class="test\Builder\Sql\Pgsql\FilterTest" classname="test.Builder.Sql.Pgsql.FilterTest" file="/mnt/c/Users/firei/www/query-mule/tests/Builder/Sql/Pgsql/FilterTest.php" line="76" assertions="2" time="0.000955"/>
      <testcase name="testSelectWhereInOrIn" class="test\Builder\Sql\Pgsql\FilterTest" classname="test.Builder.Sql.Pgsql.FilterTest" file="/mnt/c/Users/firei/www/query-mule/tests/Builder/Sql/Pgsql/FilterTest.php" line="83" assertions="2" time="0.001211"/>
      <testcase name="testSelectWhereNotIn" class="test\Builder\Sql\Pgsql\FilterTest" classname="test.Builder.Sql.Pgsql.FilterTest" file="/mnt/c/Users/firei/www/query-mule/tests/Builder/Sql/Pgsql/FilterTest.php" line="90" assertions="2" time="0.001053"/>
      <testcase name="testSelectWhereNotInAndIn" class="test\Builder\Sql\Pgsql\FilterTest" classname="test.Builder.Sql.Pgsql.FilterTest" file="/mnt/c/Users/firei/www/query-mule/tests/Builder/Sql/Pgsql/FilterTest.php" line="97" assertions="2" time="0.001402"/>
      <testcase name="testSelectWhereNotInOrIn" class="test\Builder\Sql\Pgsql\FilterTest" classname="test.Builder.Sql.Pgsql.FilterTest" file="/mnt/c/Users/firei/www/query-mule/tests/Builder/Sql/Pgsql/FilterTest.php" line="104" assertions="2" time="0.001442"/>
      <testcase name="testSelectWhereNot" class="test\Builder\Sql\Pgsql\FilterTest" classname="test.Builder.Sql.Pgsql.FilterTest" file="/mnt/c/Users/firei/www/query-mule/tests/Builder/Sql/Pgsql/FilterTest.php" line="111" assertions="2" time="0.001022"/>
      <testcase name="testSelectWhereNotAndNot" class="test\Builder\Sql\Pgsql\FilterTest" classname="test.Builder.Sql.Pgsql.FilterTest" file="/mnt/c/Users/firei/www/query-mule/tests/Builder/Sql/Pgsql/FilterTest.php" line="118" assertions="2" time="0.001346"/>
      <testcase name="testSelectWhereBetween" class="test\Builder\Sql\Pgsql\FilterTest" classname="test.Builder.Sql.Pgsql.FilterTest" file="/mnt/c/Users/firei/www/query-mule/tests/Builder/Sql/Pgsql/FilterTest.php" line="125" assertions="2" time="0.000924"/>
      <testcase name="testSelectWhereBetweenOrBetween" class="test\Builder\Sql\Pgsql\FilterTest" classname="test.Builder.Sql.Pgsql.FilterTest" file="/mnt/c/Users/firei/www/query-mule/tests/Builder/Sql/Pgsql/FilterTest.php" line="132" assertions="2" time="0.001222"/>
      <testcase name="testSelectWhereBetweenAndBetween" class="test\Builder\Sql\Pgsql\FilterTest" classname="test.Builder.Sql.Pgsql.FilterTest" file="/mnt/c/Users/firei/www/query-mule/tests/Builder/Sql/Pgsql/FilterTest.php" line="139" assertions="2" time="0.001198"/>
      <testcase name="testSelectWhereNotBetween" class="test\Builder\Sql\Pgsql\FilterTest" classname="test.Builder.Sql.Pgsql.FilterTest" file="/mnt/c/Users/firei/www/query-mule/tests/Builder/Sql/Pgsql/FilterTest.php" line="146" assertions="2" time="0.001019"/>
      <testcase name="testSelectWhereNotBetweenOrNotBetween" class="test\Builder\Sql\Pgsql\FilterTest" classname="test.Builder.Sql.Pgsql.FilterTest" file="/mnt/c/Users/firei/www/query-mule/tests/Builder/Sql/Pgsql/FilterTest.php" line="153" assertions="2" time="0.001409"/>
      <testcase name="testSelectWhereNotBetweenAndNotBetween" class="test\Builder\Sql\Pgsql\FilterTest" classname="test.Builder.Sql.Pgsql.FilterTest" file="/mnt/c/Users/firei/www/query-mule/tests/Builder/Sql/Pgsql/FilterTest.php" line="160" assertions="2" time="0.001424"/>
      <testcase name="testSelectWhereExists" class="test\Builder\Sql\Pgsql\FilterTest" classname="test.Builder.Sql.Pgsql.FilterTest" file="/mnt/c/Users/firei/www/query-mule/tests/Builder/Sql/Pgsql/FilterTest.php" line="167" assertions="2" time="0.003203"/>
      <testcase name="testSelectWhereNotExists" class="test\Builder\Sql\Pgsql\FilterTest" classname="test.Builder.Sql.Pgsql.FilterTest" file="/mnt/c/Users/firei/www/query-mule/tests/Builder/Sql/Pgsql/FilterTest.php" line="179" assertions="2" time="0.003258"/>
      <testcase name="testSelectWhereExistsOrExists" class="test\Builder\Sql\Pgsql\FilterTest" classname="test.Builder.Sql.Pgsql.FilterTest" file="/mnt/c/Users/firei/www/query-mule/tests/Builder/Sql/Pgsql/FilterTest.php" line="191" assertions="2" time="0.004536"/>
      <testcase name="testSelectWhereNotExistsOrNotExists" class="test\Builder\Sql\Pgsql\FilterTest" classname="test.Builder.Sql.Pgsql.FilterTest" file="/mnt/c/Users/firei/www/query-mule/tests/Builder/Sql/Pgsql/FilterTest.php" line="204" assertions="2" time="0.004797"/>
      <testcase name="testSelectWhereExistsAndExists" class="test\Builder\Sql\Pgsql\FilterTest" classname="test.Builder.Sql.Pgsql.FilterTest" file="/mnt/c/Users/firei/www/query-mule/tests/Builder/Sql/Pgsql/FilterTest.php" line="217" assertions="2" time="0.004518"/>
      <testcase name="testSelectWhereNotExistsAndNotExists" class="test\Builder\Sql\Pgsql\FilterTest" classname="test.Builder.Sql.Pgsql.FilterTest" file="/mnt/c/Users/firei/www/query-mule/tests/Builder/Sql/Pgsql/FilterTest.php" line="230" assertions="2" time="0.004743"/>
    </testsuite>
    <testsuite name="test\Builder\Sql\Pgsql\SelectTest" file="/mnt/c/Users/firei/www/query-mule/tests/Builder/Sql/Pgsql/SelectTest.php" tests="10" assertions="10" errors="0" failures="0" skipped="0" time="0.020019">
      <testcase name="testSelect" class="test\Builder\Sql\Pgsql\SelectTest" classname="test.Builder.Sql.Pgsql.SelectTest" file="/mnt/c/Users/firei/www/query-mule/tests/Builder/Sql/Pgsql/SelectTest.php" line="41" assertions="1" time="0.000722"/>
      <testcase name="testIgnoreAlias" class="test\Builder\Sql\Pgsql\SelectTest" classname="test.Builder.Sql.Pgsql.SelectTest" file="/mnt/c/Users/firei/www/query-mule/tests/Builder/Sql/Pgsql/SelectTest.php" line="48" assertions="1" time="0.000945"/>
      <testcase name="testSelectCols" class="test\Builder\Sql\Pgsql\SelectTest" classname="test.Builder.Sql.Pgsql.SelectTest" file="/mnt/c/Users/firei/www/query-mule/tests/Builder/Sql/Pgsql/SelectTest.php" line="56" assertions="1" time="0.001021"/>
      <testcase name="testSelectColsWithAlias" class="test\Builder\Sql\Pgsql\SelectTest" classname="test.Builder.Sql.Pgsql.SelectTest" file="/mnt/c/Users/firei/www/query-mule/tests/Builder/Sql/Pgsql/SelectTest.php" line="65" assertions="1" time="0.001016"/>
      <testcase name="testSelectAllCols" class="test\Builder\Sql\Pgsql\SelectTest" classname="test.Builder.Sql.Pgsql.SelectTest" file="/mnt/c/Users/firei/www/query-mule/tests/Builder/Sql/Pgsql/SelectTest.php" line="74" assertions="1" time="0.000802"/>
      <testcase name="testSelectColsAs" class="test\Builder\Sql\Pgsql\SelectTest" classname="test.Builder.Sql.Pgsql.SelectTest" file="/mnt/c/Users/firei/www/query-mule/tests/Builder/Sql/Pgsql/SelectTest.php" line="83" assertions="1" time="0.000975"/>
      <testcase name="testSelectColsFrom" class="test\Builder\Sql\Pgsql\SelectTest" classname="test.Builder.Sql.Pgsql.SelectTest" file="/mnt/c/Users/firei/www/query-mule/tests/Builder/Sql/Pgsql/SelectTest.php" line="92" assertions="1" time="0.002617"/>
      <testcase name="testSelectColsFromWithAlias" class="test\Builder\Sql\Pgsql\SelectTest" classname="test.Builder.Sql.Pgsql.SelectTest" file="/mnt/c/Users/firei/www/query-mule/tests/Builder/Sql/Pgsql/SelectTest.php" line="105" assertions="1" time="0.002614"/>
      <testcase name="testSelectWhereFilterCall" class="test\Builder\Sql\Pgsql\SelectTest" classname="test.Builder.Sql.Pgsql.SelectTest" file="/mnt/c/Users/firei/www/query-mule/tests/Builder/Sql/Pgsql/SelectTest.php" line="118" assertions="1" time="0.004619"/>
      <testcase name="testSelectOrWhereFilterCall" class="test\Builder\Sql\Pgsql\SelectTest" classname="test.Builder.Sql.Pgsql.SelectTest" file="/mnt/c/Users/firei/www/query-mule/tests/Builder/Sql/Pgsql/SelectTest.php" line="136" assertions="1" time="0.004688"/>
    </testsuite>
    <testsuite name="test\Builder\Sql\Sqlite\FilterTest" file="/mnt/c/Users/firei/www/query-mule/tests/Builder/Sql/Sqlite/FilterTest.php" tests="24" assertions="48" errors="0" failures="0" skipped="0" time="0.052746">
      <testcase name="testSelectWhere" class="test\Builder\Sql\Sqlite\FilterTest" classname="test.Builder.Sql.Sqlite.FilterTest" file="/mnt/c/Users/firei/www/query-mule/tests/Builder/Sql/Sqlite/FilterTest.php" line="33" assertions="2" time="0.000933"/>
      <testcase name="testSelectWhereWithAlias" class="test\Builder\Sql\Sqlite\FilterTest" classname="test.Builder.Sql.Sqlite.FilterTest" file="/mnt/c/Users/firei/www/query-mule/tests/Builder/Sql/Sqlite/FilterTest.php" line="40" assertions="2" time="0.000913"/>
      <testcase name="testSelectWhereAndNestedWhere" class="test\Builder\Sql\Sqlite\FilterTest" classname="test.Builder.Sql.Sqlite.FilterTest" file="/mnt/c/Users/firei/www/query-mule/tests/Builder/Sql/Sqlite/FilterTest.php" line="47" assertions="2" time="0.001933"/>
      <testcase name="testSelectWhereAndWhere" class="test\Builder\Sql\Sqlite\FilterTest" classname="test.Builder.Sql.Sqlite.FilterTest" file="/mnt/c/Users/firei/www/query-mule/tests/Builder/Sql/Sqlite/FilterTest.php" line="61" assertions="2" time="0.001178"/>
      <testcase name="testSelectWhereOrWhere" class="test\Builder\Sql\Sqlite\FilterTest" classname="test.Builder.Sql.Sqlite.FilterTest" file="/mnt/c/Users/firei/www/query-mule/tests/Builder/Sql/Sqlite/FilterTest.php" line="68" assertions="2" time="0.001160"/>
      <testcase name="testSelectWhereIn" class="test\Builder\Sql\Sqlite\FilterTest" classname="test.Builder.Sql.Sqlite.FilterTest" file="/mnt/c/Users/firei/www/query-mule/tests/Builder/Sql/Sqlite/FilterTest.php" line="75" assertions="2" time="0.000923"/>
      <testcase name="testSelectWhereInOrIn" class="test\Builder\Sql\Sqlite\FilterTest" classname="test.Builder.Sql.Sqlite.FilterTest" file="/mnt/c/Users/firei/www/query-mule/tests/Builder/Sql/Sqlite/FilterTest.php" line="82" assertions="2" time="0.001238"/>
      <testcase name="testSelectWhereNotIn" class="test\Builder\Sql\Sqlite\FilterTest" classname="test.Builder.Sql.Sqlite.FilterTest" file="/mnt/c/Users/firei/www/query-mule/tests/Builder/Sql/Sqlite/FilterTest.php" line="89" assertions="2" time="0.001034"/>
      <testcase name="testSelectWhereNotInAndIn" class="test\Builder\Sql\Sqlite\FilterTest" classname="test.Builder.Sql.Sqlite.FilterTest" file="/mnt/c/Users/firei/www/query-mule/tests/Builder/Sql/Sqlite/FilterTest.php" line="96" assertions="2" time="0.001397"/>
      <testcase name="testSelectWhereNotInOrIn" class="test\Builder\Sql\Sqlite\FilterTest" classname="test.Builder.Sql.Sqlite.FilterTest" file="/mnt/c/Users/firei/www/query-mule/tests/Builder/Sql/Sqlite/FilterTest.php" line="103" assertions="2" time="0.001410"/>
      <testcase name="testSelectWhereNot" class="test\Builder\Sql\Sqlite\FilterTest" classname="test.Builder.Sql.Sqlite.FilterTest" file="/mnt/c/Users/firei/www/query-mule/tests/Builder/Sql/Sqlite/FilterTest.php" line="110" assertions="2" time="0.001027"/>
      <testcase name="testSelectWhereNotAndNot" class="test\Builder\Sql\Sqlite\FilterTest" classname="test.Builder.Sql.Sqlite.FilterTest" file="/mnt/c/Users/firei/www/query-mule/tests/Builder/Sql/Sqlite/FilterTest.php" line="117" assertions="2" time="0.001363"/>
      <testcase name="testSelectWhereBetween" class="test\Builder\Sql\Sqlite\FilterTest" classname="test.Builder.Sql.Sqlite.FilterTest" file="/mnt/c/Users/firei/www/query-mule/tests/Builder/Sql/Sqlite/FilterTest.php" line="124" assertions="2" time="0.000931"/>
      <testcase name="testSelectWhereBetweenOrBetween" class="test\Builder\Sql\Sqlite\FilterTest" classname="test.Builder.Sql.Sqlite.FilterTest" file="/mnt/c/Users/firei/www/query-mule/tests/Builder/Sql/Sqlite/FilterTest.php" line="131" assertions="2" time="0.001206"/>
      <testcase name="testSelectWhereBetweenAndBetween" class="test\Builder\Sql\Sqlite\FilterTest" classname="test.Builder.Sql.Sqlite.FilterTest" file="/mnt/c/Users/firei/www/query-mule/tests/Builder/Sql/Sqlite/FilterTest.php" line="138" assertions="2" time="0.001202"/>
      <testcase name="testSelectWhereNotBetween" class="test\Builder\Sql\Sqlite\FilterTest" classname="test.Builder.Sql.Sqlite.FilterTest" file="/mnt/c/Users/firei/www/query-mule/tests/Builder/Sql/Sqlite/FilterTest.php" line="145" assertions="2" time="0.001093"/>
      <testcase name="testSelectWhereNotBetweenOrNotBetween" class="test\Builder\Sql\Sqlite\FilterTest" classname="test.Builder.Sql.Sqlite.FilterTest" file="/mnt/c/Users/firei/www/query-mule/tests/Builder/Sql/Sqlite/FilterTest.php" line="152" assertions="2" time="0.001390"/>
      <testcase name="testSelectWhereNotBetweenAndNotBetween" class="test\Builder\Sql\Sqlite\FilterTest" classname="test.Builder.Sql.Sqlite.FilterTest" file="/mnt/c/Users/firei/www/query-mule/tests/Builder/Sql/Sqlite/FilterTest.php" line="159" assertions="2" time="0.001385"/>
      <testcase name="testSelectWhereExists" class="test\Builder\Sql\Sqlite\FilterTest" classname="test.Builder.Sql.Sqlite.FilterTest" file="/mnt/c/Users/firei/www/query-mule/tests/Builder/Sql/Sqlite/FilterTest.php" line="166" assertions="2" time="0.003239"/>
      <testcase name="testSelectWhereNotExists" class="test\Builder\Sql\Sqlite\FilterTest" classname="test.Builder.Sql.Sqlite.FilterTest" file="/mnt/c/Users/firei/www/query-mule/tests/Builder/Sql/Sqlite/FilterTest.php" line="178" assertions="2" time="0.003259"/>
      <testcase name="testSelectWhereExistsOrExists" class="test\Builder\Sql\Sqlite\FilterTest" classname="test.Builder.Sql.Sqlite.FilterTest" file="/mnt/c/Users/firei/www/query-mule/tests/Builder/Sql/Sqlite/FilterTest.php" line="190" assertions="2" time="0.004536"/>
      <testcase name="testSelectWhereNotExistsOrNotExists" class="test\Builder\Sql\Sqlite\FilterTest" classname="test.Builder.Sql.Sqlite.FilterTest" file="/mnt/c/Users/firei/www/query-mule/tests/Builder/Sql/Sqlite/FilterTest.php" line="203" assertions="2" time="0.005128"/>
      <testcase name="testSelectWhereExistsAndExists" class="test\Builder\Sql\Sqlite\FilterTest" classname="test.Builder.Sql.Sqlite.FilterTest" file="/mnt/c/Users/firei/www/query-mule/tests/Builder/Sql/Sqlite/FilterTest.php" line="216" assertions="2" time="0.006142"/>
      <testcase name="testSelectWhereNotExistsAndNotExists" class="test\Builder\Sql\Sqlite\FilterTest" classname="test.Builder.Sql.Sqlite.FilterTest" file="/mnt/c/Users/firei/www/query-mule/tests/Builder/Sql/Sqlite/FilterTest.php" line="229" assertions="2" time="0.008725"/>
    </testsuite>
    <testsuite name="test\Builder\Sql\Sqlite\SelectTest" file="/mnt/c/Users/firei/www/query-mule/tests/Builder/Sql/Sqlite/SelectTest.php" tests="10" assertions="10" errors="0" failures="0" skipped="0" time="0.027243">
      <testcase name="testSelect" class="test\Builder\Sql\Sqlite\SelectTest" classname="test.Builder.Sql.Sqlite.SelectTest" file="/mnt/c/Users/firei/www/query-mule/tests/Builder/Sql/Sqlite/SelectTest.php" line="35" assertions="1" time="0.001116"/>
      <testcase name="testIgnoreAlias" class="test\Builder\Sql\Sqlite\SelectTest" classname="test.Builder.Sql.Sqlite.SelectTest" file="/mnt/c/Users/firei/www/query-mule/tests/Builder/Sql/Sqlite/SelectTest.php" line="42" assertions="1" time="0.001626"/>
      <testcase name="testSelectCols" class="test\Builder\Sql\Sqlite\SelectTest" classname="test.Builder.Sql.Sqlite.SelectTest" file="/mnt/c/Users/firei/www/query-mule/tests/Builder/Sql/Sqlite/SelectTest.php" line="50" assertions="1" time="0.001679"/>
      <testcase name="testSelectColsWithAlias" class="test\Builder\Sql\Sqlite\SelectTest" classname="test.Builder.Sql.Sqlite.SelectTest" file="/mnt/c/Users/firei/www/query-mule/tests/Builder/Sql/Sqlite/SelectTest.php" line="59" assertions="1" time="0.001571"/>
      <testcase name="testSelectAllCols" class="test\Builder\Sql\Sqlite\SelectTest" classname="test.Builder.Sql.Sqlite.SelectTest" file="/mnt/c/Users/firei/www/query-mule/tests/Builder/Sql/Sqlite/SelectTest.php" line="68" assertions="1" time="0.001311"/>
      <testcase name="testSelectColsAs" class="test\Builder\Sql\Sqlite\SelectTest" classname="test.Builder.Sql.Sqlite.SelectTest" file="/mnt/c/Users/firei/www/query-mule/tests/Builder/Sql/Sqlite/SelectTest.php" line="77" assertions="1" time="0.001126"/>
      <testcase name="testSelectColsFrom" class="test\Builder\Sql\Sqlite\SelectTest" classname="test.Builder.Sql.Sqlite.SelectTest" file="/mnt/c/Users/firei/www/query-mule/tests/Builder/Sql/Sqlite/SelectTest.php" line="86" assertions="1" time="0.002932"/>
      <testcase name="testSelectColsFromWithAlias" class="test\Builder\Sql\Sqlite\SelectTest" classname="test.Builder.Sql.Sqlite.SelectTest" file="/mnt/c/Users/firei/www/query-mule/tests/Builder/Sql/Sqlite/SelectTest.php" line="99" assertions="1" time="0.003308"/>
      <testcase name="testSelectWhereFilterCall" class="test\Builder\Sql\Sqlite\SelectTest" classname="test.Builder.Sql.Sqlite.SelectTest" file="/mnt/c/Users/firei/www/query-mule/tests/Builder/Sql/Sqlite/SelectTest.php" line="112" assertions="1" time="0.006805"/>
      <testcase name="testSelectOrWhereFilterCall" class="test\Builder\Sql\Sqlite\SelectTest" classname="test.Builder.Sql.Sqlite.SelectTest" file="/mnt/c/Users/firei/www/query-mule/tests/Builder/Sql/Sqlite/SelectTest.php" line="130" assertions="1" time="0.005769"/>
    </testsuite>
    <testsuite name="test\Query\Repository\Table\TableTest" file="/mnt/c/Users/firei/www/query-mule/tests/Query/Repository/Table/TableTest.php" tests="4" assertions="7" errors="0" failures="0" skipped="0" time="0.033910">
      <testcase name="testMake" class="test\Query\Repository\Table\TableTest" classname="test.Query.Repository.Table.TableTest" file="/mnt/c/Users/firei/www/query-mule/tests/Query/Repository/Table/TableTest.php" line="22" assertions="1" time="0.020442"/>
      <testcase name="testSetName" class="test\Query\Repository\Table\TableTest" classname="test.Query.Repository.Table.TableTest" file="/mnt/c/Users/firei/www/query-mule/tests/Query/Repository/Table/TableTest.php" line="29" assertions="1" time="0.002686"/>
      <testcase name="testFilter" class="test\Query\Repository\Table\TableTest" classname="test.Query.Repository.Table.TableTest" file="/mnt/c/Users/firei/www/query-mule/tests/Query/Repository/Table/TableTest.php" line="39" assertions="3" time="0.005282"/>
      <testcase name="testSelect" class="test\Query\Repository\Table\TableTest" classname="test.Query.Repository.Table.TableTest" file="/mnt/c/Users/firei/www/query-mule/tests/Query/Repository/Table/TableTest.php" line="54" assertions="2" time="0.005500"/>
    </testsuite>
    <testsuite name="test\Query\Sql\SqlTest" file="/mnt/c/Users/firei/www/query-mule/tests/Query/Sql/SqlTest.php" tests="2" assertions="2" errors="0" failures="0" skipped="0" time="0.001466">
      <testcase name="testSql" class="test\Query\Sql\SqlTest" classname="test.Query.Sql.SqlTest" file="/mnt/c/Users/firei/www/query-mule/tests/Query/Sql/SqlTest.php" line="15" assertions="1" time="0.000772"/>
      <testcase name="testParameters" class="test\Query\Sql\SqlTest" classname="test.Query.Sql.SqlTest" file="/mnt/c/Users/firei/www/query-mule/tests/Query/Sql/SqlTest.php" line="21" assertions="1" time="0.000694"/>
    </testsuite>
  </testsuite>
</testsuites>
