<?xml version="1.0" encoding="UTF-8"?>
<testsuites>
  <testsuite name="" tests="51" assertions="69" errors="0" failures="0" skipped="0" time="0.250656">
    <testsuite name="test\Builder\Sql\MySql\FilterTest" file="/vagrant/personal/query-mule/tests/Builder/Sql/Mysql/FilterTest.php" tests="5" assertions="10" errors="0" failures="0" skipped="0" time="0.017663">
      <testcase name="testSelectWhere" class="test\Builder\Sql\MySql\FilterTest" classname="test.Builder.Sql.MySql.FilterTest" file="/vagrant/personal/query-mule/tests/Builder/Sql/Mysql/FilterTest.php" line="31" assertions="2" time="0.015027"/>
      <testcase name="testSelectWhereWithAlias" class="test\Builder\Sql\MySql\FilterTest" classname="test.Builder.Sql.MySql.FilterTest" file="/vagrant/personal/query-mule/tests/Builder/Sql/Mysql/FilterTest.php" line="38" assertions="2" time="0.000705"/>
      <testcase name="testSelectWhereAndNestedWhere" class="test\Builder\Sql\MySql\FilterTest" classname="test.Builder.Sql.MySql.FilterTest" file="/vagrant/personal/query-mule/tests/Builder/Sql/Mysql/FilterTest.php" line="45" assertions="2" time="0.000796"/>
      <testcase name="testSelectWhereAndWhere" class="test\Builder\Sql\MySql\FilterTest" classname="test.Builder.Sql.MySql.FilterTest" file="/vagrant/personal/query-mule/tests/Builder/Sql/Mysql/FilterTest.php" line="55" assertions="2" time="0.000692"/>
      <testcase name="testSelectWhereOrWhere" class="test\Builder\Sql\MySql\FilterTest" classname="test.Builder.Sql.MySql.FilterTest" file="/vagrant/personal/query-mule/tests/Builder/Sql/Mysql/FilterTest.php" line="62" assertions="2" time="0.000443"/>
    </testsuite>
    <testsuite name="test\Builder\Sql\Mysql\SelectTest" file="/vagrant/personal/query-mule/tests/Builder/Sql/Mysql/SelectTest.php" tests="10" assertions="10" errors="0" failures="0" skipped="0" time="0.159603">
      <testcase name="testSelect" class="test\Builder\Sql\Mysql\SelectTest" classname="test.Builder.Sql.Mysql.SelectTest" file="/vagrant/personal/query-mule/tests/Builder/Sql/Mysql/SelectTest.php" line="33" assertions="1" time="0.000595"/>
      <testcase name="testIgnoreAlias" class="test\Builder\Sql\Mysql\SelectTest" classname="test.Builder.Sql.Mysql.SelectTest" file="/vagrant/personal/query-mule/tests/Builder/Sql/Mysql/SelectTest.php" line="40" assertions="1" time="0.000961"/>
      <testcase name="testSelectCols" class="test\Builder\Sql\Mysql\SelectTest" classname="test.Builder.Sql.Mysql.SelectTest" file="/vagrant/personal/query-mule/tests/Builder/Sql/Mysql/SelectTest.php" line="48" assertions="1" time="0.000713"/>
      <testcase name="testSelectColsWithAlias" class="test\Builder\Sql\Mysql\SelectTest" classname="test.Builder.Sql.Mysql.SelectTest" file="/vagrant/personal/query-mule/tests/Builder/Sql/Mysql/SelectTest.php" line="57" assertions="1" time="0.000735"/>
      <testcase name="testSelectAllCols" class="test\Builder\Sql\Mysql\SelectTest" classname="test.Builder.Sql.Mysql.SelectTest" file="/vagrant/personal/query-mule/tests/Builder/Sql/Mysql/SelectTest.php" line="66" assertions="1" time="0.001100"/>
      <testcase name="testSelectColsAs" class="test\Builder\Sql\Mysql\SelectTest" classname="test.Builder.Sql.Mysql.SelectTest" file="/vagrant/personal/query-mule/tests/Builder/Sql/Mysql/SelectTest.php" line="75" assertions="1" time="0.000895"/>
      <testcase name="testSelectColsFrom" class="test\Builder\Sql\Mysql\SelectTest" classname="test.Builder.Sql.Mysql.SelectTest" file="/vagrant/personal/query-mule/tests/Builder/Sql/Mysql/SelectTest.php" line="84" assertions="1" time="0.142414"/>
      <testcase name="testSelectColsFromWithAlias" class="test\Builder\Sql\Mysql\SelectTest" classname="test.Builder.Sql.Mysql.SelectTest" file="/vagrant/personal/query-mule/tests/Builder/Sql/Mysql/SelectTest.php" line="97" assertions="1" time="0.002132"/>
      <testcase name="testSelectWhereFilterCall" class="test\Builder\Sql\Mysql\SelectTest" classname="test.Builder.Sql.Mysql.SelectTest" file="/vagrant/personal/query-mule/tests/Builder/Sql/Mysql/SelectTest.php" line="110" assertions="1" time="0.006594"/>
      <testcase name="testSelectOrWhereFilterCall" class="test\Builder\Sql\Mysql\SelectTest" classname="test.Builder.Sql.Mysql.SelectTest" file="/vagrant/personal/query-mule/tests/Builder/Sql/Mysql/SelectTest.php" line="128" assertions="1" time="0.003464"/>
    </testsuite>
    <testsuite name="test\Builder\Sql\Pgsql\FilterTest" file="/vagrant/personal/query-mule/tests/Builder/Sql/Pgsql/FilterTest.php" tests="5" assertions="10" errors="0" failures="0" skipped="0" time="0.006232">
      <testcase name="testSelectWhere" class="test\Builder\Sql\Pgsql\FilterTest" classname="test.Builder.Sql.Pgsql.FilterTest" file="/vagrant/personal/query-mule/tests/Builder/Sql/Pgsql/FilterTest.php" line="31" assertions="2" time="0.000725"/>
      <testcase name="testSelectWhereWithAlias" class="test\Builder\Sql\Pgsql\FilterTest" classname="test.Builder.Sql.Pgsql.FilterTest" file="/vagrant/personal/query-mule/tests/Builder/Sql/Pgsql/FilterTest.php" line="38" assertions="2" time="0.000760"/>
      <testcase name="testSelectWhereAndNestedWhere" class="test\Builder\Sql\Pgsql\FilterTest" classname="test.Builder.Sql.Pgsql.FilterTest" file="/vagrant/personal/query-mule/tests/Builder/Sql/Pgsql/FilterTest.php" line="45" assertions="2" time="0.000821"/>
      <testcase name="testSelectWhereAndWhere" class="test\Builder\Sql\Pgsql\FilterTest" classname="test.Builder.Sql.Pgsql.FilterTest" file="/vagrant/personal/query-mule/tests/Builder/Sql/Pgsql/FilterTest.php" line="55" assertions="2" time="0.002775"/>
      <testcase name="testSelectWhereOrWhere" class="test\Builder\Sql\Pgsql\FilterTest" classname="test.Builder.Sql.Pgsql.FilterTest" file="/vagrant/personal/query-mule/tests/Builder/Sql/Pgsql/FilterTest.php" line="62" assertions="2" time="0.001151"/>
    </testsuite>
    <testsuite name="test\Builder\Sql\Pgsql\SelectTest" file="/vagrant/personal/query-mule/tests/Builder/Sql/Pgsql/SelectTest.php" tests="10" assertions="10" errors="0" failures="0" skipped="0" time="0.020685">
      <testcase name="testSelect" class="test\Builder\Sql\Pgsql\SelectTest" classname="test.Builder.Sql.Pgsql.SelectTest" file="/vagrant/personal/query-mule/tests/Builder/Sql/Pgsql/SelectTest.php" line="39" assertions="1" time="0.000557"/>
      <testcase name="testIgnoreAlias" class="test\Builder\Sql\Pgsql\SelectTest" classname="test.Builder.Sql.Pgsql.SelectTest" file="/vagrant/personal/query-mule/tests/Builder/Sql/Pgsql/SelectTest.php" line="46" assertions="1" time="0.001460"/>
      <testcase name="testSelectCols" class="test\Builder\Sql\Pgsql\SelectTest" classname="test.Builder.Sql.Pgsql.SelectTest" file="/vagrant/personal/query-mule/tests/Builder/Sql/Pgsql/SelectTest.php" line="54" assertions="1" time="0.000728"/>
      <testcase name="testSelectColsWithAlias" class="test\Builder\Sql\Pgsql\SelectTest" classname="test.Builder.Sql.Pgsql.SelectTest" file="/vagrant/personal/query-mule/tests/Builder/Sql/Pgsql/SelectTest.php" line="63" assertions="1" time="0.000936"/>
      <testcase name="testSelectAllCols" class="test\Builder\Sql\Pgsql\SelectTest" classname="test.Builder.Sql.Pgsql.SelectTest" file="/vagrant/personal/query-mule/tests/Builder/Sql/Pgsql/SelectTest.php" line="72" assertions="1" time="0.001468"/>
      <testcase name="testSelectColsAs" class="test\Builder\Sql\Pgsql\SelectTest" classname="test.Builder.Sql.Pgsql.SelectTest" file="/vagrant/personal/query-mule/tests/Builder/Sql/Pgsql/SelectTest.php" line="81" assertions="1" time="0.000814"/>
      <testcase name="testSelectColsFrom" class="test\Builder\Sql\Pgsql\SelectTest" classname="test.Builder.Sql.Pgsql.SelectTest" file="/vagrant/personal/query-mule/tests/Builder/Sql/Pgsql/SelectTest.php" line="90" assertions="1" time="0.001989"/>
      <testcase name="testSelectColsFromWithAlias" class="test\Builder\Sql\Pgsql\SelectTest" classname="test.Builder.Sql.Pgsql.SelectTest" file="/vagrant/personal/query-mule/tests/Builder/Sql/Pgsql/SelectTest.php" line="103" assertions="1" time="0.001924"/>
      <testcase name="testSelectWhereFilterCall" class="test\Builder\Sql\Pgsql\SelectTest" classname="test.Builder.Sql.Pgsql.SelectTest" file="/vagrant/personal/query-mule/tests/Builder/Sql/Pgsql/SelectTest.php" line="116" assertions="1" time="0.007014"/>
      <testcase name="testSelectOrWhereFilterCall" class="test\Builder\Sql\Pgsql\SelectTest" classname="test.Builder.Sql.Pgsql.SelectTest" file="/vagrant/personal/query-mule/tests/Builder/Sql/Pgsql/SelectTest.php" line="134" assertions="1" time="0.003795"/>
    </testsuite>
    <testsuite name="test\Builder\Sql\Sqlite\FilterTest" file="/vagrant/personal/query-mule/tests/Builder/Sql/Sqlite/FilterTest.php" tests="5" assertions="10" errors="0" failures="0" skipped="0" time="0.003987">
      <testcase name="testSelectWhere" class="test\Builder\Sql\Sqlite\FilterTest" classname="test.Builder.Sql.Sqlite.FilterTest" file="/vagrant/personal/query-mule/tests/Builder/Sql/Sqlite/FilterTest.php" line="31" assertions="2" time="0.000934"/>
      <testcase name="testSelectWhereWithAlias" class="test\Builder\Sql\Sqlite\FilterTest" classname="test.Builder.Sql.Sqlite.FilterTest" file="/vagrant/personal/query-mule/tests/Builder/Sql/Sqlite/FilterTest.php" line="38" assertions="2" time="0.000730"/>
      <testcase name="testSelectWhereAndNestedWhere" class="test\Builder\Sql\Sqlite\FilterTest" classname="test.Builder.Sql.Sqlite.FilterTest" file="/vagrant/personal/query-mule/tests/Builder/Sql/Sqlite/FilterTest.php" line="45" assertions="2" time="0.000786"/>
      <testcase name="testSelectWhereAndWhere" class="test\Builder\Sql\Sqlite\FilterTest" classname="test.Builder.Sql.Sqlite.FilterTest" file="/vagrant/personal/query-mule/tests/Builder/Sql/Sqlite/FilterTest.php" line="55" assertions="2" time="0.000778"/>
      <testcase name="testSelectWhereOrWhere" class="test\Builder\Sql\Sqlite\FilterTest" classname="test.Builder.Sql.Sqlite.FilterTest" file="/vagrant/personal/query-mule/tests/Builder/Sql/Sqlite/FilterTest.php" line="62" assertions="2" time="0.000759"/>
    </testsuite>
    <testsuite name="test\Builder\Sql\Sqlite\SelectTest" file="/vagrant/personal/query-mule/tests/Builder/Sql/Sqlite/SelectTest.php" tests="10" assertions="10" errors="0" failures="0" skipped="0" time="0.022995">
      <testcase name="testSelect" class="test\Builder\Sql\Sqlite\SelectTest" classname="test.Builder.Sql.Sqlite.SelectTest" file="/vagrant/personal/query-mule/tests/Builder/Sql/Sqlite/SelectTest.php" line="33" assertions="1" time="0.003260"/>
      <testcase name="testIgnoreAlias" class="test\Builder\Sql\Sqlite\SelectTest" classname="test.Builder.Sql.Sqlite.SelectTest" file="/vagrant/personal/query-mule/tests/Builder/Sql/Sqlite/SelectTest.php" line="40" assertions="1" time="0.000816"/>
      <testcase name="testSelectCols" class="test\Builder\Sql\Sqlite\SelectTest" classname="test.Builder.Sql.Sqlite.SelectTest" file="/vagrant/personal/query-mule/tests/Builder/Sql/Sqlite/SelectTest.php" line="48" assertions="1" time="0.000739"/>
      <testcase name="testSelectColsWithAlias" class="test\Builder\Sql\Sqlite\SelectTest" classname="test.Builder.Sql.Sqlite.SelectTest" file="/vagrant/personal/query-mule/tests/Builder/Sql/Sqlite/SelectTest.php" line="57" assertions="1" time="0.000768"/>
      <testcase name="testSelectAllCols" class="test\Builder\Sql\Sqlite\SelectTest" classname="test.Builder.Sql.Sqlite.SelectTest" file="/vagrant/personal/query-mule/tests/Builder/Sql/Sqlite/SelectTest.php" line="66" assertions="1" time="0.000708"/>
      <testcase name="testSelectColsAs" class="test\Builder\Sql\Sqlite\SelectTest" classname="test.Builder.Sql.Sqlite.SelectTest" file="/vagrant/personal/query-mule/tests/Builder/Sql/Sqlite/SelectTest.php" line="75" assertions="1" time="0.000887"/>
      <testcase name="testSelectColsFrom" class="test\Builder\Sql\Sqlite\SelectTest" classname="test.Builder.Sql.Sqlite.SelectTest" file="/vagrant/personal/query-mule/tests/Builder/Sql/Sqlite/SelectTest.php" line="84" assertions="1" time="0.002374"/>
      <testcase name="testSelectColsFromWithAlias" class="test\Builder\Sql\Sqlite\SelectTest" classname="test.Builder.Sql.Sqlite.SelectTest" file="/vagrant/personal/query-mule/tests/Builder/Sql/Sqlite/SelectTest.php" line="97" assertions="1" time="0.002005"/>
      <testcase name="testSelectWhereFilterCall" class="test\Builder\Sql\Sqlite\SelectTest" classname="test.Builder.Sql.Sqlite.SelectTest" file="/vagrant/personal/query-mule/tests/Builder/Sql/Sqlite/SelectTest.php" line="110" assertions="1" time="0.004055"/>
      <testcase name="testSelectOrWhereFilterCall" class="test\Builder\Sql\Sqlite\SelectTest" classname="test.Builder.Sql.Sqlite.SelectTest" file="/vagrant/personal/query-mule/tests/Builder/Sql/Sqlite/SelectTest.php" line="128" assertions="1" time="0.007383"/>
    </testsuite>
    <testsuite name="test\Query\Repository\Table\TableTest" file="/vagrant/personal/query-mule/tests/Query/Repository/Table/TableTest.php" tests="4" assertions="7" errors="0" failures="0" skipped="0" time="0.018280">
      <testcase name="testMake" class="test\Query\Repository\Table\TableTest" classname="test.Query.Repository.Table.TableTest" file="/vagrant/personal/query-mule/tests/Query/Repository/Table/TableTest.php" line="20" assertions="1" time="0.009689"/>
      <testcase name="testSetName" class="test\Query\Repository\Table\TableTest" classname="test.Query.Repository.Table.TableTest" file="/vagrant/personal/query-mule/tests/Query/Repository/Table/TableTest.php" line="27" assertions="1" time="0.001591"/>
      <testcase name="testFilter" class="test\Query\Repository\Table\TableTest" classname="test.Query.Repository.Table.TableTest" file="/vagrant/personal/query-mule/tests/Query/Repository/Table/TableTest.php" line="37" assertions="3" time="0.002569"/>
      <testcase name="testSelect" class="test\Query\Repository\Table\TableTest" classname="test.Query.Repository.Table.TableTest" file="/vagrant/personal/query-mule/tests/Query/Repository/Table/TableTest.php" line="52" assertions="2" time="0.004431"/>
    </testsuite>
    <testsuite name="test\Query\Sql\SqlTest" file="/vagrant/personal/query-mule/tests/Query/Sql/SqlTest.php" tests="2" assertions="2" errors="0" failures="0" skipped="0" time="0.001211">
      <testcase name="testSql" class="test\Query\Sql\SqlTest" classname="test.Query.Sql.SqlTest" file="/vagrant/personal/query-mule/tests/Query/Sql/SqlTest.php" line="15" assertions="1" time="0.000712"/>
      <testcase name="testParameters" class="test\Query\Sql\SqlTest" classname="test.Query.Sql.SqlTest" file="/vagrant/personal/query-mule/tests/Query/Sql/SqlTest.php" line="21" assertions="1" time="0.000499"/>
    </testsuite>
  </testsuite>
</testsuites>
