<?xml version="1.0" encoding="UTF-8"?>
<testsuites>
  <testsuite name="" tests="171" assertions="340" errors="2" failures="0" skipped="0" time="0.519776">
    <testsuite name="test\Builder\Sql\MySql\ConfigTest" file="/mnt/c/Users/firei/www/query-mule/tests/Builder/Connection/ConfigTest.php" tests="1" assertions="1" errors="0" failures="0" skipped="0" time="0.016192">
      <testcase name="testInvalidConfig" class="test\Builder\Sql\MySql\ConfigTest" classname="test.Builder.Sql.MySql.ConfigTest" file="/mnt/c/Users/firei/www/query-mule/tests/Builder/Connection/ConfigTest.php" line="34" assertions="1" time="0.016192"/>
    </testsuite>
    <testsuite name="test\Builder\Sql\MySql\MysqliDriverTest" file="/mnt/c/Users/firei/www/query-mule/tests/Builder/Connection/Driver/MysqliDriverTest.php" tests="9" assertions="26" errors="0" failures="0" skipped="0" time="0.073379">
      <testcase name="testBindParameters" class="test\Builder\Sql\MySql\MysqliDriverTest" classname="test.Builder.Sql.MySql.MysqliDriverTest" file="/mnt/c/Users/firei/www/query-mule/tests/Builder/Connection/Driver/MysqliDriverTest.php" line="21" assertions="3" time="0.024136"/>
      <testcase name="testExecutionErrorLogged" class="test\Builder\Sql\MySql\MysqliDriverTest" classname="test.Builder.Sql.MySql.MysqliDriverTest" file="/mnt/c/Users/firei/www/query-mule/tests/Builder/Connection/Driver/MysqliDriverTest.php" line="53" assertions="4" time="0.004755"/>
      <testcase name="testFetch" class="test\Builder\Sql\MySql\MysqliDriverTest" classname="test.Builder.Sql.MySql.MysqliDriverTest" file="/mnt/c/Users/firei/www/query-mule/tests/Builder/Connection/Driver/MysqliDriverTest.php" line="79" assertions="4" time="0.007793"/>
      <testcase name="testFetchAll" class="test\Builder\Sql\MySql\MysqliDriverTest" classname="test.Builder.Sql.MySql.MysqliDriverTest" file="/mnt/c/Users/firei/www/query-mule/tests/Builder/Connection/Driver/MysqliDriverTest.php" line="115" assertions="4" time="0.006913"/>
      <testcase name="testCacheSet" class="test\Builder\Sql\MySql\MysqliDriverTest" classname="test.Builder.Sql.MySql.MysqliDriverTest" file="/mnt/c/Users/firei/www/query-mule/tests/Builder/Connection/Driver/MysqliDriverTest.php" line="151" assertions="4" time="0.021205"/>
      <testcase name="testCacheGet" class="test\Builder\Sql\MySql\MysqliDriverTest" classname="test.Builder.Sql.MySql.MysqliDriverTest" file="/mnt/c/Users/firei/www/query-mule/tests/Builder/Connection/Driver/MysqliDriverTest.php" line="188" assertions="2" time="0.003611"/>
      <testcase name="testFilter" class="test\Builder\Sql\MySql\MysqliDriverTest" classname="test.Builder.Sql.MySql.MysqliDriverTest" file="/mnt/c/Users/firei/www/query-mule/tests/Builder/Connection/Driver/MysqliDriverTest.php" line="204" assertions="1" time="0.001429"/>
      <testcase name="testSelect" class="test\Builder\Sql\MySql\MysqliDriverTest" classname="test.Builder.Sql.MySql.MysqliDriverTest" file="/mnt/c/Users/firei/www/query-mule/tests/Builder/Connection/Driver/MysqliDriverTest.php" line="215" assertions="2" time="0.001930"/>
      <testcase name="testStatement" class="test\Builder\Sql\MySql\MysqliDriverTest" classname="test.Builder.Sql.MySql.MysqliDriverTest" file="/mnt/c/Users/firei/www/query-mule/tests/Builder/Connection/Driver/MysqliDriverTest.php" line="233" assertions="2" time="0.001607"/>
    </testsuite>
    <testsuite name="test\Builder\Sql\MySql\PdoDriverTest" file="/mnt/c/Users/firei/www/query-mule/tests/Builder/Connection/Driver/PdoDriverTest.php" tests="16" assertions="45" errors="0" failures="0" skipped="0" time="0.052241">
      <testcase name="testExecutionErrorLogged" class="test\Builder\Sql\MySql\PdoDriverTest" classname="test.Builder.Sql.MySql.PdoDriverTest" file="/mnt/c/Users/firei/www/query-mule/tests/Builder/Connection/Driver/PdoDriverTest.php" line="22" assertions="4" time="0.009340"/>
      <testcase name="testFetch" class="test\Builder\Sql\MySql\PdoDriverTest" classname="test.Builder.Sql.MySql.PdoDriverTest" file="/mnt/c/Users/firei/www/query-mule/tests/Builder/Connection/Driver/PdoDriverTest.php" line="46" assertions="4" time="0.005628"/>
      <testcase name="testFetchAll" class="test\Builder\Sql\MySql\PdoDriverTest" classname="test.Builder.Sql.MySql.PdoDriverTest" file="/mnt/c/Users/firei/www/query-mule/tests/Builder/Connection/Driver/PdoDriverTest.php" line="71" assertions="4" time="0.005658"/>
      <testcase name="testCacheSet" class="test\Builder\Sql\MySql\PdoDriverTest" classname="test.Builder.Sql.MySql.PdoDriverTest" file="/mnt/c/Users/firei/www/query-mule/tests/Builder/Connection/Driver/PdoDriverTest.php" line="96" assertions="4" time="0.005257"/>
      <testcase name="testCacheGet" class="test\Builder\Sql\MySql\PdoDriverTest" classname="test.Builder.Sql.MySql.PdoDriverTest" file="/mnt/c/Users/firei/www/query-mule/tests/Builder/Connection/Driver/PdoDriverTest.php" line="122" assertions="2" time="0.003653"/>
      <testcase name="testFilterSqlite" class="test\Builder\Sql\MySql\PdoDriverTest" classname="test.Builder.Sql.MySql.PdoDriverTest" file="/mnt/c/Users/firei/www/query-mule/tests/Builder/Connection/Driver/PdoDriverTest.php" line="138" assertions="2" time="0.001859"/>
      <testcase name="testFilterMysql" class="test\Builder\Sql\MySql\PdoDriverTest" classname="test.Builder.Sql.MySql.PdoDriverTest" file="/mnt/c/Users/firei/www/query-mule/tests/Builder/Connection/Driver/PdoDriverTest.php" line="150" assertions="2" time="0.001874"/>
      <testcase name="testFilterPostgres" class="test\Builder\Sql\MySql\PdoDriverTest" classname="test.Builder.Sql.MySql.PdoDriverTest" file="/mnt/c/Users/firei/www/query-mule/tests/Builder/Connection/Driver/PdoDriverTest.php" line="162" assertions="2" time="0.001912"/>
      <testcase name="testFilterError" class="test\Builder\Sql\MySql\PdoDriverTest" classname="test.Builder.Sql.MySql.PdoDriverTest" file="/mnt/c/Users/firei/www/query-mule/tests/Builder/Connection/Driver/PdoDriverTest.php" line="174" assertions="2" time="0.001880"/>
      <testcase name="testSelectSqlite" class="test\Builder\Sql\MySql\PdoDriverTest" classname="test.Builder.Sql.MySql.PdoDriverTest" file="/mnt/c/Users/firei/www/query-mule/tests/Builder/Connection/Driver/PdoDriverTest.php" line="187" assertions="3" time="0.002436"/>
      <testcase name="testSelectMysql" class="test\Builder\Sql\MySql\PdoDriverTest" classname="test.Builder.Sql.MySql.PdoDriverTest" file="/mnt/c/Users/firei/www/query-mule/tests/Builder/Connection/Driver/PdoDriverTest.php" line="206" assertions="3" time="0.002477"/>
      <testcase name="testSelectPostgres" class="test\Builder\Sql\MySql\PdoDriverTest" classname="test.Builder.Sql.MySql.PdoDriverTest" file="/mnt/c/Users/firei/www/query-mule/tests/Builder/Connection/Driver/PdoDriverTest.php" line="225" assertions="3" time="0.002454"/>
      <testcase name="testSelectError" class="test\Builder\Sql\MySql\PdoDriverTest" classname="test.Builder.Sql.MySql.PdoDriverTest" file="/mnt/c/Users/firei/www/query-mule/tests/Builder/Connection/Driver/PdoDriverTest.php" line="244" assertions="1" time="0.001687"/>
      <testcase name="testStatementSqlite" class="test\Builder\Sql\MySql\PdoDriverTest" classname="test.Builder.Sql.MySql.PdoDriverTest" file="/mnt/c/Users/firei/www/query-mule/tests/Builder/Connection/Driver/PdoDriverTest.php" line="256" assertions="3" time="0.002038"/>
      <testcase name="testStatementMysql" class="test\Builder\Sql\MySql\PdoDriverTest" classname="test.Builder.Sql.MySql.PdoDriverTest" file="/mnt/c/Users/firei/www/query-mule/tests/Builder/Connection/Driver/PdoDriverTest.php" line="271" assertions="3" time="0.002003"/>
      <testcase name="testStatementPostgres" class="test\Builder\Sql\MySql\PdoDriverTest" classname="test.Builder.Sql.MySql.PdoDriverTest" file="/mnt/c/Users/firei/www/query-mule/tests/Builder/Connection/Driver/PdoDriverTest.php" line="286" assertions="3" time="0.002085"/>
    </testsuite>
    <testsuite name="test\Builder\Sql\MySql\FilterTest" file="/mnt/c/Users/firei/www/query-mule/tests/Builder/Sql/Mysql/FilterTest.php" tests="24" assertions="48" errors="0" failures="0" skipped="0" time="0.059262">
      <testcase name="testSelectWhere" class="test\Builder\Sql\MySql\FilterTest" classname="test.Builder.Sql.MySql.FilterTest" file="/mnt/c/Users/firei/www/query-mule/tests/Builder/Sql/Mysql/FilterTest.php" line="33" assertions="2" time="0.000974"/>
      <testcase name="testSelectWhereWithAlias" class="test\Builder\Sql\MySql\FilterTest" classname="test.Builder.Sql.MySql.FilterTest" file="/mnt/c/Users/firei/www/query-mule/tests/Builder/Sql/Mysql/FilterTest.php" line="40" assertions="2" time="0.000929"/>
      <testcase name="testSelectWhereAndNestedWhere" class="test\Builder\Sql\MySql\FilterTest" classname="test.Builder.Sql.MySql.FilterTest" file="/mnt/c/Users/firei/www/query-mule/tests/Builder/Sql/Mysql/FilterTest.php" line="47" assertions="2" time="0.001999"/>
      <testcase name="testSelectWhereAndWhere" class="test\Builder\Sql\MySql\FilterTest" classname="test.Builder.Sql.MySql.FilterTest" file="/mnt/c/Users/firei/www/query-mule/tests/Builder/Sql/Mysql/FilterTest.php" line="61" assertions="2" time="0.001195"/>
      <testcase name="testSelectWhereOrWhere" class="test\Builder\Sql\MySql\FilterTest" classname="test.Builder.Sql.MySql.FilterTest" file="/mnt/c/Users/firei/www/query-mule/tests/Builder/Sql/Mysql/FilterTest.php" line="68" assertions="2" time="0.001260"/>
      <testcase name="testSelectWhereIn" class="test\Builder\Sql\MySql\FilterTest" classname="test.Builder.Sql.MySql.FilterTest" file="/mnt/c/Users/firei/www/query-mule/tests/Builder/Sql/Mysql/FilterTest.php" line="75" assertions="2" time="0.000973"/>
      <testcase name="testSelectWhereInOrIn" class="test\Builder\Sql\MySql\FilterTest" classname="test.Builder.Sql.MySql.FilterTest" file="/mnt/c/Users/firei/www/query-mule/tests/Builder/Sql/Mysql/FilterTest.php" line="82" assertions="2" time="0.001240"/>
      <testcase name="testSelectWhereNotIn" class="test\Builder\Sql\MySql\FilterTest" classname="test.Builder.Sql.MySql.FilterTest" file="/mnt/c/Users/firei/www/query-mule/tests/Builder/Sql/Mysql/FilterTest.php" line="89" assertions="2" time="0.001119"/>
      <testcase name="testSelectWhereNotInAndIn" class="test\Builder\Sql\MySql\FilterTest" classname="test.Builder.Sql.MySql.FilterTest" file="/mnt/c/Users/firei/www/query-mule/tests/Builder/Sql/Mysql/FilterTest.php" line="96" assertions="2" time="0.001434"/>
      <testcase name="testSelectWhereNotInOrIn" class="test\Builder\Sql\MySql\FilterTest" classname="test.Builder.Sql.MySql.FilterTest" file="/mnt/c/Users/firei/www/query-mule/tests/Builder/Sql/Mysql/FilterTest.php" line="103" assertions="2" time="0.001432"/>
      <testcase name="testSelectWhereNot" class="test\Builder\Sql\MySql\FilterTest" classname="test.Builder.Sql.MySql.FilterTest" file="/mnt/c/Users/firei/www/query-mule/tests/Builder/Sql/Mysql/FilterTest.php" line="110" assertions="2" time="0.001053"/>
      <testcase name="testSelectWhereNotAndNot" class="test\Builder\Sql\MySql\FilterTest" classname="test.Builder.Sql.MySql.FilterTest" file="/mnt/c/Users/firei/www/query-mule/tests/Builder/Sql/Mysql/FilterTest.php" line="117" assertions="2" time="0.001386"/>
      <testcase name="testSelectWhereBetween" class="test\Builder\Sql\MySql\FilterTest" classname="test.Builder.Sql.MySql.FilterTest" file="/mnt/c/Users/firei/www/query-mule/tests/Builder/Sql/Mysql/FilterTest.php" line="124" assertions="2" time="0.000958"/>
      <testcase name="testSelectWhereBetweenOrBetween" class="test\Builder\Sql\MySql\FilterTest" classname="test.Builder.Sql.MySql.FilterTest" file="/mnt/c/Users/firei/www/query-mule/tests/Builder/Sql/Mysql/FilterTest.php" line="131" assertions="2" time="0.001278"/>
      <testcase name="testSelectWhereBetweenAndBetween" class="test\Builder\Sql\MySql\FilterTest" classname="test.Builder.Sql.MySql.FilterTest" file="/mnt/c/Users/firei/www/query-mule/tests/Builder/Sql/Mysql/FilterTest.php" line="138" assertions="2" time="0.001227"/>
      <testcase name="testSelectWhereNotBetween" class="test\Builder\Sql\MySql\FilterTest" classname="test.Builder.Sql.MySql.FilterTest" file="/mnt/c/Users/firei/www/query-mule/tests/Builder/Sql/Mysql/FilterTest.php" line="145" assertions="2" time="0.001062"/>
      <testcase name="testSelectWhereNotBetweenOrNotBetween" class="test\Builder\Sql\MySql\FilterTest" classname="test.Builder.Sql.MySql.FilterTest" file="/mnt/c/Users/firei/www/query-mule/tests/Builder/Sql/Mysql/FilterTest.php" line="152" assertions="2" time="0.001475"/>
      <testcase name="testSelectWhereNotBetweenAndNotBetween" class="test\Builder\Sql\MySql\FilterTest" classname="test.Builder.Sql.MySql.FilterTest" file="/mnt/c/Users/firei/www/query-mule/tests/Builder/Sql/Mysql/FilterTest.php" line="159" assertions="2" time="0.001416"/>
      <testcase name="testSelectWhereExists" class="test\Builder\Sql\MySql\FilterTest" classname="test.Builder.Sql.MySql.FilterTest" file="/mnt/c/Users/firei/www/query-mule/tests/Builder/Sql/Mysql/FilterTest.php" line="166" assertions="2" time="0.013854"/>
      <testcase name="testSelectWhereNotExists" class="test\Builder\Sql\MySql\FilterTest" classname="test.Builder.Sql.MySql.FilterTest" file="/mnt/c/Users/firei/www/query-mule/tests/Builder/Sql/Mysql/FilterTest.php" line="178" assertions="2" time="0.003406"/>
      <testcase name="testSelectWhereExistsOrExists" class="test\Builder\Sql\MySql\FilterTest" classname="test.Builder.Sql.MySql.FilterTest" file="/mnt/c/Users/firei/www/query-mule/tests/Builder/Sql/Mysql/FilterTest.php" line="190" assertions="2" time="0.004794"/>
      <testcase name="testSelectWhereNotExistsOrNotExists" class="test\Builder\Sql\MySql\FilterTest" classname="test.Builder.Sql.MySql.FilterTest" file="/mnt/c/Users/firei/www/query-mule/tests/Builder/Sql/Mysql/FilterTest.php" line="203" assertions="2" time="0.004959"/>
      <testcase name="testSelectWhereExistsAndExists" class="test\Builder\Sql\MySql\FilterTest" classname="test.Builder.Sql.MySql.FilterTest" file="/mnt/c/Users/firei/www/query-mule/tests/Builder/Sql/Mysql/FilterTest.php" line="216" assertions="2" time="0.004803"/>
      <testcase name="testSelectWhereNotExistsAndNotExists" class="test\Builder\Sql\MySql\FilterTest" classname="test.Builder.Sql.MySql.FilterTest" file="/mnt/c/Users/firei/www/query-mule/tests/Builder/Sql/Mysql/FilterTest.php" line="229" assertions="2" time="0.005035"/>
    </testsuite>
    <testsuite name="test\Builder\Sql\Mysql\SelectTest" file="/mnt/c/Users/firei/www/query-mule/tests/Builder/Sql/Mysql/SelectTest.php" tests="35" assertions="71" errors="2" failures="0" skipped="0" time="0.148450">
      <testcase name="testSelect" class="test\Builder\Sql\Mysql\SelectTest" classname="test.Builder.Sql.Mysql.SelectTest" file="/mnt/c/Users/firei/www/query-mule/tests/Builder/Sql/Mysql/SelectTest.php" line="34" assertions="1" time="0.000852"/>
      <testcase name="testIgnoreAlias" class="test\Builder\Sql\Mysql\SelectTest" classname="test.Builder.Sql.Mysql.SelectTest" file="/mnt/c/Users/firei/www/query-mule/tests/Builder/Sql/Mysql/SelectTest.php" line="41" assertions="1" time="0.001015"/>
      <testcase name="testSelectCols" class="test\Builder\Sql\Mysql\SelectTest" classname="test.Builder.Sql.Mysql.SelectTest" file="/mnt/c/Users/firei/www/query-mule/tests/Builder/Sql/Mysql/SelectTest.php" line="49" assertions="1" time="0.001031"/>
      <testcase name="testSelectColsWithAlias" class="test\Builder\Sql\Mysql\SelectTest" classname="test.Builder.Sql.Mysql.SelectTest" file="/mnt/c/Users/firei/www/query-mule/tests/Builder/Sql/Mysql/SelectTest.php" line="58" assertions="1" time="0.001049"/>
      <testcase name="testSelectAllCols" class="test\Builder\Sql\Mysql\SelectTest" classname="test.Builder.Sql.Mysql.SelectTest" file="/mnt/c/Users/firei/www/query-mule/tests/Builder/Sql/Mysql/SelectTest.php" line="67" assertions="1" time="0.000885"/>
      <testcase name="testSelectColsAs" class="test\Builder\Sql\Mysql\SelectTest" classname="test.Builder.Sql.Mysql.SelectTest" file="/mnt/c/Users/firei/www/query-mule/tests/Builder/Sql/Mysql/SelectTest.php" line="76" assertions="1" time="0.001090"/>
      <testcase name="testSelectColsFrom" class="test\Builder\Sql\Mysql\SelectTest" classname="test.Builder.Sql.Mysql.SelectTest" file="/mnt/c/Users/firei/www/query-mule/tests/Builder/Sql/Mysql/SelectTest.php" line="85" assertions="1" time="0.002569"/>
      <testcase name="testSelectColsFromWithAlias" class="test\Builder\Sql\Mysql\SelectTest" classname="test.Builder.Sql.Mysql.SelectTest" file="/mnt/c/Users/firei/www/query-mule/tests/Builder/Sql/Mysql/SelectTest.php" line="98" assertions="1" time="0.002693"/>
      <testcase name="testSelectWhere" class="test\Builder\Sql\Mysql\SelectTest" classname="test.Builder.Sql.Mysql.SelectTest" file="/mnt/c/Users/firei/www/query-mule/tests/Builder/Sql/Mysql/SelectTest.php" line="111" assertions="3" time="0.012586"/>
      <testcase name="testSelectWhereNot" class="test\Builder\Sql\Mysql\SelectTest" classname="test.Builder.Sql.Mysql.SelectTest" file="/mnt/c/Users/firei/www/query-mule/tests/Builder/Sql/Mysql/SelectTest.php" line="136" assertions="3" time="0.004576"/>
      <testcase name="testSelectWhereNotOrWhereNot" class="test\Builder\Sql\Mysql\SelectTest" classname="test.Builder.Sql.Mysql.SelectTest" file="/mnt/c/Users/firei/www/query-mule/tests/Builder/Sql/Mysql/SelectTest.php" line="161" assertions="3" time="0.006332"/>
      <testcase name="testSelectWhereOrWhere" class="test\Builder\Sql\Mysql\SelectTest" classname="test.Builder.Sql.Mysql.SelectTest" file="/mnt/c/Users/firei/www/query-mule/tests/Builder/Sql/Mysql/SelectTest.php" line="187" assertions="3" time="0.006392"/>
      <testcase name="testSelectWhereAndWhere" class="test\Builder\Sql\Mysql\SelectTest" classname="test.Builder.Sql.Mysql.SelectTest" file="/mnt/c/Users/firei/www/query-mule/tests/Builder/Sql/Mysql/SelectTest.php" line="213" assertions="3" time="0.005275"/>
      <testcase name="testSelectWhereIn" class="test\Builder\Sql\Mysql\SelectTest" classname="test.Builder.Sql.Mysql.SelectTest" file="/mnt/c/Users/firei/www/query-mule/tests/Builder/Sql/Mysql/SelectTest.php" line="238" assertions="3" time="0.005055"/>
      <testcase name="testSelectWhereInOrWhereIn" class="test\Builder\Sql\Mysql\SelectTest" classname="test.Builder.Sql.Mysql.SelectTest" file="/mnt/c/Users/firei/www/query-mule/tests/Builder/Sql/Mysql/SelectTest.php" line="263" assertions="3" time="0.006585"/>
      <testcase name="testSelectWhereNotIn" class="test\Builder\Sql\Mysql\SelectTest" classname="test.Builder.Sql.Mysql.SelectTest" file="/mnt/c/Users/firei/www/query-mule/tests/Builder/Sql/Mysql/SelectTest.php" line="289" assertions="3" time="0.004649"/>
      <testcase name="testSelectWhereNotInOrWhereNotIn" class="test\Builder\Sql\Mysql\SelectTest" classname="test.Builder.Sql.Mysql.SelectTest" file="/mnt/c/Users/firei/www/query-mule/tests/Builder/Sql/Mysql/SelectTest.php" line="314" assertions="3" time="0.006355"/>
      <testcase name="testSelectWhereBetween" class="test\Builder\Sql\Mysql\SelectTest" classname="test.Builder.Sql.Mysql.SelectTest" file="/mnt/c/Users/firei/www/query-mule/tests/Builder/Sql/Mysql/SelectTest.php" line="340" assertions="3" time="0.005400"/>
      <testcase name="testSelectWhereBetweenOrWhereBetween" class="test\Builder\Sql\Mysql\SelectTest" classname="test.Builder.Sql.Mysql.SelectTest" file="/mnt/c/Users/firei/www/query-mule/tests/Builder/Sql/Mysql/SelectTest.php" line="365" assertions="3" time="0.006237"/>
      <testcase name="testSelectWhereNotBetween" class="test\Builder\Sql\Mysql\SelectTest" classname="test.Builder.Sql.Mysql.SelectTest" file="/mnt/c/Users/firei/www/query-mule/tests/Builder/Sql/Mysql/SelectTest.php" line="391" assertions="3" time="0.004607"/>
      <testcase name="testSelectNotWhereBetweenOrNotWhereBetween" class="test\Builder\Sql\Mysql\SelectTest" classname="test.Builder.Sql.Mysql.SelectTest" file="/mnt/c/Users/firei/www/query-mule/tests/Builder/Sql/Mysql/SelectTest.php" line="416" assertions="3" time="0.006308"/>
      <testcase name="testSelectWhereExists" class="test\Builder\Sql\Mysql\SelectTest" classname="test.Builder.Sql.Mysql.SelectTest" file="/mnt/c/Users/firei/www/query-mule/tests/Builder/Sql/Mysql/SelectTest.php" line="442" assertions="3" time="0.004667"/>
      <testcase name="testSelectNotWhereExists" class="test\Builder\Sql\Mysql\SelectTest" classname="test.Builder.Sql.Mysql.SelectTest" file="/mnt/c/Users/firei/www/query-mule/tests/Builder/Sql/Mysql/SelectTest.php" line="467" assertions="3" time="0.005169"/>
      <testcase name="testSelectWhereExistsOrWhereExists" class="test\Builder\Sql\Mysql\SelectTest" classname="test.Builder.Sql.Mysql.SelectTest" file="/mnt/c/Users/firei/www/query-mule/tests/Builder/Sql/Mysql/SelectTest.php" line="492" assertions="3" time="0.006144"/>
      <testcase name="testSelectNotWhereExistsOrNotWhereExists" class="test\Builder\Sql\Mysql\SelectTest" classname="test.Builder.Sql.Mysql.SelectTest" file="/mnt/c/Users/firei/www/query-mule/tests/Builder/Sql/Mysql/SelectTest.php" line="518" assertions="3" time="0.006162"/>
      <testcase name="testSelectColsFromGroupBy" class="test\Builder\Sql\Mysql\SelectTest" classname="test.Builder.Sql.Mysql.SelectTest" file="/mnt/c/Users/firei/www/query-mule/tests/Builder/Sql/Mysql/SelectTest.php" line="544" assertions="1" time="0.002794"/>
      <testcase name="testSelectColsFromGroupByWithAlias" class="test\Builder\Sql\Mysql\SelectTest" classname="test.Builder.Sql.Mysql.SelectTest" file="/mnt/c/Users/firei/www/query-mule/tests/Builder/Sql/Mysql/SelectTest.php" line="558" assertions="1" time="0.002762"/>
      <testcase name="testSelectColsFromOrderBy" class="test\Builder\Sql\Mysql\SelectTest" classname="test.Builder.Sql.Mysql.SelectTest" file="/mnt/c/Users/firei/www/query-mule/tests/Builder/Sql/Mysql/SelectTest.php" line="572" assertions="1" time="0.002847"/>
      <testcase name="testSelectColsFromOrderByWithAlias" class="test\Builder\Sql\Mysql\SelectTest" classname="test.Builder.Sql.Mysql.SelectTest" file="/mnt/c/Users/firei/www/query-mule/tests/Builder/Sql/Mysql/SelectTest.php" line="586" assertions="1" time="0.002807"/>
      <testcase name="testSelectColsFromLimit" class="test\Builder\Sql\Mysql\SelectTest" classname="test.Builder.Sql.Mysql.SelectTest" file="/mnt/c/Users/firei/www/query-mule/tests/Builder/Sql/Mysql/SelectTest.php" line="608" assertions="1" time="0.002692"/>
      <testcase name="testSelectColsFromLimitOffset" class="test\Builder\Sql\Mysql\SelectTest" classname="test.Builder.Sql.Mysql.SelectTest" file="/mnt/c/Users/firei/www/query-mule/tests/Builder/Sql/Mysql/SelectTest.php" line="622" assertions="1" time="0.002804"/>
      <testcase name="testSelectColsFromWhereUnionSelectColsFromWhereWithAlias" class="test\Builder\Sql\Mysql\SelectTest" classname="test.Builder.Sql.Mysql.SelectTest" file="/mnt/c/Users/firei/www/query-mule/tests/Builder/Sql/Mysql/SelectTest.php" line="637" assertions="3" time="0.006517"/>
      <testcase name="testSelectColsFromWhereUnionAllSelectColsFromWhere" class="test\Builder\Sql\Mysql\SelectTest" classname="test.Builder.Sql.Mysql.SelectTest" file="/mnt/c/Users/firei/www/query-mule/tests/Builder/Sql/Mysql/SelectTest.php" line="667" assertions="3" time="0.006402"/>
      <testcase name="test" class="test\Builder\Sql\Mysql\SelectTest" classname="test.Builder.Sql.Mysql.SelectTest" file="/mnt/c/Users/firei/www/query-mule/tests/Builder/Sql/Mysql/SelectTest.php" line="697" assertions="0" time="0.002643">
        <error type="Error">test\Builder\Sql\Mysql\SelectTest::test
Error: Call to undefined method QueryMule\Builder\Sql\Mysql\Select::leftJoin()

/mnt/c/Users/firei/www/query-mule/tests/Builder/Sql/Mysql/SelectTest.php:702
/mnt/c/Users/firei/www/query-mule/vendor/phpunit/phpunit/phpunit:53
</error>
      </testcase>
      <testcase name="test2" class="test\Builder\Sql\Mysql\SelectTest" classname="test.Builder.Sql.Mysql.SelectTest" file="/mnt/c/Users/firei/www/query-mule/tests/Builder/Sql/Mysql/SelectTest.php" line="715" assertions="0" time="0.002500">
        <error type="Error">test\Builder\Sql\Mysql\SelectTest::test2
Error: Call to undefined method QueryMule\Builder\Sql\Mysql\Select::leftJoin()

/mnt/c/Users/firei/www/query-mule/tests/Builder/Sql/Mysql/SelectTest.php:720
/mnt/c/Users/firei/www/query-mule/vendor/phpunit/phpunit/phpunit:53
</error>
      </testcase>
    </testsuite>
    <testsuite name="test\Builder\Sql\Pgsql\FilterTest" file="/mnt/c/Users/firei/www/query-mule/tests/Builder/Sql/Pgsql/FilterTest.php" tests="24" assertions="48" errors="0" failures="0" skipped="0" time="0.048018">
      <testcase name="testSelectWhere" class="test\Builder\Sql\Pgsql\FilterTest" classname="test.Builder.Sql.Pgsql.FilterTest" file="/mnt/c/Users/firei/www/query-mule/tests/Builder/Sql/Pgsql/FilterTest.php" line="34" assertions="2" time="0.000981"/>
      <testcase name="testSelectWhereWithAlias" class="test\Builder\Sql\Pgsql\FilterTest" classname="test.Builder.Sql.Pgsql.FilterTest" file="/mnt/c/Users/firei/www/query-mule/tests/Builder/Sql/Pgsql/FilterTest.php" line="41" assertions="2" time="0.000960"/>
      <testcase name="testSelectWhereAndNestedWhere" class="test\Builder\Sql\Pgsql\FilterTest" classname="test.Builder.Sql.Pgsql.FilterTest" file="/mnt/c/Users/firei/www/query-mule/tests/Builder/Sql/Pgsql/FilterTest.php" line="48" assertions="2" time="0.001962"/>
      <testcase name="testSelectWhereAndWhere" class="test\Builder\Sql\Pgsql\FilterTest" classname="test.Builder.Sql.Pgsql.FilterTest" file="/mnt/c/Users/firei/www/query-mule/tests/Builder/Sql/Pgsql/FilterTest.php" line="62" assertions="2" time="0.001235"/>
      <testcase name="testSelectWhereOrWhere" class="test\Builder\Sql\Pgsql\FilterTest" classname="test.Builder.Sql.Pgsql.FilterTest" file="/mnt/c/Users/firei/www/query-mule/tests/Builder/Sql/Pgsql/FilterTest.php" line="69" assertions="2" time="0.001209"/>
      <testcase name="testSelectWhereIn" class="test\Builder\Sql\Pgsql\FilterTest" classname="test.Builder.Sql.Pgsql.FilterTest" file="/mnt/c/Users/firei/www/query-mule/tests/Builder/Sql/Pgsql/FilterTest.php" line="76" assertions="2" time="0.000974"/>
      <testcase name="testSelectWhereInOrIn" class="test\Builder\Sql\Pgsql\FilterTest" classname="test.Builder.Sql.Pgsql.FilterTest" file="/mnt/c/Users/firei/www/query-mule/tests/Builder/Sql/Pgsql/FilterTest.php" line="83" assertions="2" time="0.001280"/>
      <testcase name="testSelectWhereNotIn" class="test\Builder\Sql\Pgsql\FilterTest" classname="test.Builder.Sql.Pgsql.FilterTest" file="/mnt/c/Users/firei/www/query-mule/tests/Builder/Sql/Pgsql/FilterTest.php" line="90" assertions="2" time="0.001104"/>
      <testcase name="testSelectWhereNotInAndIn" class="test\Builder\Sql\Pgsql\FilterTest" classname="test.Builder.Sql.Pgsql.FilterTest" file="/mnt/c/Users/firei/www/query-mule/tests/Builder/Sql/Pgsql/FilterTest.php" line="97" assertions="2" time="0.001409"/>
      <testcase name="testSelectWhereNotInOrIn" class="test\Builder\Sql\Pgsql\FilterTest" classname="test.Builder.Sql.Pgsql.FilterTest" file="/mnt/c/Users/firei/www/query-mule/tests/Builder/Sql/Pgsql/FilterTest.php" line="104" assertions="2" time="0.001424"/>
      <testcase name="testSelectWhereNot" class="test\Builder\Sql\Pgsql\FilterTest" classname="test.Builder.Sql.Pgsql.FilterTest" file="/mnt/c/Users/firei/www/query-mule/tests/Builder/Sql/Pgsql/FilterTest.php" line="111" assertions="2" time="0.001063"/>
      <testcase name="testSelectWhereNotAndNot" class="test\Builder\Sql\Pgsql\FilterTest" classname="test.Builder.Sql.Pgsql.FilterTest" file="/mnt/c/Users/firei/www/query-mule/tests/Builder/Sql/Pgsql/FilterTest.php" line="118" assertions="2" time="0.001401"/>
      <testcase name="testSelectWhereBetween" class="test\Builder\Sql\Pgsql\FilterTest" classname="test.Builder.Sql.Pgsql.FilterTest" file="/mnt/c/Users/firei/www/query-mule/tests/Builder/Sql/Pgsql/FilterTest.php" line="125" assertions="2" time="0.000939"/>
      <testcase name="testSelectWhereBetweenOrBetween" class="test\Builder\Sql\Pgsql\FilterTest" classname="test.Builder.Sql.Pgsql.FilterTest" file="/mnt/c/Users/firei/www/query-mule/tests/Builder/Sql/Pgsql/FilterTest.php" line="132" assertions="2" time="0.001257"/>
      <testcase name="testSelectWhereBetweenAndBetween" class="test\Builder\Sql\Pgsql\FilterTest" classname="test.Builder.Sql.Pgsql.FilterTest" file="/mnt/c/Users/firei/www/query-mule/tests/Builder/Sql/Pgsql/FilterTest.php" line="139" assertions="2" time="0.001254"/>
      <testcase name="testSelectWhereNotBetween" class="test\Builder\Sql\Pgsql\FilterTest" classname="test.Builder.Sql.Pgsql.FilterTest" file="/mnt/c/Users/firei/www/query-mule/tests/Builder/Sql/Pgsql/FilterTest.php" line="146" assertions="2" time="0.001063"/>
      <testcase name="testSelectWhereNotBetweenOrNotBetween" class="test\Builder\Sql\Pgsql\FilterTest" classname="test.Builder.Sql.Pgsql.FilterTest" file="/mnt/c/Users/firei/www/query-mule/tests/Builder/Sql/Pgsql/FilterTest.php" line="153" assertions="2" time="0.001439"/>
      <testcase name="testSelectWhereNotBetweenAndNotBetween" class="test\Builder\Sql\Pgsql\FilterTest" classname="test.Builder.Sql.Pgsql.FilterTest" file="/mnt/c/Users/firei/www/query-mule/tests/Builder/Sql/Pgsql/FilterTest.php" line="160" assertions="2" time="0.001377"/>
      <testcase name="testSelectWhereExists" class="test\Builder\Sql\Pgsql\FilterTest" classname="test.Builder.Sql.Pgsql.FilterTest" file="/mnt/c/Users/firei/www/query-mule/tests/Builder/Sql/Pgsql/FilterTest.php" line="167" assertions="2" time="0.003229"/>
      <testcase name="testSelectWhereNotExists" class="test\Builder\Sql\Pgsql\FilterTest" classname="test.Builder.Sql.Pgsql.FilterTest" file="/mnt/c/Users/firei/www/query-mule/tests/Builder/Sql/Pgsql/FilterTest.php" line="179" assertions="2" time="0.003227"/>
      <testcase name="testSelectWhereExistsOrExists" class="test\Builder\Sql\Pgsql\FilterTest" classname="test.Builder.Sql.Pgsql.FilterTest" file="/mnt/c/Users/firei/www/query-mule/tests/Builder/Sql/Pgsql/FilterTest.php" line="191" assertions="2" time="0.004725"/>
      <testcase name="testSelectWhereNotExistsOrNotExists" class="test\Builder\Sql\Pgsql\FilterTest" classname="test.Builder.Sql.Pgsql.FilterTest" file="/mnt/c/Users/firei/www/query-mule/tests/Builder/Sql/Pgsql/FilterTest.php" line="204" assertions="2" time="0.004954"/>
      <testcase name="testSelectWhereExistsAndExists" class="test\Builder\Sql\Pgsql\FilterTest" classname="test.Builder.Sql.Pgsql.FilterTest" file="/mnt/c/Users/firei/www/query-mule/tests/Builder/Sql/Pgsql/FilterTest.php" line="217" assertions="2" time="0.004679"/>
      <testcase name="testSelectWhereNotExistsAndNotExists" class="test\Builder\Sql\Pgsql\FilterTest" classname="test.Builder.Sql.Pgsql.FilterTest" file="/mnt/c/Users/firei/www/query-mule/tests/Builder/Sql/Pgsql/FilterTest.php" line="230" assertions="2" time="0.004872"/>
    </testsuite>
    <testsuite name="test\Builder\Sql\Pgsql\SelectTest" file="/mnt/c/Users/firei/www/query-mule/tests/Builder/Sql/Pgsql/SelectTest.php" tests="10" assertions="10" errors="0" failures="0" skipped="0" time="0.020271">
      <testcase name="testSelect" class="test\Builder\Sql\Pgsql\SelectTest" classname="test.Builder.Sql.Pgsql.SelectTest" file="/mnt/c/Users/firei/www/query-mule/tests/Builder/Sql/Pgsql/SelectTest.php" line="41" assertions="1" time="0.000738"/>
      <testcase name="testIgnoreAlias" class="test\Builder\Sql\Pgsql\SelectTest" classname="test.Builder.Sql.Pgsql.SelectTest" file="/mnt/c/Users/firei/www/query-mule/tests/Builder/Sql/Pgsql/SelectTest.php" line="48" assertions="1" time="0.000966"/>
      <testcase name="testSelectCols" class="test\Builder\Sql\Pgsql\SelectTest" classname="test.Builder.Sql.Pgsql.SelectTest" file="/mnt/c/Users/firei/www/query-mule/tests/Builder/Sql/Pgsql/SelectTest.php" line="56" assertions="1" time="0.000993"/>
      <testcase name="testSelectColsWithAlias" class="test\Builder\Sql\Pgsql\SelectTest" classname="test.Builder.Sql.Pgsql.SelectTest" file="/mnt/c/Users/firei/www/query-mule/tests/Builder/Sql/Pgsql/SelectTest.php" line="65" assertions="1" time="0.001020"/>
      <testcase name="testSelectAllCols" class="test\Builder\Sql\Pgsql\SelectTest" classname="test.Builder.Sql.Pgsql.SelectTest" file="/mnt/c/Users/firei/www/query-mule/tests/Builder/Sql/Pgsql/SelectTest.php" line="74" assertions="1" time="0.000833"/>
      <testcase name="testSelectColsAs" class="test\Builder\Sql\Pgsql\SelectTest" classname="test.Builder.Sql.Pgsql.SelectTest" file="/mnt/c/Users/firei/www/query-mule/tests/Builder/Sql/Pgsql/SelectTest.php" line="83" assertions="1" time="0.001000"/>
      <testcase name="testSelectColsFrom" class="test\Builder\Sql\Pgsql\SelectTest" classname="test.Builder.Sql.Pgsql.SelectTest" file="/mnt/c/Users/firei/www/query-mule/tests/Builder/Sql/Pgsql/SelectTest.php" line="92" assertions="1" time="0.002641"/>
      <testcase name="testSelectColsFromWithAlias" class="test\Builder\Sql\Pgsql\SelectTest" classname="test.Builder.Sql.Pgsql.SelectTest" file="/mnt/c/Users/firei/www/query-mule/tests/Builder/Sql/Pgsql/SelectTest.php" line="105" assertions="1" time="0.002618"/>
      <testcase name="testSelectWhereFilterCall" class="test\Builder\Sql\Pgsql\SelectTest" classname="test.Builder.Sql.Pgsql.SelectTest" file="/mnt/c/Users/firei/www/query-mule/tests/Builder/Sql/Pgsql/SelectTest.php" line="118" assertions="1" time="0.004772"/>
      <testcase name="testSelectOrWhereFilterCall" class="test\Builder\Sql\Pgsql\SelectTest" classname="test.Builder.Sql.Pgsql.SelectTest" file="/mnt/c/Users/firei/www/query-mule/tests/Builder/Sql/Pgsql/SelectTest.php" line="136" assertions="1" time="0.004690"/>
    </testsuite>
    <testsuite name="test\Builder\Sql\Sqlite\FilterTest" file="/mnt/c/Users/firei/www/query-mule/tests/Builder/Sql/Sqlite/FilterTest.php" tests="24" assertions="48" errors="0" failures="0" skipped="0" time="0.049237">
      <testcase name="testSelectWhere" class="test\Builder\Sql\Sqlite\FilterTest" classname="test.Builder.Sql.Sqlite.FilterTest" file="/mnt/c/Users/firei/www/query-mule/tests/Builder/Sql/Sqlite/FilterTest.php" line="33" assertions="2" time="0.000938"/>
      <testcase name="testSelectWhereWithAlias" class="test\Builder\Sql\Sqlite\FilterTest" classname="test.Builder.Sql.Sqlite.FilterTest" file="/mnt/c/Users/firei/www/query-mule/tests/Builder/Sql/Sqlite/FilterTest.php" line="40" assertions="2" time="0.001012"/>
      <testcase name="testSelectWhereAndNestedWhere" class="test\Builder\Sql\Sqlite\FilterTest" classname="test.Builder.Sql.Sqlite.FilterTest" file="/mnt/c/Users/firei/www/query-mule/tests/Builder/Sql/Sqlite/FilterTest.php" line="47" assertions="2" time="0.001952"/>
      <testcase name="testSelectWhereAndWhere" class="test\Builder\Sql\Sqlite\FilterTest" classname="test.Builder.Sql.Sqlite.FilterTest" file="/mnt/c/Users/firei/www/query-mule/tests/Builder/Sql/Sqlite/FilterTest.php" line="61" assertions="2" time="0.001167"/>
      <testcase name="testSelectWhereOrWhere" class="test\Builder\Sql\Sqlite\FilterTest" classname="test.Builder.Sql.Sqlite.FilterTest" file="/mnt/c/Users/firei/www/query-mule/tests/Builder/Sql/Sqlite/FilterTest.php" line="68" assertions="2" time="0.001221"/>
      <testcase name="testSelectWhereIn" class="test\Builder\Sql\Sqlite\FilterTest" classname="test.Builder.Sql.Sqlite.FilterTest" file="/mnt/c/Users/firei/www/query-mule/tests/Builder/Sql/Sqlite/FilterTest.php" line="75" assertions="2" time="0.000987"/>
      <testcase name="testSelectWhereInOrIn" class="test\Builder\Sql\Sqlite\FilterTest" classname="test.Builder.Sql.Sqlite.FilterTest" file="/mnt/c/Users/firei/www/query-mule/tests/Builder/Sql/Sqlite/FilterTest.php" line="82" assertions="2" time="0.001232"/>
      <testcase name="testSelectWhereNotIn" class="test\Builder\Sql\Sqlite\FilterTest" classname="test.Builder.Sql.Sqlite.FilterTest" file="/mnt/c/Users/firei/www/query-mule/tests/Builder/Sql/Sqlite/FilterTest.php" line="89" assertions="2" time="0.001077"/>
      <testcase name="testSelectWhereNotInAndIn" class="test\Builder\Sql\Sqlite\FilterTest" classname="test.Builder.Sql.Sqlite.FilterTest" file="/mnt/c/Users/firei/www/query-mule/tests/Builder/Sql/Sqlite/FilterTest.php" line="96" assertions="2" time="0.001615"/>
      <testcase name="testSelectWhereNotInOrIn" class="test\Builder\Sql\Sqlite\FilterTest" classname="test.Builder.Sql.Sqlite.FilterTest" file="/mnt/c/Users/firei/www/query-mule/tests/Builder/Sql/Sqlite/FilterTest.php" line="103" assertions="2" time="0.001618"/>
      <testcase name="testSelectWhereNot" class="test\Builder\Sql\Sqlite\FilterTest" classname="test.Builder.Sql.Sqlite.FilterTest" file="/mnt/c/Users/firei/www/query-mule/tests/Builder/Sql/Sqlite/FilterTest.php" line="110" assertions="2" time="0.001054"/>
      <testcase name="testSelectWhereNotAndNot" class="test\Builder\Sql\Sqlite\FilterTest" classname="test.Builder.Sql.Sqlite.FilterTest" file="/mnt/c/Users/firei/www/query-mule/tests/Builder/Sql/Sqlite/FilterTest.php" line="117" assertions="2" time="0.001370"/>
      <testcase name="testSelectWhereBetween" class="test\Builder\Sql\Sqlite\FilterTest" classname="test.Builder.Sql.Sqlite.FilterTest" file="/mnt/c/Users/firei/www/query-mule/tests/Builder/Sql/Sqlite/FilterTest.php" line="124" assertions="2" time="0.000975"/>
      <testcase name="testSelectWhereBetweenOrBetween" class="test\Builder\Sql\Sqlite\FilterTest" classname="test.Builder.Sql.Sqlite.FilterTest" file="/mnt/c/Users/firei/www/query-mule/tests/Builder/Sql/Sqlite/FilterTest.php" line="131" assertions="2" time="0.001198"/>
      <testcase name="testSelectWhereBetweenAndBetween" class="test\Builder\Sql\Sqlite\FilterTest" classname="test.Builder.Sql.Sqlite.FilterTest" file="/mnt/c/Users/firei/www/query-mule/tests/Builder/Sql/Sqlite/FilterTest.php" line="138" assertions="2" time="0.001217"/>
      <testcase name="testSelectWhereNotBetween" class="test\Builder\Sql\Sqlite\FilterTest" classname="test.Builder.Sql.Sqlite.FilterTest" file="/mnt/c/Users/firei/www/query-mule/tests/Builder/Sql/Sqlite/FilterTest.php" line="145" assertions="2" time="0.001751"/>
      <testcase name="testSelectWhereNotBetweenOrNotBetween" class="test\Builder\Sql\Sqlite\FilterTest" classname="test.Builder.Sql.Sqlite.FilterTest" file="/mnt/c/Users/firei/www/query-mule/tests/Builder/Sql/Sqlite/FilterTest.php" line="152" assertions="2" time="0.001425"/>
      <testcase name="testSelectWhereNotBetweenAndNotBetween" class="test\Builder\Sql\Sqlite\FilterTest" classname="test.Builder.Sql.Sqlite.FilterTest" file="/mnt/c/Users/firei/www/query-mule/tests/Builder/Sql/Sqlite/FilterTest.php" line="159" assertions="2" time="0.001368"/>
      <testcase name="testSelectWhereExists" class="test\Builder\Sql\Sqlite\FilterTest" classname="test.Builder.Sql.Sqlite.FilterTest" file="/mnt/c/Users/firei/www/query-mule/tests/Builder/Sql/Sqlite/FilterTest.php" line="166" assertions="2" time="0.003893"/>
      <testcase name="testSelectWhereNotExists" class="test\Builder\Sql\Sqlite\FilterTest" classname="test.Builder.Sql.Sqlite.FilterTest" file="/mnt/c/Users/firei/www/query-mule/tests/Builder/Sql/Sqlite/FilterTest.php" line="178" assertions="2" time="0.003183"/>
      <testcase name="testSelectWhereExistsOrExists" class="test\Builder\Sql\Sqlite\FilterTest" classname="test.Builder.Sql.Sqlite.FilterTest" file="/mnt/c/Users/firei/www/query-mule/tests/Builder/Sql/Sqlite/FilterTest.php" line="190" assertions="2" time="0.004677"/>
      <testcase name="testSelectWhereNotExistsOrNotExists" class="test\Builder\Sql\Sqlite\FilterTest" classname="test.Builder.Sql.Sqlite.FilterTest" file="/mnt/c/Users/firei/www/query-mule/tests/Builder/Sql/Sqlite/FilterTest.php" line="203" assertions="2" time="0.004884"/>
      <testcase name="testSelectWhereExistsAndExists" class="test\Builder\Sql\Sqlite\FilterTest" classname="test.Builder.Sql.Sqlite.FilterTest" file="/mnt/c/Users/firei/www/query-mule/tests/Builder/Sql/Sqlite/FilterTest.php" line="216" assertions="2" time="0.004653"/>
      <testcase name="testSelectWhereNotExistsAndNotExists" class="test\Builder\Sql\Sqlite\FilterTest" classname="test.Builder.Sql.Sqlite.FilterTest" file="/mnt/c/Users/firei/www/query-mule/tests/Builder/Sql/Sqlite/FilterTest.php" line="229" assertions="2" time="0.004770"/>
    </testsuite>
    <testsuite name="test\Builder\Sql\Sqlite\SelectTest" file="/mnt/c/Users/firei/www/query-mule/tests/Builder/Sql/Sqlite/SelectTest.php" tests="10" assertions="10" errors="0" failures="0" skipped="0" time="0.019805">
      <testcase name="testSelect" class="test\Builder\Sql\Sqlite\SelectTest" classname="test.Builder.Sql.Sqlite.SelectTest" file="/mnt/c/Users/firei/www/query-mule/tests/Builder/Sql/Sqlite/SelectTest.php" line="35" assertions="1" time="0.000732"/>
      <testcase name="testIgnoreAlias" class="test\Builder\Sql\Sqlite\SelectTest" classname="test.Builder.Sql.Sqlite.SelectTest" file="/mnt/c/Users/firei/www/query-mule/tests/Builder/Sql/Sqlite/SelectTest.php" line="42" assertions="1" time="0.000982"/>
      <testcase name="testSelectCols" class="test\Builder\Sql\Sqlite\SelectTest" classname="test.Builder.Sql.Sqlite.SelectTest" file="/mnt/c/Users/firei/www/query-mule/tests/Builder/Sql/Sqlite/SelectTest.php" line="50" assertions="1" time="0.000944"/>
      <testcase name="testSelectColsWithAlias" class="test\Builder\Sql\Sqlite\SelectTest" classname="test.Builder.Sql.Sqlite.SelectTest" file="/mnt/c/Users/firei/www/query-mule/tests/Builder/Sql/Sqlite/SelectTest.php" line="59" assertions="1" time="0.000979"/>
      <testcase name="testSelectAllCols" class="test\Builder\Sql\Sqlite\SelectTest" classname="test.Builder.Sql.Sqlite.SelectTest" file="/mnt/c/Users/firei/www/query-mule/tests/Builder/Sql/Sqlite/SelectTest.php" line="68" assertions="1" time="0.000804"/>
      <testcase name="testSelectColsAs" class="test\Builder\Sql\Sqlite\SelectTest" classname="test.Builder.Sql.Sqlite.SelectTest" file="/mnt/c/Users/firei/www/query-mule/tests/Builder/Sql/Sqlite/SelectTest.php" line="77" assertions="1" time="0.000951"/>
      <testcase name="testSelectColsFrom" class="test\Builder\Sql\Sqlite\SelectTest" classname="test.Builder.Sql.Sqlite.SelectTest" file="/mnt/c/Users/firei/www/query-mule/tests/Builder/Sql/Sqlite/SelectTest.php" line="86" assertions="1" time="0.002603"/>
      <testcase name="testSelectColsFromWithAlias" class="test\Builder\Sql\Sqlite\SelectTest" classname="test.Builder.Sql.Sqlite.SelectTest" file="/mnt/c/Users/firei/www/query-mule/tests/Builder/Sql/Sqlite/SelectTest.php" line="99" assertions="1" time="0.002504"/>
      <testcase name="testSelectWhereFilterCall" class="test\Builder\Sql\Sqlite\SelectTest" classname="test.Builder.Sql.Sqlite.SelectTest" file="/mnt/c/Users/firei/www/query-mule/tests/Builder/Sql/Sqlite/SelectTest.php" line="112" assertions="1" time="0.004673"/>
      <testcase name="testSelectOrWhereFilterCall" class="test\Builder\Sql\Sqlite\SelectTest" classname="test.Builder.Sql.Sqlite.SelectTest" file="/mnt/c/Users/firei/www/query-mule/tests/Builder/Sql/Sqlite/SelectTest.php" line="130" assertions="1" time="0.004633"/>
    </testsuite>
    <testsuite name="test\Query\Repository\Table\TableTest" file="/mnt/c/Users/firei/www/query-mule/tests/Query/Repository/Table/TableTest.php" tests="4" assertions="7" errors="0" failures="0" skipped="0" time="0.023503">
      <testcase name="testMake" class="test\Query\Repository\Table\TableTest" classname="test.Query.Repository.Table.TableTest" file="/mnt/c/Users/firei/www/query-mule/tests/Query/Repository/Table/TableTest.php" line="22" assertions="1" time="0.015209"/>
      <testcase name="testSetName" class="test\Query\Repository\Table\TableTest" classname="test.Query.Repository.Table.TableTest" file="/mnt/c/Users/firei/www/query-mule/tests/Query/Repository/Table/TableTest.php" line="29" assertions="1" time="0.001618"/>
      <testcase name="testFilter" class="test\Query\Repository\Table\TableTest" classname="test.Query.Repository.Table.TableTest" file="/mnt/c/Users/firei/www/query-mule/tests/Query/Repository/Table/TableTest.php" line="39" assertions="3" time="0.003331"/>
      <testcase name="testSelect" class="test\Query\Repository\Table\TableTest" classname="test.Query.Repository.Table.TableTest" file="/mnt/c/Users/firei/www/query-mule/tests/Query/Repository/Table/TableTest.php" line="54" assertions="2" time="0.003345"/>
    </testsuite>
    <testsuite name="test\Builder\Sql\Mysql\ComparisionTest" file="/mnt/c/Users/firei/www/query-mule/tests/Query/Sql/Operator/ComparisionTest.php" tests="12" assertions="24" errors="0" failures="0" skipped="0" time="0.008248">
      <testcase name="testEqualTo" class="test\Builder\Sql\Mysql\ComparisionTest" classname="test.Builder.Sql.Mysql.ComparisionTest" file="/mnt/c/Users/firei/www/query-mule/tests/Query/Sql/Operator/ComparisionTest.php" line="31" assertions="2" time="0.000807"/>
      <testcase name="testEqualToSql" class="test\Builder\Sql\Mysql\ComparisionTest" classname="test.Builder.Sql.Mysql.ComparisionTest" file="/mnt/c/Users/firei/www/query-mule/tests/Query/Sql/Operator/ComparisionTest.php" line="39" assertions="2" time="0.000698"/>
      <testcase name="testGreaterThan" class="test\Builder\Sql\Mysql\ComparisionTest" classname="test.Builder.Sql.Mysql.ComparisionTest" file="/mnt/c/Users/firei/www/query-mule/tests/Query/Sql/Operator/ComparisionTest.php" line="47" assertions="2" time="0.000657"/>
      <testcase name="testGreaterThanSql" class="test\Builder\Sql\Mysql\ComparisionTest" classname="test.Builder.Sql.Mysql.ComparisionTest" file="/mnt/c/Users/firei/www/query-mule/tests/Query/Sql/Operator/ComparisionTest.php" line="55" assertions="2" time="0.000669"/>
      <testcase name="testGreaterThanEqualTo" class="test\Builder\Sql\Mysql\ComparisionTest" classname="test.Builder.Sql.Mysql.ComparisionTest" file="/mnt/c/Users/firei/www/query-mule/tests/Query/Sql/Operator/ComparisionTest.php" line="63" assertions="2" time="0.000699"/>
      <testcase name="testGreaterThanEqualToSql" class="test\Builder\Sql\Mysql\ComparisionTest" classname="test.Builder.Sql.Mysql.ComparisionTest" file="/mnt/c/Users/firei/www/query-mule/tests/Query/Sql/Operator/ComparisionTest.php" line="71" assertions="2" time="0.000686"/>
      <testcase name="testLessThan" class="test\Builder\Sql\Mysql\ComparisionTest" classname="test.Builder.Sql.Mysql.ComparisionTest" file="/mnt/c/Users/firei/www/query-mule/tests/Query/Sql/Operator/ComparisionTest.php" line="79" assertions="2" time="0.000659"/>
      <testcase name="testLessThanSql" class="test\Builder\Sql\Mysql\ComparisionTest" classname="test.Builder.Sql.Mysql.ComparisionTest" file="/mnt/c/Users/firei/www/query-mule/tests/Query/Sql/Operator/ComparisionTest.php" line="87" assertions="2" time="0.000680"/>
      <testcase name="testLessThanEqualTo" class="test\Builder\Sql\Mysql\ComparisionTest" classname="test.Builder.Sql.Mysql.ComparisionTest" file="/mnt/c/Users/firei/www/query-mule/tests/Query/Sql/Operator/ComparisionTest.php" line="95" assertions="2" time="0.000672"/>
      <testcase name="testLessThanEqualToSql" class="test\Builder\Sql\Mysql\ComparisionTest" classname="test.Builder.Sql.Mysql.ComparisionTest" file="/mnt/c/Users/firei/www/query-mule/tests/Query/Sql/Operator/ComparisionTest.php" line="103" assertions="2" time="0.000677"/>
      <testcase name="testNotEqualTo" class="test\Builder\Sql\Mysql\ComparisionTest" classname="test.Builder.Sql.Mysql.ComparisionTest" file="/mnt/c/Users/firei/www/query-mule/tests/Query/Sql/Operator/ComparisionTest.php" line="111" assertions="2" time="0.000657"/>
      <testcase name="testNotEqualToSql" class="test\Builder\Sql\Mysql\ComparisionTest" classname="test.Builder.Sql.Mysql.ComparisionTest" file="/mnt/c/Users/firei/www/query-mule/tests/Query/Sql/Operator/ComparisionTest.php" line="119" assertions="2" time="0.000687"/>
    </testsuite>
    <testsuite name="test\Query\Sql\SqlTest" file="/mnt/c/Users/firei/www/query-mule/tests/Query/Sql/SqlTest.php" tests="2" assertions="2" errors="0" failures="0" skipped="0" time="0.001170">
      <testcase name="testSql" class="test\Query\Sql\SqlTest" classname="test.Query.Sql.SqlTest" file="/mnt/c/Users/firei/www/query-mule/tests/Query/Sql/SqlTest.php" line="15" assertions="1" time="0.000597"/>
      <testcase name="testParameters" class="test\Query\Sql\SqlTest" classname="test.Query.Sql.SqlTest" file="/mnt/c/Users/firei/www/query-mule/tests/Query/Sql/SqlTest.php" line="21" assertions="1" time="0.000573"/>
    </testsuite>
  </testsuite>
</testsuites>
