<?xml version="1.0" encoding="UTF-8"?>
<testsuites>
  <testsuite name="" tests="55" assertions="79" errors="0" failures="0" skipped="0" time="0.200303">
    <testsuite name="test\Builder\Sql\MySql\ConfigTest" file="/vagrant/personal/query-mule/tests/Builder/Connection/ConfigTest.php" tests="2" assertions="2" errors="0" failures="0" skipped="0" time="0.019190">
      <testcase name="testValidConfig" class="test\Builder\Sql\MySql\ConfigTest" classname="test.Builder.Sql.MySql.ConfigTest" file="/vagrant/personal/query-mule/tests/Builder/Connection/ConfigTest.php" line="19" assertions="1" time="0.016229"/>
      <testcase name="testInvalidConfig" class="test\Builder\Sql\MySql\ConfigTest" classname="test.Builder.Sql.MySql.ConfigTest" file="/vagrant/personal/query-mule/tests/Builder/Connection/ConfigTest.php" line="34" assertions="1" time="0.002961"/>
    </testsuite>
    <testsuite name="test\Builder\Sql\MySql\MysqliDriverTest" file="/vagrant/personal/query-mule/tests/Builder/Connection/Driver/MysqliDriverTest.php" tests="2" assertions="8" errors="0" failures="0" skipped="0" time="0.061475">
      <testcase name="testExecutionErrorLogged" class="test\Builder\Sql\MySql\MysqliDriverTest" classname="test.Builder.Sql.MySql.MysqliDriverTest" file="/vagrant/personal/query-mule/tests/Builder/Connection/Driver/MysqliDriverTest.php" line="18" assertions="4" time="0.056448"/>
      <testcase name="testFetchAll" class="test\Builder\Sql\MySql\MysqliDriverTest" classname="test.Builder.Sql.MySql.MysqliDriverTest" file="/vagrant/personal/query-mule/tests/Builder/Connection/Driver/MysqliDriverTest.php" line="44" assertions="4" time="0.005027">
        <system-out>/vagrant/personal/query-mule/src/Builder/Connection/Driver/MysqliDriver.php:209:
string(11) "some_result"
</system-out>
      </testcase>
    </testsuite>
    <testsuite name="test\Builder\Sql\MySql\FilterTest" file="/vagrant/personal/query-mule/tests/Builder/Sql/Mysql/FilterTest.php" tests="5" assertions="10" errors="0" failures="0" skipped="0" time="0.004949">
      <testcase name="testSelectWhere" class="test\Builder\Sql\MySql\FilterTest" classname="test.Builder.Sql.MySql.FilterTest" file="/vagrant/personal/query-mule/tests/Builder/Sql/Mysql/FilterTest.php" line="31" assertions="2" time="0.000982"/>
      <testcase name="testSelectWhereWithAlias" class="test\Builder\Sql\MySql\FilterTest" classname="test.Builder.Sql.MySql.FilterTest" file="/vagrant/personal/query-mule/tests/Builder/Sql/Mysql/FilterTest.php" line="38" assertions="2" time="0.001130"/>
      <testcase name="testSelectWhereAndNestedWhere" class="test\Builder\Sql\MySql\FilterTest" classname="test.Builder.Sql.MySql.FilterTest" file="/vagrant/personal/query-mule/tests/Builder/Sql/Mysql/FilterTest.php" line="45" assertions="2" time="0.000946"/>
      <testcase name="testSelectWhereAndWhere" class="test\Builder\Sql\MySql\FilterTest" classname="test.Builder.Sql.MySql.FilterTest" file="/vagrant/personal/query-mule/tests/Builder/Sql/Mysql/FilterTest.php" line="55" assertions="2" time="0.001010"/>
      <testcase name="testSelectWhereOrWhere" class="test\Builder\Sql\MySql\FilterTest" classname="test.Builder.Sql.MySql.FilterTest" file="/vagrant/personal/query-mule/tests/Builder/Sql/Mysql/FilterTest.php" line="62" assertions="2" time="0.000881"/>
    </testsuite>
    <testsuite name="test\Builder\Sql\Mysql\SelectTest" file="/vagrant/personal/query-mule/tests/Builder/Sql/Mysql/SelectTest.php" tests="10" assertions="10" errors="0" failures="0" skipped="0" time="0.030499">
      <testcase name="testSelect" class="test\Builder\Sql\Mysql\SelectTest" classname="test.Builder.Sql.Mysql.SelectTest" file="/vagrant/personal/query-mule/tests/Builder/Sql/Mysql/SelectTest.php" line="33" assertions="1" time="0.000846"/>
      <testcase name="testIgnoreAlias" class="test\Builder\Sql\Mysql\SelectTest" classname="test.Builder.Sql.Mysql.SelectTest" file="/vagrant/personal/query-mule/tests/Builder/Sql/Mysql/SelectTest.php" line="40" assertions="1" time="0.003982"/>
      <testcase name="testSelectCols" class="test\Builder\Sql\Mysql\SelectTest" classname="test.Builder.Sql.Mysql.SelectTest" file="/vagrant/personal/query-mule/tests/Builder/Sql/Mysql/SelectTest.php" line="48" assertions="1" time="0.000892"/>
      <testcase name="testSelectColsWithAlias" class="test\Builder\Sql\Mysql\SelectTest" classname="test.Builder.Sql.Mysql.SelectTest" file="/vagrant/personal/query-mule/tests/Builder/Sql/Mysql/SelectTest.php" line="57" assertions="1" time="0.000753"/>
      <testcase name="testSelectAllCols" class="test\Builder\Sql\Mysql\SelectTest" classname="test.Builder.Sql.Mysql.SelectTest" file="/vagrant/personal/query-mule/tests/Builder/Sql/Mysql/SelectTest.php" line="66" assertions="1" time="0.000764"/>
      <testcase name="testSelectColsAs" class="test\Builder\Sql\Mysql\SelectTest" classname="test.Builder.Sql.Mysql.SelectTest" file="/vagrant/personal/query-mule/tests/Builder/Sql/Mysql/SelectTest.php" line="75" assertions="1" time="0.000809"/>
      <testcase name="testSelectColsFrom" class="test\Builder\Sql\Mysql\SelectTest" classname="test.Builder.Sql.Mysql.SelectTest" file="/vagrant/personal/query-mule/tests/Builder/Sql/Mysql/SelectTest.php" line="84" assertions="1" time="0.005561"/>
      <testcase name="testSelectColsFromWithAlias" class="test\Builder\Sql\Mysql\SelectTest" classname="test.Builder.Sql.Mysql.SelectTest" file="/vagrant/personal/query-mule/tests/Builder/Sql/Mysql/SelectTest.php" line="97" assertions="1" time="0.003253"/>
      <testcase name="testSelectWhereFilterCall" class="test\Builder\Sql\Mysql\SelectTest" classname="test.Builder.Sql.Mysql.SelectTest" file="/vagrant/personal/query-mule/tests/Builder/Sql/Mysql/SelectTest.php" line="110" assertions="1" time="0.009727"/>
      <testcase name="testSelectOrWhereFilterCall" class="test\Builder\Sql\Mysql\SelectTest" classname="test.Builder.Sql.Mysql.SelectTest" file="/vagrant/personal/query-mule/tests/Builder/Sql/Mysql/SelectTest.php" line="128" assertions="1" time="0.003912"/>
    </testsuite>
    <testsuite name="test\Builder\Sql\Pgsql\FilterTest" file="/vagrant/personal/query-mule/tests/Builder/Sql/Pgsql/FilterTest.php" tests="5" assertions="10" errors="0" failures="0" skipped="0" time="0.006732">
      <testcase name="testSelectWhere" class="test\Builder\Sql\Pgsql\FilterTest" classname="test.Builder.Sql.Pgsql.FilterTest" file="/vagrant/personal/query-mule/tests/Builder/Sql/Pgsql/FilterTest.php" line="31" assertions="2" time="0.003493"/>
      <testcase name="testSelectWhereWithAlias" class="test\Builder\Sql\Pgsql\FilterTest" classname="test.Builder.Sql.Pgsql.FilterTest" file="/vagrant/personal/query-mule/tests/Builder/Sql/Pgsql/FilterTest.php" line="38" assertions="2" time="0.000790"/>
      <testcase name="testSelectWhereAndNestedWhere" class="test\Builder\Sql\Pgsql\FilterTest" classname="test.Builder.Sql.Pgsql.FilterTest" file="/vagrant/personal/query-mule/tests/Builder/Sql/Pgsql/FilterTest.php" line="45" assertions="2" time="0.000883"/>
      <testcase name="testSelectWhereAndWhere" class="test\Builder\Sql\Pgsql\FilterTest" classname="test.Builder.Sql.Pgsql.FilterTest" file="/vagrant/personal/query-mule/tests/Builder/Sql/Pgsql/FilterTest.php" line="55" assertions="2" time="0.000737"/>
      <testcase name="testSelectWhereOrWhere" class="test\Builder\Sql\Pgsql\FilterTest" classname="test.Builder.Sql.Pgsql.FilterTest" file="/vagrant/personal/query-mule/tests/Builder/Sql/Pgsql/FilterTest.php" line="62" assertions="2" time="0.000829"/>
    </testsuite>
    <testsuite name="test\Builder\Sql\Pgsql\SelectTest" file="/vagrant/personal/query-mule/tests/Builder/Sql/Pgsql/SelectTest.php" tests="10" assertions="10" errors="0" failures="0" skipped="0" time="0.022398">
      <testcase name="testSelect" class="test\Builder\Sql\Pgsql\SelectTest" classname="test.Builder.Sql.Pgsql.SelectTest" file="/vagrant/personal/query-mule/tests/Builder/Sql/Pgsql/SelectTest.php" line="39" assertions="1" time="0.000770"/>
      <testcase name="testIgnoreAlias" class="test\Builder\Sql\Pgsql\SelectTest" classname="test.Builder.Sql.Pgsql.SelectTest" file="/vagrant/personal/query-mule/tests/Builder/Sql/Pgsql/SelectTest.php" line="46" assertions="1" time="0.000870"/>
      <testcase name="testSelectCols" class="test\Builder\Sql\Pgsql\SelectTest" classname="test.Builder.Sql.Pgsql.SelectTest" file="/vagrant/personal/query-mule/tests/Builder/Sql/Pgsql/SelectTest.php" line="54" assertions="1" time="0.000988"/>
      <testcase name="testSelectColsWithAlias" class="test\Builder\Sql\Pgsql\SelectTest" classname="test.Builder.Sql.Pgsql.SelectTest" file="/vagrant/personal/query-mule/tests/Builder/Sql/Pgsql/SelectTest.php" line="63" assertions="1" time="0.000956"/>
      <testcase name="testSelectAllCols" class="test\Builder\Sql\Pgsql\SelectTest" classname="test.Builder.Sql.Pgsql.SelectTest" file="/vagrant/personal/query-mule/tests/Builder/Sql/Pgsql/SelectTest.php" line="72" assertions="1" time="0.000746"/>
      <testcase name="testSelectColsAs" class="test\Builder\Sql\Pgsql\SelectTest" classname="test.Builder.Sql.Pgsql.SelectTest" file="/vagrant/personal/query-mule/tests/Builder/Sql/Pgsql/SelectTest.php" line="81" assertions="1" time="0.000750"/>
      <testcase name="testSelectColsFrom" class="test\Builder\Sql\Pgsql\SelectTest" classname="test.Builder.Sql.Pgsql.SelectTest" file="/vagrant/personal/query-mule/tests/Builder/Sql/Pgsql/SelectTest.php" line="90" assertions="1" time="0.003216"/>
      <testcase name="testSelectColsFromWithAlias" class="test\Builder\Sql\Pgsql\SelectTest" classname="test.Builder.Sql.Pgsql.SelectTest" file="/vagrant/personal/query-mule/tests/Builder/Sql/Pgsql/SelectTest.php" line="103" assertions="1" time="0.002682"/>
      <testcase name="testSelectWhereFilterCall" class="test\Builder\Sql\Pgsql\SelectTest" classname="test.Builder.Sql.Pgsql.SelectTest" file="/vagrant/personal/query-mule/tests/Builder/Sql/Pgsql/SelectTest.php" line="116" assertions="1" time="0.007786"/>
      <testcase name="testSelectOrWhereFilterCall" class="test\Builder\Sql\Pgsql\SelectTest" classname="test.Builder.Sql.Pgsql.SelectTest" file="/vagrant/personal/query-mule/tests/Builder/Sql/Pgsql/SelectTest.php" line="134" assertions="1" time="0.003634"/>
    </testsuite>
    <testsuite name="test\Builder\Sql\Sqlite\FilterTest" file="/vagrant/personal/query-mule/tests/Builder/Sql/Sqlite/FilterTest.php" tests="5" assertions="10" errors="0" failures="0" skipped="0" time="0.005293">
      <testcase name="testSelectWhere" class="test\Builder\Sql\Sqlite\FilterTest" classname="test.Builder.Sql.Sqlite.FilterTest" file="/vagrant/personal/query-mule/tests/Builder/Sql/Sqlite/FilterTest.php" line="31" assertions="2" time="0.001037"/>
      <testcase name="testSelectWhereWithAlias" class="test\Builder\Sql\Sqlite\FilterTest" classname="test.Builder.Sql.Sqlite.FilterTest" file="/vagrant/personal/query-mule/tests/Builder/Sql/Sqlite/FilterTest.php" line="38" assertions="2" time="0.001249"/>
      <testcase name="testSelectWhereAndNestedWhere" class="test\Builder\Sql\Sqlite\FilterTest" classname="test.Builder.Sql.Sqlite.FilterTest" file="/vagrant/personal/query-mule/tests/Builder/Sql/Sqlite/FilterTest.php" line="45" assertions="2" time="0.001484"/>
      <testcase name="testSelectWhereAndWhere" class="test\Builder\Sql\Sqlite\FilterTest" classname="test.Builder.Sql.Sqlite.FilterTest" file="/vagrant/personal/query-mule/tests/Builder/Sql/Sqlite/FilterTest.php" line="55" assertions="2" time="0.000738"/>
      <testcase name="testSelectWhereOrWhere" class="test\Builder\Sql\Sqlite\FilterTest" classname="test.Builder.Sql.Sqlite.FilterTest" file="/vagrant/personal/query-mule/tests/Builder/Sql/Sqlite/FilterTest.php" line="62" assertions="2" time="0.000785"/>
    </testsuite>
    <testsuite name="test\Builder\Sql\Sqlite\SelectTest" file="/vagrant/personal/query-mule/tests/Builder/Sql/Sqlite/SelectTest.php" tests="10" assertions="10" errors="0" failures="0" skipped="0" time="0.028705">
      <testcase name="testSelect" class="test\Builder\Sql\Sqlite\SelectTest" classname="test.Builder.Sql.Sqlite.SelectTest" file="/vagrant/personal/query-mule/tests/Builder/Sql/Sqlite/SelectTest.php" line="33" assertions="1" time="0.002947"/>
      <testcase name="testIgnoreAlias" class="test\Builder\Sql\Sqlite\SelectTest" classname="test.Builder.Sql.Sqlite.SelectTest" file="/vagrant/personal/query-mule/tests/Builder/Sql/Sqlite/SelectTest.php" line="40" assertions="1" time="0.001800"/>
      <testcase name="testSelectCols" class="test\Builder\Sql\Sqlite\SelectTest" classname="test.Builder.Sql.Sqlite.SelectTest" file="/vagrant/personal/query-mule/tests/Builder/Sql/Sqlite/SelectTest.php" line="48" assertions="1" time="0.000794"/>
      <testcase name="testSelectColsWithAlias" class="test\Builder\Sql\Sqlite\SelectTest" classname="test.Builder.Sql.Sqlite.SelectTest" file="/vagrant/personal/query-mule/tests/Builder/Sql/Sqlite/SelectTest.php" line="57" assertions="1" time="0.000834"/>
      <testcase name="testSelectAllCols" class="test\Builder\Sql\Sqlite\SelectTest" classname="test.Builder.Sql.Sqlite.SelectTest" file="/vagrant/personal/query-mule/tests/Builder/Sql/Sqlite/SelectTest.php" line="66" assertions="1" time="0.000913"/>
      <testcase name="testSelectColsAs" class="test\Builder\Sql\Sqlite\SelectTest" classname="test.Builder.Sql.Sqlite.SelectTest" file="/vagrant/personal/query-mule/tests/Builder/Sql/Sqlite/SelectTest.php" line="75" assertions="1" time="0.003993"/>
      <testcase name="testSelectColsFrom" class="test\Builder\Sql\Sqlite\SelectTest" classname="test.Builder.Sql.Sqlite.SelectTest" file="/vagrant/personal/query-mule/tests/Builder/Sql/Sqlite/SelectTest.php" line="84" assertions="1" time="0.003464"/>
      <testcase name="testSelectColsFromWithAlias" class="test\Builder\Sql\Sqlite\SelectTest" classname="test.Builder.Sql.Sqlite.SelectTest" file="/vagrant/personal/query-mule/tests/Builder/Sql/Sqlite/SelectTest.php" line="97" assertions="1" time="0.002050"/>
      <testcase name="testSelectWhereFilterCall" class="test\Builder\Sql\Sqlite\SelectTest" classname="test.Builder.Sql.Sqlite.SelectTest" file="/vagrant/personal/query-mule/tests/Builder/Sql/Sqlite/SelectTest.php" line="110" assertions="1" time="0.007565"/>
      <testcase name="testSelectOrWhereFilterCall" class="test\Builder\Sql\Sqlite\SelectTest" classname="test.Builder.Sql.Sqlite.SelectTest" file="/vagrant/personal/query-mule/tests/Builder/Sql/Sqlite/SelectTest.php" line="128" assertions="1" time="0.004345"/>
    </testsuite>
    <testsuite name="test\Query\Repository\Table\TableTest" file="/vagrant/personal/query-mule/tests/Query/Repository/Table/TableTest.php" tests="4" assertions="7" errors="0" failures="0" skipped="0" time="0.017896">
      <testcase name="testMake" class="test\Query\Repository\Table\TableTest" classname="test.Query.Repository.Table.TableTest" file="/vagrant/personal/query-mule/tests/Query/Repository/Table/TableTest.php" line="20" assertions="1" time="0.007853"/>
      <testcase name="testSetName" class="test\Query\Repository\Table\TableTest" classname="test.Query.Repository.Table.TableTest" file="/vagrant/personal/query-mule/tests/Query/Repository/Table/TableTest.php" line="27" assertions="1" time="0.001464"/>
      <testcase name="testFilter" class="test\Query\Repository\Table\TableTest" classname="test.Query.Repository.Table.TableTest" file="/vagrant/personal/query-mule/tests/Query/Repository/Table/TableTest.php" line="37" assertions="3" time="0.005675"/>
      <testcase name="testSelect" class="test\Query\Repository\Table\TableTest" classname="test.Query.Repository.Table.TableTest" file="/vagrant/personal/query-mule/tests/Query/Repository/Table/TableTest.php" line="52" assertions="2" time="0.002904"/>
    </testsuite>
    <testsuite name="test\Query\Sql\SqlTest" file="/vagrant/personal/query-mule/tests/Query/Sql/SqlTest.php" tests="2" assertions="2" errors="0" failures="0" skipped="0" time="0.003167">
      <testcase name="testSql" class="test\Query\Sql\SqlTest" classname="test.Query.Sql.SqlTest" file="/vagrant/personal/query-mule/tests/Query/Sql/SqlTest.php" line="15" assertions="1" time="0.002580"/>
      <testcase name="testParameters" class="test\Query\Sql\SqlTest" classname="test.Query.Sql.SqlTest" file="/vagrant/personal/query-mule/tests/Query/Sql/SqlTest.php" line="21" assertions="1" time="0.000587"/>
    </testsuite>
  </testsuite>
</testsuites>
