<?xml version="1.0" encoding="UTF-8"?>
<testsuites>
  <testsuite name="" tests="70" assertions="123" errors="0" failures="0" skipped="0" time="0.243223">
    <testsuite name="test\Builder\Sql\MySql\ConfigTest" file="/vagrant/personal/query-mule/tests/Builder/Connection/ConfigTest.php" tests="2" assertions="2" errors="0" failures="0" skipped="0" time="0.013033">
      <testcase name="testValidConfig" class="test\Builder\Sql\MySql\ConfigTest" classname="test.Builder.Sql.MySql.ConfigTest" file="/vagrant/personal/query-mule/tests/Builder/Connection/ConfigTest.php" line="19" assertions="1" time="0.010874"/>
      <testcase name="testInvalidConfig" class="test\Builder\Sql\MySql\ConfigTest" classname="test.Builder.Sql.MySql.ConfigTest" file="/vagrant/personal/query-mule/tests/Builder/Connection/ConfigTest.php" line="34" assertions="1" time="0.002159"/>
    </testsuite>
    <testsuite name="test\Builder\Sql\MySql\MysqliDriverTest" file="/vagrant/personal/query-mule/tests/Builder/Connection/Driver/MysqliDriverTest.php" tests="9" assertions="26" errors="0" failures="0" skipped="0" time="0.079647">
      <testcase name="testBindParameters" class="test\Builder\Sql\MySql\MysqliDriverTest" classname="test.Builder.Sql.MySql.MysqliDriverTest" file="/vagrant/personal/query-mule/tests/Builder/Connection/Driver/MysqliDriverTest.php" line="21" assertions="3" time="0.039771"/>
      <testcase name="testExecutionErrorLogged" class="test\Builder\Sql\MySql\MysqliDriverTest" classname="test.Builder.Sql.MySql.MysqliDriverTest" file="/vagrant/personal/query-mule/tests/Builder/Connection/Driver/MysqliDriverTest.php" line="53" assertions="4" time="0.003663"/>
      <testcase name="testFetch" class="test\Builder\Sql\MySql\MysqliDriverTest" classname="test.Builder.Sql.MySql.MysqliDriverTest" file="/vagrant/personal/query-mule/tests/Builder/Connection/Driver/MysqliDriverTest.php" line="79" assertions="4" time="0.007690"/>
      <testcase name="testFetchAll" class="test\Builder\Sql\MySql\MysqliDriverTest" classname="test.Builder.Sql.MySql.MysqliDriverTest" file="/vagrant/personal/query-mule/tests/Builder/Connection/Driver/MysqliDriverTest.php" line="115" assertions="4" time="0.005210"/>
      <testcase name="testCacheSet" class="test\Builder\Sql\MySql\MysqliDriverTest" classname="test.Builder.Sql.MySql.MysqliDriverTest" file="/vagrant/personal/query-mule/tests/Builder/Connection/Driver/MysqliDriverTest.php" line="151" assertions="4" time="0.012704"/>
      <testcase name="testCacheGet" class="test\Builder\Sql\MySql\MysqliDriverTest" classname="test.Builder.Sql.MySql.MysqliDriverTest" file="/vagrant/personal/query-mule/tests/Builder/Connection/Driver/MysqliDriverTest.php" line="188" assertions="2" time="0.006339"/>
      <testcase name="testFilter" class="test\Builder\Sql\MySql\MysqliDriverTest" classname="test.Builder.Sql.MySql.MysqliDriverTest" file="/vagrant/personal/query-mule/tests/Builder/Connection/Driver/MysqliDriverTest.php" line="204" assertions="1" time="0.001518"/>
      <testcase name="testSelect" class="test\Builder\Sql\MySql\MysqliDriverTest" classname="test.Builder.Sql.MySql.MysqliDriverTest" file="/vagrant/personal/query-mule/tests/Builder/Connection/Driver/MysqliDriverTest.php" line="215" assertions="2" time="0.001544"/>
      <testcase name="testStatement" class="test\Builder\Sql\MySql\MysqliDriverTest" classname="test.Builder.Sql.MySql.MysqliDriverTest" file="/vagrant/personal/query-mule/tests/Builder/Connection/Driver/MysqliDriverTest.php" line="233" assertions="2" time="0.001208"/>
    </testsuite>
    <testsuite name="test\Builder\Sql\MySql\PdoDriverTest" file="/vagrant/personal/query-mule/tests/Builder/Connection/Driver/PdoDriverTest.php" tests="8" assertions="26" errors="0" failures="0" skipped="0" time="0.037474">
      <testcase name="testExecutionErrorLogged" class="test\Builder\Sql\MySql\PdoDriverTest" classname="test.Builder.Sql.MySql.PdoDriverTest" file="/vagrant/personal/query-mule/tests/Builder/Connection/Driver/PdoDriverTest.php" line="23" assertions="4" time="0.009845"/>
      <testcase name="testFetch" class="test\Builder\Sql\MySql\PdoDriverTest" classname="test.Builder.Sql.MySql.PdoDriverTest" file="/vagrant/personal/query-mule/tests/Builder/Connection/Driver/PdoDriverTest.php" line="47" assertions="4" time="0.005764"/>
      <testcase name="testFetchAll" class="test\Builder\Sql\MySql\PdoDriverTest" classname="test.Builder.Sql.MySql.PdoDriverTest" file="/vagrant/personal/query-mule/tests/Builder/Connection/Driver/PdoDriverTest.php" line="72" assertions="4" time="0.004954"/>
      <testcase name="testCacheSet" class="test\Builder\Sql\MySql\PdoDriverTest" classname="test.Builder.Sql.MySql.PdoDriverTest" file="/vagrant/personal/query-mule/tests/Builder/Connection/Driver/PdoDriverTest.php" line="97" assertions="4" time="0.007406"/>
      <testcase name="testCacheGet" class="test\Builder\Sql\MySql\PdoDriverTest" classname="test.Builder.Sql.MySql.PdoDriverTest" file="/vagrant/personal/query-mule/tests/Builder/Connection/Driver/PdoDriverTest.php" line="123" assertions="2" time="0.003897"/>
      <testcase name="testFilter" class="test\Builder\Sql\MySql\PdoDriverTest" classname="test.Builder.Sql.MySql.PdoDriverTest" file="/vagrant/personal/query-mule/tests/Builder/Connection/Driver/PdoDriverTest.php" line="139" assertions="2" time="0.001522"/>
      <testcase name="testSelect" class="test\Builder\Sql\MySql\PdoDriverTest" classname="test.Builder.Sql.MySql.PdoDriverTest" file="/vagrant/personal/query-mule/tests/Builder/Connection/Driver/PdoDriverTest.php" line="151" assertions="3" time="0.002192"/>
      <testcase name="testStatement" class="test\Builder\Sql\MySql\PdoDriverTest" classname="test.Builder.Sql.MySql.PdoDriverTest" file="/vagrant/personal/query-mule/tests/Builder/Connection/Driver/PdoDriverTest.php" line="170" assertions="3" time="0.001894"/>
    </testsuite>
    <testsuite name="test\Builder\Sql\MySql\FilterTest" file="/vagrant/personal/query-mule/tests/Builder/Sql/Mysql/FilterTest.php" tests="5" assertions="10" errors="0" failures="0" skipped="0" time="0.005900">
      <testcase name="testSelectWhere" class="test\Builder\Sql\MySql\FilterTest" classname="test.Builder.Sql.MySql.FilterTest" file="/vagrant/personal/query-mule/tests/Builder/Sql/Mysql/FilterTest.php" line="31" assertions="2" time="0.000692"/>
      <testcase name="testSelectWhereWithAlias" class="test\Builder\Sql\MySql\FilterTest" classname="test.Builder.Sql.MySql.FilterTest" file="/vagrant/personal/query-mule/tests/Builder/Sql/Mysql/FilterTest.php" line="38" assertions="2" time="0.000599"/>
      <testcase name="testSelectWhereAndNestedWhere" class="test\Builder\Sql\MySql\FilterTest" classname="test.Builder.Sql.MySql.FilterTest" file="/vagrant/personal/query-mule/tests/Builder/Sql/Mysql/FilterTest.php" line="45" assertions="2" time="0.000974"/>
      <testcase name="testSelectWhereAndWhere" class="test\Builder\Sql\MySql\FilterTest" classname="test.Builder.Sql.MySql.FilterTest" file="/vagrant/personal/query-mule/tests/Builder/Sql/Mysql/FilterTest.php" line="55" assertions="2" time="0.002360"/>
      <testcase name="testSelectWhereOrWhere" class="test\Builder\Sql\MySql\FilterTest" classname="test.Builder.Sql.MySql.FilterTest" file="/vagrant/personal/query-mule/tests/Builder/Sql/Mysql/FilterTest.php" line="62" assertions="2" time="0.001275"/>
    </testsuite>
    <testsuite name="test\Builder\Sql\Mysql\SelectTest" file="/vagrant/personal/query-mule/tests/Builder/Sql/Mysql/SelectTest.php" tests="10" assertions="10" errors="0" failures="0" skipped="0" time="0.029555">
      <testcase name="testSelect" class="test\Builder\Sql\Mysql\SelectTest" classname="test.Builder.Sql.Mysql.SelectTest" file="/vagrant/personal/query-mule/tests/Builder/Sql/Mysql/SelectTest.php" line="33" assertions="1" time="0.000680"/>
      <testcase name="testIgnoreAlias" class="test\Builder\Sql\Mysql\SelectTest" classname="test.Builder.Sql.Mysql.SelectTest" file="/vagrant/personal/query-mule/tests/Builder/Sql/Mysql/SelectTest.php" line="40" assertions="1" time="0.000773"/>
      <testcase name="testSelectCols" class="test\Builder\Sql\Mysql\SelectTest" classname="test.Builder.Sql.Mysql.SelectTest" file="/vagrant/personal/query-mule/tests/Builder/Sql/Mysql/SelectTest.php" line="48" assertions="1" time="0.000764"/>
      <testcase name="testSelectColsWithAlias" class="test\Builder\Sql\Mysql\SelectTest" classname="test.Builder.Sql.Mysql.SelectTest" file="/vagrant/personal/query-mule/tests/Builder/Sql/Mysql/SelectTest.php" line="57" assertions="1" time="0.003728"/>
      <testcase name="testSelectAllCols" class="test\Builder\Sql\Mysql\SelectTest" classname="test.Builder.Sql.Mysql.SelectTest" file="/vagrant/personal/query-mule/tests/Builder/Sql/Mysql/SelectTest.php" line="66" assertions="1" time="0.000703"/>
      <testcase name="testSelectColsAs" class="test\Builder\Sql\Mysql\SelectTest" classname="test.Builder.Sql.Mysql.SelectTest" file="/vagrant/personal/query-mule/tests/Builder/Sql/Mysql/SelectTest.php" line="75" assertions="1" time="0.000881"/>
      <testcase name="testSelectColsFrom" class="test\Builder\Sql\Mysql\SelectTest" classname="test.Builder.Sql.Mysql.SelectTest" file="/vagrant/personal/query-mule/tests/Builder/Sql/Mysql/SelectTest.php" line="84" assertions="1" time="0.005312"/>
      <testcase name="testSelectColsFromWithAlias" class="test\Builder\Sql\Mysql\SelectTest" classname="test.Builder.Sql.Mysql.SelectTest" file="/vagrant/personal/query-mule/tests/Builder/Sql/Mysql/SelectTest.php" line="97" assertions="1" time="0.004418"/>
      <testcase name="testSelectWhereFilterCall" class="test\Builder\Sql\Mysql\SelectTest" classname="test.Builder.Sql.Mysql.SelectTest" file="/vagrant/personal/query-mule/tests/Builder/Sql/Mysql/SelectTest.php" line="110" assertions="1" time="0.007222"/>
      <testcase name="testSelectOrWhereFilterCall" class="test\Builder\Sql\Mysql\SelectTest" classname="test.Builder.Sql.Mysql.SelectTest" file="/vagrant/personal/query-mule/tests/Builder/Sql/Mysql/SelectTest.php" line="128" assertions="1" time="0.005074"/>
    </testsuite>
    <testsuite name="test\Builder\Sql\Pgsql\FilterTest" file="/vagrant/personal/query-mule/tests/Builder/Sql/Pgsql/FilterTest.php" tests="5" assertions="10" errors="0" failures="0" skipped="0" time="0.008839">
      <testcase name="testSelectWhere" class="test\Builder\Sql\Pgsql\FilterTest" classname="test.Builder.Sql.Pgsql.FilterTest" file="/vagrant/personal/query-mule/tests/Builder/Sql/Pgsql/FilterTest.php" line="31" assertions="2" time="0.000675"/>
      <testcase name="testSelectWhereWithAlias" class="test\Builder\Sql\Pgsql\FilterTest" classname="test.Builder.Sql.Pgsql.FilterTest" file="/vagrant/personal/query-mule/tests/Builder/Sql/Pgsql/FilterTest.php" line="38" assertions="2" time="0.002141"/>
      <testcase name="testSelectWhereAndNestedWhere" class="test\Builder\Sql\Pgsql\FilterTest" classname="test.Builder.Sql.Pgsql.FilterTest" file="/vagrant/personal/query-mule/tests/Builder/Sql/Pgsql/FilterTest.php" line="45" assertions="2" time="0.002431"/>
      <testcase name="testSelectWhereAndWhere" class="test\Builder\Sql\Pgsql\FilterTest" classname="test.Builder.Sql.Pgsql.FilterTest" file="/vagrant/personal/query-mule/tests/Builder/Sql/Pgsql/FilterTest.php" line="55" assertions="2" time="0.001100"/>
      <testcase name="testSelectWhereOrWhere" class="test\Builder\Sql\Pgsql\FilterTest" classname="test.Builder.Sql.Pgsql.FilterTest" file="/vagrant/personal/query-mule/tests/Builder/Sql/Pgsql/FilterTest.php" line="62" assertions="2" time="0.002492"/>
    </testsuite>
    <testsuite name="test\Builder\Sql\Pgsql\SelectTest" file="/vagrant/personal/query-mule/tests/Builder/Sql/Pgsql/SelectTest.php" tests="10" assertions="10" errors="0" failures="0" skipped="0" time="0.022410">
      <testcase name="testSelect" class="test\Builder\Sql\Pgsql\SelectTest" classname="test.Builder.Sql.Pgsql.SelectTest" file="/vagrant/personal/query-mule/tests/Builder/Sql/Pgsql/SelectTest.php" line="39" assertions="1" time="0.000683"/>
      <testcase name="testIgnoreAlias" class="test\Builder\Sql\Pgsql\SelectTest" classname="test.Builder.Sql.Pgsql.SelectTest" file="/vagrant/personal/query-mule/tests/Builder/Sql/Pgsql/SelectTest.php" line="46" assertions="1" time="0.001532"/>
      <testcase name="testSelectCols" class="test\Builder\Sql\Pgsql\SelectTest" classname="test.Builder.Sql.Pgsql.SelectTest" file="/vagrant/personal/query-mule/tests/Builder/Sql/Pgsql/SelectTest.php" line="54" assertions="1" time="0.000983"/>
      <testcase name="testSelectColsWithAlias" class="test\Builder\Sql\Pgsql\SelectTest" classname="test.Builder.Sql.Pgsql.SelectTest" file="/vagrant/personal/query-mule/tests/Builder/Sql/Pgsql/SelectTest.php" line="63" assertions="1" time="0.001393"/>
      <testcase name="testSelectAllCols" class="test\Builder\Sql\Pgsql\SelectTest" classname="test.Builder.Sql.Pgsql.SelectTest" file="/vagrant/personal/query-mule/tests/Builder/Sql/Pgsql/SelectTest.php" line="72" assertions="1" time="0.000839"/>
      <testcase name="testSelectColsAs" class="test\Builder\Sql\Pgsql\SelectTest" classname="test.Builder.Sql.Pgsql.SelectTest" file="/vagrant/personal/query-mule/tests/Builder/Sql/Pgsql/SelectTest.php" line="81" assertions="1" time="0.000853"/>
      <testcase name="testSelectColsFrom" class="test\Builder\Sql\Pgsql\SelectTest" classname="test.Builder.Sql.Pgsql.SelectTest" file="/vagrant/personal/query-mule/tests/Builder/Sql/Pgsql/SelectTest.php" line="90" assertions="1" time="0.002125"/>
      <testcase name="testSelectColsFromWithAlias" class="test\Builder\Sql\Pgsql\SelectTest" classname="test.Builder.Sql.Pgsql.SelectTest" file="/vagrant/personal/query-mule/tests/Builder/Sql/Pgsql/SelectTest.php" line="103" assertions="1" time="0.003345"/>
      <testcase name="testSelectWhereFilterCall" class="test\Builder\Sql\Pgsql\SelectTest" classname="test.Builder.Sql.Pgsql.SelectTest" file="/vagrant/personal/query-mule/tests/Builder/Sql/Pgsql/SelectTest.php" line="116" assertions="1" time="0.005214"/>
      <testcase name="testSelectOrWhereFilterCall" class="test\Builder\Sql\Pgsql\SelectTest" classname="test.Builder.Sql.Pgsql.SelectTest" file="/vagrant/personal/query-mule/tests/Builder/Sql/Pgsql/SelectTest.php" line="134" assertions="1" time="0.005443"/>
    </testsuite>
    <testsuite name="test\Builder\Sql\Sqlite\FilterTest" file="/vagrant/personal/query-mule/tests/Builder/Sql/Sqlite/FilterTest.php" tests="5" assertions="10" errors="0" failures="0" skipped="0" time="0.005782">
      <testcase name="testSelectWhere" class="test\Builder\Sql\Sqlite\FilterTest" classname="test.Builder.Sql.Sqlite.FilterTest" file="/vagrant/personal/query-mule/tests/Builder/Sql/Sqlite/FilterTest.php" line="31" assertions="2" time="0.000756"/>
      <testcase name="testSelectWhereWithAlias" class="test\Builder\Sql\Sqlite\FilterTest" classname="test.Builder.Sql.Sqlite.FilterTest" file="/vagrant/personal/query-mule/tests/Builder/Sql/Sqlite/FilterTest.php" line="38" assertions="2" time="0.000741"/>
      <testcase name="testSelectWhereAndNestedWhere" class="test\Builder\Sql\Sqlite\FilterTest" classname="test.Builder.Sql.Sqlite.FilterTest" file="/vagrant/personal/query-mule/tests/Builder/Sql/Sqlite/FilterTest.php" line="45" assertions="2" time="0.000961"/>
      <testcase name="testSelectWhereAndWhere" class="test\Builder\Sql\Sqlite\FilterTest" classname="test.Builder.Sql.Sqlite.FilterTest" file="/vagrant/personal/query-mule/tests/Builder/Sql/Sqlite/FilterTest.php" line="55" assertions="2" time="0.000809"/>
      <testcase name="testSelectWhereOrWhere" class="test\Builder\Sql\Sqlite\FilterTest" classname="test.Builder.Sql.Sqlite.FilterTest" file="/vagrant/personal/query-mule/tests/Builder/Sql/Sqlite/FilterTest.php" line="62" assertions="2" time="0.002515"/>
    </testsuite>
    <testsuite name="test\Builder\Sql\Sqlite\SelectTest" file="/vagrant/personal/query-mule/tests/Builder/Sql/Sqlite/SelectTest.php" tests="10" assertions="10" errors="0" failures="0" skipped="0" time="0.021072">
      <testcase name="testSelect" class="test\Builder\Sql\Sqlite\SelectTest" classname="test.Builder.Sql.Sqlite.SelectTest" file="/vagrant/personal/query-mule/tests/Builder/Sql/Sqlite/SelectTest.php" line="33" assertions="1" time="0.000801"/>
      <testcase name="testIgnoreAlias" class="test\Builder\Sql\Sqlite\SelectTest" classname="test.Builder.Sql.Sqlite.SelectTest" file="/vagrant/personal/query-mule/tests/Builder/Sql/Sqlite/SelectTest.php" line="40" assertions="1" time="0.001390"/>
      <testcase name="testSelectCols" class="test\Builder\Sql\Sqlite\SelectTest" classname="test.Builder.Sql.Sqlite.SelectTest" file="/vagrant/personal/query-mule/tests/Builder/Sql/Sqlite/SelectTest.php" line="48" assertions="1" time="0.000915"/>
      <testcase name="testSelectColsWithAlias" class="test\Builder\Sql\Sqlite\SelectTest" classname="test.Builder.Sql.Sqlite.SelectTest" file="/vagrant/personal/query-mule/tests/Builder/Sql/Sqlite/SelectTest.php" line="57" assertions="1" time="0.001311"/>
      <testcase name="testSelectAllCols" class="test\Builder\Sql\Sqlite\SelectTest" classname="test.Builder.Sql.Sqlite.SelectTest" file="/vagrant/personal/query-mule/tests/Builder/Sql/Sqlite/SelectTest.php" line="66" assertions="1" time="0.001031"/>
      <testcase name="testSelectColsAs" class="test\Builder\Sql\Sqlite\SelectTest" classname="test.Builder.Sql.Sqlite.SelectTest" file="/vagrant/personal/query-mule/tests/Builder/Sql/Sqlite/SelectTest.php" line="75" assertions="1" time="0.000808"/>
      <testcase name="testSelectColsFrom" class="test\Builder\Sql\Sqlite\SelectTest" classname="test.Builder.Sql.Sqlite.SelectTest" file="/vagrant/personal/query-mule/tests/Builder/Sql/Sqlite/SelectTest.php" line="84" assertions="1" time="0.002138"/>
      <testcase name="testSelectColsFromWithAlias" class="test\Builder\Sql\Sqlite\SelectTest" classname="test.Builder.Sql.Sqlite.SelectTest" file="/vagrant/personal/query-mule/tests/Builder/Sql/Sqlite/SelectTest.php" line="97" assertions="1" time="0.003623"/>
      <testcase name="testSelectWhereFilterCall" class="test\Builder\Sql\Sqlite\SelectTest" classname="test.Builder.Sql.Sqlite.SelectTest" file="/vagrant/personal/query-mule/tests/Builder/Sql/Sqlite/SelectTest.php" line="110" assertions="1" time="0.003792"/>
      <testcase name="testSelectOrWhereFilterCall" class="test\Builder\Sql\Sqlite\SelectTest" classname="test.Builder.Sql.Sqlite.SelectTest" file="/vagrant/personal/query-mule/tests/Builder/Sql/Sqlite/SelectTest.php" line="128" assertions="1" time="0.005263"/>
    </testsuite>
    <testsuite name="test\Query\Repository\Table\TableTest" file="/vagrant/personal/query-mule/tests/Query/Repository/Table/TableTest.php" tests="4" assertions="7" errors="0" failures="0" skipped="0" time="0.018437">
      <testcase name="testMake" class="test\Query\Repository\Table\TableTest" classname="test.Query.Repository.Table.TableTest" file="/vagrant/personal/query-mule/tests/Query/Repository/Table/TableTest.php" line="20" assertions="1" time="0.007686"/>
      <testcase name="testSetName" class="test\Query\Repository\Table\TableTest" classname="test.Query.Repository.Table.TableTest" file="/vagrant/personal/query-mule/tests/Query/Repository/Table/TableTest.php" line="27" assertions="1" time="0.001568"/>
      <testcase name="testFilter" class="test\Query\Repository\Table\TableTest" classname="test.Query.Repository.Table.TableTest" file="/vagrant/personal/query-mule/tests/Query/Repository/Table/TableTest.php" line="37" assertions="3" time="0.002812"/>
      <testcase name="testSelect" class="test\Query\Repository\Table\TableTest" classname="test.Query.Repository.Table.TableTest" file="/vagrant/personal/query-mule/tests/Query/Repository/Table/TableTest.php" line="52" assertions="2" time="0.006371"/>
    </testsuite>
    <testsuite name="test\Query\Sql\SqlTest" file="/vagrant/personal/query-mule/tests/Query/Sql/SqlTest.php" tests="2" assertions="2" errors="0" failures="0" skipped="0" time="0.001074">
      <testcase name="testSql" class="test\Query\Sql\SqlTest" classname="test.Query.Sql.SqlTest" file="/vagrant/personal/query-mule/tests/Query/Sql/SqlTest.php" line="15" assertions="1" time="0.000570"/>
      <testcase name="testParameters" class="test\Query\Sql\SqlTest" classname="test.Query.Sql.SqlTest" file="/vagrant/personal/query-mule/tests/Query/Sql/SqlTest.php" line="21" assertions="1" time="0.000504"/>
    </testsuite>
  </testsuite>
</testsuites>
