<?xml version="1.0" encoding="UTF-8"?>
<testsuites>
  <testsuite name="" tests="90" assertions="163" errors="2" failures="1" skipped="0" time="0.558848">
    <testsuite name="test\Builder\Sql\MySql\ConfigTest" file="/Users/freid/www/octane/personal/query-mule/tests/Builder/Connection/ConfigTest.php" tests="1" assertions="1" errors="0" failures="0" skipped="0" time="0.002434">
      <testcase name="testInvalidConfig" class="test\Builder\Sql\MySql\ConfigTest" classname="test.Builder.Sql.MySql.ConfigTest" file="/Users/freid/www/octane/personal/query-mule/tests/Builder/Connection/ConfigTest.php" line="34" assertions="1" time="0.002434"/>
    </testsuite>
    <testsuite name="test\Builder\Sql\MySql\MysqliDriverTest" file="/Users/freid/www/octane/personal/query-mule/tests/Builder/Connection/Driver/MysqliDriverTest.php" tests="9" assertions="26" errors="0" failures="0" skipped="0" time="0.120135">
      <testcase name="testBindParameters" class="test\Builder\Sql\MySql\MysqliDriverTest" classname="test.Builder.Sql.MySql.MysqliDriverTest" file="/Users/freid/www/octane/personal/query-mule/tests/Builder/Connection/Driver/MysqliDriverTest.php" line="21" assertions="3" time="0.041941"/>
      <testcase name="testExecutionErrorLogged" class="test\Builder\Sql\MySql\MysqliDriverTest" classname="test.Builder.Sql.MySql.MysqliDriverTest" file="/Users/freid/www/octane/personal/query-mule/tests/Builder/Connection/Driver/MysqliDriverTest.php" line="53" assertions="4" time="0.008924"/>
      <testcase name="testFetch" class="test\Builder\Sql\MySql\MysqliDriverTest" classname="test.Builder.Sql.MySql.MysqliDriverTest" file="/Users/freid/www/octane/personal/query-mule/tests/Builder/Connection/Driver/MysqliDriverTest.php" line="79" assertions="4" time="0.016935"/>
      <testcase name="testFetchAll" class="test\Builder\Sql\MySql\MysqliDriverTest" classname="test.Builder.Sql.MySql.MysqliDriverTest" file="/Users/freid/www/octane/personal/query-mule/tests/Builder/Connection/Driver/MysqliDriverTest.php" line="115" assertions="4" time="0.014768"/>
      <testcase name="testCacheSet" class="test\Builder\Sql\MySql\MysqliDriverTest" classname="test.Builder.Sql.MySql.MysqliDriverTest" file="/Users/freid/www/octane/personal/query-mule/tests/Builder/Connection/Driver/MysqliDriverTest.php" line="151" assertions="4" time="0.023175"/>
      <testcase name="testCacheGet" class="test\Builder\Sql\MySql\MysqliDriverTest" classname="test.Builder.Sql.MySql.MysqliDriverTest" file="/Users/freid/www/octane/personal/query-mule/tests/Builder/Connection/Driver/MysqliDriverTest.php" line="188" assertions="2" time="0.005857"/>
      <testcase name="testFilter" class="test\Builder\Sql\MySql\MysqliDriverTest" classname="test.Builder.Sql.MySql.MysqliDriverTest" file="/Users/freid/www/octane/personal/query-mule/tests/Builder/Connection/Driver/MysqliDriverTest.php" line="204" assertions="1" time="0.002608"/>
      <testcase name="testSelect" class="test\Builder\Sql\MySql\MysqliDriverTest" classname="test.Builder.Sql.MySql.MysqliDriverTest" file="/Users/freid/www/octane/personal/query-mule/tests/Builder/Connection/Driver/MysqliDriverTest.php" line="215" assertions="2" time="0.003215"/>
      <testcase name="testStatement" class="test\Builder\Sql\MySql\MysqliDriverTest" classname="test.Builder.Sql.MySql.MysqliDriverTest" file="/Users/freid/www/octane/personal/query-mule/tests/Builder/Connection/Driver/MysqliDriverTest.php" line="233" assertions="2" time="0.002712"/>
    </testsuite>
    <testsuite name="test\Builder\Sql\MySql\PdoDriverTest" file="/Users/freid/www/octane/personal/query-mule/tests/Builder/Connection/Driver/PdoDriverTest.php" tests="16" assertions="45" errors="0" failures="0" skipped="0" time="0.102265">
      <testcase name="testExecutionErrorLogged" class="test\Builder\Sql\MySql\PdoDriverTest" classname="test.Builder.Sql.MySql.PdoDriverTest" file="/Users/freid/www/octane/personal/query-mule/tests/Builder/Connection/Driver/PdoDriverTest.php" line="22" assertions="4" time="0.018581"/>
      <testcase name="testFetch" class="test\Builder\Sql\MySql\PdoDriverTest" classname="test.Builder.Sql.MySql.PdoDriverTest" file="/Users/freid/www/octane/personal/query-mule/tests/Builder/Connection/Driver/PdoDriverTest.php" line="46" assertions="4" time="0.010014"/>
      <testcase name="testFetchAll" class="test\Builder\Sql\MySql\PdoDriverTest" classname="test.Builder.Sql.MySql.PdoDriverTest" file="/Users/freid/www/octane/personal/query-mule/tests/Builder/Connection/Driver/PdoDriverTest.php" line="71" assertions="4" time="0.009103"/>
      <testcase name="testCacheSet" class="test\Builder\Sql\MySql\PdoDriverTest" classname="test.Builder.Sql.MySql.PdoDriverTest" file="/Users/freid/www/octane/personal/query-mule/tests/Builder/Connection/Driver/PdoDriverTest.php" line="96" assertions="4" time="0.009181"/>
      <testcase name="testCacheGet" class="test\Builder\Sql\MySql\PdoDriverTest" classname="test.Builder.Sql.MySql.PdoDriverTest" file="/Users/freid/www/octane/personal/query-mule/tests/Builder/Connection/Driver/PdoDriverTest.php" line="122" assertions="2" time="0.007155"/>
      <testcase name="testFilterSqlite" class="test\Builder\Sql\MySql\PdoDriverTest" classname="test.Builder.Sql.MySql.PdoDriverTest" file="/Users/freid/www/octane/personal/query-mule/tests/Builder/Connection/Driver/PdoDriverTest.php" line="138" assertions="2" time="0.003019"/>
      <testcase name="testFilterMysql" class="test\Builder\Sql\MySql\PdoDriverTest" classname="test.Builder.Sql.MySql.PdoDriverTest" file="/Users/freid/www/octane/personal/query-mule/tests/Builder/Connection/Driver/PdoDriverTest.php" line="150" assertions="2" time="0.003131"/>
      <testcase name="testFilterPostgres" class="test\Builder\Sql\MySql\PdoDriverTest" classname="test.Builder.Sql.MySql.PdoDriverTest" file="/Users/freid/www/octane/personal/query-mule/tests/Builder/Connection/Driver/PdoDriverTest.php" line="162" assertions="2" time="0.002966"/>
      <testcase name="testFilterError" class="test\Builder\Sql\MySql\PdoDriverTest" classname="test.Builder.Sql.MySql.PdoDriverTest" file="/Users/freid/www/octane/personal/query-mule/tests/Builder/Connection/Driver/PdoDriverTest.php" line="174" assertions="2" time="0.006187"/>
      <testcase name="testSelectSqlite" class="test\Builder\Sql\MySql\PdoDriverTest" classname="test.Builder.Sql.MySql.PdoDriverTest" file="/Users/freid/www/octane/personal/query-mule/tests/Builder/Connection/Driver/PdoDriverTest.php" line="187" assertions="3" time="0.004090"/>
      <testcase name="testSelectMysql" class="test\Builder\Sql\MySql\PdoDriverTest" classname="test.Builder.Sql.MySql.PdoDriverTest" file="/Users/freid/www/octane/personal/query-mule/tests/Builder/Connection/Driver/PdoDriverTest.php" line="206" assertions="3" time="0.006391"/>
      <testcase name="testSelectPostgres" class="test\Builder\Sql\MySql\PdoDriverTest" classname="test.Builder.Sql.MySql.PdoDriverTest" file="/Users/freid/www/octane/personal/query-mule/tests/Builder/Connection/Driver/PdoDriverTest.php" line="225" assertions="3" time="0.004371"/>
      <testcase name="testSelectError" class="test\Builder\Sql\MySql\PdoDriverTest" classname="test.Builder.Sql.MySql.PdoDriverTest" file="/Users/freid/www/octane/personal/query-mule/tests/Builder/Connection/Driver/PdoDriverTest.php" line="244" assertions="1" time="0.005903"/>
      <testcase name="testStatementSqlite" class="test\Builder\Sql\MySql\PdoDriverTest" classname="test.Builder.Sql.MySql.PdoDriverTest" file="/Users/freid/www/octane/personal/query-mule/tests/Builder/Connection/Driver/PdoDriverTest.php" line="256" assertions="3" time="0.003276"/>
      <testcase name="testStatementMysql" class="test\Builder\Sql\MySql\PdoDriverTest" classname="test.Builder.Sql.MySql.PdoDriverTest" file="/Users/freid/www/octane/personal/query-mule/tests/Builder/Connection/Driver/PdoDriverTest.php" line="271" assertions="3" time="0.005184"/>
      <testcase name="testStatementPostgres" class="test\Builder\Sql\MySql\PdoDriverTest" classname="test.Builder.Sql.MySql.PdoDriverTest" file="/Users/freid/www/octane/personal/query-mule/tests/Builder/Connection/Driver/PdoDriverTest.php" line="286" assertions="3" time="0.003712"/>
    </testsuite>
    <testsuite name="test\Builder\Sql\MySql\FilterTest" file="/Users/freid/www/octane/personal/query-mule/tests/Builder/Sql/Mysql/FilterTest.php" tests="7" assertions="13" errors="0" failures="1" skipped="0" time="0.017439">
      <testcase name="testSelectWhere" class="test\Builder\Sql\MySql\FilterTest" classname="test.Builder.Sql.MySql.FilterTest" file="/Users/freid/www/octane/personal/query-mule/tests/Builder/Sql/Mysql/FilterTest.php" line="32" assertions="2" time="0.003802"/>
      <testcase name="testSelectWhereWithAlias" class="test\Builder\Sql\MySql\FilterTest" classname="test.Builder.Sql.MySql.FilterTest" file="/Users/freid/www/octane/personal/query-mule/tests/Builder/Sql/Mysql/FilterTest.php" line="39" assertions="2" time="0.001609"/>
      <testcase name="testSelectWhereAndNestedWhere" class="test\Builder\Sql\MySql\FilterTest" classname="test.Builder.Sql.MySql.FilterTest" file="/Users/freid/www/octane/personal/query-mule/tests/Builder/Sql/Mysql/FilterTest.php" line="46" assertions="2" time="0.002368"/>
      <testcase name="testSelectWhereAndWhere" class="test\Builder\Sql\MySql\FilterTest" classname="test.Builder.Sql.MySql.FilterTest" file="/Users/freid/www/octane/personal/query-mule/tests/Builder/Sql/Mysql/FilterTest.php" line="60" assertions="1" time="0.004064">
        <failure type="PHPUnit\Framework\ExpectationFailedException">test\Builder\Sql\MySql\FilterTest::testSelectWhereAndWhere
Failed asserting that two strings are equal.
--- Expected
+++ Actual
@@ @@
-'WHERE `col_a` =? AND `col_b` =?'
+'WHERE `col_a` &gt;=? AND `col_b` =?'

/Users/freid/www/octane/personal/query-mule/tests/Builder/Sql/Mysql/FilterTest.php:63
/Users/freid/www/octane/personal/query-mule/vendor/phpunit/phpunit/phpunit:53
</failure>
      </testcase>
      <testcase name="testSelectWhereOrWhere" class="test\Builder\Sql\MySql\FilterTest" classname="test.Builder.Sql.MySql.FilterTest" file="/Users/freid/www/octane/personal/query-mule/tests/Builder/Sql/Mysql/FilterTest.php" line="67" assertions="2" time="0.001770"/>
      <testcase name="testSelectWhereIn" class="test\Builder\Sql\MySql\FilterTest" classname="test.Builder.Sql.MySql.FilterTest" file="/Users/freid/www/octane/personal/query-mule/tests/Builder/Sql/Mysql/FilterTest.php" line="74" assertions="2" time="0.001596"/>
      <testcase name="testSelectWhereInOrIn" class="test\Builder\Sql\MySql\FilterTest" classname="test.Builder.Sql.MySql.FilterTest" file="/Users/freid/www/octane/personal/query-mule/tests/Builder/Sql/Mysql/FilterTest.php" line="81" assertions="2" time="0.002230"/>
    </testsuite>
    <testsuite name="test\Builder\Sql\Mysql\SelectTest" file="/Users/freid/www/octane/personal/query-mule/tests/Builder/Sql/Mysql/SelectTest.php" tests="21" assertions="29" errors="2" failures="0" skipped="0" time="0.148719">
      <testcase name="testSelect" class="test\Builder\Sql\Mysql\SelectTest" classname="test.Builder.Sql.Mysql.SelectTest" file="/Users/freid/www/octane/personal/query-mule/tests/Builder/Sql/Mysql/SelectTest.php" line="35" assertions="1" time="0.001483"/>
      <testcase name="testIgnoreAlias" class="test\Builder\Sql\Mysql\SelectTest" classname="test.Builder.Sql.Mysql.SelectTest" file="/Users/freid/www/octane/personal/query-mule/tests/Builder/Sql/Mysql/SelectTest.php" line="42" assertions="1" time="0.001869"/>
      <testcase name="testSelectCols" class="test\Builder\Sql\Mysql\SelectTest" classname="test.Builder.Sql.Mysql.SelectTest" file="/Users/freid/www/octane/personal/query-mule/tests/Builder/Sql/Mysql/SelectTest.php" line="50" assertions="1" time="0.004940"/>
      <testcase name="testSelectColsWithAlias" class="test\Builder\Sql\Mysql\SelectTest" classname="test.Builder.Sql.Mysql.SelectTest" file="/Users/freid/www/octane/personal/query-mule/tests/Builder/Sql/Mysql/SelectTest.php" line="59" assertions="1" time="0.001787"/>
      <testcase name="testSelectAllCols" class="test\Builder\Sql\Mysql\SelectTest" classname="test.Builder.Sql.Mysql.SelectTest" file="/Users/freid/www/octane/personal/query-mule/tests/Builder/Sql/Mysql/SelectTest.php" line="68" assertions="1" time="0.001674"/>
      <testcase name="testSelectColsAs" class="test\Builder\Sql\Mysql\SelectTest" classname="test.Builder.Sql.Mysql.SelectTest" file="/Users/freid/www/octane/personal/query-mule/tests/Builder/Sql/Mysql/SelectTest.php" line="77" assertions="1" time="0.001743"/>
      <testcase name="testSelectColsFrom" class="test\Builder\Sql\Mysql\SelectTest" classname="test.Builder.Sql.Mysql.SelectTest" file="/Users/freid/www/octane/personal/query-mule/tests/Builder/Sql/Mysql/SelectTest.php" line="86" assertions="1" time="0.019630"/>
      <testcase name="testSelectColsFromWithAlias" class="test\Builder\Sql\Mysql\SelectTest" classname="test.Builder.Sql.Mysql.SelectTest" file="/Users/freid/www/octane/personal/query-mule/tests/Builder/Sql/Mysql/SelectTest.php" line="99" assertions="1" time="0.004315"/>
      <testcase name="testSelectWhere" class="test\Builder\Sql\Mysql\SelectTest" classname="test.Builder.Sql.Mysql.SelectTest" file="/Users/freid/www/octane/personal/query-mule/tests/Builder/Sql/Mysql/SelectTest.php" line="112" assertions="3" time="0.014806"/>
      <testcase name="testSelectWhereOrWhere" class="test\Builder\Sql\Mysql\SelectTest" classname="test.Builder.Sql.Mysql.SelectTest" file="/Users/freid/www/octane/personal/query-mule/tests/Builder/Sql/Mysql/SelectTest.php" line="137" assertions="3" time="0.012869"/>
      <testcase name="testSelectWhereAndWhere" class="test\Builder\Sql\Mysql\SelectTest" classname="test.Builder.Sql.Mysql.SelectTest" file="/Users/freid/www/octane/personal/query-mule/tests/Builder/Sql/Mysql/SelectTest.php" line="163" assertions="3" time="0.010967"/>
      <testcase name="testSelectColsFromGroupBy" class="test\Builder\Sql\Mysql\SelectTest" classname="test.Builder.Sql.Mysql.SelectTest" file="/Users/freid/www/octane/personal/query-mule/tests/Builder/Sql/Mysql/SelectTest.php" line="188" assertions="1" time="0.005299"/>
      <testcase name="testSelectColsFromGroupByWithAlias" class="test\Builder\Sql\Mysql\SelectTest" classname="test.Builder.Sql.Mysql.SelectTest" file="/Users/freid/www/octane/personal/query-mule/tests/Builder/Sql/Mysql/SelectTest.php" line="202" assertions="1" time="0.007439"/>
      <testcase name="testSelectColsFromOrderBy" class="test\Builder\Sql\Mysql\SelectTest" classname="test.Builder.Sql.Mysql.SelectTest" file="/Users/freid/www/octane/personal/query-mule/tests/Builder/Sql/Mysql/SelectTest.php" line="216" assertions="1" time="0.004610"/>
      <testcase name="testSelectColsFromOrderByWithAlias" class="test\Builder\Sql\Mysql\SelectTest" classname="test.Builder.Sql.Mysql.SelectTest" file="/Users/freid/www/octane/personal/query-mule/tests/Builder/Sql/Mysql/SelectTest.php" line="230" assertions="1" time="0.010044"/>
      <testcase name="testSelectColsFromGroupByHaving" class="test\Builder\Sql\Mysql\SelectTest" classname="test.Builder.Sql.Mysql.SelectTest" file="/Users/freid/www/octane/personal/query-mule/tests/Builder/Sql/Mysql/SelectTest.php" line="244" assertions="0" time="0.001142">
        <error type="PHPUnit\Framework\RiskyTestError">Risky Test
/Users/freid/www/octane/personal/query-mule/vendor/phpunit/phpunit/phpunit:53
</error>
      </testcase>
      <testcase name="testSelectColsFromGroupByHavingWithAlias" class="test\Builder\Sql\Mysql\SelectTest" classname="test.Builder.Sql.Mysql.SelectTest" file="/Users/freid/www/octane/personal/query-mule/tests/Builder/Sql/Mysql/SelectTest.php" line="247" assertions="0" time="0.003321">
        <error type="PHPUnit\Framework\RiskyTestError">Risky Test
/Users/freid/www/octane/personal/query-mule/vendor/phpunit/phpunit/phpunit:53
</error>
      </testcase>
      <testcase name="testSelectColsFromLimit" class="test\Builder\Sql\Mysql\SelectTest" classname="test.Builder.Sql.Mysql.SelectTest" file="/Users/freid/www/octane/personal/query-mule/tests/Builder/Sql/Mysql/SelectTest.php" line="250" assertions="1" time="0.004472"/>
      <testcase name="testSelectColsFromLimitOffset" class="test\Builder\Sql\Mysql\SelectTest" classname="test.Builder.Sql.Mysql.SelectTest" file="/Users/freid/www/octane/personal/query-mule/tests/Builder/Sql/Mysql/SelectTest.php" line="264" assertions="1" time="0.007850"/>
      <testcase name="testSelectColsFromWhereUnionSelectColsFromWhereWithAlias" class="test\Builder\Sql\Mysql\SelectTest" classname="test.Builder.Sql.Mysql.SelectTest" file="/Users/freid/www/octane/personal/query-mule/tests/Builder/Sql/Mysql/SelectTest.php" line="279" assertions="3" time="0.013393"/>
      <testcase name="testSelectColsFromWhereUnionAllSelectColsFromWhere" class="test\Builder\Sql\Mysql\SelectTest" classname="test.Builder.Sql.Mysql.SelectTest" file="/Users/freid/www/octane/personal/query-mule/tests/Builder/Sql/Mysql/SelectTest.php" line="309" assertions="3" time="0.015066"/>
    </testsuite>
    <testsuite name="test\Builder\Sql\Pgsql\FilterTest" file="/Users/freid/www/octane/personal/query-mule/tests/Builder/Sql/Pgsql/FilterTest.php" tests="5" assertions="10" errors="0" failures="0" skipped="0" time="0.012231">
      <testcase name="testSelectWhere" class="test\Builder\Sql\Pgsql\FilterTest" classname="test.Builder.Sql.Pgsql.FilterTest" file="/Users/freid/www/octane/personal/query-mule/tests/Builder/Sql/Pgsql/FilterTest.php" line="32" assertions="2" time="0.002610"/>
      <testcase name="testSelectWhereWithAlias" class="test\Builder\Sql\Pgsql\FilterTest" classname="test.Builder.Sql.Pgsql.FilterTest" file="/Users/freid/www/octane/personal/query-mule/tests/Builder/Sql/Pgsql/FilterTest.php" line="39" assertions="2" time="0.001553"/>
      <testcase name="testSelectWhereAndNestedWhere" class="test\Builder\Sql\Pgsql\FilterTest" classname="test.Builder.Sql.Pgsql.FilterTest" file="/Users/freid/www/octane/personal/query-mule/tests/Builder/Sql/Pgsql/FilterTest.php" line="46" assertions="2" time="0.001850"/>
      <testcase name="testSelectWhereAndWhere" class="test\Builder\Sql\Pgsql\FilterTest" classname="test.Builder.Sql.Pgsql.FilterTest" file="/Users/freid/www/octane/personal/query-mule/tests/Builder/Sql/Pgsql/FilterTest.php" line="56" assertions="2" time="0.001977"/>
      <testcase name="testSelectWhereOrWhere" class="test\Builder\Sql\Pgsql\FilterTest" classname="test.Builder.Sql.Pgsql.FilterTest" file="/Users/freid/www/octane/personal/query-mule/tests/Builder/Sql/Pgsql/FilterTest.php" line="63" assertions="2" time="0.004241"/>
    </testsuite>
    <testsuite name="test\Builder\Sql\Pgsql\SelectTest" file="/Users/freid/www/octane/personal/query-mule/tests/Builder/Sql/Pgsql/SelectTest.php" tests="10" assertions="10" errors="0" failures="0" skipped="0" time="0.055463">
      <testcase name="testSelect" class="test\Builder\Sql\Pgsql\SelectTest" classname="test.Builder.Sql.Pgsql.SelectTest" file="/Users/freid/www/octane/personal/query-mule/tests/Builder/Sql/Pgsql/SelectTest.php" line="40" assertions="1" time="0.001310"/>
      <testcase name="testIgnoreAlias" class="test\Builder\Sql\Pgsql\SelectTest" classname="test.Builder.Sql.Pgsql.SelectTest" file="/Users/freid/www/octane/personal/query-mule/tests/Builder/Sql/Pgsql/SelectTest.php" line="47" assertions="1" time="0.001690"/>
      <testcase name="testSelectCols" class="test\Builder\Sql\Pgsql\SelectTest" classname="test.Builder.Sql.Pgsql.SelectTest" file="/Users/freid/www/octane/personal/query-mule/tests/Builder/Sql/Pgsql/SelectTest.php" line="55" assertions="1" time="0.006754"/>
      <testcase name="testSelectColsWithAlias" class="test\Builder\Sql\Pgsql\SelectTest" classname="test.Builder.Sql.Pgsql.SelectTest" file="/Users/freid/www/octane/personal/query-mule/tests/Builder/Sql/Pgsql/SelectTest.php" line="64" assertions="1" time="0.001920"/>
      <testcase name="testSelectAllCols" class="test\Builder\Sql\Pgsql\SelectTest" classname="test.Builder.Sql.Pgsql.SelectTest" file="/Users/freid/www/octane/personal/query-mule/tests/Builder/Sql/Pgsql/SelectTest.php" line="73" assertions="1" time="0.001385"/>
      <testcase name="testSelectColsAs" class="test\Builder\Sql\Pgsql\SelectTest" classname="test.Builder.Sql.Pgsql.SelectTest" file="/Users/freid/www/octane/personal/query-mule/tests/Builder/Sql/Pgsql/SelectTest.php" line="82" assertions="1" time="0.003993"/>
      <testcase name="testSelectColsFrom" class="test\Builder\Sql\Pgsql\SelectTest" classname="test.Builder.Sql.Pgsql.SelectTest" file="/Users/freid/www/octane/personal/query-mule/tests/Builder/Sql/Pgsql/SelectTest.php" line="91" assertions="1" time="0.004610"/>
      <testcase name="testSelectColsFromWithAlias" class="test\Builder\Sql\Pgsql\SelectTest" classname="test.Builder.Sql.Pgsql.SelectTest" file="/Users/freid/www/octane/personal/query-mule/tests/Builder/Sql/Pgsql/SelectTest.php" line="104" assertions="1" time="0.006681"/>
      <testcase name="testSelectWhereFilterCall" class="test\Builder\Sql\Pgsql\SelectTest" classname="test.Builder.Sql.Pgsql.SelectTest" file="/Users/freid/www/octane/personal/query-mule/tests/Builder/Sql/Pgsql/SelectTest.php" line="117" assertions="1" time="0.015275"/>
      <testcase name="testSelectOrWhereFilterCall" class="test\Builder\Sql\Pgsql\SelectTest" classname="test.Builder.Sql.Pgsql.SelectTest" file="/Users/freid/www/octane/personal/query-mule/tests/Builder/Sql/Pgsql/SelectTest.php" line="135" assertions="1" time="0.011845"/>
    </testsuite>
    <testsuite name="test\Builder\Sql\Sqlite\FilterTest" file="/Users/freid/www/octane/personal/query-mule/tests/Builder/Sql/Sqlite/FilterTest.php" tests="5" assertions="10" errors="0" failures="0" skipped="0" time="0.012084">
      <testcase name="testSelectWhere" class="test\Builder\Sql\Sqlite\FilterTest" classname="test.Builder.Sql.Sqlite.FilterTest" file="/Users/freid/www/octane/personal/query-mule/tests/Builder/Sql/Sqlite/FilterTest.php" line="32" assertions="2" time="0.002810"/>
      <testcase name="testSelectWhereWithAlias" class="test\Builder\Sql\Sqlite\FilterTest" classname="test.Builder.Sql.Sqlite.FilterTest" file="/Users/freid/www/octane/personal/query-mule/tests/Builder/Sql/Sqlite/FilterTest.php" line="39" assertions="2" time="0.001774"/>
      <testcase name="testSelectWhereAndNestedWhere" class="test\Builder\Sql\Sqlite\FilterTest" classname="test.Builder.Sql.Sqlite.FilterTest" file="/Users/freid/www/octane/personal/query-mule/tests/Builder/Sql/Sqlite/FilterTest.php" line="46" assertions="2" time="0.002045"/>
      <testcase name="testSelectWhereAndWhere" class="test\Builder\Sql\Sqlite\FilterTest" classname="test.Builder.Sql.Sqlite.FilterTest" file="/Users/freid/www/octane/personal/query-mule/tests/Builder/Sql/Sqlite/FilterTest.php" line="56" assertions="2" time="0.001745"/>
      <testcase name="testSelectWhereOrWhere" class="test\Builder\Sql\Sqlite\FilterTest" classname="test.Builder.Sql.Sqlite.FilterTest" file="/Users/freid/www/octane/personal/query-mule/tests/Builder/Sql/Sqlite/FilterTest.php" line="63" assertions="2" time="0.003710"/>
    </testsuite>
    <testsuite name="test\Builder\Sql\Sqlite\SelectTest" file="/Users/freid/www/octane/personal/query-mule/tests/Builder/Sql/Sqlite/SelectTest.php" tests="10" assertions="10" errors="0" failures="0" skipped="0" time="0.046552">
      <testcase name="testSelect" class="test\Builder\Sql\Sqlite\SelectTest" classname="test.Builder.Sql.Sqlite.SelectTest" file="/Users/freid/www/octane/personal/query-mule/tests/Builder/Sql/Sqlite/SelectTest.php" line="34" assertions="1" time="0.005871"/>
      <testcase name="testIgnoreAlias" class="test\Builder\Sql\Sqlite\SelectTest" classname="test.Builder.Sql.Sqlite.SelectTest" file="/Users/freid/www/octane/personal/query-mule/tests/Builder/Sql/Sqlite/SelectTest.php" line="41" assertions="1" time="0.001666"/>
      <testcase name="testSelectCols" class="test\Builder\Sql\Sqlite\SelectTest" classname="test.Builder.Sql.Sqlite.SelectTest" file="/Users/freid/www/octane/personal/query-mule/tests/Builder/Sql/Sqlite/SelectTest.php" line="49" assertions="1" time="0.001704"/>
      <testcase name="testSelectColsWithAlias" class="test\Builder\Sql\Sqlite\SelectTest" classname="test.Builder.Sql.Sqlite.SelectTest" file="/Users/freid/www/octane/personal/query-mule/tests/Builder/Sql/Sqlite/SelectTest.php" line="58" assertions="1" time="0.001931"/>
      <testcase name="testSelectAllCols" class="test\Builder\Sql\Sqlite\SelectTest" classname="test.Builder.Sql.Sqlite.SelectTest" file="/Users/freid/www/octane/personal/query-mule/tests/Builder/Sql/Sqlite/SelectTest.php" line="67" assertions="1" time="0.003347"/>
      <testcase name="testSelectColsAs" class="test\Builder\Sql\Sqlite\SelectTest" classname="test.Builder.Sql.Sqlite.SelectTest" file="/Users/freid/www/octane/personal/query-mule/tests/Builder/Sql/Sqlite/SelectTest.php" line="76" assertions="1" time="0.002382"/>
      <testcase name="testSelectColsFrom" class="test\Builder\Sql\Sqlite\SelectTest" classname="test.Builder.Sql.Sqlite.SelectTest" file="/Users/freid/www/octane/personal/query-mule/tests/Builder/Sql/Sqlite/SelectTest.php" line="85" assertions="1" time="0.004242"/>
      <testcase name="testSelectColsFromWithAlias" class="test\Builder\Sql\Sqlite\SelectTest" classname="test.Builder.Sql.Sqlite.SelectTest" file="/Users/freid/www/octane/personal/query-mule/tests/Builder/Sql/Sqlite/SelectTest.php" line="98" assertions="1" time="0.004601"/>
      <testcase name="testSelectWhereFilterCall" class="test\Builder\Sql\Sqlite\SelectTest" classname="test.Builder.Sql.Sqlite.SelectTest" file="/Users/freid/www/octane/personal/query-mule/tests/Builder/Sql/Sqlite/SelectTest.php" line="111" assertions="1" time="0.010759"/>
      <testcase name="testSelectOrWhereFilterCall" class="test\Builder\Sql\Sqlite\SelectTest" classname="test.Builder.Sql.Sqlite.SelectTest" file="/Users/freid/www/octane/personal/query-mule/tests/Builder/Sql/Sqlite/SelectTest.php" line="129" assertions="1" time="0.010049"/>
    </testsuite>
    <testsuite name="test\Query\Repository\Table\TableTest" file="/Users/freid/www/octane/personal/query-mule/tests/Query/Repository/Table/TableTest.php" tests="4" assertions="7" errors="0" failures="0" skipped="0" time="0.038481">
      <testcase name="testMake" class="test\Query\Repository\Table\TableTest" classname="test.Query.Repository.Table.TableTest" file="/Users/freid/www/octane/personal/query-mule/tests/Query/Repository/Table/TableTest.php" line="21" assertions="1" time="0.022428"/>
      <testcase name="testSetName" class="test\Query\Repository\Table\TableTest" classname="test.Query.Repository.Table.TableTest" file="/Users/freid/www/octane/personal/query-mule/tests/Query/Repository/Table/TableTest.php" line="28" assertions="1" time="0.003557"/>
      <testcase name="testFilter" class="test\Query\Repository\Table\TableTest" classname="test.Query.Repository.Table.TableTest" file="/Users/freid/www/octane/personal/query-mule/tests/Query/Repository/Table/TableTest.php" line="38" assertions="3" time="0.006712"/>
      <testcase name="testSelect" class="test\Query\Repository\Table\TableTest" classname="test.Query.Repository.Table.TableTest" file="/Users/freid/www/octane/personal/query-mule/tests/Query/Repository/Table/TableTest.php" line="53" assertions="2" time="0.005784"/>
    </testsuite>
    <testsuite name="test\Query\Sql\SqlTest" file="/Users/freid/www/octane/personal/query-mule/tests/Query/Sql/SqlTest.php" tests="2" assertions="2" errors="0" failures="0" skipped="0" time="0.003045">
      <testcase name="testSql" class="test\Query\Sql\SqlTest" classname="test.Query.Sql.SqlTest" file="/Users/freid/www/octane/personal/query-mule/tests/Query/Sql/SqlTest.php" line="15" assertions="1" time="0.001614"/>
      <testcase name="testParameters" class="test\Query\Sql\SqlTest" classname="test.Query.Sql.SqlTest" file="/Users/freid/www/octane/personal/query-mule/tests/Query/Sql/SqlTest.php" line="21" assertions="1" time="0.001431"/>
    </testsuite>
  </testsuite>
</testsuites>
