<?xml version="1.0" encoding="UTF-8"?>
<testsuites>
  <testsuite name="" tests="77" assertions="141" errors="0" failures="0" skipped="0" time="0.235165">
    <testsuite name="test\Builder\Sql\MySql\ConfigTest" file="/vagrant/personal/query-mule/tests/Builder/Connection/ConfigTest.php" tests="1" assertions="1" errors="0" failures="0" skipped="0" time="0.008501">
      <testcase name="testInvalidConfig" class="test\Builder\Sql\MySql\ConfigTest" classname="test.Builder.Sql.MySql.ConfigTest" file="/vagrant/personal/query-mule/tests/Builder/Connection/ConfigTest.php" line="34" assertions="1" time="0.008501"/>
    </testsuite>
    <testsuite name="test\Builder\Sql\MySql\MysqliDriverTest" file="/vagrant/personal/query-mule/tests/Builder/Connection/Driver/MysqliDriverTest.php" tests="9" assertions="26" errors="0" failures="0" skipped="0" time="0.072615">
      <testcase name="testBindParameters" class="test\Builder\Sql\MySql\MysqliDriverTest" classname="test.Builder.Sql.MySql.MysqliDriverTest" file="/vagrant/personal/query-mule/tests/Builder/Connection/Driver/MysqliDriverTest.php" line="21" assertions="3" time="0.034536"/>
      <testcase name="testExecutionErrorLogged" class="test\Builder\Sql\MySql\MysqliDriverTest" classname="test.Builder.Sql.MySql.MysqliDriverTest" file="/vagrant/personal/query-mule/tests/Builder/Connection/Driver/MysqliDriverTest.php" line="53" assertions="4" time="0.004620"/>
      <testcase name="testFetch" class="test\Builder\Sql\MySql\MysqliDriverTest" classname="test.Builder.Sql.MySql.MysqliDriverTest" file="/vagrant/personal/query-mule/tests/Builder/Connection/Driver/MysqliDriverTest.php" line="79" assertions="4" time="0.006270"/>
      <testcase name="testFetchAll" class="test\Builder\Sql\MySql\MysqliDriverTest" classname="test.Builder.Sql.MySql.MysqliDriverTest" file="/vagrant/personal/query-mule/tests/Builder/Connection/Driver/MysqliDriverTest.php" line="115" assertions="4" time="0.006400"/>
      <testcase name="testCacheSet" class="test\Builder\Sql\MySql\MysqliDriverTest" classname="test.Builder.Sql.MySql.MysqliDriverTest" file="/vagrant/personal/query-mule/tests/Builder/Connection/Driver/MysqliDriverTest.php" line="151" assertions="4" time="0.009922"/>
      <testcase name="testCacheGet" class="test\Builder\Sql\MySql\MysqliDriverTest" classname="test.Builder.Sql.MySql.MysqliDriverTest" file="/vagrant/personal/query-mule/tests/Builder/Connection/Driver/MysqliDriverTest.php" line="188" assertions="2" time="0.005108"/>
      <testcase name="testFilter" class="test\Builder\Sql\MySql\MysqliDriverTest" classname="test.Builder.Sql.MySql.MysqliDriverTest" file="/vagrant/personal/query-mule/tests/Builder/Connection/Driver/MysqliDriverTest.php" line="204" assertions="1" time="0.002234"/>
      <testcase name="testSelect" class="test\Builder\Sql\MySql\MysqliDriverTest" classname="test.Builder.Sql.MySql.MysqliDriverTest" file="/vagrant/personal/query-mule/tests/Builder/Connection/Driver/MysqliDriverTest.php" line="215" assertions="2" time="0.002244"/>
      <testcase name="testStatement" class="test\Builder\Sql\MySql\MysqliDriverTest" classname="test.Builder.Sql.MySql.MysqliDriverTest" file="/vagrant/personal/query-mule/tests/Builder/Connection/Driver/MysqliDriverTest.php" line="233" assertions="2" time="0.001281"/>
    </testsuite>
    <testsuite name="test\Builder\Sql\MySql\PdoDriverTest" file="/vagrant/personal/query-mule/tests/Builder/Connection/Driver/PdoDriverTest.php" tests="16" assertions="45" errors="0" failures="0" skipped="0" time="0.052479">
      <testcase name="testExecutionErrorLogged" class="test\Builder\Sql\MySql\PdoDriverTest" classname="test.Builder.Sql.MySql.PdoDriverTest" file="/vagrant/personal/query-mule/tests/Builder/Connection/Driver/PdoDriverTest.php" line="22" assertions="4" time="0.008257"/>
      <testcase name="testFetch" class="test\Builder\Sql\MySql\PdoDriverTest" classname="test.Builder.Sql.MySql.PdoDriverTest" file="/vagrant/personal/query-mule/tests/Builder/Connection/Driver/PdoDriverTest.php" line="46" assertions="4" time="0.006378"/>
      <testcase name="testFetchAll" class="test\Builder\Sql\MySql\PdoDriverTest" classname="test.Builder.Sql.MySql.PdoDriverTest" file="/vagrant/personal/query-mule/tests/Builder/Connection/Driver/PdoDriverTest.php" line="71" assertions="4" time="0.005508"/>
      <testcase name="testCacheSet" class="test\Builder\Sql\MySql\PdoDriverTest" classname="test.Builder.Sql.MySql.PdoDriverTest" file="/vagrant/personal/query-mule/tests/Builder/Connection/Driver/PdoDriverTest.php" line="96" assertions="4" time="0.006217"/>
      <testcase name="testCacheGet" class="test\Builder\Sql\MySql\PdoDriverTest" classname="test.Builder.Sql.MySql.PdoDriverTest" file="/vagrant/personal/query-mule/tests/Builder/Connection/Driver/PdoDriverTest.php" line="122" assertions="2" time="0.003013"/>
      <testcase name="testFilterSqlite" class="test\Builder\Sql\MySql\PdoDriverTest" classname="test.Builder.Sql.MySql.PdoDriverTest" file="/vagrant/personal/query-mule/tests/Builder/Connection/Driver/PdoDriverTest.php" line="138" assertions="2" time="0.001632"/>
      <testcase name="testFilterMysql" class="test\Builder\Sql\MySql\PdoDriverTest" classname="test.Builder.Sql.MySql.PdoDriverTest" file="/vagrant/personal/query-mule/tests/Builder/Connection/Driver/PdoDriverTest.php" line="150" assertions="2" time="0.001523"/>
      <testcase name="testFilterPostgres" class="test\Builder\Sql\MySql\PdoDriverTest" classname="test.Builder.Sql.MySql.PdoDriverTest" file="/vagrant/personal/query-mule/tests/Builder/Connection/Driver/PdoDriverTest.php" line="162" assertions="2" time="0.002350"/>
      <testcase name="testFilterError" class="test\Builder\Sql\MySql\PdoDriverTest" classname="test.Builder.Sql.MySql.PdoDriverTest" file="/vagrant/personal/query-mule/tests/Builder/Connection/Driver/PdoDriverTest.php" line="174" assertions="2" time="0.001941"/>
      <testcase name="testSelectSqlite" class="test\Builder\Sql\MySql\PdoDriverTest" classname="test.Builder.Sql.MySql.PdoDriverTest" file="/vagrant/personal/query-mule/tests/Builder/Connection/Driver/PdoDriverTest.php" line="187" assertions="3" time="0.001613"/>
      <testcase name="testSelectMysql" class="test\Builder\Sql\MySql\PdoDriverTest" classname="test.Builder.Sql.MySql.PdoDriverTest" file="/vagrant/personal/query-mule/tests/Builder/Connection/Driver/PdoDriverTest.php" line="206" assertions="3" time="0.003931"/>
      <testcase name="testSelectPostgres" class="test\Builder\Sql\MySql\PdoDriverTest" classname="test.Builder.Sql.MySql.PdoDriverTest" file="/vagrant/personal/query-mule/tests/Builder/Connection/Driver/PdoDriverTest.php" line="225" assertions="3" time="0.001828"/>
      <testcase name="testSelectError" class="test\Builder\Sql\MySql\PdoDriverTest" classname="test.Builder.Sql.MySql.PdoDriverTest" file="/vagrant/personal/query-mule/tests/Builder/Connection/Driver/PdoDriverTest.php" line="244" assertions="1" time="0.001262"/>
      <testcase name="testStatementSqlite" class="test\Builder\Sql\MySql\PdoDriverTest" classname="test.Builder.Sql.MySql.PdoDriverTest" file="/vagrant/personal/query-mule/tests/Builder/Connection/Driver/PdoDriverTest.php" line="256" assertions="3" time="0.001954"/>
      <testcase name="testStatementMysql" class="test\Builder\Sql\MySql\PdoDriverTest" classname="test.Builder.Sql.MySql.PdoDriverTest" file="/vagrant/personal/query-mule/tests/Builder/Connection/Driver/PdoDriverTest.php" line="271" assertions="3" time="0.003489"/>
      <testcase name="testStatementPostgres" class="test\Builder\Sql\MySql\PdoDriverTest" classname="test.Builder.Sql.MySql.PdoDriverTest" file="/vagrant/personal/query-mule/tests/Builder/Connection/Driver/PdoDriverTest.php" line="286" assertions="3" time="0.001583"/>
    </testsuite>
    <testsuite name="test\Builder\Sql\MySql\FilterTest" file="/vagrant/personal/query-mule/tests/Builder/Sql/Mysql/FilterTest.php" tests="5" assertions="10" errors="0" failures="0" skipped="0" time="0.004951">
      <testcase name="testSelectWhere" class="test\Builder\Sql\MySql\FilterTest" classname="test.Builder.Sql.MySql.FilterTest" file="/vagrant/personal/query-mule/tests/Builder/Sql/Mysql/FilterTest.php" line="31" assertions="2" time="0.000880"/>
      <testcase name="testSelectWhereWithAlias" class="test\Builder\Sql\MySql\FilterTest" classname="test.Builder.Sql.MySql.FilterTest" file="/vagrant/personal/query-mule/tests/Builder/Sql/Mysql/FilterTest.php" line="38" assertions="2" time="0.001108"/>
      <testcase name="testSelectWhereAndNestedWhere" class="test\Builder\Sql\MySql\FilterTest" classname="test.Builder.Sql.MySql.FilterTest" file="/vagrant/personal/query-mule/tests/Builder/Sql/Mysql/FilterTest.php" line="45" assertions="2" time="0.001527"/>
      <testcase name="testSelectWhereAndWhere" class="test\Builder\Sql\MySql\FilterTest" classname="test.Builder.Sql.MySql.FilterTest" file="/vagrant/personal/query-mule/tests/Builder/Sql/Mysql/FilterTest.php" line="55" assertions="2" time="0.000809"/>
      <testcase name="testSelectWhereOrWhere" class="test\Builder\Sql\MySql\FilterTest" classname="test.Builder.Sql.MySql.FilterTest" file="/vagrant/personal/query-mule/tests/Builder/Sql/Mysql/FilterTest.php" line="62" assertions="2" time="0.000627"/>
    </testsuite>
    <testsuite name="test\Builder\Sql\Mysql\SelectTest" file="/vagrant/personal/query-mule/tests/Builder/Sql/Mysql/SelectTest.php" tests="10" assertions="10" errors="0" failures="0" skipped="0" time="0.025459">
      <testcase name="testSelect" class="test\Builder\Sql\Mysql\SelectTest" classname="test.Builder.Sql.Mysql.SelectTest" file="/vagrant/personal/query-mule/tests/Builder/Sql/Mysql/SelectTest.php" line="33" assertions="1" time="0.000735"/>
      <testcase name="testIgnoreAlias" class="test\Builder\Sql\Mysql\SelectTest" classname="test.Builder.Sql.Mysql.SelectTest" file="/vagrant/personal/query-mule/tests/Builder/Sql/Mysql/SelectTest.php" line="40" assertions="1" time="0.001245"/>
      <testcase name="testSelectCols" class="test\Builder\Sql\Mysql\SelectTest" classname="test.Builder.Sql.Mysql.SelectTest" file="/vagrant/personal/query-mule/tests/Builder/Sql/Mysql/SelectTest.php" line="48" assertions="1" time="0.000841"/>
      <testcase name="testSelectColsWithAlias" class="test\Builder\Sql\Mysql\SelectTest" classname="test.Builder.Sql.Mysql.SelectTest" file="/vagrant/personal/query-mule/tests/Builder/Sql/Mysql/SelectTest.php" line="57" assertions="1" time="0.000975"/>
      <testcase name="testSelectAllCols" class="test\Builder\Sql\Mysql\SelectTest" classname="test.Builder.Sql.Mysql.SelectTest" file="/vagrant/personal/query-mule/tests/Builder/Sql/Mysql/SelectTest.php" line="66" assertions="1" time="0.000732"/>
      <testcase name="testSelectColsAs" class="test\Builder\Sql\Mysql\SelectTest" classname="test.Builder.Sql.Mysql.SelectTest" file="/vagrant/personal/query-mule/tests/Builder/Sql/Mysql/SelectTest.php" line="75" assertions="1" time="0.000909"/>
      <testcase name="testSelectColsFrom" class="test\Builder\Sql\Mysql\SelectTest" classname="test.Builder.Sql.Mysql.SelectTest" file="/vagrant/personal/query-mule/tests/Builder/Sql/Mysql/SelectTest.php" line="84" assertions="1" time="0.004833"/>
      <testcase name="testSelectColsFromWithAlias" class="test\Builder\Sql\Mysql\SelectTest" classname="test.Builder.Sql.Mysql.SelectTest" file="/vagrant/personal/query-mule/tests/Builder/Sql/Mysql/SelectTest.php" line="97" assertions="1" time="0.002269"/>
      <testcase name="testSelectWhereFilterCall" class="test\Builder\Sql\Mysql\SelectTest" classname="test.Builder.Sql.Mysql.SelectTest" file="/vagrant/personal/query-mule/tests/Builder/Sql/Mysql/SelectTest.php" line="110" assertions="1" time="0.006579"/>
      <testcase name="testSelectOrWhereFilterCall" class="test\Builder\Sql\Mysql\SelectTest" classname="test.Builder.Sql.Mysql.SelectTest" file="/vagrant/personal/query-mule/tests/Builder/Sql/Mysql/SelectTest.php" line="128" assertions="1" time="0.006341"/>
    </testsuite>
    <testsuite name="test\Builder\Sql\Pgsql\FilterTest" file="/vagrant/personal/query-mule/tests/Builder/Sql/Pgsql/FilterTest.php" tests="5" assertions="10" errors="0" failures="0" skipped="0" time="0.007063">
      <testcase name="testSelectWhere" class="test\Builder\Sql\Pgsql\FilterTest" classname="test.Builder.Sql.Pgsql.FilterTest" file="/vagrant/personal/query-mule/tests/Builder/Sql/Pgsql/FilterTest.php" line="31" assertions="2" time="0.002129"/>
      <testcase name="testSelectWhereWithAlias" class="test\Builder\Sql\Pgsql\FilterTest" classname="test.Builder.Sql.Pgsql.FilterTest" file="/vagrant/personal/query-mule/tests/Builder/Sql/Pgsql/FilterTest.php" line="38" assertions="2" time="0.001484"/>
      <testcase name="testSelectWhereAndNestedWhere" class="test\Builder\Sql\Pgsql\FilterTest" classname="test.Builder.Sql.Pgsql.FilterTest" file="/vagrant/personal/query-mule/tests/Builder/Sql/Pgsql/FilterTest.php" line="45" assertions="2" time="0.001088"/>
      <testcase name="testSelectWhereAndWhere" class="test\Builder\Sql\Pgsql\FilterTest" classname="test.Builder.Sql.Pgsql.FilterTest" file="/vagrant/personal/query-mule/tests/Builder/Sql/Pgsql/FilterTest.php" line="55" assertions="2" time="0.001470"/>
      <testcase name="testSelectWhereOrWhere" class="test\Builder\Sql\Pgsql\FilterTest" classname="test.Builder.Sql.Pgsql.FilterTest" file="/vagrant/personal/query-mule/tests/Builder/Sql/Pgsql/FilterTest.php" line="62" assertions="2" time="0.000892"/>
    </testsuite>
    <testsuite name="test\Builder\Sql\Pgsql\SelectTest" file="/vagrant/personal/query-mule/tests/Builder/Sql/Pgsql/SelectTest.php" tests="10" assertions="10" errors="0" failures="0" skipped="0" time="0.019306">
      <testcase name="testSelect" class="test\Builder\Sql\Pgsql\SelectTest" classname="test.Builder.Sql.Pgsql.SelectTest" file="/vagrant/personal/query-mule/tests/Builder/Sql/Pgsql/SelectTest.php" line="39" assertions="1" time="0.000811"/>
      <testcase name="testIgnoreAlias" class="test\Builder\Sql\Pgsql\SelectTest" classname="test.Builder.Sql.Pgsql.SelectTest" file="/vagrant/personal/query-mule/tests/Builder/Sql/Pgsql/SelectTest.php" line="46" assertions="1" time="0.000760"/>
      <testcase name="testSelectCols" class="test\Builder\Sql\Pgsql\SelectTest" classname="test.Builder.Sql.Pgsql.SelectTest" file="/vagrant/personal/query-mule/tests/Builder/Sql/Pgsql/SelectTest.php" line="54" assertions="1" time="0.000866"/>
      <testcase name="testSelectColsWithAlias" class="test\Builder\Sql\Pgsql\SelectTest" classname="test.Builder.Sql.Pgsql.SelectTest" file="/vagrant/personal/query-mule/tests/Builder/Sql/Pgsql/SelectTest.php" line="63" assertions="1" time="0.002160"/>
      <testcase name="testSelectAllCols" class="test\Builder\Sql\Pgsql\SelectTest" classname="test.Builder.Sql.Pgsql.SelectTest" file="/vagrant/personal/query-mule/tests/Builder/Sql/Pgsql/SelectTest.php" line="72" assertions="1" time="0.000854"/>
      <testcase name="testSelectColsAs" class="test\Builder\Sql\Pgsql\SelectTest" classname="test.Builder.Sql.Pgsql.SelectTest" file="/vagrant/personal/query-mule/tests/Builder/Sql/Pgsql/SelectTest.php" line="81" assertions="1" time="0.001358"/>
      <testcase name="testSelectColsFrom" class="test\Builder\Sql\Pgsql\SelectTest" classname="test.Builder.Sql.Pgsql.SelectTest" file="/vagrant/personal/query-mule/tests/Builder/Sql/Pgsql/SelectTest.php" line="90" assertions="1" time="0.002104"/>
      <testcase name="testSelectColsFromWithAlias" class="test\Builder\Sql\Pgsql\SelectTest" classname="test.Builder.Sql.Pgsql.SelectTest" file="/vagrant/personal/query-mule/tests/Builder/Sql/Pgsql/SelectTest.php" line="103" assertions="1" time="0.001997"/>
      <testcase name="testSelectWhereFilterCall" class="test\Builder\Sql\Pgsql\SelectTest" classname="test.Builder.Sql.Pgsql.SelectTest" file="/vagrant/personal/query-mule/tests/Builder/Sql/Pgsql/SelectTest.php" line="116" assertions="1" time="0.003639"/>
      <testcase name="testSelectOrWhereFilterCall" class="test\Builder\Sql\Pgsql\SelectTest" classname="test.Builder.Sql.Pgsql.SelectTest" file="/vagrant/personal/query-mule/tests/Builder/Sql/Pgsql/SelectTest.php" line="134" assertions="1" time="0.004757"/>
    </testsuite>
    <testsuite name="test\Builder\Sql\Sqlite\FilterTest" file="/vagrant/personal/query-mule/tests/Builder/Sql/Sqlite/FilterTest.php" tests="5" assertions="10" errors="0" failures="0" skipped="0" time="0.004369">
      <testcase name="testSelectWhere" class="test\Builder\Sql\Sqlite\FilterTest" classname="test.Builder.Sql.Sqlite.FilterTest" file="/vagrant/personal/query-mule/tests/Builder/Sql/Sqlite/FilterTest.php" line="31" assertions="2" time="0.000847"/>
      <testcase name="testSelectWhereWithAlias" class="test\Builder\Sql\Sqlite\FilterTest" classname="test.Builder.Sql.Sqlite.FilterTest" file="/vagrant/personal/query-mule/tests/Builder/Sql/Sqlite/FilterTest.php" line="38" assertions="2" time="0.000709"/>
      <testcase name="testSelectWhereAndNestedWhere" class="test\Builder\Sql\Sqlite\FilterTest" classname="test.Builder.Sql.Sqlite.FilterTest" file="/vagrant/personal/query-mule/tests/Builder/Sql/Sqlite/FilterTest.php" line="45" assertions="2" time="0.000984"/>
      <testcase name="testSelectWhereAndWhere" class="test\Builder\Sql\Sqlite\FilterTest" classname="test.Builder.Sql.Sqlite.FilterTest" file="/vagrant/personal/query-mule/tests/Builder/Sql/Sqlite/FilterTest.php" line="55" assertions="2" time="0.000898"/>
      <testcase name="testSelectWhereOrWhere" class="test\Builder\Sql\Sqlite\FilterTest" classname="test.Builder.Sql.Sqlite.FilterTest" file="/vagrant/personal/query-mule/tests/Builder/Sql/Sqlite/FilterTest.php" line="62" assertions="2" time="0.000931"/>
    </testsuite>
    <testsuite name="test\Builder\Sql\Sqlite\SelectTest" file="/vagrant/personal/query-mule/tests/Builder/Sql/Sqlite/SelectTest.php" tests="10" assertions="10" errors="0" failures="0" skipped="0" time="0.022296">
      <testcase name="testSelect" class="test\Builder\Sql\Sqlite\SelectTest" classname="test.Builder.Sql.Sqlite.SelectTest" file="/vagrant/personal/query-mule/tests/Builder/Sql/Sqlite/SelectTest.php" line="33" assertions="1" time="0.000837"/>
      <testcase name="testIgnoreAlias" class="test\Builder\Sql\Sqlite\SelectTest" classname="test.Builder.Sql.Sqlite.SelectTest" file="/vagrant/personal/query-mule/tests/Builder/Sql/Sqlite/SelectTest.php" line="40" assertions="1" time="0.000943"/>
      <testcase name="testSelectCols" class="test\Builder\Sql\Sqlite\SelectTest" classname="test.Builder.Sql.Sqlite.SelectTest" file="/vagrant/personal/query-mule/tests/Builder/Sql/Sqlite/SelectTest.php" line="48" assertions="1" time="0.001694"/>
      <testcase name="testSelectColsWithAlias" class="test\Builder\Sql\Sqlite\SelectTest" classname="test.Builder.Sql.Sqlite.SelectTest" file="/vagrant/personal/query-mule/tests/Builder/Sql/Sqlite/SelectTest.php" line="57" assertions="1" time="0.000958"/>
      <testcase name="testSelectAllCols" class="test\Builder\Sql\Sqlite\SelectTest" classname="test.Builder.Sql.Sqlite.SelectTest" file="/vagrant/personal/query-mule/tests/Builder/Sql/Sqlite/SelectTest.php" line="66" assertions="1" time="0.000850"/>
      <testcase name="testSelectColsAs" class="test\Builder\Sql\Sqlite\SelectTest" classname="test.Builder.Sql.Sqlite.SelectTest" file="/vagrant/personal/query-mule/tests/Builder/Sql/Sqlite/SelectTest.php" line="75" assertions="1" time="0.000811"/>
      <testcase name="testSelectColsFrom" class="test\Builder\Sql\Sqlite\SelectTest" classname="test.Builder.Sql.Sqlite.SelectTest" file="/vagrant/personal/query-mule/tests/Builder/Sql/Sqlite/SelectTest.php" line="84" assertions="1" time="0.002950"/>
      <testcase name="testSelectColsFromWithAlias" class="test\Builder\Sql\Sqlite\SelectTest" classname="test.Builder.Sql.Sqlite.SelectTest" file="/vagrant/personal/query-mule/tests/Builder/Sql/Sqlite/SelectTest.php" line="97" assertions="1" time="0.003038"/>
      <testcase name="testSelectWhereFilterCall" class="test\Builder\Sql\Sqlite\SelectTest" classname="test.Builder.Sql.Sqlite.SelectTest" file="/vagrant/personal/query-mule/tests/Builder/Sql/Sqlite/SelectTest.php" line="110" assertions="1" time="0.006248"/>
      <testcase name="testSelectOrWhereFilterCall" class="test\Builder\Sql\Sqlite\SelectTest" classname="test.Builder.Sql.Sqlite.SelectTest" file="/vagrant/personal/query-mule/tests/Builder/Sql/Sqlite/SelectTest.php" line="128" assertions="1" time="0.003967"/>
    </testsuite>
    <testsuite name="test\Query\Repository\Table\TableTest" file="/vagrant/personal/query-mule/tests/Query/Repository/Table/TableTest.php" tests="4" assertions="7" errors="0" failures="0" skipped="0" time="0.016714">
      <testcase name="testMake" class="test\Query\Repository\Table\TableTest" classname="test.Query.Repository.Table.TableTest" file="/vagrant/personal/query-mule/tests/Query/Repository/Table/TableTest.php" line="20" assertions="1" time="0.008218"/>
      <testcase name="testSetName" class="test\Query\Repository\Table\TableTest" classname="test.Query.Repository.Table.TableTest" file="/vagrant/personal/query-mule/tests/Query/Repository/Table/TableTest.php" line="27" assertions="1" time="0.002772"/>
      <testcase name="testFilter" class="test\Query\Repository\Table\TableTest" classname="test.Query.Repository.Table.TableTest" file="/vagrant/personal/query-mule/tests/Query/Repository/Table/TableTest.php" line="37" assertions="3" time="0.003119"/>
      <testcase name="testSelect" class="test\Query\Repository\Table\TableTest" classname="test.Query.Repository.Table.TableTest" file="/vagrant/personal/query-mule/tests/Query/Repository/Table/TableTest.php" line="52" assertions="2" time="0.002605"/>
    </testsuite>
    <testsuite name="test\Query\Sql\SqlTest" file="/vagrant/personal/query-mule/tests/Query/Sql/SqlTest.php" tests="2" assertions="2" errors="0" failures="0" skipped="0" time="0.001412">
      <testcase name="testSql" class="test\Query\Sql\SqlTest" classname="test.Query.Sql.SqlTest" file="/vagrant/personal/query-mule/tests/Query/Sql/SqlTest.php" line="15" assertions="1" time="0.000891"/>
      <testcase name="testParameters" class="test\Query\Sql\SqlTest" classname="test.Query.Sql.SqlTest" file="/vagrant/personal/query-mule/tests/Query/Sql/SqlTest.php" line="21" assertions="1" time="0.000521"/>
    </testsuite>
  </testsuite>
</testsuites>
